(29.212000) vcan0 00000003#1486290000000000 R
(29.213000) vcan0 00000004#7886290000000000 R
(29.214000) vcan0 00000005#DC86290000000000 R
(29.215000) vcan0 00000006#4087290000000000 R
(29.216000) vcan0 00000001#A487290000000000 R
(29.217000) vcan0 00000002#0888290000000000 R
(29.218000) vcan0 00000003#6C88290000000000 R
(29.219000) vcan0 00000004#D088290000000000 R
(29.220000) vcan0 00000005#3489290000000000 R
(29.221000) vcan0 00000006#9889290000000000 R
(29.222000) vcan0 00000001#FC89290000000000 R
(29.223000) vcan0 00000002#608A290000000000 R
(29.224000) vcan0 00000003#C48A290000000000 R
(29.225000) vcan0 00000004#288B290000000000 R
(29.226000) vcan0 00000005#8C8B290000000000 R
(29.227000) vcan0 00000006#F08B290000000000 R
(29.228000) vcan0 00000001#548C290000000000 R
(29.229000) vcan0 00000002#B88C290000000000 R
(29.230000) vcan0 00000003#1C8D290000000000 R
(29.231000) vcan0 00000004#808D290000000000 R
(29.232000) vcan0 00000005#E48D290000000000 R
(29.233000) vcan0 00000006#488E290000000000 R
(29.234000) vcan0 00000001#AC8E290000000000 R
(29.235000) vcan0 00000002#108F290000000000 R
(29.236000) vcan0 00000003#748F290000000000 R
(29.237000) vcan0 00000004#D88F290000000000 R
(29.238000) vcan0 00000005#3C90290000000000 R
(29.239000) vcan0 00000006#A090290000000000 R
(29.240000) vcan0 00000001#0491290000000000 R
(29.241000) vcan0 00000002#6891290000000000 R
(29.242000) vcan0 00000003#CC91290000000000 R
(29.243000) vcan0 00000004#3092290000000000 R
(29.244000) vcan0 00000005#9492290000000000 R
(29.245000) vcan0 00000006#F892290000000000 R
(29.246000) vcan0 00000001#5C93290000000000 R
(29.247000) vcan0 00000002#C093290000000000 R
(29.248000) vcan0 00000003#2494290000000000 R
(29.249000) vcan0 00000004#8894290000000000 R
(29.250000) vcan0 00000005#EC94290000000000 R
(29.251000) vcan0 00000006#5095290000000000 R
(29.252000) vcan0 00000001#B495290000000000 R
(29.253000) vcan0 00000002#1896290000000000 R
(29.254000) vcan0 00000003#7C96290000000000 R
(29.255000) vcan0 00000004#E096290000000000 R
(29.256000) vcan0 00000005#4497290000000000 R
(29.257000) vcan0 00000006#A897290000000000 R
(29.258000) vcan0 00000001#0C98290000000000 R
(29.259000) vcan0 00000002#7098290000000000 R
(29.260000) vcan0 00000003#D498290000000000 R
(29.261000) vcan0 00000004#3899290000000000 R
(29.262000) vcan0 00000005#9C99290000000000 R
(29.263000) vcan0 00000006#009A290000000000 R
(29.264000) vcan0 00000001#649A290000000000 R
(29.265000) vcan0 00000002#C89A290000000000 R
(29.266000) vcan0 00000003#2C9B290000000000 R
(29.267000) vcan0 00000004#909B290000000000 R
(29.268000) vcan0 00000005#F49B290000000000 R
(29.269000) vcan0 00000006#589C290000000000 R
(29.270000) vcan0 00000001#BC9C290000000000 R
(29.271000) vcan0 00000002#209D290000000000 R
(29.272000) vcan0 00000003#849D290000000000 R
(29.273000) vcan0 00000004#E89D290000000000 R
(29.274000) vcan0 00000005#4C9E290000000000 R
(29.275000) vcan0 00000006#B09E290000000000 R
(29.276000) vcan0 00000001#149F290000000000 R
(29.277000) vcan0 00000002#789F290000000000 R
(29.278000) vcan0 00000003#DC9F290000000000 R
(29.279000) vcan0 00000004#40A0290000000000 R
(29.280000) vcan0 00000005#A4A0290000000000 R
(29.281000) vcan0 00000006#08A1290000000000 R
(29.282000) vcan0 00000001#6CA1290000000000 R
(29.283000) vcan0 00000002#D0A1290000000000 R
(29.284000) vcan0 00000003#34A2290000000000 R
(29.285000) vcan0 00000004#98A2290000000000 R
(29.286000) vcan0 00000005#FCA2290000000000 R
(29.287000) vcan0 00000006#60A3290000000000 R
(29.288000) vcan0 00000001#C4A3290000000000 R
(29.289000) vcan0 00000002#28A4290000000000 R
(29.290000) vcan0 00000003#8CA4290000000000 R
(29.291000) vcan0 00000004#F0A4290000000000 R
(29.292000) vcan0 00000005#54A5290000000000 R
(29.293000) vcan0 00000006#B8A5290000000000 R
(29.294000) vcan0 00000001#1CA6290000000000 R
(29.295000) vcan0 00000002#80A6290000000000 R
(29.296000) vcan0 00000003#E4A6290000000000 R
(29.297000) vcan0 00000004#48A7290000000000 R
(29.298000) vcan0 00000005#ACA7290000000000 R
(29.299000) vcan0 00000006#10A8290000000000 R
(29.300000) vcan0 00000001#74A8290000000000 R
(29.301000) vcan0 00000002#D8A8290000000000 R
(29.302000) vcan0 00000003#3CA9290000000000 R
(29.303000) vcan0 00000004#A0A9290000000000 R
(29.304000) vcan0 00000005#04AA290000000000 R
(29.305000) vcan0 00000006#68AA290000000000 R
(29.306000) vcan0 00000001#CCAA290000000000 R
(29.307000) vcan0 00000002#30AB290000000000 R
(29.308000) vcan0 00000003#94AB290000000000 R
(29.309000) vcan0 00000004#F8AB290000000000 R
(29.310000) vcan0 00000005#5CAC290000000000 R
(29.311000) vcan0 00000006#C0AC290000000000 R
(29.312000) vcan0 00000001#24AD290000000000 R
(29.313000) vcan0 00000002#88AD290000000000 R
(29.314000) vcan0 00000003#ECAD290000000000 R
(29.315000) vcan0 00000004#50AE290000000000 R
(29.316000) vcan0 00000005#B4AE290000000000 R
(29.317000) vcan0 00000006#18AF290000000000 R
(29.318000) vcan0 00000001#7CAF290000000000 R
(29.319000) vcan0 00000002#E0AF290000000000 R
(29.320000) vcan0 00000003#44B0290000000000 R
(29.321000) vcan0 00000004#A8B0290000000000 R
(29.322000) vcan0 00000005#0CB1290000000000 R
(29.323000) vcan0 00000006#70B1290000000000 R
(29.324000) vcan0 00000001#D4B1290000000000 R
(29.325000) vcan0 00000002#38B2290000000000 R
(29.326000) vcan0 00000003#9CB2290000000000 R
(29.327000) vcan0 00000004#00B3290000000000 R
(29.328000) vcan0 00000005#64B3290000000000 R
(29.329000) vcan0 00000006#C8B3290000000000 R
(29.330000) vcan0 00000001#2CB4290000000000 R
(29.331000) vcan0 00000002#90B4290000000000 R
(29.332000) vcan0 00000003#F4B4290000000000 R
(29.333000) vcan0 00000004#58B5290000000000 R
(29.334000) vcan0 00000005#BCB5290000000000 R
(29.335000) vcan0 00000006#20B6290000000000 R
(29.336000) vcan0 00000001#84B6290000000000 R
(29.337000) vcan0 00000002#E8B6290000000000 R
(29.338000) vcan0 00000003#4CB7290000000000 R
(29.339000) vcan0 00000004#B0B7290000000000 R
(29.340000) vcan0 00000005#14B8290000000000 R
(29.341000) vcan0 00000006#78B8290000000000 R
(29.342000) vcan0 00000001#DCB8290000000000 R
(29.343000) vcan0 00000002#40B9290000000000 R
(29.344000) vcan0 00000003#A4B9290000000000 R
(29.345000) vcan0 00000004#08BA290000000000 R
(29.346000) vcan0 00000005#6CBA290000000000 R
(29.347000) vcan0 00000006#D0BA290000000000 R
(29.348000) vcan0 00000001#34BB290000000000 R
(29.349000) vcan0 00000002#98BB290000000000 R
(29.350000) vcan0 00000003#FCBB290000000000 R
(29.351000) vcan0 00000004#60BC290000000000 R
(29.352000) vcan0 00000005#C4BC290000000000 R
(29.353000) vcan0 00000006#28BD290000000000 R
(29.354000) vcan0 00000001#8CBD290000000000 R
(29.355000) vcan0 00000002#F0BD290000000000 R
(29.356000) vcan0 00000003#54BE290000000000 R
(29.357000) vcan0 00000004#B8BE290000000000 R
(29.358000) vcan0 00000005#1CBF290000000000 R
(29.359000) vcan0 00000006#80BF290000000000 R
(29.360000) vcan0 00000001#E4BF290000000000 R
(29.361000) vcan0 00000002#48C0290000000000 R
(29.362000) vcan0 00000003#ACC0290000000000 R
(29.363000) vcan0 00000004#10C1290000000000 R
(29.364000) vcan0 00000005#74C1290000000000 R
(29.365000) vcan0 00000006#D8C1290000000000 R
(29.366000) vcan0 00000001#3CC2290000000000 R
(29.367000) vcan0 00000002#A0C2290000000000 R
(29.368000) vcan0 00000003#04C3290000000000 R
(29.369000) vcan0 00000004#68C3290000000000 R
(29.370000) vcan0 00000005#CCC3290000000000 R
(29.371000) vcan0 00000006#30C4290000000000 R
(29.372000) vcan0 00000001#94C4290000000000 R
(29.373000) vcan0 00000002#F8C4290000000000 R
(29.374000) vcan0 00000003#5CC5290000000000 R
(29.375000) vcan0 00000004#C0C5290000000000 R
(29.376000) vcan0 00000005#24C6290000000000 R
(29.377000) vcan0 00000006#88C6290000000000 R
(29.378000) vcan0 00000001#ECC6290000000000 R
(29.379000) vcan0 00000002#50C7290000000000 R
(29.380000) vcan0 00000003#B4C7290000000000 R
(29.381000) vcan0 00000004#18C8290000000000 R
(29.382000) vcan0 00000005#7CC8290000000000 R
(29.383000) vcan0 00000006#E0C8290000000000 R
(29.384000) vcan0 00000001#44C9290000000000 R
(29.385000) vcan0 00000002#A8C9290000000000 R
(29.386000) vcan0 00000003#0CCA290000000000 R
(29.387000) vcan0 00000004#70CA290000000000 R
(29.388000) vcan0 00000005#D4CA290000000000 R
(29.389000) vcan0 00000006#38CB290000000000 R
(29.390000) vcan0 00000001#9CCB290000000000 R
(29.391000) vcan0 00000002#00CC290000000000 R
(29.392000) vcan0 00000003#64CC290000000000 R
(29.393000) vcan0 00000004#C8CC290000000000 R
(29.394000) vcan0 00000005#2CCD290000000000 R
(29.395000) vcan0 00000006#90CD290000000000 R
(29.396000) vcan0 00000001#F4CD290000000000 R
(29.397000) vcan0 00000002#58CE290000000000 R
(29.398000) vcan0 00000003#BCCE290000000000 R
(29.399000) vcan0 00000004#20CF290000000000 R
(29.400000) vcan0 00000005#84CF290000000000 R
(29.401000) vcan0 00000006#E8CF290000000000 R
(29.402000) vcan0 00000001#4CD0290000000000 R
(29.403000) vcan0 00000002#B0D0290000000000 R
(29.404000) vcan0 00000003#14D1290000000000 R
(29.405000) vcan0 00000004#78D1290000000000 R
(29.406000) vcan0 00000005#DCD1290000000000 R
(29.407000) vcan0 00000006#40D2290000000000 R
(29.408000) vcan0 00000001#A4D2290000000000 R
(29.409000) vcan0 00000002#08D3290000000000 R
(29.410000) vcan0 00000003#6CD3290000000000 R
(29.411000) vcan0 00000004#D0D3290000000000 R
(29.412000) vcan0 00000005#34D4290000000000 R
(29.413000) vcan0 00000006#98D4290000000000 R
(29.414000) vcan0 00000001#FCD4290000000000 R
(29.415000) vcan0 00000002#60D5290000000000 R
(29.416000) vcan0 00000003#C4D5290000000000 R
(29.417000) vcan0 00000004#28D6290000000000 R
(29.418000) vcan0 00000005#8CD6290000000000 R
(29.419000) vcan0 00000006#F0D6290000000000 R
(29.420000) vcan0 00000001#54D7290000000000 R
(29.421000) vcan0 00000002#B8D7290000000000 R
(29.422000) vcan0 00000003#1CD8290000000000 R
(29.423000) vcan0 00000004#80D8290000000000 R
(29.424000) vcan0 00000005#E4D8290000000000 R
(29.425000) vcan0 00000006#48D9290000000000 R
(29.426000) vcan0 00000001#ACD9290000000000 R
(29.427000) vcan0 00000002#10DA290000000000 R
(29.428000) vcan0 00000003#74DA290000000000 R
(29.429000) vcan0 00000004#D8DA290000000000 R
(29.430000) vcan0 00000005#3CDB290000000000 R
(29.431000) vcan0 00000006#A0DB290000000000 R
(29.432000) vcan0 00000001#04DC290000000000 R
(29.433000) vcan0 00000002#68DC290000000000 R
(29.434000) vcan0 00000003#CCDC290000000000 R
(29.435000) vcan0 00000004#30DD290000000000 R
(29.436000) vcan0 00000005#94DD290000000000 R
(29.437000) vcan0 00000006#F8DD290000000000 R
(29.438000) vcan0 00000001#5CDE290000000000 R
(29.439000) vcan0 00000002#C0DE290000000000 R
(29.440000) vcan0 00000003#24DF290000000000 R
(29.441000) vcan0 00000004#88DF290000000000 R
(29.442000) vcan0 00000005#ECDF290000000000 R
(29.443000) vcan0 00000006#50E0290000000000 R
(29.444000) vcan0 00000001#B4E0290000000000 R
(29.445000) vcan0 00000002#18E1290000000000 R
(29.446000) vcan0 00000003#7CE1290000000000 R
(29.447000) vcan0 00000004#E0E1290000000000 R
(29.448000) vcan0 00000005#44E2290000000000 R
(29.449000) vcan0 00000006#A8E2290000000000 R
(29.450000) vcan0 00000001#0CE3290000000000 R
(29.451000) vcan0 00000002#70E3290000000000 R
(29.452000) vcan0 00000003#D4E3290000000000 R
(29.453000) vcan0 00000004#38E4290000000000 R
(29.454000) vcan0 00000005#9CE4290000000000 R
(29.455000) vcan0 00000006#00E5290000000000 R
(29.456000) vcan0 00000001#64E5290000000000 R
(29.457000) vcan0 00000002#C8E5290000000000 R
(29.458000) vcan0 00000003#2CE6290000000000 R
(29.459000) vcan0 00000004#90E6290000000000 R
(29.460000) vcan0 00000005#F4E6290000000000 R
(29.461000) vcan0 00000006#58E7290000000000 R
(29.462000) vcan0 00000001#BCE7290000000000 R
(29.463000) vcan0 00000002#20E8290000000000 R
(29.464000) vcan0 00000003#84E8290000000000 R
(29.465000) vcan0 00000004#E8E8290000000000 R
(29.466000) vcan0 00000005#4CE9290000000000 R
(29.467000) vcan0 00000006#B0E9290000000000 R
(29.468000) vcan0 00000001#14EA290000000000 R
(29.469000) vcan0 00000002#78EA290000000000 R
(29.470000) vcan0 00000003#DCEA290000000000 R
(29.471000) vcan0 00000004#40EB290000000000 R
(29.472000) vcan0 00000005#A4EB290000000000 R
(29.473000) vcan0 00000006#08EC290000000000 R
(29.474000) vcan0 00000001#6CEC290000000000 R
(29.475000) vcan0 00000002#D0EC290000000000 R
(29.476000) vcan0 00000003#34ED290000000000 R
(29.477000) vcan0 00000004#98ED290000000000 R
(29.478000) vcan0 00000005#FCED290000000000 R
(29.479000) vcan0 00000006#60EE290000000000 R
(29.480000) vcan0 00000001#C4EE290000000000 R
(29.481000) vcan0 00000002#28EF290000000000 R
(29.482000) vcan0 00000003#8CEF290000000000 R
(29.483000) vcan0 00000004#F0EF290000000000 R
(29.484000) vcan0 00000005#54F0290000000000 R
(29.485000) vcan0 00000006#B8F0290000000000 R
(29.486000) vcan0 00000001#1CF1290000000000 R
(29.487000) vcan0 00000002#80F1290000000000 R
(29.488000) vcan0 00000003#E4F1290000000000 R
(29.489000) vcan0 00000004#48F2290000000000 R
(29.490000) vcan0 00000005#ACF2290000000000 R
(29.491000) vcan0 00000006#10F3290000000000 R
(29.492000) vcan0 00000001#74F3290000000000 R
(29.493000) vcan0 00000002#D8F3290000000000 R
(29.494000) vcan0 00000003#3CF4290000000000 R
(29.495000) vcan0 00000004#A0F4290000000000 R
(29.496000) vcan0 00000005#04F5290000000000 R
(29.497000) vcan0 00000006#68F5290000000000 R
(29.498000) vcan0 00000001#CCF5290000000000 R
(29.499000) vcan0 00000002#30F6290000000000 R
(29.500000) vcan0 00000003#94F6290000000000 R
(29.501000) vcan0 00000004#F8F6290000000000 R
(29.502000) vcan0 00000005#5CF7290000000000 R
(29.503000) vcan0 00000006#C0F7290000000000 R
(29.504000) vcan0 00000001#24F8290000000000 R
(29.505000) vcan0 00000002#88F8290000000000 R
(29.506000) vcan0 00000003#ECF8290000000000 R
(29.507000) vcan0 00000004#50F9290000000000 R
(29.508000) vcan0 00000005#B4F9290000000000 R
(29.509000) vcan0 00000006#18FA290000000000 R
(29.510000) vcan0 00000001#7CFA290000000000 R
(29.511000) vcan0 00000002#E0FA290000000000 R
(29.512000) vcan0 00000003#44FB290000000000 R
(29.513000) vcan0 00000004#A8FB290000000000 R
(29.514000) vcan0 00000005#0CFC290000000000 R
(29.515000) vcan0 00000006#70FC290000000000 R
(29.516000) vcan0 00000001#D4FC290000000000 R
(29.517000) vcan0 00000002#38FD290000000000 R
(29.518000) vcan0 00000003#9CFD290000000000 R
(29.519000) vcan0 00000004#00FE290000000000 R
(29.520000) vcan0 00000005#64FE290000000000 R
(29.521000) vcan0 00000006#C8FE290000000000 R
(29.522000) vcan0 00000001#2CFF290000000000 R
(29.523000) vcan0 00000002#90FF290000000000 R
(29.524000) vcan0 00000003#F4FF290000000000 R
(29.525000) vcan0 00000004#58002A0000000000 R
(29.526000) vcan0 00000005#BC002A0000000000 R
(29.527000) vcan0 00000006#20012A0000000000 R
(29.528000) vcan0 00000001#84012A0000000000 R
(29.529000) vcan0 00000002#E8012A0000000000 R
(29.530000) vcan0 00000003#4C022A0000000000 R
(29.531000) vcan0 00000004#B0022A0000000000 R
(29.532000) vcan0 00000005#14032A0000000000 R
(29.533000) vcan0 00000006#78032A0000000000 R
(29.534000) vcan0 00000001#DC032A0000000000 R
(29.535000) vcan0 00000002#40042A0000000000 R
(29.536000) vcan0 00000003#A4042A0000000000 R
(29.537000) vcan0 00000004#08052A0000000000 R
(29.538000) vcan0 00000005#6C052A0000000000 R
(29.539000) vcan0 00000006#D0052A0000000000 R
(29.540000) vcan0 00000001#34062A0000000000 R
(29.541000) vcan0 00000002#98062A0000000000 R
(29.542000) vcan0 00000003#FC062A0000000000 R
(29.543000) vcan0 00000004#60072A0000000000 R
(29.544000) vcan0 00000005#C4072A0000000000 R
(29.545000) vcan0 00000006#28082A0000000000 R
(29.546000) vcan0 00000001#8C082A0000000000 R
(29.547000) vcan0 00000002#F0082A0000000000 R
(29.548000) vcan0 00000003#54092A0000000000 R
(29.549000) vcan0 00000004#B8092A0000000000 R
(29.550000) vcan0 00000005#1C0A2A0000000000 R
(29.551000) vcan0 00000006#800A2A0000000000 R
(29.552000) vcan0 00000001#E40A2A0000000000 R
(29.553000) vcan0 00000002#480B2A0000000000 R
(29.554000) vcan0 00000003#AC0B2A0000000000 R
(29.555000) vcan0 00000004#100C2A0000000000 R
(29.556000) vcan0 00000005#740C2A0000000000 R
(29.557000) vcan0 00000006#D80C2A0000000000 R
(29.558000) vcan0 00000001#3C0D2A0000000000 R
(29.559000) vcan0 00000002#A00D2A0000000000 R
(29.560000) vcan0 00000003#040E2A0000000000 R
(29.561000) vcan0 00000004#680E2A0000000000 R
