(34.542000) vcan0 00000005#1CA8310000000000 R
(34.543000) vcan0 00000006#80A8310000000000 R
(34.544000) vcan0 00000001#E4A8310000000000 R
(34.545000) vcan0 00000002#48A9310000000000 R
(34.546000) vcan0 00000003#ACA9310000000000 R
(34.547000) vcan0 00000004#10AA310000000000 R
(34.548000) vcan0 00000005#74AA310000000000 R
(34.549000) vcan0 00000006#D8AA310000000000 R
(34.550000) vcan0 00000001#3CAB310000000000 R
(34.551000) vcan0 00000002#A0AB310000000000 R
(34.552000) vcan0 00000003#04AC310000000000 R
(34.553000) vcan0 00000004#68AC310000000000 R
(34.554000) vcan0 00000005#CCAC310000000000 R
(34.555000) vcan0 00000006#30AD310000000000 R
(34.556000) vcan0 00000001#94AD310000000000 R
(34.557000) vcan0 00000002#F8AD310000000000 R
(34.558000) vcan0 00000003#5CAE310000000000 R
(34.559000) vcan0 00000004#C0AE310000000000 R
(34.560000) vcan0 00000005#24AF310000000000 R
(34.561000) vcan0 00000006#88AF310000000000 R
(34.562000) vcan0 00000001#ECAF310000000000 R
(34.563000) vcan0 00000002#50B0310000000000 R
(34.564000) vcan0 00000003#B4B0310000000000 R
(34.565000) vcan0 00000004#18B1310000000000 R
(34.566000) vcan0 00000005#7CB1310000000000 R
(34.567000) vcan0 00000006#E0B1310000000000 R
(34.568000) vcan0 00000001#44B2310000000000 R
(34.569000) vcan0 00000002#A8B2310000000000 R
(34.570000) vcan0 00000003#0CB3310000000000 R
(34.571000) vcan0 00000004#70B3310000000000 R
(34.572000) vcan0 00000005#D4B3310000000000 R
(34.573000) vcan0 00000006#38B4310000000000 R
(34.574000) vcan0 00000001#9CB4310000000000 R
(34.575000) vcan0 00000002#00B5310000000000 R
(34.576000) vcan0 00000003#64B5310000000000 R
(34.577000) vcan0 00000004#C8B5310000000000 R
(34.578000) vcan0 00000005#2CB6310000000000 R
(34.579000) vcan0 00000006#90B6310000000000 R
(34.580000) vcan0 00000001#F4B6310000000000 R
(34.581000) vcan0 00000002#58B7310000000000 R
(34.582000) vcan0 00000003#BCB7310000000000 R
(34.583000) vcan0 00000004#20B8310000000000 R
(34.584000) vcan0 00000005#84B8310000000000 R
(34.585000) vcan0 00000006#E8B8310000000000 R
(34.586000) vcan0 00000001#4CB9310000000000 R
(34.587000) vcan0 00000002#B0B9310000000000 R
(34.588000) vcan0 00000003#14BA310000000000 R
(34.589000) vcan0 00000004#78BA310000000000 R
(34.590000) vcan0 00000005#DCBA310000000000 R
(34.591000) vcan0 00000006#40BB310000000000 R
(34.592000) vcan0 00000001#A4BB310000000000 R
(34.593000) vcan0 00000002#08BC310000000000 R
(34.594000) vcan0 00000003#6CBC310000000000 R
(34.595000) vcan0 00000004#D0BC310000000000 R
(34.596000) vcan0 00000005#34BD310000000000 R
(34.597000) vcan0 00000006#98BD310000000000 R
(34.598000) vcan0 00000001#FCBD310000000000 R
(34.599000) vcan0 00000002#60BE310000000000 R
(34.600000) vcan0 00000003#C4BE310000000000 R
(34.601000) vcan0 00000004#28BF310000000000 R
(34.602000) vcan0 00000005#8CBF310000000000 R
(34.603000) vcan0 00000006#F0BF310000000000 R
(34.604000) vcan0 00000001#54C0310000000000 R
(34.605000) vcan0 00000002#B8C0310000000000 R
(34.606000) vcan0 00000003#1CC1310000000000 R
(34.607000) vcan0 00000004#80C1310000000000 R
(34.608000) vcan0 00000005#E4C1310000000000 R
(34.609000) vcan0 00000006#48C2310000000000 R
(34.610000) vcan0 00000001#ACC2310000000000 R
(34.611000) vcan0 00000002#10C3310000000000 R
(34.612000) vcan0 00000003#74C3310000000000 R
(34.613000) vcan0 00000004#D8C3310000000000 R
(34.614000) vcan0 00000005#3CC4310000000000 R
(34.615000) vcan0 00000006#A0C4310000000000 R
(34.616000) vcan0 00000001#04C5310000000000 R
(34.617000) vcan0 00000002#68C5310000000000 R
(34.618000) vcan0 00000003#CCC5310000000000 R
(34.619000) vcan0 00000004#30C6310000000000 R
(34.620000) vcan0 00000005#94C6310000000000 R
(34.621000) vcan0 00000006#F8C6310000000000 R
(34.622000) vcan0 00000001#5CC7310000000000 R
(34.623000) vcan0 00000002#C0C7310000000000 R
(34.624000) vcan0 00000003#24C8310000000000 R
(34.625000) vcan0 00000004#88C8310000000000 R
(34.626000) vcan0 00000005#ECC8310000000000 R
(34.627000) vcan0 00000006#50C9310000000000 R
(34.628000) vcan0 00000001#B4C9310000000000 R
(34.629000) vcan0 00000002#18CA310000000000 R
(34.630000) vcan0 00000003#7CCA310000000000 R
(34.631000) vcan0 00000004#E0CA310000000000 R
(34.632000) vcan0 00000005#44CB310000000000 R
(34.633000) vcan0 00000006#A8CB310000000000 R
(34.634000) vcan0 00000001#0CCC310000000000 R
(34.635000) vcan0 00000002#70CC310000000000 R
(34.636000) vcan0 00000003#D4CC310000000000 R
(34.637000) vcan0 00000004#38CD310000000000 R
(34.638000) vcan0 00000005#9CCD310000000000 R
(34.639000) vcan0 00000006#00CE310000000000 R
(34.640000) vcan0 00000001#64CE310000000000 R
(34.641000) vcan0 00000002#C8CE310000000000 R
(34.642000) vcan0 00000003#2CCF310000000000 R
(34.643000) vcan0 00000004#90CF310000000000 R
(34.644000) vcan0 00000005#F4CF310000000000 R
(34.645000) vcan0 00000006#58D0310000000000 R
(34.646000) vcan0 00000001#BCD0310000000000 R
(34.647000) vcan0 00000002#20D1310000000000 R
(34.648000) vcan0 00000003#84D1310000000000 R
(34.649000) vcan0 00000004#E8D1310000000000 R
(34.650000) vcan0 00000005#4CD2310000000000 R
(34.651000) vcan0 00000006#B0D2310000000000 R
(34.652000) vcan0 00000001#14D3310000000000 R
(34.653000) vcan0 00000002#78D3310000000000 R
(34.654000) vcan0 00000003#DCD3310000000000 R
(34.655000) vcan0 00000004#40D4310000000000 R
(34.656000) vcan0 00000005#A4D4310000000000 R
(34.657000) vcan0 00000006#08D5310000000000 R
(34.658000) vcan0 00000001#6CD5310000000000 R
(34.659000) vcan0 00000002#D0D5310000000000 R
(34.660000) vcan0 00000003#34D6310000000000 R
(34.661000) vcan0 00000004#98D6310000000000 R
(34.662000) vcan0 00000005#FCD6310000000000 R
(34.663000) vcan0 00000006#60D7310000000000 R
(34.664000) vcan0 00000001#C4D7310000000000 R
(34.665000) vcan0 00000002#28D8310000000000 R
(34.666000) vcan0 00000003#8CD8310000000000 R
(34.667000) vcan0 00000004#F0D8310000000000 R
(34.668000) vcan0 00000005#54D9310000000000 R
(34.669000) vcan0 00000006#B8D9310000000000 R
(34.670000) vcan0 00000001#1CDA310000000000 R
(34.671000) vcan0 00000002#80DA310000000000 R
(34.672000) vcan0 00000003#E4DA310000000000 R
(34.673000) vcan0 00000004#48DB310000000000 R
(34.674000) vcan0 00000005#ACDB310000000000 R
(34.675000) vcan0 00000006#10DC310000000000 R
(34.676000) vcan0 00000001#74DC310000000000 R
(34.677000) vcan0 00000002#D8DC310000000000 R
(34.678000) vcan0 00000003#3CDD310000000000 R
(34.679000) vcan0 00000004#A0DD310000000000 R
(34.680000) vcan0 00000005#04DE310000000000 R
(34.681000) vcan0 00000006#68DE310000000000 R
(34.682000) vcan0 00000001#CCDE310000000000 R
(34.683000) vcan0 00000002#30DF310000000000 R
(34.684000) vcan0 00000003#94DF310000000000 R
(34.685000) vcan0 00000004#F8DF310000000000 R
(34.686000) vcan0 00000005#5CE0310000000000 R
(34.687000) vcan0 00000006#C0E0310000000000 R
(34.688000) vcan0 00000001#24E1310000000000 R
(34.689000) vcan0 00000002#88E1310000000000 R
(34.690000) vcan0 00000003#ECE1310000000000 R
(34.691000) vcan0 00000004#50E2310000000000 R
(34.692000) vcan0 00000005#B4E2310000000000 R
(34.693000) vcan0 00000006#18E3310000000000 R
(34.694000) vcan0 00000001#7CE3310000000000 R
(34.695000) vcan0 00000002#E0E3310000000000 R
(34.696000) vcan0 00000003#44E4310000000000 R
(34.697000) vcan0 00000004#A8E4310000000000 R
(34.698000) vcan0 00000005#0CE5310000000000 R
(34.699000) vcan0 00000006#70E5310000000000 R
(34.700000) vcan0 00000001#D4E5310000000000 R
(34.701000) vcan0 00000002#38E6310000000000 R
(34.702000) vcan0 00000003#9CE6310000000000 R
(34.703000) vcan0 00000004#00E7310000000000 R
(34.704000) vcan0 00000005#64E7310000000000 R
(34.705000) vcan0 00000006#C8E7310000000000 R
(34.706000) vcan0 00000001#2CE8310000000000 R
(34.707000) vcan0 00000002#90E8310000000000 R
(34.708000) vcan0 00000003#F4E8310000000000 R
(34.709000) vcan0 00000004#58E9310000000000 R
(34.710000) vcan0 00000005#BCE9310000000000 R
(34.711000) vcan0 00000006#20EA310000000000 R
(34.712000) vcan0 00000001#84EA310000000000 R
(34.713000) vcan0 00000002#E8EA310000000000 R
(34.714000) vcan0 00000003#4CEB310000000000 R
(34.715000) vcan0 00000004#B0EB310000000000 R
(34.716000) vcan0 00000005#14EC310000000000 R
(34.717000) vcan0 00000006#78EC310000000000 R
(34.718000) vcan0 00000001#DCEC310000000000 R
(34.719000) vcan0 00000002#40ED310000000000 R
(34.720000) vcan0 00000003#A4ED310000000000 R
(34.721000) vcan0 00000004#08EE310000000000 R
(34.722000) vcan0 00000005#6CEE310000000000 R
(34.723000) vcan0 00000006#D0EE310000000000 R
(34.724000) vcan0 00000001#34EF310000000000 R
(34.725000) vcan0 00000002#98EF310000000000 R
(34.726000) vcan0 00000003#FCEF310000000000 R
(34.727000) vcan0 00000004#60F0310000000000 R
(34.728000) vcan0 00000005#C4F0310000000000 R
(34.729000) vcan0 00000006#28F1310000000000 R
(34.730000) vcan0 00000001#8CF1310000000000 R
(34.731000) vcan0 00000002#F0F1310000000000 R
(34.732000) vcan0 00000003#54F2310000000000 R
(34.733000) vcan0 00000004#B8F2310000000000 R
(34.734000) vcan0 00000005#1CF3310000000000 R
(34.735000) vcan0 00000006#80F3310000000000 R
(34.736000) vcan0 00000001#E4F3310000000000 R
(34.737000) vcan0 00000002#48F4310000000000 R
(34.738000) vcan0 00000003#ACF4310000000000 R
(34.739000) vcan0 00000004#10F5310000000000 R
(34.740000) vcan0 00000005#74F5310000000000 R
(34.741000) vcan0 00000006#D8F5310000000000 R
(34.742000) vcan0 00000001#3CF6310000000000 R
(34.743000) vcan0 00000002#A0F6310000000000 R
(34.744000) vcan0 00000003#04F7310000000000 R
(34.745000) vcan0 00000004#68F7310000000000 R
(34.746000) vcan0 00000005#CCF7310000000000 R
(34.747000) vcan0 00000006#30F8310000000000 R
(34.748000) vcan0 00000001#94F8310000000000 R
(34.749000) vcan0 00000002#F8F8310000000000 R
