(17.105000) vcan0 00000004#C80C170000000000 R
(17.106000) vcan0 00000005#2C0D170000000000 R
(17.107000) vcan0 00000006#900D170000000000 R
(17.108000) vcan0 00000001#F40D170000000000 R
(17.109000) vcan0 00000002#580E170000000000 R
(17.110000) vcan0 00000003#BC0E170000000000 R
(17.111000) vcan0 00000004#200F170000000000 R
(17.112000) vcan0 00000005#840F170000000000 R
(17.113000) vcan0 00000006#E80F170000000000 R
(17.114000) vcan0 00000001#4C10170000000000 R
(17.115000) vcan0 00000002#B010170000000000 R
(17.116000) vcan0 00000003#1411170000000000 R
(17.117000) vcan0 00000004#7811170000000000 R
(17.118000) vcan0 00000005#DC11170000000000 R
(17.119000) vcan0 00000006#4012170000000000 R
(17.120000) vcan0 00000001#A412170000000000 R
(17.121000) vcan0 00000002#0813170000000000 R
(17.122000) vcan0 00000003#6C13170000000000 R
(17.123000) vcan0 00000004#D013170000000000 R
(17.124000) vcan0 00000005#3414170000000000 R
(17.125000) vcan0 00000006#9814170000000000 R
(17.126000) vcan0 00000001#FC14170000000000 R
(17.127000) vcan0 00000002#6015170000000000 R
(17.128000) vcan0 00000003#C415170000000000 R
(17.129000) vcan0 00000004#2816170000000000 R
(17.130000) vcan0 00000005#8C16170000000000 R
(17.131000) vcan0 00000006#F016170000000000 R
(17.132000) vcan0 00000001#5417170000000000 R
(17.133000) vcan0 00000002#B817170000000000 R
(17.134000) vcan0 00000003#1C18170000000000 R
(17.135000) vcan0 00000004#8018170000000000 R
(17.136000) vcan0 00000005#E418170000000000 R
(17.137000) vcan0 00000006#4819170000000000 R
(17.138000) vcan0 00000001#AC19170000000000 R
(17.139000) vcan0 00000002#101A170000000000 R
(17.140000) vcan0 00000003#741A170000000000 R
(17.141000) vcan0 00000004#D81A170000000000 R
(17.142000) vcan0 00000005#3C1B170000000000 R
(17.143000) vcan0 00000006#A01B170000000000 R
(17.144000) vcan0 00000001#041C170000000000 R
(17.145000) vcan0 00000002#681C170000000000 R
(17.146000) vcan0 00000003#CC1C170000000000 R
(17.147000) vcan0 00000004#301D170000000000 R
(17.148000) vcan0 00000005#941D170000000000 R
(17.149000) vcan0 00000006#F81D170000000000 R
(17.150000) vcan0 00000001#5C1E170000000000 R
(17.151000) vcan0 00000002#C01E170000000000 R
(17.152000) vcan0 00000003#241F170000000000 R
(17.153000) vcan0 00000004#881F170000000000 R
(17.154000) vcan0 00000005#EC1F170000000000 R
(17.155000) vcan0 00000006#5020170000000000 R
(17.156000) vcan0 00000001#B420170000000000 R
(17.157000) vcan0 00000002#1821170000000000 R
(17.158000) vcan0 00000003#7C21170000000000 R
(17.159000) vcan0 00000004#E021170000000000 R
(17.160000) vcan0 00000005#4422170000000000 R
(17.161000) vcan0 00000006#A822170000000000 R
(17.162000) vcan0 00000001#0C23170000000000 R
(17.163000) vcan0 00000002#7023170000000000 R
(17.164000) vcan0 00000003#D423170000000000 R
(17.165000) vcan0 00000004#3824170000000000 R
(17.166000) vcan0 00000005#9C24170000000000 R
(17.167000) vcan0 00000006#0025170000000000 R
(17.168000) vcan0 00000001#6425170000000000 R
(17.169000) vcan0 00000002#C825170000000000 R
(17.170000) vcan0 00000003#2C26170000000000 R
(17.171000) vcan0 00000004#9026170000000000 R
(17.172000) vcan0 00000005#F426170000000000 R
(17.173000) vcan0 00000006#5827170000000000 R
(17.174000) vcan0 00000001#BC27170000000000 R
(17.175000) vcan0 00000002#2028170000000000 R
(17.176000) vcan0 00000003#8428170000000000 R
(17.177000) vcan0 00000004#E828170000000000 R
(17.178000) vcan0 00000005#4C29170000000000 R
(17.179000) vcan0 00000006#B029170000000000 R
(17.180000) vcan0 00000001#142A170000000000 R
(17.181000) vcan0 00000002#782A170000000000 R
(17.182000) vcan0 00000003#DC2A170000000000 R
(17.183000) vcan0 00000004#402B170000000000 R
(17.184000) vcan0 00000005#A42B170000000000 R
(17.185000) vcan0 00000006#082C170000000000 R
(17.186000) vcan0 00000001#6C2C170000000000 R
(17.187000) vcan0 00000002#D02C170000000000 R
(17.188000) vcan0 00000003#342D170000000000 R
(17.189000) vcan0 00000004#982D170000000000 R
(17.190000) vcan0 00000005#FC2D170000000000 R
(17.191000) vcan0 00000006#602E170000000000 R
(17.192000) vcan0 00000001#C42E170000000000 R
(17.193000) vcan0 00000002#282F170000000000 R
(17.194000) vcan0 00000003#8C2F170000000000 R
(17.195000) vcan0 00000004#F02F170000000000 R
(17.196000) vcan0 00000005#5430170000000000 R
(17.197000) vcan0 00000006#B830170000000000 R
(17.198000) vcan0 00000001#1C31170000000000 R
(17.199000) vcan0 00000002#8031170000000000 R
(17.200000) vcan0 00000003#E431170000000000 R
(17.201000) vcan0 00000004#4832170000000000 R
(17.202000) vcan0 00000005#AC32170000000000 R
(17.203000) vcan0 00000006#1033170000000000 R
(17.204000) vcan0 00000001#7433170000000000 R
(17.205000) vcan0 00000002#D833170000000000 R
(17.206000) vcan0 00000003#3C34170000000000 R
(17.207000) vcan0 00000004#A034170000000000 R
(17.208000) vcan0 00000005#0435170000000000 R
(17.209000) vcan0 00000006#6835170000000000 R
(17.210000) vcan0 00000001#CC35170000000000 R
(17.211000) vcan0 00000002#3036170000000000 R
(17.212000) vcan0 00000003#9436170000000000 R
(17.213000) vcan0 00000004#F836170000000000 R
(17.214000) vcan0 00000005#5C37170000000000 R
(17.215000) vcan0 00000006#C037170000000000 R
(17.216000) vcan0 00000001#2438170000000000 R
(17.217000) vcan0 00000002#8838170000000000 R
(17.218000) vcan0 00000003#EC38170000000000 R
(17.219000) vcan0 00000004#5039170000000000 R
(17.220000) vcan0 00000005#B439170000000000 R
(17.221000) vcan0 00000006#183A170000000000 R
(17.222000) vcan0 00000001#7C3A170000000000 R
(17.223000) vcan0 00000002#E03A170000000000 R
(17.224000) vcan0 00000003#443B170000000000 R
(17.225000) vcan0 00000004#A83B170000000000 R
(17.226000) vcan0 00000005#0C3C170000000000 R
(17.227000) vcan0 00000006#703C170000000000 R
(17.228000) vcan0 00000001#D43C170000000000 R
(17.229000) vcan0 00000002#383D170000000000 R
(17.230000) vcan0 00000003#9C3D170000000000 R
(17.231000) vcan0 00000004#003E170000000000 R
(17.232000) vcan0 00000005#643E170000000000 R
(17.233000) vcan0 00000006#C83E170000000000 R
(17.234000) vcan0 00000001#2C3F170000000000 R
(17.235000) vcan0 00000002#903F170000000000 R
(17.236000) vcan0 00000003#F43F170000000000 R
(17.237000) vcan0 00000004#5840170000000000 R
(17.238000) vcan0 00000005#BC40170000000000 R
(17.239000) vcan0 00000006#2041170000000000 R
(17.240000) vcan0 00000001#8441170000000000 R
(17.241000) vcan0 00000002#E841170000000000 R
(17.242000) vcan0 00000003#4C42170000000000 R
(17.243000) vcan0 00000004#B042170000000000 R
(17.244000) vcan0 00000005#1443170000000000 R
(17.245000) vcan0 00000006#7843170000000000 R
(17.246000) vcan0 00000001#DC43170000000000 R
(17.247000) vcan0 00000002#4044170000000000 R
(17.248000) vcan0 00000003#A444170000000000 R
(17.249000) vcan0 00000004#0845170000000000 R
(17.250000) vcan0 00000005#6C45170000000000 R
(17.251000) vcan0 00000006#D045170000000000 R
(17.252000) vcan0 00000001#3446170000000000 R
(17.253000) vcan0 00000002#9846170000000000 R
(17.254000) vcan0 00000003#FC46170000000000 R
(17.255000) vcan0 00000004#6047170000000000 R
(17.256000) vcan0 00000005#C447170000000000 R
(17.257000) vcan0 00000006#2848170000000000 R
(17.258000) vcan0 00000001#8C48170000000000 R
(17.259000) vcan0 00000002#F048170000000000 R
(17.260000) vcan0 00000003#5449170000000000 R
(17.261000) vcan0 00000004#B849170000000000 R
(17.262000) vcan0 00000005#1C4A170000000000 R
(17.263000) vcan0 00000006#804A170000000000 R
(17.264000) vcan0 00000001#E44A170000000000 R
(17.265000) vcan0 00000002#484B170000000000 R
(17.266000) vcan0 00000003#AC4B170000000000 R
(17.267000) vcan0 00000004#104C170000000000 R
(17.268000) vcan0 00000005#744C170000000000 R
(17.269000) vcan0 00000006#D84C170000000000 R
(17.270000) vcan0 00000001#3C4D170000000000 R
(17.271000) vcan0 00000002#A04D170000000000 R
(17.272000) vcan0 00000003#044E170000000000 R
(17.273000) vcan0 00000004#684E170000000000 R
(17.274000) vcan0 00000005#CC4E170000000000 R
(17.275000) vcan0 00000006#304F170000000000 R
(17.276000) vcan0 00000001#944F170000000000 R
(17.277000) vcan0 00000002#F84F170000000000 R
(17.278000) vcan0 00000003#5C50170000000000 R
(17.279000) vcan0 00000004#C050170000000000 R
(17.280000) vcan0 00000005#2451170000000000 R
(17.281000) vcan0 00000006#8851170000000000 R
(17.282000) vcan0 00000001#EC51170000000000 R
(17.283000) vcan0 00000002#5052170000000000 R
(17.284000) vcan0 00000003#B452170000000000 R
(17.285000) vcan0 00000004#1853170000000000 R
(17.286000) vcan0 00000005#7C53170000000000 R
(17.287000) vcan0 00000006#E053170000000000 R
(17.288000) vcan0 00000001#4454170000000000 R
(17.289000) vcan0 00000002#A854170000000000 R
(17.290000) vcan0 00000003#0C55170000000000 R
(17.291000) vcan0 00000004#7055170000000000 R
(17.292000) vcan0 00000005#D455170000000000 R
(17.293000) vcan0 00000006#3856170000000000 R
(17.294000) vcan0 00000001#9C56170000000000 R
(17.295000) vcan0 00000002#0057170000000000 R
(17.296000) vcan0 00000003#6457170000000000 R
(17.297000) vcan0 00000004#C857170000000000 R
(17.298000) vcan0 00000005#2C58170000000000 R
(17.299000) vcan0 00000006#9058170000000000 R
(17.300000) vcan0 00000001#F458170000000000 R
(17.301000) vcan0 00000002#5859170000000000 R
(17.302000) vcan0 00000003#BC59170000000000 R
(17.303000) vcan0 00000004#205A170000000000 R
(17.304000) vcan0 00000005#845A170000000000 R
(17.305000) vcan0 00000006#E85A170000000000 R
(17.306000) vcan0 00000001#4C5B170000000000 R
(17.307000) vcan0 00000002#B05B170000000000 R
(17.308000) vcan0 00000003#145C170000000000 R
(17.309000) vcan0 00000004#785C170000000000 R
(17.310000) vcan0 00000005#DC5C170000000000 R
(17.311000) vcan0 00000006#405D170000000000 R
(17.312000) vcan0 00000001#A45D170000000000 R
(17.313000) vcan0 00000002#085E170000000000 R
(17.314000) vcan0 00000003#6C5E170000000000 R
(17.315000) vcan0 00000004#D05E170000000000 R
(17.316000) vcan0 00000005#345F170000000000 R
(17.317000) vcan0 00000006#985F170000000000 R
(17.318000) vcan0 00000001#FC5F170000000000 R
(17.319000) vcan0 00000002#6060170000000000 R
(17.320000) vcan0 00000003#C460170000000000 R
(17.321000) vcan0 00000004#2861170000000000 R
(17.322000) vcan0 00000005#8C61170000000000 R
(17.323000) vcan0 00000006#F061170000000000 R
(17.324000) vcan0 00000001#5462170000000000 R
(17.325000) vcan0 00000002#B862170000000000 R
(17.326000) vcan0 00000003#1C63170000000000 R
(17.327000) vcan0 00000004#8063170000000000 R
(17.328000) vcan0 00000005#E463170000000000 R
(17.329000) vcan0 00000006#4864170000000000 R
(17.330000) vcan0 00000001#AC64170000000000 R
(17.331000) vcan0 00000002#1065170000000000 R
(17.332000) vcan0 00000003#7465170000000000 R
(17.333000) vcan0 00000004#D865170000000000 R
(17.334000) vcan0 00000005#3C66170000000000 R
(17.335000) vcan0 00000006#A066170000000000 R
(17.336000) vcan0 00000001#0467170000000000 R
(17.337000) vcan0 00000002#6867170000000000 R
(17.338000) vcan0 00000003#CC67170000000000 R
(17.339000) vcan0 00000004#3068170000000000 R
(17.340000) vcan0 00000005#9468170000000000 R
(17.341000) vcan0 00000006#F868170000000000 R
(17.342000) vcan0 00000001#5C69170000000000 R
(17.343000) vcan0 00000002#C069170000000000 R
(17.344000) vcan0 00000003#246A170000000000 R
(17.345000) vcan0 00000004#886A170000000000 R
(17.346000) vcan0 00000005#EC6A170000000000 R
(17.347000) vcan0 00000006#506B170000000000 R
(17.348000) vcan0 00000001#B46B170000000000 R
(17.349000) vcan0 00000002#186C170000000000 R
(17.350000) vcan0 00000003#7C6C170000000000 R
(17.351000) vcan0 00000004#E06C170000000000 R
(17.352000) vcan0 00000005#446D170000000000 R
(17.353000) vcan0 00000006#A86D170000000000 R
(17.354000) vcan0 00000001#0C6E170000000000 R
(17.355000) vcan0 00000002#706E170000000000 R
(17.356000) vcan0 00000003#D46E170000000000 R
(17.357000) vcan0 00000004#386F170000000000 R
(17.358000) vcan0 00000005#9C6F170000000000 R
(17.359000) vcan0 00000006#0070170000000000 R
(17.360000) vcan0 00000001#6470170000000000 R
(17.361000) vcan0 00000002#C870170000000000 R
(17.362000) vcan0 00000003#2C71170000000000 R
(17.363000) vcan0 00000004#9071170000000000 R
(17.364000) vcan0 00000005#F471170000000000 R
(17.365000) vcan0 00000006#5872170000000000 R
(17.366000) vcan0 00000001#BC72170000000000 R
(17.367000) vcan0 00000002#2073170000000000 R
(17.368000) vcan0 00000003#8473170000000000 R
(17.369000) vcan0 00000004#E873170000000000 R
(17.370000) vcan0 00000005#4C74170000000000 R
(17.371000) vcan0 00000006#B074170000000000 R
(17.372000) vcan0 00000001#1475170000000000 R
(17.373000) vcan0 00000002#7875170000000000 R
(17.374000) vcan0 00000003#DC75170000000000 R
(17.375000) vcan0 00000004#4076170000000000 R
(17.376000) vcan0 00000005#A476170000000000 R
(17.377000) vcan0 00000006#0877170000000000 R
(17.378000) vcan0 00000001#6C77170000000000 R
(17.379000) vcan0 00000002#D077170000000000 R
(17.380000) vcan0 00000003#3478170000000000 R
(17.381000) vcan0 00000004#9878170000000000 R
(17.382000) vcan0 00000005#FC78170000000000 R
(17.383000) vcan0 00000006#6079170000000000 R
(17.384000) vcan0 00000001#C479170000000000 R
(17.385000) vcan0 00000002#287A170000000000 R
(17.386000) vcan0 00000003#8C7A170000000000 R
(17.387000) vcan0 00000004#F07A170000000000 R
(17.388000) vcan0 00000005#547B170000000000 R
(17.389000) vcan0 00000006#B87B170000000000 R
(17.390000) vcan0 00000001#1C7C170000000000 R
(17.391000) vcan0 00000002#807C170000000000 R
(17.392000) vcan0 00000003#E47C170000000000 R
(17.393000) vcan0 00000004#487D170000000000 R
(17.394000) vcan0 00000005#AC7D170000000000 R
(17.395000) vcan0 00000006#107E170000000000 R
(17.396000) vcan0 00000001#747E170000000000 R
(17.397000) vcan0 00000002#D87E170000000000 R
(17.398000) vcan0 00000003#3C7F170000000000 R
(17.399000) vcan0 00000004#A07F170000000000 R
(17.400000) vcan0 00000005#0480170000000000 R
(17.401000) vcan0 00000006#6880170000000000 R
(17.402000) vcan0 00000001#CC80170000000000 R
(17.403000) vcan0 00000002#3081170000000000 R
(17.404000) vcan0 00000003#9481170000000000 R
(17.405000) vcan0 00000004#F881170000000000 R
(17.406000) vcan0 00000005#5C82170000000000 R
(17.407000) vcan0 00000006#C082170000000000 R
(17.408000) vcan0 00000001#2483170000000000 R
(17.409000) vcan0 00000002#8883170000000000 R
(17.410000) vcan0 00000003#EC83170000000000 R
(17.411000) vcan0 00000004#5084170000000000 R
(17.412000) vcan0 00000005#B484170000000000 R
(17.413000) vcan0 00000006#1885170000000000 R
(17.414000) vcan0 00000001#7C85170000000000 R
(17.415000) vcan0 00000002#E085170000000000 R
(17.416000) vcan0 00000003#4486170000000000 R
(17.417000) vcan0 00000004#A886170000000000 R
(17.418000) vcan0 00000005#0C87170000000000 R
(17.419000) vcan0 00000006#7087170000000000 R
(17.420000) vcan0 00000001#D487170000000000 R
(17.421000) vcan0 00000002#3888170000000000 R
(17.422000) vcan0 00000003#9C88170000000000 R
(17.423000) vcan0 00000004#0089170000000000 R
(17.424000) vcan0 00000005#6489170000000000 R
(17.425000) vcan0 00000006#C889170000000000 R
(17.426000) vcan0 00000001#2C8A170000000000 R
(17.427000) vcan0 00000002#908A170000000000 R
(17.428000) vcan0 00000003#F48A170000000000 R
(17.429000) vcan0 00000004#588B170000000000 R
(17.430000) vcan0 00000005#BC8B170000000000 R
(17.431000) vcan0 00000006#208C170000000000 R
(17.432000) vcan0 00000001#848C170000000000 R
(17.433000) vcan0 00000002#E88C170000000000 R
(17.434000) vcan0 00000003#4C8D170000000000 R
(17.435000) vcan0 00000004#B08D170000000000 R
(17.436000) vcan0 00000005#148E170000000000 R
(17.437000) vcan0 00000006#788E170000000000 R
(17.438000) vcan0 00000001#DC8E170000000000 R
(17.439000) vcan0 00000002#408F170000000000 R
(17.440000) vcan0 00000003#A48F170000000000 R
(17.441000) vcan0 00000004#0890170000000000 R
(17.442000) vcan0 00000005#6C90170000000000 R
(17.443000) vcan0 00000006#D090170000000000 R
(17.444000) vcan0 00000001#3491170000000000 R
(17.445000) vcan0 00000002#9891170000000000 R
(17.446000) vcan0 00000003#FC91170000000000 R
(17.447000) vcan0 00000004#6092170000000000 R
(17.448000) vcan0 00000005#C492170000000000 R
(17.449000) vcan0 00000006#2893170000000000 R
(17.450000) vcan0 00000001#8C93170000000000 R
(17.451000) vcan0 00000002#F093170000000000 R
(17.452000) vcan0 00000003#5494170000000000 R
(17.453000) vcan0 00000004#B894170000000000 R
(17.454000) vcan0 00000005#1C95170000000000 R
(17.455000) vcan0 00000006#8095170000000000 R
(17.456000) vcan0 00000001#E495170000000000 R
(17.457000) vcan0 00000002#4896170000000000 R
(17.458000) vcan0 00000003#AC96170000000000 R
(17.459000) vcan0 00000004#1097170000000000 R
(17.460000) vcan0 00000005#7497170000000000 R
(17.461000) vcan0 00000006#D897170000000000 R
(17.462000) vcan0 00000001#3C98170000000000 R
(17.463000) vcan0 00000002#A098170000000000 R
(17.464000) vcan0 00000003#0499170000000000 R
(17.465000) vcan0 00000004#6899170000000000 R
(17.466000) vcan0 00000005#CC99170000000000 R
(17.467000) vcan0 00000006#309A170000000000 R
(17.468000) vcan0 00000001#949A170000000000 R
(17.469000) vcan0 00000002#F89A170000000000 R
(17.470000) vcan0 00000003#5C9B170000000000 R
(17.471000) vcan0 00000004#C09B170000000000 R
(17.472000) vcan0 00000005#249C170000000000 R
(17.473000) vcan0 00000006#889C170000000000 R
(17.474000) vcan0 00000001#EC9C170000000000 R
(17.475000) vcan0 00000002#509D170000000000 R
(17.476000) vcan0 00000003#B49D170000000000 R
(17.477000) vcan0 00000004#189E170000000000 R
(17.478000) vcan0 00000005#7C9E170000000000 R
(17.479000) vcan0 00000006#E09E170000000000 R
(17.480000) vcan0 00000001#449F170000000000 R
(17.481000) vcan0 00000002#A89F170000000000 R
(17.482000) vcan0 00000003#0CA0170000000000 R
(17.483000) vcan0 00000004#70A0170000000000 R
(17.484000) vcan0 00000005#D4A0170000000000 R
(17.485000) vcan0 00000006#38A1170000000000 R
(17.486000) vcan0 00000001#9CA1170000000000 R
(17.487000) vcan0 00000002#00A2170000000000 R
(17.488000) vcan0 00000003#64A2170000000000 R
(17.489000) vcan0 00000004#C8A2170000000000 R
(17.490000) vcan0 00000005#2CA3170000000000 R
(17.491000) vcan0 00000006#90A3170000000000 R
(17.492000) vcan0 00000001#F4A3170000000000 R
(17.493000) vcan0 00000002#58A4170000000000 R
(17.494000) vcan0 00000003#BCA4170000000000 R
(17.495000) vcan0 00000004#20A5170000000000 R
(17.496000) vcan0 00000005#84A5170000000000 R
(17.497000) vcan0 00000006#E8A5170000000000 R
(17.498000) vcan0 00000001#4CA6170000000000 R
(17.499000) vcan0 00000002#B0A6170000000000 R
(17.500000) vcan0 00000003#14A7170000000000 R
(17.501000) vcan0 00000004#78A7170000000000 R
(17.502000) vcan0 00000005#DCA7170000000000 R
(17.503000) vcan0 00000006#40A8170000000000 R
(17.504000) vcan0 00000001#A4A8170000000000 R
(17.505000) vcan0 00000002#08A9170000000000 R
(17.506000) vcan0 00000003#6CA9170000000000 R
(17.507000) vcan0 00000004#D0A9170000000000 R
(17.508000) vcan0 00000005#34AA170000000000 R
(17.509000) vcan0 00000006#98AA170000000000 R
(17.510000) vcan0 00000001#FCAA170000000000 R
(17.511000) vcan0 00000002#60AB170000000000 R
(17.512000) vcan0 00000003#C4AB170000000000 R
(17.513000) vcan0 00000004#28AC170000000000 R
(17.514000) vcan0 00000005#8CAC170000000000 R
(17.515000) vcan0 00000006#F0AC170000000000 R
(17.516000) vcan0 00000001#54AD170000000000 R
(17.517000) vcan0 00000002#B8AD170000000000 R
(17.518000) vcan0 00000003#1CAE170000000000 R
(17.519000) vcan0 00000004#80AE170000000000 R
(17.520000) vcan0 00000005#E4AE170000000000 R
(17.521000) vcan0 00000006#48AF170000000000 R
(17.522000) vcan0 00000001#ACAF170000000000 R
(17.523000) vcan0 00000002#10B0170000000000 R
(17.524000) vcan0 00000003#74B0170000000000 R
(17.525000) vcan0 00000004#D8B0170000000000 R
(17.526000) vcan0 00000005#3CB1170000000000 R
(17.527000) vcan0 00000006#A0B1170000000000 R
(17.528000) vcan0 00000001#04B2170000000000 R
(17.529000) vcan0 00000002#68B2170000000000 R
(17.530000) vcan0 00000003#CCB2170000000000 R
(17.531000) vcan0 00000004#30B3170000000000 R
(17.532000) vcan0 00000005#94B3170000000000 R
(17.533000) vcan0 00000006#F8B3170000000000 R
(17.534000) vcan0 00000001#5CB4170000000000 R
(17.535000) vcan0 00000002#C0B4170000000000 R
(17.536000) vcan0 00000003#24B5170000000000 R
(17.537000) vcan0 00000004#88B5170000000000 R
(17.538000) vcan0 00000005#ECB5170000000000 R
(17.539000) vcan0 00000006#50B6170000000000 R
(17.540000) vcan0 00000001#B4B6170000000000 R
(17.541000) vcan0 00000002#18B7170000000000 R
(17.542000) vcan0 00000003#7CB7170000000000 R
(17.543000) vcan0 00000004#E0B7170000000000 R
(17.544000) vcan0 00000005#44B8170000000000 R
(17.545000) vcan0 00000006#A8B8170000000000 R
(17.546000) vcan0 00000001#0CB9170000000000 R
(17.547000) vcan0 00000002#70B9170000000000 R
(17.548000) vcan0 00000003#D4B9170000000000 R
(17.549000) vcan0 00000004#38BA170000000000 R
(17.550000) vcan0 00000005#9CBA170000000000 R
(17.551000) vcan0 00000006#00BB170000000000 R
(17.552000) vcan0 00000001#64BB170000000000 R
(17.553000) vcan0 00000002#C8BB170000000000 R
(17.554000) vcan0 00000003#2CBC170000000000 R
(17.555000) vcan0 00000004#90BC170000000000 R
(17.556000) vcan0 00000005#F4BC170000000000 R
(17.557000) vcan0 00000006#58BD170000000000 R
(17.558000) vcan0 00000001#BCBD170000000000 R
(17.559000) vcan0 00000002#20BE170000000000 R
(17.560000) vcan0 00000003#84BE170000000000 R
(17.561000) vcan0 00000004#E8BE170000000000 R
(17.562000) vcan0 00000005#4CBF170000000000 R
(17.563000) vcan0 00000006#B0BF170000000000 R
(17.564000) vcan0 00000001#14C0170000000000 R
(17.565000) vcan0 00000002#78C0170000000000 R
(17.566000) vcan0 00000003#DCC0170000000000 R
(17.567000) vcan0 00000004#40C1170000000000 R
(17.568000) vcan0 00000005#A4C1170000000000 R
(17.569000) vcan0 00000006#08C2170000000000 R
(17.570000) vcan0 00000001#6CC2170000000000 R
(17.571000) vcan0 00000002#D0C2170000000000 R
(17.572000) vcan0 00000003#34C3170000000000 R
(17.573000) vcan0 00000004#98C3170000000000 R
(17.574000) vcan0 00000005#FCC3170000000000 R
(17.575000) vcan0 00000006#60C4170000000000 R
(17.576000) vcan0 00000001#C4C4170000000000 R
(17.577000) vcan0 00000002#28C5170000000000 R
(17.578000) vcan0 00000003#8CC5170000000000 R
(17.579000) vcan0 00000004#F0C5170000000000 R
(17.580000) vcan0 00000005#54C6170000000000 R
(17.581000) vcan0 00000006#B8C6170000000000 R
(17.582000) vcan0 00000001#1CC7170000000000 R
(17.583000) vcan0 00000002#80C7170000000000 R
(17.584000) vcan0 00000003#E4C7170000000000 R
(17.585000) vcan0 00000004#48C8170000000000 R
(17.586000) vcan0 00000005#ACC8170000000000 R
(17.587000) vcan0 00000006#10C9170000000000 R
(17.588000) vcan0 00000001#74C9170000000000 R
(17.589000) vcan0 00000002#D8C9170000000000 R
(17.590000) vcan0 00000003#3CCA170000000000 R
(17.591000) vcan0 00000004#A0CA170000000000 R
(17.592000) vcan0 00000005#04CB170000000000 R
(17.593000) vcan0 00000006#68CB170000000000 R
(17.594000) vcan0 00000001#CCCB170000000000 R
(17.595000) vcan0 00000002#30CC170000000000 R
(17.596000) vcan0 00000003#94CC170000000000 R
(17.597000) vcan0 00000004#F8CC170000000000 R
(17.598000) vcan0 00000005#5CCD170000000000 R
(17.599000) vcan0 00000006#C0CD170000000000 R
(17.600000) vcan0 00000001#24CE170000000000 R
(17.601000) vcan0 00000002#88CE170000000000 R
(17.602000) vcan0 00000003#ECCE170000000000 R
(17.603000) vcan0 00000004#50CF170000000000 R
(17.604000) vcan0 00000005#B4CF170000000000 R
(17.605000) vcan0 00000006#18D0170000000000 R
(17.606000) vcan0 00000001#7CD0170000000000 R
(17.607000) vcan0 00000002#E0D0170000000000 R
(17.608000) vcan0 00000003#44D1170000000000 R
(17.609000) vcan0 00000004#A8D1170000000000 R
(17.610000) vcan0 00000005#0CD2170000000000 R
(17.611000) vcan0 00000006#70D2170000000000 R
(17.612000) vcan0 00000001#D4D2170000000000 R
(17.613000) vcan0 00000002#38D3170000000000 R
(17.614000) vcan0 00000003#9CD3170000000000 R
(17.615000) vcan0 00000004#00D4170000000000 R
(17.616000) vcan0 00000005#64D4170000000000 R
(17.617000) vcan0 00000006#C8D4170000000000 R
(17.618000) vcan0 00000001#2CD5170000000000 R
(17.619000) vcan0 00000002#90D5170000000000 R
(17.620000) vcan0 00000003#F4D5170000000000 R
(17.621000) vcan0 00000004#58D6170000000000 R
(17.622000) vcan0 00000005#BCD6170000000000 R
(17.623000) vcan0 00000006#20D7170000000000 R
(17.624000) vcan0 00000001#84D7170000000000 R
(17.625000) vcan0 00000002#E8D7170000000000 R
(17.626000) vcan0 00000003#4CD8170000000000 R
(17.627000) vcan0 00000004#B0D8170000000000 R
(17.628000) vcan0 00000005#14D9170000000000 R
(17.629000) vcan0 00000006#78D9170000000000 R
(17.630000) vcan0 00000001#DCD9170000000000 R
(17.631000) vcan0 00000002#40DA170000000000 R
(17.632000) vcan0 00000003#A4DA170000000000 R
(17.633000) vcan0 00000004#08DB170000000000 R
(17.634000) vcan0 00000005#6CDB170000000000 R
(17.635000) vcan0 00000006#D0DB170000000000 R
(17.636000) vcan0 00000001#34DC170000000000 R
(17.637000) vcan0 00000002#98DC170000000000 R
(17.638000) vcan0 00000003#FCDC170000000000 R
(17.639000) vcan0 00000004#60DD170000000000 R
(17.640000) vcan0 00000005#C4DD170000000000 R
(17.641000) vcan0 00000006#28DE170000000000 R
(17.642000) vcan0 00000001#8CDE170000000000 R
(17.643000) vcan0 00000002#F0DE170000000000 R
(17.644000) vcan0 00000003#54DF170000000000 R
(17.645000) vcan0 00000004#B8DF170000000000 R
(17.646000) vcan0 00000005#1CE0170000000000 R
(17.647000) vcan0 00000006#80E0170000000000 R
(17.648000) vcan0 00000001#E4E0170000000000 R
(17.649000) vcan0 00000002#48E1170000000000 R
(17.650000) vcan0 00000003#ACE1170000000000 R
(17.651000) vcan0 00000004#10E2170000000000 R
(17.652000) vcan0 00000005#74E2170000000000 R
(17.653000) vcan0 00000006#D8E2170000000000 R
(17.654000) vcan0 00000001#3CE3170000000000 R
(17.655000) vcan0 00000002#A0E3170000000000 R
(17.656000) vcan0 00000003#04E4170000000000 R
(17.657000) vcan0 00000004#68E4170000000000 R
(17.658000) vcan0 00000005#CCE4170000000000 R
(17.659000) vcan0 00000006#30E5170000000000 R
(17.660000) vcan0 00000001#94E5170000000000 R
(17.661000) vcan0 00000002#F8E5170000000000 R
(17.662000) vcan0 00000003#5CE6170000000000 R
(17.663000) vcan0 00000004#C0E6170000000000 R
(17.664000) vcan0 00000005#24E7170000000000 R
(17.665000) vcan0 00000006#88E7170000000000 R
(17.666000) vcan0 00000001#ECE7170000000000 R
(17.667000) vcan0 00000002#50E8170000000000 R
(17.668000) vcan0 00000003#B4E8170000000000 R
(17.669000) vcan0 00000004#18E9170000000000 R
(17.670000) vcan0 00000005#7CE9170000000000 R
(17.671000) vcan0 00000006#E0E9170000000000 R
(17.672000) vcan0 00000001#44EA170000000000 R
(17.673000) vcan0 00000002#A8EA170000000000 R
(17.674000) vcan0 00000003#0CEB170000000000 R
(17.675000) vcan0 00000004#70EB170000000000 R
(17.676000) vcan0 00000005#D4EB170000000000 R
(17.677000) vcan0 00000006#38EC170000000000 R
(17.678000) vcan0 00000001#9CEC170000000000 R
(17.679000) vcan0 00000002#00ED170000000000 R
(17.680000) vcan0 00000003#64ED170000000000 R
(17.681000) vcan0 00000004#C8ED170000000000 R
(17.682000) vcan0 00000005#2CEE170000000000 R
(17.683000) vcan0 00000006#90EE170000000000 R
(17.684000) vcan0 00000001#F4EE170000000000 R
(17.685000) vcan0 00000002#58EF170000000000 R
(17.686000) vcan0 00000003#BCEF170000000000 R
(17.687000) vcan0 00000004#20F0170000000000 R
(17.688000) vcan0 00000005#84F0170000000000 R
(17.689000) vcan0 00000006#E8F0170000000000 R
(17.690000) vcan0 00000001#4CF1170000000000 R
(17.691000) vcan0 00000002#B0F1170000000000 R
(17.692000) vcan0 00000003#14F2170000000000 R
(17.693000) vcan0 00000004#78F2170000000000 R
(17.694000) vcan0 00000005#DCF2170000000000 R
(17.695000) vcan0 00000006#40F3170000000000 R
(17.696000) vcan0 00000001#A4F3170000000000 R
(17.697000) vcan0 00000002#08F4170000000000 R
(17.698000) vcan0 00000003#6CF4170000000000 R
(17.699000) vcan0 00000004#D0F4170000000000 R
(17.700000) vcan0 00000005#34F5170000000000 R
(17.701000) vcan0 00000006#98F5170000000000 R
(17.702000) vcan0 00000001#FCF5170000000000 R
(17.703000) vcan0 00000002#60F6170000000000 R
(17.704000) vcan0 00000003#C4F6170000000000 R
(17.705000) vcan0 00000004#28F7170000000000 R
(17.706000) vcan0 00000005#8CF7170000000000 R
(17.707000) vcan0 00000006#F0F7170000000000 R
(17.708000) vcan0 00000001#54F8170000000000 R
(17.709000) vcan0 00000002#B8F8170000000000 R
(17.710000) vcan0 00000003#1CF9170000000000 R
(17.711000) vcan0 00000004#80F9170000000000 R
(17.712000) vcan0 00000005#E4F9170000000000 R
(17.713000) vcan0 00000006#48FA170000000000 R
(17.714000) vcan0 00000001#ACFA170000000000 R
(17.715000) vcan0 00000002#10FB170000000000 R
(17.716000) vcan0 00000003#74FB170000000000 R
(17.717000) vcan0 00000004#D8FB170000000000 R
(17.718000) vcan0 00000005#3CFC170000000000 R
(17.719000) vcan0 00000006#A0FC170000000000 R
(17.720000) vcan0 00000001#04FD170000000000 R
(17.721000) vcan0 00000002#68FD170000000000 R
(17.722000) vcan0 00000003#CCFD170000000000 R
(17.723000) vcan0 00000004#30FE170000000000 R
(17.724000) vcan0 00000005#94FE170000000000 R
(17.725000) vcan0 00000006#F8FE170000000000 R
(17.726000) vcan0 00000001#5CFF170000000000 R
(17.727000) vcan0 00000002#C0FF170000000000 R
(17.728000) vcan0 00000003#2400180000000000 R
(17.729000) vcan0 00000004#8800180000000000 R
(17.730000) vcan0 00000005#EC00180000000000 R
(17.731000) vcan0 00000006#5001180000000000 R
(17.732000) vcan0 00000001#B401180000000000 R
(17.733000) vcan0 00000002#1802180000000000 R
(17.734000) vcan0 00000003#7C02180000000000 R
(17.735000) vcan0 00000004#E002180000000000 R
(17.736000) vcan0 00000005#4403180000000000 R
(17.737000) vcan0 00000006#A803180000000000 R
(17.738000) vcan0 00000001#0C04180000000000 R
(17.739000) vcan0 00000002#7004180000000000 R
(17.740000) vcan0 00000003#D404180000000000 R
(17.741000) vcan0 00000004#3805180000000000 R
(17.742000) vcan0 00000005#9C05180000000000 R
(17.743000) vcan0 00000006#0006180000000000 R
(17.744000) vcan0 00000001#6406180000000000 R
(17.745000) vcan0 00000002#C806180000000000 R
(17.746000) vcan0 00000003#2C07180000000000 R
(17.747000) vcan0 00000004#9007180000000000 R
(17.748000) vcan0 00000005#F407180000000000 R
(17.749000) vcan0 00000006#5808180000000000 R
(17.750000) vcan0 00000001#BC08180000000000 R
(17.751000) vcan0 00000002#2009180000000000 R
(17.752000) vcan0 00000003#8409180000000000 R
(17.753000) vcan0 00000004#E809180000000000 R
(17.754000) vcan0 00000005#4C0A180000000000 R
(17.755000) vcan0 00000006#B00A180000000000 R
(17.756000) vcan0 00000001#140B180000000000 R
(17.757000) vcan0 00000002#780B180000000000 R
(17.758000) vcan0 00000003#DC0B180000000000 R
(17.759000) vcan0 00000004#400C180000000000 R
(17.760000) vcan0 00000005#A40C180000000000 R
(17.761000) vcan0 00000006#080D180000000000 R
(17.762000) vcan0 00000001#6C0D180000000000 R
(17.763000) vcan0 00000002#D00D180000000000 R
(17.764000) vcan0 00000003#340E180000000000 R
(17.765000) vcan0 00000004#980E180000000000 R
(17.766000) vcan0 00000005#FC0E180000000000 R
(17.767000) vcan0 00000006#600F180000000000 R
(17.768000) vcan0 00000001#C40F180000000000 R
(17.769000) vcan0 00000002#2810180000000000 R
(17.770000) vcan0 00000003#8C10180000000000 R
(17.771000) vcan0 00000004#F010180000000000 R
(17.772000) vcan0 00000005#5411180000000000 R
(17.773000) vcan0 00000006#B811180000000000 R
(17.774000) vcan0 00000001#1C12180000000000 R
(17.775000) vcan0 00000002#8012180000000000 R
(17.776000) vcan0 00000003#E412180000000000 R
(17.777000) vcan0 00000004#4813180000000000 R
(17.778000) vcan0 00000005#AC13180000000000 R
(17.779000) vcan0 00000006#1014180000000000 R
(17.780000) vcan0 00000001#7414180000000000 R
(17.781000) vcan0 00000002#D814180000000000 R
(17.782000) vcan0 00000003#3C15180000000000 R
(17.783000) vcan0 00000004#A015180000000000 R
(17.784000) vcan0 00000005#0416180000000000 R
(17.785000) vcan0 00000006#6816180000000000 R
(17.786000) vcan0 00000001#CC16180000000000 R
(17.787000) vcan0 00000002#3017180000000000 R
(17.788000) vcan0 00000003#9417180000000000 R
(17.789000) vcan0 00000004#F817180000000000 R
(17.790000) vcan0 00000005#5C18180000000000 R
(17.791000) vcan0 00000006#C018180000000000 R
(17.792000) vcan0 00000001#2419180000000000 R
(17.793000) vcan0 00000002#8819180000000000 R
(17.794000) vcan0 00000003#EC19180000000000 R
(17.795000) vcan0 00000004#501A180000000000 R
(17.796000) vcan0 00000005#B41A180000000000 R
(17.797000) vcan0 00000006#181B180000000000 R
(17.798000) vcan0 00000001#7C1B180000000000 R
(17.799000) vcan0 00000002#E01B180000000000 R
(17.800000) vcan0 00000003#441C180000000000 R
(17.801000) vcan0 00000004#A81C180000000000 R
(17.802000) vcan0 00000005#0C1D180000000000 R
(17.803000) vcan0 00000006#701D180000000000 R
(17.804000) vcan0 00000001#D41D180000000000 R
(17.805000) vcan0 00000002#381E180000000000 R
(17.806000) vcan0 00000003#9C1E180000000000 R
(17.807000) vcan0 00000004#001F180000000000 R
(17.808000) vcan0 00000005#641F180000000000 R
(17.809000) vcan0 00000006#C81F180000000000 R
(17.810000) vcan0 00000001#2C20180000000000 R
(17.811000) vcan0 00000002#9020180000000000 R
(17.812000) vcan0 00000003#F420180000000000 R
(17.813000) vcan0 00000004#5821180000000000 R
(17.814000) vcan0 00000005#BC21180000000000 R
(17.815000) vcan0 00000006#2022180000000000 R
(17.816000) vcan0 00000001#8422180000000000 R
(17.817000) vcan0 00000002#E822180000000000 R
(17.818000) vcan0 00000003#4C23180000000000 R
(17.819000) vcan0 00000004#B023180000000000 R
(17.820000) vcan0 00000005#1424180000000000 R
(17.821000) vcan0 00000006#7824180000000000 R
(17.822000) vcan0 00000001#DC24180000000000 R
(17.823000) vcan0 00000002#4025180000000000 R
(17.824000) vcan0 00000003#A425180000000000 R
(17.825000) vcan0 00000004#0826180000000000 R
(17.826000) vcan0 00000005#6C26180000000000 R
(17.827000) vcan0 00000006#D026180000000000 R
(17.828000) vcan0 00000001#3427180000000000 R
(17.829000) vcan0 00000002#9827180000000000 R
(17.830000) vcan0 00000003#FC27180000000000 R
(17.831000) vcan0 00000004#6028180000000000 R
(17.832000) vcan0 00000005#C428180000000000 R
(17.833000) vcan0 00000006#2829180000000000 R
(17.834000) vcan0 00000001#8C29180000000000 R
(17.835000) vcan0 00000002#F029180000000000 R
(17.836000) vcan0 00000003#542A180000000000 R
(17.837000) vcan0 00000004#B82A180000000000 R
(17.838000) vcan0 00000005#1C2B180000000000 R
(17.839000) vcan0 00000006#802B180000000000 R
(17.840000) vcan0 00000001#E42B180000000000 R
(17.841000) vcan0 00000002#482C180000000000 R
(17.842000) vcan0 00000003#AC2C180000000000 R
(17.843000) vcan0 00000004#102D180000000000 R
(17.844000) vcan0 00000005#742D180000000000 R
(17.845000) vcan0 00000006#D82D180000000000 R
(17.846000) vcan0 00000001#3C2E180000000000 R
(17.847000) vcan0 00000002#A02E180000000000 R
(17.848000) vcan0 00000003#042F180000000000 R
(17.849000) vcan0 00000004#682F180000000000 R
(17.850000) vcan0 00000005#CC2F180000000000 R
(17.851000) vcan0 00000006#3030180000000000 R
(17.852000) vcan0 00000001#9430180000000000 R
(17.853000) vcan0 00000002#F830180000000000 R
(17.854000) vcan0 00000003#5C31180000000000 R
(17.855000) vcan0 00000004#C031180000000000 R
(17.856000) vcan0 00000005#2432180000000000 R
(17.857000) vcan0 00000006#8832180000000000 R
(17.858000) vcan0 00000001#EC32180000000000 R
(17.859000) vcan0 00000002#5033180000000000 R
(17.860000) vcan0 00000003#B433180000000000 R
(17.861000) vcan0 00000004#1834180000000000 R
(17.862000) vcan0 00000005#7C34180000000000 R
(17.863000) vcan0 00000006#E034180000000000 R
(17.864000) vcan0 00000001#4435180000000000 R
(17.865000) vcan0 00000002#A835180000000000 R
(17.866000) vcan0 00000003#0C36180000000000 R
(17.867000) vcan0 00000004#7036180000000000 R
(17.868000) vcan0 00000005#D436180000000000 R
(17.869000) vcan0 00000006#3837180000000000 R
(17.870000) vcan0 00000001#9C37180000000000 R
(17.871000) vcan0 00000002#0038180000000000 R
(17.872000) vcan0 00000003#6438180000000000 R
(17.873000) vcan0 00000004#C838180000000000 R
(17.874000) vcan0 00000005#2C39180000000000 R
(17.875000) vcan0 00000006#9039180000000000 R
(17.876000) vcan0 00000001#F439180000000000 R
(17.877000) vcan0 00000002#583A180000000000 R
(17.878000) vcan0 00000003#BC3A180000000000 R
(17.879000) vcan0 00000004#203B180000000000 R
(17.880000) vcan0 00000005#843B180000000000 R
(17.881000) vcan0 00000006#E83B180000000000 R
(17.882000) vcan0 00000001#4C3C180000000000 R
(17.883000) vcan0 00000002#B03C180000000000 R
(17.884000) vcan0 00000003#143D180000000000 R
(17.885000) vcan0 00000004#783D180000000000 R
(17.886000) vcan0 00000005#DC3D180000000000 R
(17.887000) vcan0 00000006#403E180000000000 R
(17.888000) vcan0 00000001#A43E180000000000 R
(17.889000) vcan0 00000002#083F180000000000 R
(17.890000) vcan0 00000003#6C3F180000000000 R
(17.891000) vcan0 00000004#D03F180000000000 R
(17.892000) vcan0 00000005#3440180000000000 R
(17.893000) vcan0 00000006#9840180000000000 R
(17.894000) vcan0 00000001#FC40180000000000 R
(17.895000) vcan0 00000002#6041180000000000 R
(17.896000) vcan0 00000003#C441180000000000 R
(17.897000) vcan0 00000004#2842180000000000 R
(17.898000) vcan0 00000005#8C42180000000000 R
(17.899000) vcan0 00000006#F042180000000000 R
(17.900000) vcan0 00000001#5443180000000000 R
(17.901000) vcan0 00000002#B843180000000000 R
(17.902000) vcan0 00000003#1C44180000000000 R
(17.903000) vcan0 00000004#8044180000000000 R
(17.904000) vcan0 00000005#E444180000000000 R
(17.905000) vcan0 00000006#4845180000000000 R
(17.906000) vcan0 00000001#AC45180000000000 R
(17.907000) vcan0 00000002#1046180000000000 R
(17.908000) vcan0 00000003#7446180000000000 R
(17.909000) vcan0 00000004#D846180000000000 R
(17.910000) vcan0 00000005#3C47180000000000 R
(17.911000) vcan0 00000006#A047180000000000 R
(17.912000) vcan0 00000001#0448180000000000 R
(17.913000) vcan0 00000002#6848180000000000 R
(17.914000) vcan0 00000003#CC48180000000000 R
(17.915000) vcan0 00000004#3049180000000000 R
(17.916000) vcan0 00000005#9449180000000000 R
(17.917000) vcan0 00000006#F849180000000000 R
(17.918000) vcan0 00000001#5C4A180000000000 R
(17.919000) vcan0 00000002#C04A180000000000 R
(17.920000) vcan0 00000003#244B180000000000 R
(17.921000) vcan0 00000004#884B180000000000 R
(17.922000) vcan0 00000005#EC4B180000000000 R
(17.923000) vcan0 00000006#504C180000000000 R
(17.924000) vcan0 00000001#B44C180000000000 R
(17.925000) vcan0 00000002#184D180000000000 R
(17.926000) vcan0 00000003#7C4D180000000000 R
(17.927000) vcan0 00000004#E04D180000000000 R
(17.928000) vcan0 00000005#444E180000000000 R
(17.929000) vcan0 00000006#A84E180000000000 R
(17.930000) vcan0 00000001#0C4F180000000000 R
(17.931000) vcan0 00000002#704F180000000000 R
(17.932000) vcan0 00000003#D44F180000000000 R
(17.933000) vcan0 00000004#3850180000000000 R
(17.934000) vcan0 00000005#9C50180000000000 R
(17.935000) vcan0 00000006#0051180000000000 R
(17.936000) vcan0 00000001#6451180000000000 R
(17.937000) vcan0 00000002#C851180000000000 R
(17.938000) vcan0 00000003#2C52180000000000 R
(17.939000) vcan0 00000004#9052180000000000 R
(17.940000) vcan0 00000005#F452180000000000 R
(17.941000) vcan0 00000006#5853180000000000 R
(17.942000) vcan0 00000001#BC53180000000000 R
(17.943000) vcan0 00000002#2054180000000000 R
(17.944000) vcan0 00000003#8454180000000000 R
(17.945000) vcan0 00000004#E854180000000000 R
(17.946000) vcan0 00000005#4C55180000000000 R
(17.947000) vcan0 00000006#B055180000000000 R
(17.948000) vcan0 00000001#1456180000000000 R
(17.949000) vcan0 00000002#7856180000000000 R
(17.950000) vcan0 00000003#DC56180000000000 R
(17.951000) vcan0 00000004#4057180000000000 R
(17.952000) vcan0 00000005#A457180000000000 R
(17.953000) vcan0 00000006#0858180000000000 R
(17.954000) vcan0 00000001#6C58180000000000 R
(17.955000) vcan0 00000002#D058180000000000 R
(17.956000) vcan0 00000003#3459180000000000 R
(17.957000) vcan0 00000004#9859180000000000 R
(17.958000) vcan0 00000005#FC59180000000000 R
(17.959000) vcan0 00000006#605A180000000000 R
(17.960000) vcan0 00000001#C45A180000000000 R
(17.961000) vcan0 00000002#285B180000000000 R
(17.962000) vcan0 00000003#8C5B180000000000 R
(17.963000) vcan0 00000004#F05B180000000000 R
(17.964000) vcan0 00000005#545C180000000000 R
(17.965000) vcan0 00000006#B85C180000000000 R
(17.966000) vcan0 00000001#1C5D180000000000 R
(17.967000) vcan0 00000002#805D180000000000 R
(17.968000) vcan0 00000003#E45D180000000000 R
(17.969000) vcan0 00000004#485E180000000000 R
(17.970000) vcan0 00000005#AC5E180000000000 R
(17.971000) vcan0 00000006#105F180000000000 R
(17.972000) vcan0 00000001#745F180000000000 R
(17.973000) vcan0 00000002#D85F180000000000 R
(17.974000) vcan0 00000003#3C60180000000000 R
(17.975000) vcan0 00000004#A060180000000000 R
(17.976000) vcan0 00000005#0461180000000000 R
(17.977000) vcan0 00000006#6861180000000000 R
(17.978000) vcan0 00000001#CC61180000000000 R
(17.979000) vcan0 00000002#3062180000000000 R
(17.980000) vcan0 00000003#9462180000000000 R
(17.981000) vcan0 00000004#F862180000000000 R
(17.982000) vcan0 00000005#5C63180000000000 R
(17.983000) vcan0 00000006#C063180000000000 R
(17.984000) vcan0 00000001#2464180000000000 R
(17.985000) vcan0 00000002#8864180000000000 R
(17.986000) vcan0 00000003#EC64180000000000 R
(17.987000) vcan0 00000004#5065180000000000 R
(17.988000) vcan0 00000005#B465180000000000 R
(17.989000) vcan0 00000006#1866180000000000 R
(17.990000) vcan0 00000001#7C66180000000000 R
(17.991000) vcan0 00000002#E066180000000000 R
(17.992000) vcan0 00000003#4467180000000000 R
(17.993000) vcan0 00000004#A867180000000000 R
(17.994000) vcan0 00000005#0C68180000000000 R
(17.995000) vcan0 00000006#7068180000000000 R
(17.996000) vcan0 00000001#D468180000000000 R
(17.997000) vcan0 00000002#3869180000000000 R
(17.998000) vcan0 00000003#9C69180000000000 R
(17.999000) vcan0 00000004#006A180000000000 R
(18.000000) vcan0 00000005#646A180000000000 R
(18.001000) vcan0 00000006#C86A180000000000 R
(18.002000) vcan0 00000001#2C6B180000000000 R
(18.003000) vcan0 00000002#906B180000000000 R
(18.004000) vcan0 00000003#F46B180000000000 R
(18.005000) vcan0 00000004#586C180000000000 R
(18.006000) vcan0 00000005#BC6C180000000000 R
(18.007000) vcan0 00000006#206D180000000000 R
(18.008000) vcan0 00000001#846D180000000000 R
(18.009000) vcan0 00000002#E86D180000000000 R
(18.010000) vcan0 00000003#4C6E180000000000 R
(18.011000) vcan0 00000004#B06E180000000000 R
(18.012000) vcan0 00000005#146F180000000000 R
(18.013000) vcan0 00000006#786F180000000000 R
(18.014000) vcan0 00000001#DC6F180000000000 R
