(41.100000) vcan0 00000005#D4A93B0000000000 R
(41.101000) vcan0 00000006#38AA3B0000000000 R
(41.102000) vcan0 00000001#9CAA3B0000000000 R
(41.103000) vcan0 00000002#00AB3B0000000000 R
(41.104000) vcan0 00000003#64AB3B0000000000 R
(41.105000) vcan0 00000004#C8AB3B0000000000 R
(41.106000) vcan0 00000005#2CAC3B0000000000 R
(41.107000) vcan0 00000006#90AC3B0000000000 R
(41.108000) vcan0 00000001#F4AC3B0000000000 R
(41.109000) vcan0 00000002#58AD3B0000000000 R
(41.110000) vcan0 00000003#BCAD3B0000000000 R
(41.111000) vcan0 00000004#20AE3B0000000000 R
(41.112000) vcan0 00000005#84AE3B0000000000 R
(41.113000) vcan0 00000006#E8AE3B0000000000 R
(41.114000) vcan0 00000001#4CAF3B0000000000 R
(41.115000) vcan0 00000002#B0AF3B0000000000 R
(41.116000) vcan0 00000003#14B03B0000000000 R
(41.117000) vcan0 00000004#78B03B0000000000 R
(41.118000) vcan0 00000005#DCB03B0000000000 R
(41.119000) vcan0 00000006#40B13B0000000000 R
(41.120000) vcan0 00000001#A4B13B0000000000 R
(41.121000) vcan0 00000002#08B23B0000000000 R
(41.122000) vcan0 00000003#6CB23B0000000000 R
(41.123000) vcan0 00000004#D0B23B0000000000 R
(41.124000) vcan0 00000005#34B33B0000000000 R
(41.125000) vcan0 00000006#98B33B0000000000 R
(41.126000) vcan0 00000001#FCB33B0000000000 R
(41.127000) vcan0 00000002#60B43B0000000000 R
(41.128000) vcan0 00000003#C4B43B0000000000 R
(41.129000) vcan0 00000004#28B53B0000000000 R
(41.130000) vcan0 00000005#8CB53B0000000000 R
(41.131000) vcan0 00000006#F0B53B0000000000 R
(41.132000) vcan0 00000001#54B63B0000000000 R
(41.133000) vcan0 00000002#B8B63B0000000000 R
(41.134000) vcan0 00000003#1CB73B0000000000 R
(41.135000) vcan0 00000004#80B73B0000000000 R
(41.136000) vcan0 00000005#E4B73B0000000000 R
(41.137000) vcan0 00000006#48B83B0000000000 R
(41.138000) vcan0 00000001#ACB83B0000000000 R
(41.139000) vcan0 00000002#10B93B0000000000 R
(41.140000) vcan0 00000003#74B93B0000000000 R
(41.141000) vcan0 00000004#D8B93B0000000000 R
(41.142000) vcan0 00000005#3CBA3B0000000000 R
(41.143000) vcan0 00000006#A0BA3B0000000000 R
(41.144000) vcan0 00000001#04BB3B0000000000 R
(41.145000) vcan0 00000002#68BB3B0000000000 R
(41.146000) vcan0 00000003#CCBB3B0000000000 R
(41.147000) vcan0 00000004#30BC3B0000000000 R
(41.148000) vcan0 00000005#94BC3B0000000000 R
(41.149000) vcan0 00000006#F8BC3B0000000000 R
(41.150000) vcan0 00000001#5CBD3B0000000000 R
(41.151000) vcan0 00000002#C0BD3B0000000000 R
(41.152000) vcan0 00000003#24BE3B0000000000 R
(41.153000) vcan0 00000004#88BE3B0000000000 R
(41.154000) vcan0 00000005#ECBE3B0000000000 R
(41.155000) vcan0 00000006#50BF3B0000000000 R
(41.156000) vcan0 00000001#B4BF3B0000000000 R
(41.157000) vcan0 00000002#18C03B0000000000 R
(41.158000) vcan0 00000003#7CC03B0000000000 R
(41.159000) vcan0 00000004#E0C03B0000000000 R
(41.160000) vcan0 00000005#44C13B0000000000 R
(41.161000) vcan0 00000006#A8C13B0000000000 R
(41.162000) vcan0 00000001#0CC23B0000000000 R
(41.163000) vcan0 00000002#70C23B0000000000 R
(41.164000) vcan0 00000003#D4C23B0000000000 R
(41.165000) vcan0 00000004#38C33B0000000000 R
(41.166000) vcan0 00000005#9CC33B0000000000 R
(41.167000) vcan0 00000006#00C43B0000000000 R
(41.168000) vcan0 00000001#64C43B0000000000 R
(41.169000) vcan0 00000002#C8C43B0000000000 R
(41.170000) vcan0 00000003#2CC53B0000000000 R
(41.171000) vcan0 00000004#90C53B0000000000 R
(41.172000) vcan0 00000005#F4C53B0000000000 R
(41.173000) vcan0 00000006#58C63B0000000000 R
(41.174000) vcan0 00000001#BCC63B0000000000 R
(41.175000) vcan0 00000002#20C73B0000000000 R
(41.176000) vcan0 00000003#84C73B0000000000 R
(41.177000) vcan0 00000004#E8C73B0000000000 R
(41.178000) vcan0 00000005#4CC83B0000000000 R
(41.179000) vcan0 00000006#B0C83B0000000000 R
(41.180000) vcan0 00000001#14C93B0000000000 R
(41.181000) vcan0 00000002#78C93B0000000000 R
(41.182000) vcan0 00000003#DCC93B0000000000 R
(41.183000) vcan0 00000004#40CA3B0000000000 R
(41.184000) vcan0 00000005#A4CA3B0000000000 R
(41.185000) vcan0 00000006#08CB3B0000000000 R
(41.186000) vcan0 00000001#6CCB3B0000000000 R
(41.187000) vcan0 00000002#D0CB3B0000000000 R
(41.188000) vcan0 00000003#34CC3B0000000000 R
(41.189000) vcan0 00000004#98CC3B0000000000 R
(41.190000) vcan0 00000005#FCCC3B0000000000 R
(41.191000) vcan0 00000006#60CD3B0000000000 R
(41.192000) vcan0 00000001#C4CD3B0000000000 R
(41.193000) vcan0 00000002#28CE3B0000000000 R
(41.194000) vcan0 00000003#8CCE3B0000000000 R
(41.195000) vcan0 00000004#F0CE3B0000000000 R
(41.196000) vcan0 00000005#54CF3B0000000000 R
(41.197000) vcan0 00000006#B8CF3B0000000000 R
(41.198000) vcan0 00000001#1CD03B0000000000 R
(41.199000) vcan0 00000002#80D03B0000000000 R
(41.200000) vcan0 00000003#E4D03B0000000000 R
(41.201000) vcan0 00000004#48D13B0000000000 R
(41.202000) vcan0 00000005#ACD13B0000000000 R
(41.203000) vcan0 00000006#10D23B0000000000 R
(41.204000) vcan0 00000001#74D23B0000000000 R
(41.205000) vcan0 00000002#D8D23B0000000000 R
(41.206000) vcan0 00000003#3CD33B0000000000 R
(41.207000) vcan0 00000004#A0D33B0000000000 R
(41.208000) vcan0 00000005#04D43B0000000000 R
(41.209000) vcan0 00000006#68D43B0000000000 R
(41.210000) vcan0 00000001#CCD43B0000000000 R
(41.211000) vcan0 00000002#30D53B0000000000 R
(41.212000) vcan0 00000003#94D53B0000000000 R
(41.213000) vcan0 00000004#F8D53B0000000000 R
(41.214000) vcan0 00000005#5CD63B0000000000 R
(41.215000) vcan0 00000006#C0D63B0000000000 R
(41.216000) vcan0 00000001#24D73B0000000000 R
(41.217000) vcan0 00000002#88D73B0000000000 R
(41.218000) vcan0 00000003#ECD73B0000000000 R
(41.219000) vcan0 00000004#50D83B0000000000 R
(41.220000) vcan0 00000005#B4D83B0000000000 R
(41.221000) vcan0 00000006#18D93B0000000000 R
(41.222000) vcan0 00000001#7CD93B0000000000 R
(41.223000) vcan0 00000002#E0D93B0000000000 R
(41.224000) vcan0 00000003#44DA3B0000000000 R
(41.225000) vcan0 00000004#A8DA3B0000000000 R
(41.226000) vcan0 00000005#0CDB3B0000000000 R
(41.227000) vcan0 00000006#70DB3B0000000000 R
(41.228000) vcan0 00000001#D4DB3B0000000000 R
(41.229000) vcan0 00000002#38DC3B0000000000 R
(41.230000) vcan0 00000003#9CDC3B0000000000 R
(41.231000) vcan0 00000004#00DD3B0000000000 R
(41.232000) vcan0 00000005#64DD3B0000000000 R
(41.233000) vcan0 00000006#C8DD3B0000000000 R
(41.234000) vcan0 00000001#2CDE3B0000000000 R
(41.235000) vcan0 00000002#90DE3B0000000000 R
(41.236000) vcan0 00000003#F4DE3B0000000000 R
(41.237000) vcan0 00000004#58DF3B0000000000 R
(41.238000) vcan0 00000005#BCDF3B0000000000 R
(41.239000) vcan0 00000006#20E03B0000000000 R
(41.240000) vcan0 00000001#84E03B0000000000 R
(41.241000) vcan0 00000002#E8E03B0000000000 R
(41.242000) vcan0 00000003#4CE13B0000000000 R
(41.243000) vcan0 00000004#B0E13B0000000000 R
(41.244000) vcan0 00000005#14E23B0000000000 R
(41.245000) vcan0 00000006#78E23B0000000000 R
(41.246000) vcan0 00000001#DCE23B0000000000 R
(41.247000) vcan0 00000002#40E33B0000000000 R
(41.248000) vcan0 00000003#A4E33B0000000000 R
(41.249000) vcan0 00000004#08E43B0000000000 R
(41.250000) vcan0 00000005#6CE43B0000000000 R
(41.251000) vcan0 00000006#D0E43B0000000000 R
(41.252000) vcan0 00000001#34E53B0000000000 R
(41.253000) vcan0 00000002#98E53B0000000000 R
(41.254000) vcan0 00000003#FCE53B0000000000 R
(41.255000) vcan0 00000004#60E63B0000000000 R
(41.256000) vcan0 00000005#C4E63B0000000000 R
(41.257000) vcan0 00000006#28E73B0000000000 R
(41.258000) vcan0 00000001#8CE73B0000000000 R
(41.259000) vcan0 00000002#F0E73B0000000000 R
(41.260000) vcan0 00000003#54E83B0000000000 R
(41.261000) vcan0 00000004#B8E83B0000000000 R
(41.262000) vcan0 00000005#1CE93B0000000000 R
(41.263000) vcan0 00000006#80E93B0000000000 R
(41.264000) vcan0 00000001#E4E93B0000000000 R
(41.265000) vcan0 00000002#48EA3B0000000000 R
(41.266000) vcan0 00000003#ACEA3B0000000000 R
(41.267000) vcan0 00000004#10EB3B0000000000 R
(41.268000) vcan0 00000005#74EB3B0000000000 R
(41.269000) vcan0 00000006#D8EB3B0000000000 R
(41.270000) vcan0 00000001#3CEC3B0000000000 R
(41.271000) vcan0 00000002#A0EC3B0000000000 R
(41.272000) vcan0 00000003#04ED3B0000000000 R
(41.273000) vcan0 00000004#68ED3B0000000000 R
(41.274000) vcan0 00000005#CCED3B0000000000 R
(41.275000) vcan0 00000006#30EE3B0000000000 R
(41.276000) vcan0 00000001#94EE3B0000000000 R
(41.277000) vcan0 00000002#F8EE3B0000000000 R
(41.278000) vcan0 00000003#5CEF3B0000000000 R
(41.279000) vcan0 00000004#C0EF3B0000000000 R
(41.280000) vcan0 00000005#24F03B0000000000 R
(41.281000) vcan0 00000006#88F03B0000000000 R
(41.282000) vcan0 00000001#ECF03B0000000000 R
(41.283000) vcan0 00000002#50F13B0000000000 R
(41.284000) vcan0 00000003#B4F13B0000000000 R
(41.285000) vcan0 00000004#18F23B0000000000 R
(41.286000) vcan0 00000005#7CF23B0000000000 R
(41.287000) vcan0 00000006#E0F23B0000000000 R
(41.288000) vcan0 00000001#44F33B0000000000 R
(41.289000) vcan0 00000002#A8F33B0000000000 R
(41.290000) vcan0 00000003#0CF43B0000000000 R
(41.291000) vcan0 00000004#70F43B0000000000 R
(41.292000) vcan0 00000005#D4F43B0000000000 R
(41.293000) vcan0 00000006#38F53B0000000000 R
(41.294000) vcan0 00000001#9CF53B0000000000 R
(41.295000) vcan0 00000002#00F63B0000000000 R
(41.296000) vcan0 00000003#64F63B0000000000 R
(41.297000) vcan0 00000004#C8F63B0000000000 R
(41.298000) vcan0 00000005#2CF73B0000000000 R
(41.299000) vcan0 00000006#90F73B0000000000 R
(41.300000) vcan0 00000001#F4F73B0000000000 R
(41.301000) vcan0 00000002#58F83B0000000000 R
(41.302000) vcan0 00000003#BCF83B0000000000 R
(41.303000) vcan0 00000004#20F93B0000000000 R
(41.304000) vcan0 00000005#84F93B0000000000 R
(41.305000) vcan0 00000006#E8F93B0000000000 R
(41.306000) vcan0 00000001#4CFA3B0000000000 R
(41.307000) vcan0 00000002#B0FA3B0000000000 R
(41.308000) vcan0 00000003#14FB3B0000000000 R
(41.309000) vcan0 00000004#78FB3B0000000000 R
(41.310000) vcan0 00000005#DCFB3B0000000000 R
(41.311000) vcan0 00000006#40FC3B0000000000 R
(41.312000) vcan0 00000001#A4FC3B0000000000 R
(41.313000) vcan0 00000002#08FD3B0000000000 R
(41.314000) vcan0 00000003#6CFD3B0000000000 R
(41.315000) vcan0 00000004#D0FD3B0000000000 R
(41.316000) vcan0 00000005#34FE3B0000000000 R
(41.317000) vcan0 00000006#98FE3B0000000000 R
(41.318000) vcan0 00000001#FCFE3B0000000000 R
(41.319000) vcan0 00000002#60FF3B0000000000 R
(41.320000) vcan0 00000003#C4FF3B0000000000 R
(41.321000) vcan0 00000004#28003C0000000000 R
(41.322000) vcan0 00000005#8C003C0000000000 R
(41.323000) vcan0 00000006#F0003C0000000000 R
(41.324000) vcan0 00000001#54013C0000000000 R
(41.325000) vcan0 00000002#B8013C0000000000 R
(41.326000) vcan0 00000003#1C023C0000000000 R
(41.327000) vcan0 00000004#80023C0000000000 R
(41.328000) vcan0 00000005#E4023C0000000000 R
(41.329000) vcan0 00000006#48033C0000000000 R
(41.330000) vcan0 00000001#AC033C0000000000 R
(41.331000) vcan0 00000002#10043C0000000000 R
(41.332000) vcan0 00000003#74043C0000000000 R
(41.333000) vcan0 00000004#D8043C0000000000 R
(41.334000) vcan0 00000005#3C053C0000000000 R
(41.335000) vcan0 00000006#A0053C0000000000 R
(41.336000) vcan0 00000001#04063C0000000000 R
(41.337000) vcan0 00000002#68063C0000000000 R
(41.338000) vcan0 00000003#CC063C0000000000 R
(41.339000) vcan0 00000004#30073C0000000000 R
(41.340000) vcan0 00000005#94073C0000000000 R
(41.341000) vcan0 00000006#F8073C0000000000 R
(41.342000) vcan0 00000001#5C083C0000000000 R
(41.343000) vcan0 00000002#C0083C0000000000 R
(41.344000) vcan0 00000003#24093C0000000000 R
(41.345000) vcan0 00000004#88093C0000000000 R
(41.346000) vcan0 00000005#EC093C0000000000 R
(41.347000) vcan0 00000006#500A3C0000000000 R
(41.348000) vcan0 00000001#B40A3C0000000000 R
(41.349000) vcan0 00000002#180B3C0000000000 R
(41.350000) vcan0 00000003#7C0B3C0000000000 R
(41.351000) vcan0 00000004#E00B3C0000000000 R
(41.352000) vcan0 00000005#440C3C0000000000 R
(41.353000) vcan0 00000006#A80C3C0000000000 R
(41.354000) vcan0 00000001#0C0D3C0000000000 R
(41.355000) vcan0 00000002#700D3C0000000000 R
(41.356000) vcan0 00000003#D40D3C0000000000 R
(41.357000) vcan0 00000004#380E3C0000000000 R
(41.358000) vcan0 00000005#9C0E3C0000000000 R
(41.359000) vcan0 00000006#000F3C0000000000 R
(41.360000) vcan0 00000001#640F3C0000000000 R
(41.361000) vcan0 00000002#C80F3C0000000000 R
(41.362000) vcan0 00000003#2C103C0000000000 R
(41.363000) vcan0 00000004#90103C0000000000 R
(41.364000) vcan0 00000005#F4103C0000000000 R
(41.365000) vcan0 00000006#58113C0000000000 R
(41.366000) vcan0 00000001#BC113C0000000000 R
(41.367000) vcan0 00000002#20123C0000000000 R
(41.368000) vcan0 00000003#84123C0000000000 R
(41.369000) vcan0 00000004#E8123C0000000000 R
(41.370000) vcan0 00000005#4C133C0000000000 R
(41.371000) vcan0 00000006#B0133C0000000000 R
(41.372000) vcan0 00000001#14143C0000000000 R
(41.373000) vcan0 00000002#78143C0000000000 R
(41.374000) vcan0 00000003#DC143C0000000000 R
(41.375000) vcan0 00000004#40153C0000000000 R
(41.376000) vcan0 00000005#A4153C0000000000 R
(41.377000) vcan0 00000006#08163C0000000000 R
(41.378000) vcan0 00000001#6C163C0000000000 R
(41.379000) vcan0 00000002#D0163C0000000000 R
(41.380000) vcan0 00000003#34173C0000000000 R
(41.381000) vcan0 00000004#98173C0000000000 R
(41.382000) vcan0 00000005#FC173C0000000000 R
(41.383000) vcan0 00000006#60183C0000000000 R
(41.384000) vcan0 00000001#C4183C0000000000 R
(41.385000) vcan0 00000002#28193C0000000000 R
(41.386000) vcan0 00000003#8C193C0000000000 R
(41.387000) vcan0 00000004#F0193C0000000000 R
(41.388000) vcan0 00000005#541A3C0000000000 R
(41.389000) vcan0 00000006#B81A3C0000000000 R
(41.390000) vcan0 00000001#1C1B3C0000000000 R
(41.391000) vcan0 00000002#801B3C0000000000 R
(41.392000) vcan0 00000003#E41B3C0000000000 R
(41.393000) vcan0 00000004#481C3C0000000000 R
(41.394000) vcan0 00000005#AC1C3C0000000000 R
(41.395000) vcan0 00000006#101D3C0000000000 R
(41.396000) vcan0 00000001#741D3C0000000000 R
(41.397000) vcan0 00000002#D81D3C0000000000 R
(41.398000) vcan0 00000003#3C1E3C0000000000 R
(41.399000) vcan0 00000004#A01E3C0000000000 R
(41.400000) vcan0 00000005#041F3C0000000000 R
(41.401000) vcan0 00000006#681F3C0000000000 R
(41.402000) vcan0 00000001#CC1F3C0000000000 R
(41.403000) vcan0 00000002#30203C0000000000 R
(41.404000) vcan0 00000003#94203C0000000000 R
(41.405000) vcan0 00000004#F8203C0000000000 R
(41.406000) vcan0 00000005#5C213C0000000000 R
(41.407000) vcan0 00000006#C0213C0000000000 R
(41.408000) vcan0 00000001#24223C0000000000 R
(41.409000) vcan0 00000002#88223C0000000000 R
(41.410000) vcan0 00000003#EC223C0000000000 R
(41.411000) vcan0 00000004#50233C0000000000 R
(41.412000) vcan0 00000005#B4233C0000000000 R
(41.413000) vcan0 00000006#18243C0000000000 R
(41.414000) vcan0 00000001#7C243C0000000000 R
(41.415000) vcan0 00000002#E0243C0000000000 R
(41.416000) vcan0 00000003#44253C0000000000 R
(41.417000) vcan0 00000004#A8253C0000000000 R
(41.418000) vcan0 00000005#0C263C0000000000 R
(41.419000) vcan0 00000006#70263C0000000000 R
(41.420000) vcan0 00000001#D4263C0000000000 R
(41.421000) vcan0 00000002#38273C0000000000 R
(41.422000) vcan0 00000003#9C273C0000000000 R
(41.423000) vcan0 00000004#00283C0000000000 R
(41.424000) vcan0 00000005#64283C0000000000 R
(41.425000) vcan0 00000006#C8283C0000000000 R
(41.426000) vcan0 00000001#2C293C0000000000 R
(41.427000) vcan0 00000002#90293C0000000000 R
(41.428000) vcan0 00000003#F4293C0000000000 R
(41.429000) vcan0 00000004#582A3C0000000000 R
(41.430000) vcan0 00000005#BC2A3C0000000000 R
(41.431000) vcan0 00000006#202B3C0000000000 R
(41.432000) vcan0 00000001#842B3C0000000000 R
(41.433000) vcan0 00000002#E82B3C0000000000 R
(41.434000) vcan0 00000003#4C2C3C0000000000 R
(41.435000) vcan0 00000004#B02C3C0000000000 R
(41.436000) vcan0 00000005#142D3C0000000000 R
(41.437000) vcan0 00000006#782D3C0000000000 R
(41.438000) vcan0 00000001#DC2D3C0000000000 R
(41.439000) vcan0 00000002#402E3C0000000000 R
(41.440000) vcan0 00000003#A42E3C0000000000 R
(41.441000) vcan0 00000004#082F3C0000000000 R
(41.442000) vcan0 00000005#6C2F3C0000000000 R
(41.443000) vcan0 00000006#D02F3C0000000000 R
(41.444000) vcan0 00000001#34303C0000000000 R
(41.445000) vcan0 00000002#98303C0000000000 R
(41.446000) vcan0 00000003#FC303C0000000000 R
(41.447000) vcan0 00000004#60313C0000000000 R
(41.448000) vcan0 00000005#C4313C0000000000 R
(41.449000) vcan0 00000006#28323C0000000000 R
(41.450000) vcan0 00000001#8C323C0000000000 R
(41.451000) vcan0 00000002#F0323C0000000000 R
(41.452000) vcan0 00000003#54333C0000000000 R
(41.453000) vcan0 00000004#B8333C0000000000 R
(41.454000) vcan0 00000005#1C343C0000000000 R
(41.455000) vcan0 00000006#80343C0000000000 R
(41.456000) vcan0 00000001#E4343C0000000000 R
(41.457000) vcan0 00000002#48353C0000000000 R
(41.458000) vcan0 00000003#AC353C0000000000 R
(41.459000) vcan0 00000004#10363C0000000000 R
(41.460000) vcan0 00000005#74363C0000000000 R
(41.461000) vcan0 00000006#D8363C0000000000 R
(41.462000) vcan0 00000001#3C373C0000000000 R
(41.463000) vcan0 00000002#A0373C0000000000 R
(41.464000) vcan0 00000003#04383C0000000000 R
(41.465000) vcan0 00000004#68383C0000000000 R
(41.466000) vcan0 00000005#CC383C0000000000 R
(41.467000) vcan0 00000006#30393C0000000000 R
(41.468000) vcan0 00000001#94393C0000000000 R
(41.469000) vcan0 00000002#F8393C0000000000 R
(41.470000) vcan0 00000003#5C3A3C0000000000 R
(41.471000) vcan0 00000004#C03A3C0000000000 R
(41.472000) vcan0 00000005#243B3C0000000000 R
(41.473000) vcan0 00000006#883B3C0000000000 R
(41.474000) vcan0 00000001#EC3B3C0000000000 R
(41.475000) vcan0 00000002#503C3C0000000000 R
(41.476000) vcan0 00000003#B43C3C0000000000 R
(41.477000) vcan0 00000004#183D3C0000000000 R
(41.478000) vcan0 00000005#7C3D3C0000000000 R
(41.479000) vcan0 00000006#E03D3C0000000000 R
(41.480000) vcan0 00000001#443E3C0000000000 R
(41.481000) vcan0 00000002#A83E3C0000000000 R
(41.482000) vcan0 00000003#0C3F3C0000000000 R
(41.483000) vcan0 00000004#703F3C0000000000 R
(41.484000) vcan0 00000005#D43F3C0000000000 R
(41.485000) vcan0 00000006#38403C0000000000 R
(41.486000) vcan0 00000001#9C403C0000000000 R
(41.487000) vcan0 00000002#00413C0000000000 R
(41.488000) vcan0 00000003#64413C0000000000 R
(41.489000) vcan0 00000004#C8413C0000000000 R
(41.490000) vcan0 00000005#2C423C0000000000 R
(41.491000) vcan0 00000006#90423C0000000000 R
(41.492000) vcan0 00000001#F4423C0000000000 R
(41.493000) vcan0 00000002#58433C0000000000 R
(41.494000) vcan0 00000003#BC433C0000000000 R
(41.495000) vcan0 00000004#20443C0000000000 R
(41.496000) vcan0 00000005#84443C0000000000 R
(41.497000) vcan0 00000006#E8443C0000000000 R
(41.498000) vcan0 00000001#4C453C0000000000 R
(41.499000) vcan0 00000002#B0453C0000000000 R
(41.500000) vcan0 00000003#14463C0000000000 R
(41.501000) vcan0 00000004#78463C0000000000 R
(41.502000) vcan0 00000005#DC463C0000000000 R
(41.503000) vcan0 00000006#40473C0000000000 R
(41.504000) vcan0 00000001#A4473C0000000000 R
(41.505000) vcan0 00000002#08483C0000000000 R
(41.506000) vcan0 00000003#6C483C0000000000 R
(41.507000) vcan0 00000004#D0483C0000000000 R
(41.508000) vcan0 00000005#34493C0000000000 R
(41.509000) vcan0 00000006#98493C0000000000 R
(41.510000) vcan0 00000001#FC493C0000000000 R
(41.511000) vcan0 00000002#604A3C0000000000 R
(41.512000) vcan0 00000003#C44A3C0000000000 R
(41.513000) vcan0 00000004#284B3C0000000000 R
(41.514000) vcan0 00000005#8C4B3C0000000000 R
(41.515000) vcan0 00000006#F04B3C0000000000 R
(41.516000) vcan0 00000001#544C3C0000000000 R
(41.517000) vcan0 00000002#B84C3C0000000000 R
(41.518000) vcan0 00000003#1C4D3C0000000000 R
(41.519000) vcan0 00000004#804D3C0000000000 R
(41.520000) vcan0 00000005#E44D3C0000000000 R
(41.521000) vcan0 00000006#484E3C0000000000 R
(41.522000) vcan0 00000001#AC4E3C0000000000 R
(41.523000) vcan0 00000002#104F3C0000000000 R
(41.524000) vcan0 00000003#744F3C0000000000 R
(41.525000) vcan0 00000004#D84F3C0000000000 R
(41.526000) vcan0 00000005#3C503C0000000000 R
(41.527000) vcan0 00000006#A0503C0000000000 R
(41.528000) vcan0 00000001#04513C0000000000 R
(41.529000) vcan0 00000002#68513C0000000000 R
(41.530000) vcan0 00000003#CC513C0000000000 R
(41.531000) vcan0 00000004#30523C0000000000 R
(41.532000) vcan0 00000005#94523C0000000000 R
(41.533000) vcan0 00000006#F8523C0000000000 R
(41.534000) vcan0 00000001#5C533C0000000000 R
(41.535000) vcan0 00000002#C0533C0000000000 R
(41.536000) vcan0 00000003#24543C0000000000 R
(41.537000) vcan0 00000004#88543C0000000000 R
(41.538000) vcan0 00000005#EC543C0000000000 R
(41.539000) vcan0 00000006#50553C0000000000 R
(41.540000) vcan0 00000001#B4553C0000000000 R
(41.541000) vcan0 00000002#18563C0000000000 R
(41.542000) vcan0 00000003#7C563C0000000000 R
(41.543000) vcan0 00000004#E0563C0000000000 R
(41.544000) vcan0 00000005#44573C0000000000 R
(41.545000) vcan0 00000006#A8573C0000000000 R
(41.546000) vcan0 00000001#0C583C0000000000 R
(41.547000) vcan0 00000002#70583C0000000000 R
(41.548000) vcan0 00000003#D4583C0000000000 R
(41.549000) vcan0 00000004#38593C0000000000 R
(41.550000) vcan0 00000005#9C593C0000000000 R
(41.551000) vcan0 00000006#005A3C0000000000 R
(41.552000) vcan0 00000001#645A3C0000000000 R
(41.553000) vcan0 00000002#C85A3C0000000000 R
(41.554000) vcan0 00000003#2C5B3C0000000000 R
(41.555000) vcan0 00000004#905B3C0000000000 R
(41.556000) vcan0 00000005#F45B3C0000000000 R
(41.557000) vcan0 00000006#585C3C0000000000 R
(41.558000) vcan0 00000001#BC5C3C0000000000 R
(41.559000) vcan0 00000002#205D3C0000000000 R
(41.560000) vcan0 00000003#845D3C0000000000 R
(41.561000) vcan0 00000004#E85D3C0000000000 R
(41.562000) vcan0 00000005#4C5E3C0000000000 R
(41.563000) vcan0 00000006#B05E3C0000000000 R
(41.564000) vcan0 00000001#145F3C0000000000 R
(41.565000) vcan0 00000002#785F3C0000000000 R
(41.566000) vcan0 00000003#DC5F3C0000000000 R
(41.567000) vcan0 00000004#40603C0000000000 R
(41.568000) vcan0 00000005#A4603C0000000000 R
(41.569000) vcan0 00000006#08613C0000000000 R
(41.570000) vcan0 00000001#6C613C0000000000 R
(41.571000) vcan0 00000002#D0613C0000000000 R
(41.572000) vcan0 00000003#34623C0000000000 R
(41.573000) vcan0 00000004#98623C0000000000 R
(41.574000) vcan0 00000005#FC623C0000000000 R
(41.575000) vcan0 00000006#60633C0000000000 R
(41.576000) vcan0 00000001#C4633C0000000000 R
(41.577000) vcan0 00000002#28643C0000000000 R
(41.578000) vcan0 00000003#8C643C0000000000 R
(41.579000) vcan0 00000004#F0643C0000000000 R
(41.580000) vcan0 00000005#54653C0000000000 R
(41.581000) vcan0 00000006#B8653C0000000000 R
(41.582000) vcan0 00000001#1C663C0000000000 R
(41.583000) vcan0 00000002#80663C0000000000 R
(41.584000) vcan0 00000003#E4663C0000000000 R
(41.585000) vcan0 00000004#48673C0000000000 R
(41.586000) vcan0 00000005#AC673C0000000000 R
(41.587000) vcan0 00000006#10683C0000000000 R
(41.588000) vcan0 00000001#74683C0000000000 R
(41.589000) vcan0 00000002#D8683C0000000000 R
(41.590000) vcan0 00000003#3C693C0000000000 R
(41.591000) vcan0 00000004#A0693C0000000000 R
(41.592000) vcan0 00000005#046A3C0000000000 R
(41.593000) vcan0 00000006#686A3C0000000000 R
(41.594000) vcan0 00000001#CC6A3C0000000000 R
(41.595000) vcan0 00000002#306B3C0000000000 R
(41.596000) vcan0 00000003#946B3C0000000000 R
(41.597000) vcan0 00000004#F86B3C0000000000 R
(41.598000) vcan0 00000005#5C6C3C0000000000 R
(41.599000) vcan0 00000006#C06C3C0000000000 R
(41.600000) vcan0 00000001#246D3C0000000000 R
(41.601000) vcan0 00000002#886D3C0000000000 R
(41.602000) vcan0 00000003#EC6D3C0000000000 R
(41.603000) vcan0 00000004#506E3C0000000000 R
(41.604000) vcan0 00000005#B46E3C0000000000 R
(41.605000) vcan0 00000006#186F3C0000000000 R
(41.606000) vcan0 00000001#7C6F3C0000000000 R
(41.607000) vcan0 00000002#E06F3C0000000000 R
(41.608000) vcan0 00000003#44703C0000000000 R
(41.609000) vcan0 00000004#A8703C0000000000 R
(41.610000) vcan0 00000005#0C713C0000000000 R
(41.611000) vcan0 00000006#70713C0000000000 R
(41.612000) vcan0 00000001#D4713C0000000000 R
(41.613000) vcan0 00000002#38723C0000000000 R
(41.614000) vcan0 00000003#9C723C0000000000 R
(41.615000) vcan0 00000004#00733C0000000000 R
(41.616000) vcan0 00000005#64733C0000000000 R
(41.617000) vcan0 00000006#C8733C0000000000 R
(41.618000) vcan0 00000001#2C743C0000000000 R
(41.619000) vcan0 00000002#90743C0000000000 R
(41.620000) vcan0 00000003#F4743C0000000000 R
(41.621000) vcan0 00000004#58753C0000000000 R
(41.622000) vcan0 00000005#BC753C0000000000 R
(41.623000) vcan0 00000006#20763C0000000000 R
(41.624000) vcan0 00000001#84763C0000000000 R
(41.625000) vcan0 00000002#E8763C0000000000 R
(41.626000) vcan0 00000003#4C773C0000000000 R
(41.627000) vcan0 00000004#B0773C0000000000 R
(41.628000) vcan0 00000005#14783C0000000000 R
(41.629000) vcan0 00000006#78783C0000000000 R
(41.630000) vcan0 00000001#DC783C0000000000 R
(41.631000) vcan0 00000002#40793C0000000000 R
(41.632000) vcan0 00000003#A4793C0000000000 R
(41.633000) vcan0 00000004#087A3C0000000000 R
