(9.318000) vcan0 00000005#FC2A0B0000000000 R
(9.319000) vcan0 00000006#602B0B0000000000 R
(9.320000) vcan0 00000001#C42B0B0000000000 R
(9.321000) vcan0 00000002#282C0B0000000000 R
(9.322000) vcan0 00000003#8C2C0B0000000000 R
(9.323000) vcan0 00000004#F02C0B0000000000 R
(9.324000) vcan0 00000005#542D0B0000000000 R
(9.325000) vcan0 00000006#B82D0B0000000000 R
(9.326000) vcan0 00000001#1C2E0B0000000000 R
(9.327000) vcan0 00000002#802E0B0000000000 R
(9.328000) vcan0 00000003#E42E0B0000000000 R
(9.329000) vcan0 00000004#482F0B0000000000 R
(9.330000) vcan0 00000005#AC2F0B0000000000 R
(9.331000) vcan0 00000006#10300B0000000000 R
(9.332000) vcan0 00000001#74300B0000000000 R
(9.333000) vcan0 00000002#D8300B0000000000 R
(9.334000) vcan0 00000003#3C310B0000000000 R
(9.335000) vcan0 00000004#A0310B0000000000 R
(9.336000) vcan0 00000005#04320B0000000000 R
(9.337000) vcan0 00000006#68320B0000000000 R
(9.338000) vcan0 00000001#CC320B0000000000 R
(9.339000) vcan0 00000002#30330B0000000000 R
(9.340000) vcan0 00000003#94330B0000000000 R
(9.341000) vcan0 00000004#F8330B0000000000 R
(9.342000) vcan0 00000005#5C340B0000000000 R
(9.343000) vcan0 00000006#C0340B0000000000 R
(9.344000) vcan0 00000001#24350B0000000000 R
(9.345000) vcan0 00000002#88350B0000000000 R
(9.346000) vcan0 00000003#EC350B0000000000 R
(9.347000) vcan0 00000004#50360B0000000000 R
(9.348000) vcan0 00000005#B4360B0000000000 R
(9.349000) vcan0 00000006#18370B0000000000 R
(9.350000) vcan0 00000001#7C370B0000000000 R
(9.351000) vcan0 00000002#E0370B0000000000 R
(9.352000) vcan0 00000003#44380B0000000000 R
(9.353000) vcan0 00000004#A8380B0000000000 R
(9.354000) vcan0 00000005#0C390B0000000000 R
(9.355000) vcan0 00000006#70390B0000000000 R
(9.356000) vcan0 00000001#D4390B0000000000 R
(9.357000) vcan0 00000002#383A0B0000000000 R
(9.358000) vcan0 00000003#9C3A0B0000000000 R
(9.359000) vcan0 00000004#003B0B0000000000 R
(9.360000) vcan0 00000005#643B0B0000000000 R
(9.361000) vcan0 00000006#C83B0B0000000000 R
(9.362000) vcan0 00000001#2C3C0B0000000000 R
(9.363000) vcan0 00000002#903C0B0000000000 R
(9.364000) vcan0 00000003#F43C0B0000000000 R
(9.365000) vcan0 00000004#583D0B0000000000 R
(9.366000) vcan0 00000005#BC3D0B0000000000 R
(9.367000) vcan0 00000006#203E0B0000000000 R
(9.368000) vcan0 00000001#843E0B0000000000 R
(9.369000) vcan0 00000002#E83E0B0000000000 R
(9.370000) vcan0 00000003#4C3F0B0000000000 R
(9.371000) vcan0 00000004#B03F0B0000000000 R
(9.372000) vcan0 00000005#14400B0000000000 R
(9.373000) vcan0 00000006#78400B0000000000 R
(9.374000) vcan0 00000001#DC400B0000000000 R
(9.375000) vcan0 00000002#40410B0000000000 R
(9.376000) vcan0 00000003#A4410B0000000000 R
(9.377000) vcan0 00000004#08420B0000000000 R
(9.378000) vcan0 00000005#6C420B0000000000 R
(9.379000) vcan0 00000006#D0420B0000000000 R
(9.380000) vcan0 00000001#34430B0000000000 R
(9.381000) vcan0 00000002#98430B0000000000 R
(9.382000) vcan0 00000003#FC430B0000000000 R
(9.383000) vcan0 00000004#60440B0000000000 R
(9.384000) vcan0 00000005#C4440B0000000000 R
(9.385000) vcan0 00000006#28450B0000000000 R
(9.386000) vcan0 00000001#8C450B0000000000 R
(9.387000) vcan0 00000002#F0450B0000000000 R
(9.388000) vcan0 00000003#54460B0000000000 R
(9.389000) vcan0 00000004#B8460B0000000000 R
(9.390000) vcan0 00000005#1C470B0000000000 R
(9.391000) vcan0 00000006#80470B0000000000 R
(9.392000) vcan0 00000001#E4470B0000000000 R
(9.393000) vcan0 00000002#48480B0000000000 R
(9.394000) vcan0 00000003#AC480B0000000000 R
(9.395000) vcan0 00000004#10490B0000000000 R
(9.396000) vcan0 00000005#74490B0000000000 R
(9.397000) vcan0 00000006#D8490B0000000000 R
(9.398000) vcan0 00000001#3C4A0B0000000000 R
(9.399000) vcan0 00000002#A04A0B0000000000 R
(9.400000) vcan0 00000003#044B0B0000000000 R
(9.401000) vcan0 00000004#684B0B0000000000 R
(9.402000) vcan0 00000005#CC4B0B0000000000 R
(9.403000) vcan0 00000006#304C0B0000000000 R
(9.404000) vcan0 00000001#944C0B0000000000 R
(9.405000) vcan0 00000002#F84C0B0000000000 R
(9.406000) vcan0 00000003#5C4D0B0000000000 R
(9.407000) vcan0 00000004#C04D0B0000000000 R
(9.408000) vcan0 00000005#244E0B0000000000 R
(9.409000) vcan0 00000006#884E0B0000000000 R
(9.410000) vcan0 00000001#EC4E0B0000000000 R
(9.411000) vcan0 00000002#504F0B0000000000 R
(9.412000) vcan0 00000003#B44F0B0000000000 R
(9.413000) vcan0 00000004#18500B0000000000 R
(9.414000) vcan0 00000005#7C500B0000000000 R
(9.415000) vcan0 00000006#E0500B0000000000 R
(9.416000) vcan0 00000001#44510B0000000000 R
(9.417000) vcan0 00000002#A8510B0000000000 R
(9.418000) vcan0 00000003#0C520B0000000000 R
(9.419000) vcan0 00000004#70520B0000000000 R
(9.420000) vcan0 00000005#D4520B0000000000 R
(9.421000) vcan0 00000006#38530B0000000000 R
(9.422000) vcan0 00000001#9C530B0000000000 R
(9.423000) vcan0 00000002#00540B0000000000 R
(9.424000) vcan0 00000003#64540B0000000000 R
(9.425000) vcan0 00000004#C8540B0000000000 R
(9.426000) vcan0 00000005#2C550B0000000000 R
(9.427000) vcan0 00000006#90550B0000000000 R
(9.428000) vcan0 00000001#F4550B0000000000 R
(9.429000) vcan0 00000002#58560B0000000000 R
(9.430000) vcan0 00000003#BC560B0000000000 R
(9.431000) vcan0 00000004#20570B0000000000 R
(9.432000) vcan0 00000005#84570B0000000000 R
(9.433000) vcan0 00000006#E8570B0000000000 R
(9.434000) vcan0 00000001#4C580B0000000000 R
(9.435000) vcan0 00000002#B0580B0000000000 R
(9.436000) vcan0 00000003#14590B0000000000 R
(9.437000) vcan0 00000004#78590B0000000000 R
(9.438000) vcan0 00000005#DC590B0000000000 R
(9.439000) vcan0 00000006#405A0B0000000000 R
(9.440000) vcan0 00000001#A45A0B0000000000 R
(9.441000) vcan0 00000002#085B0B0000000000 R
(9.442000) vcan0 00000003#6C5B0B0000000000 R
(9.443000) vcan0 00000004#D05B0B0000000000 R
(9.444000) vcan0 00000005#345C0B0000000000 R
(9.445000) vcan0 00000006#985C0B0000000000 R
(9.446000) vcan0 00000001#FC5C0B0000000000 R
(9.447000) vcan0 00000002#605D0B0000000000 R
(9.448000) vcan0 00000003#C45D0B0000000000 R
(9.449000) vcan0 00000004#285E0B0000000000 R
(9.450000) vcan0 00000005#8C5E0B0000000000 R
(9.451000) vcan0 00000006#F05E0B0000000000 R
(9.452000) vcan0 00000001#545F0B0000000000 R
(9.453000) vcan0 00000002#B85F0B0000000000 R
(9.454000) vcan0 00000003#1C600B0000000000 R
(9.455000) vcan0 00000004#80600B0000000000 R
(9.456000) vcan0 00000005#E4600B0000000000 R
(9.457000) vcan0 00000006#48610B0000000000 R
(9.458000) vcan0 00000001#AC610B0000000000 R
