(18.064000) vcan0 00000003#6483180000000000 R
(18.065000) vcan0 00000004#C883180000000000 R
(18.066000) vcan0 00000005#2C84180000000000 R
(18.067000) vcan0 00000006#9084180000000000 R
(18.068000) vcan0 00000001#F484180000000000 R
(18.069000) vcan0 00000002#5885180000000000 R
(18.070000) vcan0 00000003#BC85180000000000 R
(18.071000) vcan0 00000004#2086180000000000 R
(18.072000) vcan0 00000005#8486180000000000 R
(18.073000) vcan0 00000006#E886180000000000 R
(18.074000) vcan0 00000001#4C87180000000000 R
(18.075000) vcan0 00000002#B087180000000000 R
(18.076000) vcan0 00000003#1488180000000000 R
(18.077000) vcan0 00000004#7888180000000000 R
(18.078000) vcan0 00000005#DC88180000000000 R
(18.079000) vcan0 00000006#4089180000000000 R
(18.080000) vcan0 00000001#A489180000000000 R
(18.081000) vcan0 00000002#088A180000000000 R
(18.082000) vcan0 00000003#6C8A180000000000 R
(18.083000) vcan0 00000004#D08A180000000000 R
(18.084000) vcan0 00000005#348B180000000000 R
(18.085000) vcan0 00000006#988B180000000000 R
(18.086000) vcan0 00000001#FC8B180000000000 R
(18.087000) vcan0 00000002#608C180000000000 R
(18.088000) vcan0 00000003#C48C180000000000 R
(18.089000) vcan0 00000004#288D180000000000 R
(18.090000) vcan0 00000005#8C8D180000000000 R
(18.091000) vcan0 00000006#F08D180000000000 R
(18.092000) vcan0 00000001#548E180000000000 R
(18.093000) vcan0 00000002#B88E180000000000 R
(18.094000) vcan0 00000003#1C8F180000000000 R
(18.095000) vcan0 00000004#808F180000000000 R
(18.096000) vcan0 00000005#E48F180000000000 R
(18.097000) vcan0 00000006#4890180000000000 R
(18.098000) vcan0 00000001#AC90180000000000 R
(18.099000) vcan0 00000002#1091180000000000 R
(18.100000) vcan0 00000003#7491180000000000 R
(18.101000) vcan0 00000004#D891180000000000 R
(18.102000) vcan0 00000005#3C92180000000000 R
(18.103000) vcan0 00000006#A092180000000000 R
(18.104000) vcan0 00000001#0493180000000000 R
(18.105000) vcan0 00000002#6893180000000000 R
(18.106000) vcan0 00000003#CC93180000000000 R
(18.107000) vcan0 00000004#3094180000000000 R
(18.108000) vcan0 00000005#9494180000000000 R
(18.109000) vcan0 00000006#F894180000000000 R
(18.110000) vcan0 00000001#5C95180000000000 R
(18.111000) vcan0 00000002#C095180000000000 R
(18.112000) vcan0 00000003#2496180000000000 R
(18.113000) vcan0 00000004#8896180000000000 R
(18.114000) vcan0 00000005#EC96180000000000 R
(18.115000) vcan0 00000006#5097180000000000 R
(18.116000) vcan0 00000001#B497180000000000 R
(18.117000) vcan0 00000002#1898180000000000 R
(18.118000) vcan0 00000003#7C98180000000000 R
(18.119000) vcan0 00000004#E098180000000000 R
(18.120000) vcan0 00000005#4499180000000000 R
(18.121000) vcan0 00000006#A899180000000000 R
(18.122000) vcan0 00000001#0C9A180000000000 R
(18.123000) vcan0 00000002#709A180000000000 R
(18.124000) vcan0 00000003#D49A180000000000 R
(18.125000) vcan0 00000004#389B180000000000 R
(18.126000) vcan0 00000005#9C9B180000000000 R
(18.127000) vcan0 00000006#009C180000000000 R
(18.128000) vcan0 00000001#649C180000000000 R
(18.129000) vcan0 00000002#C89C180000000000 R
(18.130000) vcan0 00000003#2C9D180000000000 R
(18.131000) vcan0 00000004#909D180000000000 R
(18.132000) vcan0 00000005#F49D180000000000 R
(18.133000) vcan0 00000006#589E180000000000 R
(18.134000) vcan0 00000001#BC9E180000000000 R
(18.135000) vcan0 00000002#209F180000000000 R
(18.136000) vcan0 00000003#849F180000000000 R
(18.137000) vcan0 00000004#E89F180000000000 R
(18.138000) vcan0 00000005#4CA0180000000000 R
(18.139000) vcan0 00000006#B0A0180000000000 R
(18.140000) vcan0 00000001#14A1180000000000 R
(18.141000) vcan0 00000002#78A1180000000000 R
(18.142000) vcan0 00000003#DCA1180000000000 R
(18.143000) vcan0 00000004#40A2180000000000 R
(18.144000) vcan0 00000005#A4A2180000000000 R
(18.145000) vcan0 00000006#08A3180000000000 R
(18.146000) vcan0 00000001#6CA3180000000000 R
(18.147000) vcan0 00000002#D0A3180000000000 R
(18.148000) vcan0 00000003#34A4180000000000 R
(18.149000) vcan0 00000004#98A4180000000000 R
(18.150000) vcan0 00000005#FCA4180000000000 R
(18.151000) vcan0 00000006#60A5180000000000 R
(18.152000) vcan0 00000001#C4A5180000000000 R
(18.153000) vcan0 00000002#28A6180000000000 R
(18.154000) vcan0 00000003#8CA6180000000000 R
(18.155000) vcan0 00000004#F0A6180000000000 R
(18.156000) vcan0 00000005#54A7180000000000 R
(18.157000) vcan0 00000006#B8A7180000000000 R
(18.158000) vcan0 00000001#1CA8180000000000 R
(18.159000) vcan0 00000002#80A8180000000000 R
(18.160000) vcan0 00000003#E4A8180000000000 R
(18.161000) vcan0 00000004#48A9180000000000 R
(18.162000) vcan0 00000005#ACA9180000000000 R
(18.163000) vcan0 00000006#10AA180000000000 R
(18.164000) vcan0 00000001#74AA180000000000 R
(18.165000) vcan0 00000002#D8AA180000000000 R
(18.166000) vcan0 00000003#3CAB180000000000 R
(18.167000) vcan0 00000004#A0AB180000000000 R
(18.168000) vcan0 00000005#04AC180000000000 R
(18.169000) vcan0 00000006#68AC180000000000 R
(18.170000) vcan0 00000001#CCAC180000000000 R
(18.171000) vcan0 00000002#30AD180000000000 R
(18.172000) vcan0 00000003#94AD180000000000 R
(18.173000) vcan0 00000004#F8AD180000000000 R
(18.174000) vcan0 00000005#5CAE180000000000 R
(18.175000) vcan0 00000006#C0AE180000000000 R
(18.176000) vcan0 00000001#24AF180000000000 R
(18.177000) vcan0 00000002#88AF180000000000 R
(18.178000) vcan0 00000003#ECAF180000000000 R
(18.179000) vcan0 00000004#50B0180000000000 R
(18.180000) vcan0 00000005#B4B0180000000000 R
(18.181000) vcan0 00000006#18B1180000000000 R
(18.182000) vcan0 00000001#7CB1180000000000 R
(18.183000) vcan0 00000002#E0B1180000000000 R
(18.184000) vcan0 00000003#44B2180000000000 R
(18.185000) vcan0 00000004#A8B2180000000000 R
(18.186000) vcan0 00000005#0CB3180000000000 R
(18.187000) vcan0 00000006#70B3180000000000 R
(18.188000) vcan0 00000001#D4B3180000000000 R
(18.189000) vcan0 00000002#38B4180000000000 R
(18.190000) vcan0 00000003#9CB4180000000000 R
(18.191000) vcan0 00000004#00B5180000000000 R
(18.192000) vcan0 00000005#64B5180000000000 R
(18.193000) vcan0 00000006#C8B5180000000000 R
(18.194000) vcan0 00000001#2CB6180000000000 R
(18.195000) vcan0 00000002#90B6180000000000 R
(18.196000) vcan0 00000003#F4B6180000000000 R
(18.197000) vcan0 00000004#58B7180000000000 R
(18.198000) vcan0 00000005#BCB7180000000000 R
(18.199000) vcan0 00000006#20B8180000000000 R
(18.200000) vcan0 00000001#84B8180000000000 R
(18.201000) vcan0 00000002#E8B8180000000000 R
(18.202000) vcan0 00000003#4CB9180000000000 R
(18.203000) vcan0 00000004#B0B9180000000000 R
(18.204000) vcan0 00000005#14BA180000000000 R
(18.205000) vcan0 00000006#78BA180000000000 R
(18.206000) vcan0 00000001#DCBA180000000000 R
(18.207000) vcan0 00000002#40BB180000000000 R
(18.208000) vcan0 00000003#A4BB180000000000 R
(18.209000) vcan0 00000004#08BC180000000000 R
(18.210000) vcan0 00000005#6CBC180000000000 R
(18.211000) vcan0 00000006#D0BC180000000000 R
(18.212000) vcan0 00000001#34BD180000000000 R
(18.213000) vcan0 00000002#98BD180000000000 R
(18.214000) vcan0 00000003#FCBD180000000000 R
(18.215000) vcan0 00000004#60BE180000000000 R
(18.216000) vcan0 00000005#C4BE180000000000 R
(18.217000) vcan0 00000006#28BF180000000000 R
(18.218000) vcan0 00000001#8CBF180000000000 R
(18.219000) vcan0 00000002#F0BF180000000000 R
(18.220000) vcan0 00000003#54C0180000000000 R
(18.221000) vcan0 00000004#B8C0180000000000 R
(18.222000) vcan0 00000005#1CC1180000000000 R
(18.223000) vcan0 00000006#80C1180000000000 R
(18.224000) vcan0 00000001#E4C1180000000000 R
(18.225000) vcan0 00000002#48C2180000000000 R
(18.226000) vcan0 00000003#ACC2180000000000 R
(18.227000) vcan0 00000004#10C3180000000000 R
(18.228000) vcan0 00000005#74C3180000000000 R
(18.229000) vcan0 00000006#D8C3180000000000 R
(18.230000) vcan0 00000001#3CC4180000000000 R
(18.231000) vcan0 00000002#A0C4180000000000 R
(18.232000) vcan0 00000003#04C5180000000000 R
(18.233000) vcan0 00000004#68C5180000000000 R
(18.234000) vcan0 00000005#CCC5180000000000 R
(18.235000) vcan0 00000006#30C6180000000000 R
(18.236000) vcan0 00000001#94C6180000000000 R
(18.237000) vcan0 00000002#F8C6180000000000 R
(18.238000) vcan0 00000003#5CC7180000000000 R
(18.239000) vcan0 00000004#C0C7180000000000 R
(18.240000) vcan0 00000005#24C8180000000000 R
(18.241000) vcan0 00000006#88C8180000000000 R
(18.242000) vcan0 00000001#ECC8180000000000 R
(18.243000) vcan0 00000002#50C9180000000000 R
(18.244000) vcan0 00000003#B4C9180000000000 R
(18.245000) vcan0 00000004#18CA180000000000 R
(18.246000) vcan0 00000005#7CCA180000000000 R
(18.247000) vcan0 00000006#E0CA180000000000 R
(18.248000) vcan0 00000001#44CB180000000000 R
(18.249000) vcan0 00000002#A8CB180000000000 R
(18.250000) vcan0 00000003#0CCC180000000000 R
(18.251000) vcan0 00000004#70CC180000000000 R
(18.252000) vcan0 00000005#D4CC180000000000 R
(18.253000) vcan0 00000006#38CD180000000000 R
(18.254000) vcan0 00000001#9CCD180000000000 R
(18.255000) vcan0 00000002#00CE180000000000 R
(18.256000) vcan0 00000003#64CE180000000000 R
(18.257000) vcan0 00000004#C8CE180000000000 R
(18.258000) vcan0 00000005#2CCF180000000000 R
(18.259000) vcan0 00000006#90CF180000000000 R
(18.260000) vcan0 00000001#F4CF180000000000 R
(18.261000) vcan0 00000002#58D0180000000000 R
(18.262000) vcan0 00000003#BCD0180000000000 R
(18.263000) vcan0 00000004#20D1180000000000 R
(18.264000) vcan0 00000005#84D1180000000000 R
(18.265000) vcan0 00000006#E8D1180000000000 R
(18.266000) vcan0 00000001#4CD2180000000000 R
(18.267000) vcan0 00000002#B0D2180000000000 R
(18.268000) vcan0 00000003#14D3180000000000 R
(18.269000) vcan0 00000004#78D3180000000000 R
(18.270000) vcan0 00000005#DCD3180000000000 R
(18.271000) vcan0 00000006#40D4180000000000 R
(18.272000) vcan0 00000001#A4D4180000000000 R
(18.273000) vcan0 00000002#08D5180000000000 R
(18.274000) vcan0 00000003#6CD5180000000000 R
(18.275000) vcan0 00000004#D0D5180000000000 R
(18.276000) vcan0 00000005#34D6180000000000 R
(18.277000) vcan0 00000006#98D6180000000000 R
(18.278000) vcan0 00000001#FCD6180000000000 R
(18.279000) vcan0 00000002#60D7180000000000 R
(18.280000) vcan0 00000003#C4D7180000000000 R
(18.281000) vcan0 00000004#28D8180000000000 R
(18.282000) vcan0 00000005#8CD8180000000000 R
(18.283000) vcan0 00000006#F0D8180000000000 R
(18.284000) vcan0 00000001#54D9180000000000 R
(18.285000) vcan0 00000002#B8D9180000000000 R
(18.286000) vcan0 00000003#1CDA180000000000 R
(18.287000) vcan0 00000004#80DA180000000000 R
(18.288000) vcan0 00000005#E4DA180000000000 R
(18.289000) vcan0 00000006#48DB180000000000 R
(18.290000) vcan0 00000001#ACDB180000000000 R
(18.291000) vcan0 00000002#10DC180000000000 R
(18.292000) vcan0 00000003#74DC180000000000 R
(18.293000) vcan0 00000004#D8DC180000000000 R
(18.294000) vcan0 00000005#3CDD180000000000 R
(18.295000) vcan0 00000006#A0DD180000000000 R
(18.296000) vcan0 00000001#04DE180000000000 R
(18.297000) vcan0 00000002#68DE180000000000 R
(18.298000) vcan0 00000003#CCDE180000000000 R
(18.299000) vcan0 00000004#30DF180000000000 R
(18.300000) vcan0 00000005#94DF180000000000 R
(18.301000) vcan0 00000006#F8DF180000000000 R
(18.302000) vcan0 00000001#5CE0180000000000 R
(18.303000) vcan0 00000002#C0E0180000000000 R
(18.304000) vcan0 00000003#24E1180000000000 R
(18.305000) vcan0 00000004#88E1180000000000 R
(18.306000) vcan0 00000005#ECE1180000000000 R
(18.307000) vcan0 00000006#50E2180000000000 R
(18.308000) vcan0 00000001#B4E2180000000000 R
(18.309000) vcan0 00000002#18E3180000000000 R
(18.310000) vcan0 00000003#7CE3180000000000 R
(18.311000) vcan0 00000004#E0E3180000000000 R
(18.312000) vcan0 00000005#44E4180000000000 R
(18.313000) vcan0 00000006#A8E4180000000000 R
(18.314000) vcan0 00000001#0CE5180000000000 R
(18.315000) vcan0 00000002#70E5180000000000 R
(18.316000) vcan0 00000003#D4E5180000000000 R
(18.317000) vcan0 00000004#38E6180000000000 R
(18.318000) vcan0 00000005#9CE6180000000000 R
(18.319000) vcan0 00000006#00E7180000000000 R
(18.320000) vcan0 00000001#64E7180000000000 R
(18.321000) vcan0 00000002#C8E7180000000000 R
(18.322000) vcan0 00000003#2CE8180000000000 R
(18.323000) vcan0 00000004#90E8180000000000 R
(18.324000) vcan0 00000005#F4E8180000000000 R
(18.325000) vcan0 00000006#58E9180000000000 R
(18.326000) vcan0 00000001#BCE9180000000000 R
(18.327000) vcan0 00000002#20EA180000000000 R
(18.328000) vcan0 00000003#84EA180000000000 R
(18.329000) vcan0 00000004#E8EA180000000000 R
(18.330000) vcan0 00000005#4CEB180000000000 R
(18.331000) vcan0 00000006#B0EB180000000000 R
(18.332000) vcan0 00000001#14EC180000000000 R
(18.333000) vcan0 00000002#78EC180000000000 R
(18.334000) vcan0 00000003#DCEC180000000000 R
(18.335000) vcan0 00000004#40ED180000000000 R
(18.336000) vcan0 00000005#A4ED180000000000 R
(18.337000) vcan0 00000006#08EE180000000000 R
(18.338000) vcan0 00000001#6CEE180000000000 R
(18.339000) vcan0 00000002#D0EE180000000000 R
(18.340000) vcan0 00000003#34EF180000000000 R
(18.341000) vcan0 00000004#98EF180000000000 R
(18.342000) vcan0 00000005#FCEF180000000000 R
(18.343000) vcan0 00000006#60F0180000000000 R
(18.344000) vcan0 00000001#C4F0180000000000 R
(18.345000) vcan0 00000002#28F1180000000000 R
(18.346000) vcan0 00000003#8CF1180000000000 R
(18.347000) vcan0 00000004#F0F1180000000000 R
(18.348000) vcan0 00000005#54F2180000000000 R
(18.349000) vcan0 00000006#B8F2180000000000 R
(18.350000) vcan0 00000001#1CF3180000000000 R
(18.351000) vcan0 00000002#80F3180000000000 R
(18.352000) vcan0 00000003#E4F3180000000000 R
(18.353000) vcan0 00000004#48F4180000000000 R
(18.354000) vcan0 00000005#ACF4180000000000 R
(18.355000) vcan0 00000006#10F5180000000000 R
(18.356000) vcan0 00000001#74F5180000000000 R
(18.357000) vcan0 00000002#D8F5180000000000 R
(18.358000) vcan0 00000003#3CF6180000000000 R
(18.359000) vcan0 00000004#A0F6180000000000 R
(18.360000) vcan0 00000005#04F7180000000000 R
(18.361000) vcan0 00000006#68F7180000000000 R
(18.362000) vcan0 00000001#CCF7180000000000 R
(18.363000) vcan0 00000002#30F8180000000000 R
(18.364000) vcan0 00000003#94F8180000000000 R
(18.365000) vcan0 00000004#F8F8180000000000 R
(18.366000) vcan0 00000005#5CF9180000000000 R
(18.367000) vcan0 00000006#C0F9180000000000 R
(18.368000) vcan0 00000001#24FA180000000000 R
(18.369000) vcan0 00000002#88FA180000000000 R
(18.370000) vcan0 00000003#ECFA180000000000 R
(18.371000) vcan0 00000004#50FB180000000000 R
(18.372000) vcan0 00000005#B4FB180000000000 R
(18.373000) vcan0 00000006#18FC180000000000 R
(18.374000) vcan0 00000001#7CFC180000000000 R
(18.375000) vcan0 00000002#E0FC180000000000 R
(18.376000) vcan0 00000003#44FD180000000000 R
(18.377000) vcan0 00000004#A8FD180000000000 R
(18.378000) vcan0 00000005#0CFE180000000000 R
(18.379000) vcan0 00000006#70FE180000000000 R
(18.380000) vcan0 00000001#D4FE180000000000 R
(18.381000) vcan0 00000002#38FF180000000000 R
(18.382000) vcan0 00000003#9CFF180000000000 R
(18.383000) vcan0 00000004#0000190000000000 R
(18.384000) vcan0 00000005#6400190000000000 R
(18.385000) vcan0 00000006#C800190000000000 R
(18.386000) vcan0 00000001#2C01190000000000 R
(18.387000) vcan0 00000002#9001190000000000 R
(18.388000) vcan0 00000003#F401190000000000 R
(18.389000) vcan0 00000004#5802190000000000 R
(18.390000) vcan0 00000005#BC02190000000000 R
(18.391000) vcan0 00000006#2003190000000000 R
(18.392000) vcan0 00000001#8403190000000000 R
(18.393000) vcan0 00000002#E803190000000000 R
(18.394000) vcan0 00000003#4C04190000000000 R
(18.395000) vcan0 00000004#B004190000000000 R
(18.396000) vcan0 00000005#1405190000000000 R
(18.397000) vcan0 00000006#7805190000000000 R
(18.398000) vcan0 00000001#DC05190000000000 R
(18.399000) vcan0 00000002#4006190000000000 R
(18.400000) vcan0 00000003#A406190000000000 R
(18.401000) vcan0 00000004#0807190000000000 R
(18.402000) vcan0 00000005#6C07190000000000 R
(18.403000) vcan0 00000006#D007190000000000 R
(18.404000) vcan0 00000001#3408190000000000 R
(18.405000) vcan0 00000002#9808190000000000 R
(18.406000) vcan0 00000003#FC08190000000000 R
(18.407000) vcan0 00000004#6009190000000000 R
(18.408000) vcan0 00000005#C409190000000000 R
(18.409000) vcan0 00000006#280A190000000000 R
(18.410000) vcan0 00000001#8C0A190000000000 R
(18.411000) vcan0 00000002#F00A190000000000 R
(18.412000) vcan0 00000003#540B190000000000 R
(18.413000) vcan0 00000004#B80B190000000000 R
(18.414000) vcan0 00000005#1C0C190000000000 R
(18.415000) vcan0 00000006#800C190000000000 R
(18.416000) vcan0 00000001#E40C190000000000 R
(18.417000) vcan0 00000002#480D190000000000 R
(18.418000) vcan0 00000003#AC0D190000000000 R
(18.419000) vcan0 00000004#100E190000000000 R
(18.420000) vcan0 00000005#740E190000000000 R
(18.421000) vcan0 00000006#D80E190000000000 R
(18.422000) vcan0 00000001#3C0F190000000000 R
(18.423000) vcan0 00000002#A00F190000000000 R
(18.424000) vcan0 00000003#0410190000000000 R
(18.425000) vcan0 00000004#6810190000000000 R
(18.426000) vcan0 00000005#CC10190000000000 R
(18.427000) vcan0 00000006#3011190000000000 R
(18.428000) vcan0 00000001#9411190000000000 R
(18.429000) vcan0 00000002#F811190000000000 R
(18.430000) vcan0 00000003#5C12190000000000 R
(18.431000) vcan0 00000004#C012190000000000 R
(18.432000) vcan0 00000005#2413190000000000 R
(18.433000) vcan0 00000006#8813190000000000 R
(18.434000) vcan0 00000001#EC13190000000000 R
(18.435000) vcan0 00000002#5014190000000000 R
(18.436000) vcan0 00000003#B414190000000000 R
(18.437000) vcan0 00000004#1815190000000000 R
(18.438000) vcan0 00000005#7C15190000000000 R
(18.439000) vcan0 00000006#E015190000000000 R
(18.440000) vcan0 00000001#4416190000000000 R
(18.441000) vcan0 00000002#A816190000000000 R
(18.442000) vcan0 00000003#0C17190000000000 R
(18.443000) vcan0 00000004#7017190000000000 R
(18.444000) vcan0 00000005#D417190000000000 R
(18.445000) vcan0 00000006#3818190000000000 R
(18.446000) vcan0 00000001#9C18190000000000 R
(18.447000) vcan0 00000002#0019190000000000 R
(18.448000) vcan0 00000003#6419190000000000 R
(18.449000) vcan0 00000004#C819190000000000 R
(18.450000) vcan0 00000005#2C1A190000000000 R
(18.451000) vcan0 00000006#901A190000000000 R
(18.452000) vcan0 00000001#F41A190000000000 R
(18.453000) vcan0 00000002#581B190000000000 R
(18.454000) vcan0 00000003#BC1B190000000000 R
(18.455000) vcan0 00000004#201C190000000000 R
(18.456000) vcan0 00000005#841C190000000000 R
(18.457000) vcan0 00000006#E81C190000000000 R
(18.458000) vcan0 00000001#4C1D190000000000 R
(18.459000) vcan0 00000002#B01D190000000000 R
(18.460000) vcan0 00000003#141E190000000000 R
(18.461000) vcan0 00000004#781E190000000000 R
(18.462000) vcan0 00000005#DC1E190000000000 R
(18.463000) vcan0 00000006#401F190000000000 R
(18.464000) vcan0 00000001#A41F190000000000 R
(18.465000) vcan0 00000002#0820190000000000 R
(18.466000) vcan0 00000003#6C20190000000000 R
(18.467000) vcan0 00000004#D020190000000000 R
(18.468000) vcan0 00000005#3421190000000000 R
(18.469000) vcan0 00000006#9821190000000000 R
(18.470000) vcan0 00000001#FC21190000000000 R
(18.471000) vcan0 00000002#6022190000000000 R
(18.472000) vcan0 00000003#C422190000000000 R
(18.473000) vcan0 00000004#2823190000000000 R
(18.474000) vcan0 00000005#8C23190000000000 R
(18.475000) vcan0 00000006#F023190000000000 R
(18.476000) vcan0 00000001#5424190000000000 R
(18.477000) vcan0 00000002#B824190000000000 R
(18.478000) vcan0 00000003#1C25190000000000 R
(18.479000) vcan0 00000004#8025190000000000 R
(18.480000) vcan0 00000005#E425190000000000 R
(18.481000) vcan0 00000006#4826190000000000 R
(18.482000) vcan0 00000001#AC26190000000000 R
(18.483000) vcan0 00000002#1027190000000000 R
(18.484000) vcan0 00000003#7427190000000000 R
(18.485000) vcan0 00000004#D827190000000000 R
(18.486000) vcan0 00000005#3C28190000000000 R
(18.487000) vcan0 00000006#A028190000000000 R
(18.488000) vcan0 00000001#0429190000000000 R
(18.489000) vcan0 00000002#6829190000000000 R
(18.490000) vcan0 00000003#CC29190000000000 R
(18.491000) vcan0 00000004#302A190000000000 R
(18.492000) vcan0 00000005#942A190000000000 R
(18.493000) vcan0 00000006#F82A190000000000 R
(18.494000) vcan0 00000001#5C2B190000000000 R
(18.495000) vcan0 00000002#C02B190000000000 R
(18.496000) vcan0 00000003#242C190000000000 R
(18.497000) vcan0 00000004#882C190000000000 R
(18.498000) vcan0 00000005#EC2C190000000000 R
(18.499000) vcan0 00000006#502D190000000000 R
(18.500000) vcan0 00000001#B42D190000000000 R
(18.501000) vcan0 00000002#182E190000000000 R
(18.502000) vcan0 00000003#7C2E190000000000 R
(18.503000) vcan0 00000004#E02E190000000000 R
(18.504000) vcan0 00000005#442F190000000000 R
(18.505000) vcan0 00000006#A82F190000000000 R
(18.506000) vcan0 00000001#0C30190000000000 R
(18.507000) vcan0 00000002#7030190000000000 R
(18.508000) vcan0 00000003#D430190000000000 R
(18.509000) vcan0 00000004#3831190000000000 R
(18.510000) vcan0 00000005#9C31190000000000 R
(18.511000) vcan0 00000006#0032190000000000 R
(18.512000) vcan0 00000001#6432190000000000 R
(18.513000) vcan0 00000002#C832190000000000 R
(18.514000) vcan0 00000003#2C33190000000000 R
(18.515000) vcan0 00000004#9033190000000000 R
(18.516000) vcan0 00000005#F433190000000000 R
(18.517000) vcan0 00000006#5834190000000000 R
(18.518000) vcan0 00000001#BC34190000000000 R
(18.519000) vcan0 00000002#2035190000000000 R
(18.520000) vcan0 00000003#8435190000000000 R
(18.521000) vcan0 00000004#E835190000000000 R
(18.522000) vcan0 00000005#4C36190000000000 R
(18.523000) vcan0 00000006#B036190000000000 R
(18.524000) vcan0 00000001#1437190000000000 R
(18.525000) vcan0 00000002#7837190000000000 R
(18.526000) vcan0 00000003#DC37190000000000 R
(18.527000) vcan0 00000004#4038190000000000 R
(18.528000) vcan0 00000005#A438190000000000 R
(18.529000) vcan0 00000006#0839190000000000 R
(18.530000) vcan0 00000001#6C39190000000000 R
(18.531000) vcan0 00000002#D039190000000000 R
(18.532000) vcan0 00000003#343A190000000000 R
(18.533000) vcan0 00000004#983A190000000000 R
(18.534000) vcan0 00000005#FC3A190000000000 R
(18.535000) vcan0 00000006#603B190000000000 R
(18.536000) vcan0 00000001#C43B190000000000 R
(18.537000) vcan0 00000002#283C190000000000 R
(18.538000) vcan0 00000003#8C3C190000000000 R
(18.539000) vcan0 00000004#F03C190000000000 R
(18.540000) vcan0 00000005#543D190000000000 R
(18.541000) vcan0 00000006#B83D190000000000 R
(18.542000) vcan0 00000001#1C3E190000000000 R
(18.543000) vcan0 00000002#803E190000000000 R
(18.544000) vcan0 00000003#E43E190000000000 R
(18.545000) vcan0 00000004#483F190000000000 R
(18.546000) vcan0 00000005#AC3F190000000000 R
(18.547000) vcan0 00000006#1040190000000000 R
(18.548000) vcan0 00000001#7440190000000000 R
(18.549000) vcan0 00000002#D840190000000000 R
(18.550000) vcan0 00000003#3C41190000000000 R
(18.551000) vcan0 00000004#A041190000000000 R
(18.552000) vcan0 00000005#0442190000000000 R
(18.553000) vcan0 00000006#6842190000000000 R
(18.554000) vcan0 00000001#CC42190000000000 R
(18.555000) vcan0 00000002#3043190000000000 R
(18.556000) vcan0 00000003#9443190000000000 R
(18.557000) vcan0 00000004#F843190000000000 R
(18.558000) vcan0 00000005#5C44190000000000 R
(18.559000) vcan0 00000006#C044190000000000 R
(18.560000) vcan0 00000001#2445190000000000 R
(18.561000) vcan0 00000002#8845190000000000 R
(18.562000) vcan0 00000003#EC45190000000000 R
(18.563000) vcan0 00000004#5046190000000000 R
(18.564000) vcan0 00000005#B446190000000000 R
(18.565000) vcan0 00000006#1847190000000000 R
(18.566000) vcan0 00000001#7C47190000000000 R
(18.567000) vcan0 00000002#E047190000000000 R
(18.568000) vcan0 00000003#4448190000000000 R
(18.569000) vcan0 00000004#A848190000000000 R
(18.570000) vcan0 00000005#0C49190000000000 R
(18.571000) vcan0 00000006#7049190000000000 R
(18.572000) vcan0 00000001#D449190000000000 R
(18.573000) vcan0 00000002#384A190000000000 R
(18.574000) vcan0 00000003#9C4A190000000000 R
(18.575000) vcan0 00000004#004B190000000000 R
(18.576000) vcan0 00000005#644B190000000000 R
(18.577000) vcan0 00000006#C84B190000000000 R
(18.578000) vcan0 00000001#2C4C190000000000 R
(18.579000) vcan0 00000002#904C190000000000 R
(18.580000) vcan0 00000003#F44C190000000000 R
(18.581000) vcan0 00000004#584D190000000000 R
(18.582000) vcan0 00000005#BC4D190000000000 R
(18.583000) vcan0 00000006#204E190000000000 R
(18.584000) vcan0 00000001#844E190000000000 R
(18.585000) vcan0 00000002#E84E190000000000 R
(18.586000) vcan0 00000003#4C4F190000000000 R
(18.587000) vcan0 00000004#B04F190000000000 R
(18.588000) vcan0 00000005#1450190000000000 R
(18.589000) vcan0 00000006#7850190000000000 R
(18.590000) vcan0 00000001#DC50190000000000 R
(18.591000) vcan0 00000002#4051190000000000 R
(18.592000) vcan0 00000003#A451190000000000 R
(18.593000) vcan0 00000004#0852190000000000 R
(18.594000) vcan0 00000005#6C52190000000000 R
(18.595000) vcan0 00000006#D052190000000000 R
(18.596000) vcan0 00000001#3453190000000000 R
(18.597000) vcan0 00000002#9853190000000000 R
(18.598000) vcan0 00000003#FC53190000000000 R
(18.599000) vcan0 00000004#6054190000000000 R
(18.600000) vcan0 00000005#C454190000000000 R
(18.601000) vcan0 00000006#2855190000000000 R
(18.602000) vcan0 00000001#8C55190000000000 R
(18.603000) vcan0 00000002#F055190000000000 R
(18.604000) vcan0 00000003#5456190000000000 R
