(52.252000) vcan0 00000003#14AE4C0000000000 R
(52.253000) vcan0 00000004#78AE4C0000000000 R
(52.254000) vcan0 00000005#DCAE4C0000000000 R
(52.255000) vcan0 00000006#40AF4C0000000000 R
(52.256000) vcan0 00000001#A4AF4C0000000000 R
(52.257000) vcan0 00000002#08B04C0000000000 R
(52.258000) vcan0 00000003#6CB04C0000000000 R
(52.259000) vcan0 00000004#D0B04C0000000000 R
(52.260000) vcan0 00000005#34B14C0000000000 R
(52.261000) vcan0 00000006#98B14C0000000000 R
(52.262000) vcan0 00000001#FCB14C0000000000 R
(52.263000) vcan0 00000002#60B24C0000000000 R
(52.264000) vcan0 00000003#C4B24C0000000000 R
(52.265000) vcan0 00000004#28B34C0000000000 R
(52.266000) vcan0 00000005#8CB34C0000000000 R
(52.267000) vcan0 00000006#F0B34C0000000000 R
(52.268000) vcan0 00000001#54B44C0000000000 R
(52.269000) vcan0 00000002#B8B44C0000000000 R
(52.270000) vcan0 00000003#1CB54C0000000000 R
(52.271000) vcan0 00000004#80B54C0000000000 R
(52.272000) vcan0 00000005#E4B54C0000000000 R
(52.273000) vcan0 00000006#48B64C0000000000 R
(52.274000) vcan0 00000001#ACB64C0000000000 R
(52.275000) vcan0 00000002#10B74C0000000000 R
(52.276000) vcan0 00000003#74B74C0000000000 R
(52.277000) vcan0 00000004#D8B74C0000000000 R
(52.278000) vcan0 00000005#3CB84C0000000000 R
(52.279000) vcan0 00000006#A0B84C0000000000 R
(52.280000) vcan0 00000001#04B94C0000000000 R
(52.281000) vcan0 00000002#68B94C0000000000 R
(52.282000) vcan0 00000003#CCB94C0000000000 R
(52.283000) vcan0 00000004#30BA4C0000000000 R
(52.284000) vcan0 00000005#94BA4C0000000000 R
(52.285000) vcan0 00000006#F8BA4C0000000000 R
(52.286000) vcan0 00000001#5CBB4C0000000000 R
(52.287000) vcan0 00000002#C0BB4C0000000000 R
(52.288000) vcan0 00000003#24BC4C0000000000 R
(52.289000) vcan0 00000004#88BC4C0000000000 R
(52.290000) vcan0 00000005#ECBC4C0000000000 R
(52.291000) vcan0 00000006#50BD4C0000000000 R
(52.292000) vcan0 00000001#B4BD4C0000000000 R
(52.293000) vcan0 00000002#18BE4C0000000000 R
(52.294000) vcan0 00000003#7CBE4C0000000000 R
(52.295000) vcan0 00000004#E0BE4C0000000000 R
(52.296000) vcan0 00000005#44BF4C0000000000 R
(52.297000) vcan0 00000006#A8BF4C0000000000 R
(52.298000) vcan0 00000001#0CC04C0000000000 R
(52.299000) vcan0 00000002#70C04C0000000000 R
(52.300000) vcan0 00000003#D4C04C0000000000 R
(52.301000) vcan0 00000004#38C14C0000000000 R
(52.302000) vcan0 00000005#9CC14C0000000000 R
(52.303000) vcan0 00000006#00C24C0000000000 R
(52.304000) vcan0 00000001#64C24C0000000000 R
(52.305000) vcan0 00000002#C8C24C0000000000 R
(52.306000) vcan0 00000003#2CC34C0000000000 R
(52.307000) vcan0 00000004#90C34C0000000000 R
(52.308000) vcan0 00000005#F4C34C0000000000 R
(52.309000) vcan0 00000006#58C44C0000000000 R
(52.310000) vcan0 00000001#BCC44C0000000000 R
(52.311000) vcan0 00000002#20C54C0000000000 R
(52.312000) vcan0 00000003#84C54C0000000000 R
(52.313000) vcan0 00000004#E8C54C0000000000 R
(52.314000) vcan0 00000005#4CC64C0000000000 R
(52.315000) vcan0 00000006#B0C64C0000000000 R
(52.316000) vcan0 00000001#14C74C0000000000 R
(52.317000) vcan0 00000002#78C74C0000000000 R
(52.318000) vcan0 00000003#DCC74C0000000000 R
(52.319000) vcan0 00000004#40C84C0000000000 R
(52.320000) vcan0 00000005#A4C84C0000000000 R
(52.321000) vcan0 00000006#08C94C0000000000 R
(52.322000) vcan0 00000001#6CC94C0000000000 R
(52.323000) vcan0 00000002#D0C94C0000000000 R
(52.324000) vcan0 00000003#34CA4C0000000000 R
(52.325000) vcan0 00000004#98CA4C0000000000 R
(52.326000) vcan0 00000005#FCCA4C0000000000 R
(52.327000) vcan0 00000006#60CB4C0000000000 R
(52.328000) vcan0 00000001#C4CB4C0000000000 R
(52.329000) vcan0 00000002#28CC4C0000000000 R
(52.330000) vcan0 00000003#8CCC4C0000000000 R
(52.331000) vcan0 00000004#F0CC4C0000000000 R
(52.332000) vcan0 00000005#54CD4C0000000000 R
(52.333000) vcan0 00000006#B8CD4C0000000000 R
(52.334000) vcan0 00000001#1CCE4C0000000000 R
(52.335000) vcan0 00000002#80CE4C0000000000 R
(52.336000) vcan0 00000003#E4CE4C0000000000 R
(52.337000) vcan0 00000004#48CF4C0000000000 R
(52.338000) vcan0 00000005#ACCF4C0000000000 R
(52.339000) vcan0 00000006#10D04C0000000000 R
(52.340000) vcan0 00000001#74D04C0000000000 R
(52.341000) vcan0 00000002#D8D04C0000000000 R
(52.342000) vcan0 00000003#3CD14C0000000000 R
(52.343000) vcan0 00000004#A0D14C0000000000 R
(52.344000) vcan0 00000005#04D24C0000000000 R
(52.345000) vcan0 00000006#68D24C0000000000 R
(52.346000) vcan0 00000001#CCD24C0000000000 R
(52.347000) vcan0 00000002#30D34C0000000000 R
(52.348000) vcan0 00000003#94D34C0000000000 R
(52.349000) vcan0 00000004#F8D34C0000000000 R
(52.350000) vcan0 00000005#5CD44C0000000000 R
(52.351000) vcan0 00000006#C0D44C0000000000 R
(52.352000) vcan0 00000001#24D54C0000000000 R
(52.353000) vcan0 00000002#88D54C0000000000 R
(52.354000) vcan0 00000003#ECD54C0000000000 R
(52.355000) vcan0 00000004#50D64C0000000000 R
(52.356000) vcan0 00000005#B4D64C0000000000 R
(52.357000) vcan0 00000006#18D74C0000000000 R
(52.358000) vcan0 00000001#7CD74C0000000000 R
(52.359000) vcan0 00000002#E0D74C0000000000 R
(52.360000) vcan0 00000003#44D84C0000000000 R
(52.361000) vcan0 00000004#A8D84C0000000000 R
(52.362000) vcan0 00000005#0CD94C0000000000 R
(52.363000) vcan0 00000006#70D94C0000000000 R
(52.364000) vcan0 00000001#D4D94C0000000000 R
(52.365000) vcan0 00000002#38DA4C0000000000 R
(52.366000) vcan0 00000003#9CDA4C0000000000 R
(52.367000) vcan0 00000004#00DB4C0000000000 R
(52.368000) vcan0 00000005#64DB4C0000000000 R
(52.369000) vcan0 00000006#C8DB4C0000000000 R
(52.370000) vcan0 00000001#2CDC4C0000000000 R
(52.371000) vcan0 00000002#90DC4C0000000000 R
(52.372000) vcan0 00000003#F4DC4C0000000000 R
(52.373000) vcan0 00000004#58DD4C0000000000 R
(52.374000) vcan0 00000005#BCDD4C0000000000 R
(52.375000) vcan0 00000006#20DE4C0000000000 R
(52.376000) vcan0 00000001#84DE4C0000000000 R
(52.377000) vcan0 00000002#E8DE4C0000000000 R
(52.378000) vcan0 00000003#4CDF4C0000000000 R
(52.379000) vcan0 00000004#B0DF4C0000000000 R
(52.380000) vcan0 00000005#14E04C0000000000 R
(52.381000) vcan0 00000006#78E04C0000000000 R
(52.382000) vcan0 00000001#DCE04C0000000000 R
(52.383000) vcan0 00000002#40E14C0000000000 R
(52.384000) vcan0 00000003#A4E14C0000000000 R
(52.385000) vcan0 00000004#08E24C0000000000 R
(52.386000) vcan0 00000005#6CE24C0000000000 R
(52.387000) vcan0 00000006#D0E24C0000000000 R
(52.388000) vcan0 00000001#34E34C0000000000 R
(52.389000) vcan0 00000002#98E34C0000000000 R
(52.390000) vcan0 00000003#FCE34C0000000000 R
(52.391000) vcan0 00000004#60E44C0000000000 R
(52.392000) vcan0 00000005#C4E44C0000000000 R
(52.393000) vcan0 00000006#28E54C0000000000 R
(52.394000) vcan0 00000001#8CE54C0000000000 R
(52.395000) vcan0 00000002#F0E54C0000000000 R
(52.396000) vcan0 00000003#54E64C0000000000 R
(52.397000) vcan0 00000004#B8E64C0000000000 R
(52.398000) vcan0 00000005#1CE74C0000000000 R
(52.399000) vcan0 00000006#80E74C0000000000 R
(52.400000) vcan0 00000001#E4E74C0000000000 R
(52.401000) vcan0 00000002#48E84C0000000000 R
(52.402000) vcan0 00000003#ACE84C0000000000 R
(52.403000) vcan0 00000004#10E94C0000000000 R
(52.404000) vcan0 00000005#74E94C0000000000 R
(52.405000) vcan0 00000006#D8E94C0000000000 R
(52.406000) vcan0 00000001#3CEA4C0000000000 R
(52.407000) vcan0 00000002#A0EA4C0000000000 R
(52.408000) vcan0 00000003#04EB4C0000000000 R
(52.409000) vcan0 00000004#68EB4C0000000000 R
(52.410000) vcan0 00000005#CCEB4C0000000000 R
(52.411000) vcan0 00000006#30EC4C0000000000 R
(52.412000) vcan0 00000001#94EC4C0000000000 R
(52.413000) vcan0 00000002#F8EC4C0000000000 R
(52.414000) vcan0 00000003#5CED4C0000000000 R
(52.415000) vcan0 00000004#C0ED4C0000000000 R
(52.416000) vcan0 00000005#24EE4C0000000000 R
(52.417000) vcan0 00000006#88EE4C0000000000 R
(52.418000) vcan0 00000001#ECEE4C0000000000 R
(52.419000) vcan0 00000002#50EF4C0000000000 R
(52.420000) vcan0 00000003#B4EF4C0000000000 R
(52.421000) vcan0 00000004#18F04C0000000000 R
(52.422000) vcan0 00000005#7CF04C0000000000 R
(52.423000) vcan0 00000006#E0F04C0000000000 R
(52.424000) vcan0 00000001#44F14C0000000000 R
(52.425000) vcan0 00000002#A8F14C0000000000 R
(52.426000) vcan0 00000003#0CF24C0000000000 R
(52.427000) vcan0 00000004#70F24C0000000000 R
(52.428000) vcan0 00000005#D4F24C0000000000 R
(52.429000) vcan0 00000006#38F34C0000000000 R
(52.430000) vcan0 00000001#9CF34C0000000000 R
(52.431000) vcan0 00000002#00F44C0000000000 R
(52.432000) vcan0 00000003#64F44C0000000000 R
(52.433000) vcan0 00000004#C8F44C0000000000 R
(52.434000) vcan0 00000005#2CF54C0000000000 R
(52.435000) vcan0 00000006#90F54C0000000000 R
(52.436000) vcan0 00000001#F4F54C0000000000 R
(52.437000) vcan0 00000002#58F64C0000000000 R
(52.438000) vcan0 00000003#BCF64C0000000000 R
(52.439000) vcan0 00000004#20F74C0000000000 R
(52.440000) vcan0 00000005#84F74C0000000000 R
(52.441000) vcan0 00000006#E8F74C0000000000 R
(52.442000) vcan0 00000001#4CF84C0000000000 R
(52.443000) vcan0 00000002#B0F84C0000000000 R
(52.444000) vcan0 00000003#14F94C0000000000 R
(52.445000) vcan0 00000004#78F94C0000000000 R
(52.446000) vcan0 00000005#DCF94C0000000000 R
(52.447000) vcan0 00000006#40FA4C0000000000 R
(52.448000) vcan0 00000001#A4FA4C0000000000 R
(52.449000) vcan0 00000002#08FB4C0000000000 R
(52.450000) vcan0 00000003#6CFB4C0000000000 R
(52.451000) vcan0 00000004#D0FB4C0000000000 R
(52.452000) vcan0 00000005#34FC4C0000000000 R
(52.453000) vcan0 00000006#98FC4C0000000000 R
(52.454000) vcan0 00000001#FCFC4C0000000000 R
(52.455000) vcan0 00000002#60FD4C0000000000 R
(52.456000) vcan0 00000003#C4FD4C0000000000 R
(52.457000) vcan0 00000004#28FE4C0000000000 R
(52.458000) vcan0 00000005#8CFE4C0000000000 R
(52.459000) vcan0 00000006#F0FE4C0000000000 R
(52.460000) vcan0 00000001#54FF4C0000000000 R
(52.461000) vcan0 00000002#B8FF4C0000000000 R
(52.462000) vcan0 00000003#1C004D0000000000 R
(52.463000) vcan0 00000004#80004D0000000000 R
(52.464000) vcan0 00000005#E4004D0000000000 R
(52.465000) vcan0 00000006#48014D0000000000 R
(52.466000) vcan0 00000001#AC014D0000000000 R
(52.467000) vcan0 00000002#10024D0000000000 R
(52.468000) vcan0 00000003#74024D0000000000 R
(52.469000) vcan0 00000004#D8024D0000000000 R
(52.470000) vcan0 00000005#3C034D0000000000 R
(52.471000) vcan0 00000006#A0034D0000000000 R
(52.472000) vcan0 00000001#04044D0000000000 R
(52.473000) vcan0 00000002#68044D0000000000 R
(52.474000) vcan0 00000003#CC044D0000000000 R
(52.475000) vcan0 00000004#30054D0000000000 R
(52.476000) vcan0 00000005#94054D0000000000 R
(52.477000) vcan0 00000006#F8054D0000000000 R
(52.478000) vcan0 00000001#5C064D0000000000 R
(52.479000) vcan0 00000002#C0064D0000000000 R
(52.480000) vcan0 00000003#24074D0000000000 R
(52.481000) vcan0 00000004#88074D0000000000 R
(52.482000) vcan0 00000005#EC074D0000000000 R
(52.483000) vcan0 00000006#50084D0000000000 R
(52.484000) vcan0 00000001#B4084D0000000000 R
(52.485000) vcan0 00000002#18094D0000000000 R
(52.486000) vcan0 00000003#7C094D0000000000 R
(52.487000) vcan0 00000004#E0094D0000000000 R
(52.488000) vcan0 00000005#440A4D0000000000 R
(52.489000) vcan0 00000006#A80A4D0000000000 R
(52.490000) vcan0 00000001#0C0B4D0000000000 R
(52.491000) vcan0 00000002#700B4D0000000000 R
(52.492000) vcan0 00000003#D40B4D0000000000 R
(52.493000) vcan0 00000004#380C4D0000000000 R
(52.494000) vcan0 00000005#9C0C4D0000000000 R
(52.495000) vcan0 00000006#000D4D0000000000 R
(52.496000) vcan0 00000001#640D4D0000000000 R
(52.497000) vcan0 00000002#C80D4D0000000000 R
(52.498000) vcan0 00000003#2C0E4D0000000000 R
(52.499000) vcan0 00000004#900E4D0000000000 R
(52.500000) vcan0 00000005#F40E4D0000000000 R
(52.501000) vcan0 00000006#580F4D0000000000 R
(52.502000) vcan0 00000001#BC0F4D0000000000 R
(52.503000) vcan0 00000002#20104D0000000000 R
(52.504000) vcan0 00000003#84104D0000000000 R
(52.505000) vcan0 00000004#E8104D0000000000 R
(52.506000) vcan0 00000005#4C114D0000000000 R
(52.507000) vcan0 00000006#B0114D0000000000 R
(52.508000) vcan0 00000001#14124D0000000000 R
(52.509000) vcan0 00000002#78124D0000000000 R
(52.510000) vcan0 00000003#DC124D0000000000 R
(52.511000) vcan0 00000004#40134D0000000000 R
(52.512000) vcan0 00000005#A4134D0000000000 R
(52.513000) vcan0 00000006#08144D0000000000 R
(52.514000) vcan0 00000001#6C144D0000000000 R
(52.515000) vcan0 00000002#D0144D0000000000 R
(52.516000) vcan0 00000003#34154D0000000000 R
(52.517000) vcan0 00000004#98154D0000000000 R
(52.518000) vcan0 00000005#FC154D0000000000 R
(52.519000) vcan0 00000006#60164D0000000000 R
(52.520000) vcan0 00000001#C4164D0000000000 R
(52.521000) vcan0 00000002#28174D0000000000 R
(52.522000) vcan0 00000003#8C174D0000000000 R
(52.523000) vcan0 00000004#F0174D0000000000 R
(52.524000) vcan0 00000005#54184D0000000000 R
(52.525000) vcan0 00000006#B8184D0000000000 R
(52.526000) vcan0 00000001#1C194D0000000000 R
(52.527000) vcan0 00000002#80194D0000000000 R
(52.528000) vcan0 00000003#E4194D0000000000 R
(52.529000) vcan0 00000004#481A4D0000000000 R
(52.530000) vcan0 00000005#AC1A4D0000000000 R
(52.531000) vcan0 00000006#101B4D0000000000 R
