(10.705000) vcan0 00000006#C8480D0000000000 R
(10.706000) vcan0 00000001#2C490D0000000000 R
(10.707000) vcan0 00000002#90490D0000000000 R
(10.708000) vcan0 00000003#F4490D0000000000 R
(10.709000) vcan0 00000004#584A0D0000000000 R
(10.710000) vcan0 00000005#BC4A0D0000000000 R
(10.711000) vcan0 00000006#204B0D0000000000 R
(10.712000) vcan0 00000001#844B0D0000000000 R
(10.713000) vcan0 00000002#E84B0D0000000000 R
(10.714000) vcan0 00000003#4C4C0D0000000000 R
(10.715000) vcan0 00000004#B04C0D0000000000 R
(10.716000) vcan0 00000005#144D0D0000000000 R
(10.717000) vcan0 00000006#784D0D0000000000 R
(10.718000) vcan0 00000001#DC4D0D0000000000 R
(10.719000) vcan0 00000002#404E0D0000000000 R
(10.720000) vcan0 00000003#A44E0D0000000000 R
(10.721000) vcan0 00000004#084F0D0000000000 R
(10.722000) vcan0 00000005#6C4F0D0000000000 R
(10.723000) vcan0 00000006#D04F0D0000000000 R
(10.724000) vcan0 00000001#34500D0000000000 R
(10.725000) vcan0 00000002#98500D0000000000 R
(10.726000) vcan0 00000003#FC500D0000000000 R
(10.727000) vcan0 00000004#60510D0000000000 R
(10.728000) vcan0 00000005#C4510D0000000000 R
(10.729000) vcan0 00000006#28520D0000000000 R
(10.730000) vcan0 00000001#8C520D0000000000 R
(10.731000) vcan0 00000002#F0520D0000000000 R
(10.732000) vcan0 00000003#54530D0000000000 R
(10.733000) vcan0 00000004#B8530D0000000000 R
(10.734000) vcan0 00000005#1C540D0000000000 R
(10.735000) vcan0 00000006#80540D0000000000 R
(10.736000) vcan0 00000001#E4540D0000000000 R
(10.737000) vcan0 00000002#48550D0000000000 R
(10.738000) vcan0 00000003#AC550D0000000000 R
(10.739000) vcan0 00000004#10560D0000000000 R
(10.740000) vcan0 00000005#74560D0000000000 R
(10.741000) vcan0 00000006#D8560D0000000000 R
(10.742000) vcan0 00000001#3C570D0000000000 R
(10.743000) vcan0 00000002#A0570D0000000000 R
(10.744000) vcan0 00000003#04580D0000000000 R
(10.745000) vcan0 00000004#68580D0000000000 R
(10.746000) vcan0 00000005#CC580D0000000000 R
(10.747000) vcan0 00000006#30590D0000000000 R
(10.748000) vcan0 00000001#94590D0000000000 R
(10.749000) vcan0 00000002#F8590D0000000000 R
(10.750000) vcan0 00000003#5C5A0D0000000000 R
(10.751000) vcan0 00000004#C05A0D0000000000 R
(10.752000) vcan0 00000005#245B0D0000000000 R
(10.753000) vcan0 00000006#885B0D0000000000 R
(10.754000) vcan0 00000001#EC5B0D0000000000 R
(10.755000) vcan0 00000002#505C0D0000000000 R
(10.756000) vcan0 00000003#B45C0D0000000000 R
(10.757000) vcan0 00000004#185D0D0000000000 R
(10.758000) vcan0 00000005#7C5D0D0000000000 R
(10.759000) vcan0 00000006#E05D0D0000000000 R
(10.760000) vcan0 00000001#445E0D0000000000 R
(10.761000) vcan0 00000002#A85E0D0000000000 R
(10.762000) vcan0 00000003#0C5F0D0000000000 R
(10.763000) vcan0 00000004#705F0D0000000000 R
(10.764000) vcan0 00000005#D45F0D0000000000 R
(10.765000) vcan0 00000006#38600D0000000000 R
(10.766000) vcan0 00000001#9C600D0000000000 R
(10.767000) vcan0 00000002#00610D0000000000 R
(10.768000) vcan0 00000003#64610D0000000000 R
(10.769000) vcan0 00000004#C8610D0000000000 R
(10.770000) vcan0 00000005#2C620D0000000000 R
(10.771000) vcan0 00000006#90620D0000000000 R
(10.772000) vcan0 00000001#F4620D0000000000 R
(10.773000) vcan0 00000002#58630D0000000000 R
(10.774000) vcan0 00000003#BC630D0000000000 R
(10.775000) vcan0 00000004#20640D0000000000 R
(10.776000) vcan0 00000005#84640D0000000000 R
(10.777000) vcan0 00000006#E8640D0000000000 R
(10.778000) vcan0 00000001#4C650D0000000000 R
(10.779000) vcan0 00000002#B0650D0000000000 R
(10.780000) vcan0 00000003#14660D0000000000 R
(10.781000) vcan0 00000004#78660D0000000000 R
(10.782000) vcan0 00000005#DC660D0000000000 R
(10.783000) vcan0 00000006#40670D0000000000 R
(10.784000) vcan0 00000001#A4670D0000000000 R
(10.785000) vcan0 00000002#08680D0000000000 R
(10.786000) vcan0 00000003#6C680D0000000000 R
(10.787000) vcan0 00000004#D0680D0000000000 R
(10.788000) vcan0 00000005#34690D0000000000 R
(10.789000) vcan0 00000006#98690D0000000000 R
(10.790000) vcan0 00000001#FC690D0000000000 R
(10.791000) vcan0 00000002#606A0D0000000000 R
(10.792000) vcan0 00000003#C46A0D0000000000 R
(10.793000) vcan0 00000004#286B0D0000000000 R
(10.794000) vcan0 00000005#8C6B0D0000000000 R
(10.795000) vcan0 00000006#F06B0D0000000000 R
(10.796000) vcan0 00000001#546C0D0000000000 R
(10.797000) vcan0 00000002#B86C0D0000000000 R
(10.798000) vcan0 00000003#1C6D0D0000000000 R
(10.799000) vcan0 00000004#806D0D0000000000 R
(10.800000) vcan0 00000005#E46D0D0000000000 R
(10.801000) vcan0 00000006#486E0D0000000000 R
(10.802000) vcan0 00000001#AC6E0D0000000000 R
(10.803000) vcan0 00000002#106F0D0000000000 R
(10.804000) vcan0 00000003#746F0D0000000000 R
(10.805000) vcan0 00000004#D86F0D0000000000 R
(10.806000) vcan0 00000005#3C700D0000000000 R
(10.807000) vcan0 00000006#A0700D0000000000 R
(10.808000) vcan0 00000001#04710D0000000000 R
(10.809000) vcan0 00000002#68710D0000000000 R
(10.810000) vcan0 00000003#CC710D0000000000 R
(10.811000) vcan0 00000004#30720D0000000000 R
(10.812000) vcan0 00000005#94720D0000000000 R
(10.813000) vcan0 00000006#F8720D0000000000 R
(10.814000) vcan0 00000001#5C730D0000000000 R
(10.815000) vcan0 00000002#C0730D0000000000 R
(10.816000) vcan0 00000003#24740D0000000000 R
(10.817000) vcan0 00000004#88740D0000000000 R
(10.818000) vcan0 00000005#EC740D0000000000 R
(10.819000) vcan0 00000006#50750D0000000000 R
(10.820000) vcan0 00000001#B4750D0000000000 R
(10.821000) vcan0 00000002#18760D0000000000 R
(10.822000) vcan0 00000003#7C760D0000000000 R
(10.823000) vcan0 00000004#E0760D0000000000 R
(10.824000) vcan0 00000005#44770D0000000000 R
(10.825000) vcan0 00000006#A8770D0000000000 R
(10.826000) vcan0 00000001#0C780D0000000000 R
(10.827000) vcan0 00000002#70780D0000000000 R
(10.828000) vcan0 00000003#D4780D0000000000 R
(10.829000) vcan0 00000004#38790D0000000000 R
(10.830000) vcan0 00000005#9C790D0000000000 R
(10.831000) vcan0 00000006#007A0D0000000000 R
(10.832000) vcan0 00000001#647A0D0000000000 R
(10.833000) vcan0 00000002#C87A0D0000000000 R
(10.834000) vcan0 00000003#2C7B0D0000000000 R
(10.835000) vcan0 00000004#907B0D0000000000 R
(10.836000) vcan0 00000005#F47B0D0000000000 R
(10.837000) vcan0 00000006#587C0D0000000000 R
(10.838000) vcan0 00000001#BC7C0D0000000000 R
(10.839000) vcan0 00000002#207D0D0000000000 R
(10.840000) vcan0 00000003#847D0D0000000000 R
(10.841000) vcan0 00000004#E87D0D0000000000 R
(10.842000) vcan0 00000005#4C7E0D0000000000 R
(10.843000) vcan0 00000006#B07E0D0000000000 R
(10.844000) vcan0 00000001#147F0D0000000000 R
(10.845000) vcan0 00000002#787F0D0000000000 R
(10.846000) vcan0 00000003#DC7F0D0000000000 R
(10.847000) vcan0 00000004#40800D0000000000 R
(10.848000) vcan0 00000005#A4800D0000000000 R
(10.849000) vcan0 00000006#08810D0000000000 R
(10.850000) vcan0 00000001#6C810D0000000000 R
(10.851000) vcan0 00000002#D0810D0000000000 R
(10.852000) vcan0 00000003#34820D0000000000 R
(10.853000) vcan0 00000004#98820D0000000000 R
(10.854000) vcan0 00000005#FC820D0000000000 R
(10.855000) vcan0 00000006#60830D0000000000 R
(10.856000) vcan0 00000001#C4830D0000000000 R
(10.857000) vcan0 00000002#28840D0000000000 R
(10.858000) vcan0 00000003#8C840D0000000000 R
(10.859000) vcan0 00000004#F0840D0000000000 R
(10.860000) vcan0 00000005#54850D0000000000 R
(10.861000) vcan0 00000006#B8850D0000000000 R
(10.862000) vcan0 00000001#1C860D0000000000 R
(10.863000) vcan0 00000002#80860D0000000000 R
(10.864000) vcan0 00000003#E4860D0000000000 R
(10.865000) vcan0 00000004#48870D0000000000 R
(10.866000) vcan0 00000005#AC870D0000000000 R
(10.867000) vcan0 00000006#10880D0000000000 R
(10.868000) vcan0 00000001#74880D0000000000 R
(10.869000) vcan0 00000002#D8880D0000000000 R
(10.870000) vcan0 00000003#3C890D0000000000 R
(10.871000) vcan0 00000004#A0890D0000000000 R
(10.872000) vcan0 00000005#048A0D0000000000 R
(10.873000) vcan0 00000006#688A0D0000000000 R
(10.874000) vcan0 00000001#CC8A0D0000000000 R
(10.875000) vcan0 00000002#308B0D0000000000 R
(10.876000) vcan0 00000003#948B0D0000000000 R
(10.877000) vcan0 00000004#F88B0D0000000000 R
(10.878000) vcan0 00000005#5C8C0D0000000000 R
(10.879000) vcan0 00000006#C08C0D0000000000 R
(10.880000) vcan0 00000001#248D0D0000000000 R
(10.881000) vcan0 00000002#888D0D0000000000 R
(10.882000) vcan0 00000003#EC8D0D0000000000 R
(10.883000) vcan0 00000004#508E0D0000000000 R
(10.884000) vcan0 00000005#B48E0D0000000000 R
(10.885000) vcan0 00000006#188F0D0000000000 R
(10.886000) vcan0 00000001#7C8F0D0000000000 R
(10.887000) vcan0 00000002#E08F0D0000000000 R
(10.888000) vcan0 00000003#44900D0000000000 R
(10.889000) vcan0 00000004#A8900D0000000000 R
(10.890000) vcan0 00000005#0C910D0000000000 R
(10.891000) vcan0 00000006#70910D0000000000 R
(10.892000) vcan0 00000001#D4910D0000000000 R
(10.893000) vcan0 00000002#38920D0000000000 R
(10.894000) vcan0 00000003#9C920D0000000000 R
(10.895000) vcan0 00000004#00930D0000000000 R
(10.896000) vcan0 00000005#64930D0000000000 R
(10.897000) vcan0 00000006#C8930D0000000000 R
(10.898000) vcan0 00000001#2C940D0000000000 R
(10.899000) vcan0 00000002#90940D0000000000 R
(10.900000) vcan0 00000003#F4940D0000000000 R
(10.901000) vcan0 00000004#58950D0000000000 R
(10.902000) vcan0 00000005#BC950D0000000000 R
(10.903000) vcan0 00000006#20960D0000000000 R
(10.904000) vcan0 00000001#84960D0000000000 R
(10.905000) vcan0 00000002#E8960D0000000000 R
(10.906000) vcan0 00000003#4C970D0000000000 R
(10.907000) vcan0 00000004#B0970D0000000000 R
(10.908000) vcan0 00000005#14980D0000000000 R
(10.909000) vcan0 00000006#78980D0000000000 R
(10.910000) vcan0 00000001#DC980D0000000000 R
(10.911000) vcan0 00000002#40990D0000000000 R
(10.912000) vcan0 00000003#A4990D0000000000 R
(10.913000) vcan0 00000004#089A0D0000000000 R
(10.914000) vcan0 00000005#6C9A0D0000000000 R
(10.915000) vcan0 00000006#D09A0D0000000000 R
(10.916000) vcan0 00000001#349B0D0000000000 R
(10.917000) vcan0 00000002#989B0D0000000000 R
(10.918000) vcan0 00000003#FC9B0D0000000000 R
(10.919000) vcan0 00000004#609C0D0000000000 R
(10.920000) vcan0 00000005#C49C0D0000000000 R
(10.921000) vcan0 00000006#289D0D0000000000 R
(10.922000) vcan0 00000001#8C9D0D0000000000 R
(10.923000) vcan0 00000002#F09D0D0000000000 R
(10.924000) vcan0 00000003#549E0D0000000000 R
(10.925000) vcan0 00000004#B89E0D0000000000 R
(10.926000) vcan0 00000005#1C9F0D0000000000 R
(10.927000) vcan0 00000006#809F0D0000000000 R
