(39.252000) vcan0 00000005#F4D7380000000000 R
(39.253000) vcan0 00000006#58D8380000000000 R
(39.254000) vcan0 00000001#BCD8380000000000 R
(39.255000) vcan0 00000002#20D9380000000000 R
(39.256000) vcan0 00000003#84D9380000000000 R
(39.257000) vcan0 00000004#E8D9380000000000 R
(39.258000) vcan0 00000005#4CDA380000000000 R
(39.259000) vcan0 00000006#B0DA380000000000 R
(39.260000) vcan0 00000001#14DB380000000000 R
(39.261000) vcan0 00000002#78DB380000000000 R
(39.262000) vcan0 00000003#DCDB380000000000 R
(39.263000) vcan0 00000004#40DC380000000000 R
(39.264000) vcan0 00000005#A4DC380000000000 R
(39.265000) vcan0 00000006#08DD380000000000 R
(39.266000) vcan0 00000001#6CDD380000000000 R
(39.267000) vcan0 00000002#D0DD380000000000 R
(39.268000) vcan0 00000003#34DE380000000000 R
(39.269000) vcan0 00000004#98DE380000000000 R
(39.270000) vcan0 00000005#FCDE380000000000 R
(39.271000) vcan0 00000006#60DF380000000000 R
(39.272000) vcan0 00000001#C4DF380000000000 R
(39.273000) vcan0 00000002#28E0380000000000 R
(39.274000) vcan0 00000003#8CE0380000000000 R
(39.275000) vcan0 00000004#F0E0380000000000 R
(39.276000) vcan0 00000005#54E1380000000000 R
(39.277000) vcan0 00000006#B8E1380000000000 R
(39.278000) vcan0 00000001#1CE2380000000000 R
(39.279000) vcan0 00000002#80E2380000000000 R
(39.280000) vcan0 00000003#E4E2380000000000 R
(39.281000) vcan0 00000004#48E3380000000000 R
(39.282000) vcan0 00000005#ACE3380000000000 R
(39.283000) vcan0 00000006#10E4380000000000 R
(39.284000) vcan0 00000001#74E4380000000000 R
(39.285000) vcan0 00000002#D8E4380000000000 R
(39.286000) vcan0 00000003#3CE5380000000000 R
(39.287000) vcan0 00000004#A0E5380000000000 R
(39.288000) vcan0 00000005#04E6380000000000 R
(39.289000) vcan0 00000006#68E6380000000000 R
(39.290000) vcan0 00000001#CCE6380000000000 R
(39.291000) vcan0 00000002#30E7380000000000 R
(39.292000) vcan0 00000003#94E7380000000000 R
(39.293000) vcan0 00000004#F8E7380000000000 R
(39.294000) vcan0 00000005#5CE8380000000000 R
(39.295000) vcan0 00000006#C0E8380000000000 R
(39.296000) vcan0 00000001#24E9380000000000 R
(39.297000) vcan0 00000002#88E9380000000000 R
(39.298000) vcan0 00000003#ECE9380000000000 R
(39.299000) vcan0 00000004#50EA380000000000 R
(39.300000) vcan0 00000005#B4EA380000000000 R
(39.301000) vcan0 00000006#18EB380000000000 R
(39.302000) vcan0 00000001#7CEB380000000000 R
(39.303000) vcan0 00000002#E0EB380000000000 R
(39.304000) vcan0 00000003#44EC380000000000 R
(39.305000) vcan0 00000004#A8EC380000000000 R
(39.306000) vcan0 00000005#0CED380000000000 R
(39.307000) vcan0 00000006#70ED380000000000 R
(39.308000) vcan0 00000001#D4ED380000000000 R
(39.309000) vcan0 00000002#38EE380000000000 R
(39.310000) vcan0 00000003#9CEE380000000000 R
(39.311000) vcan0 00000004#00EF380000000000 R
(39.312000) vcan0 00000005#64EF380000000000 R
(39.313000) vcan0 00000006#C8EF380000000000 R
(39.314000) vcan0 00000001#2CF0380000000000 R
(39.315000) vcan0 00000002#90F0380000000000 R
(39.316000) vcan0 00000003#F4F0380000000000 R
(39.317000) vcan0 00000004#58F1380000000000 R
(39.318000) vcan0 00000005#BCF1380000000000 R
(39.319000) vcan0 00000006#20F2380000000000 R
(39.320000) vcan0 00000001#84F2380000000000 R
(39.321000) vcan0 00000002#E8F2380000000000 R
(39.322000) vcan0 00000003#4CF3380000000000 R
(39.323000) vcan0 00000004#B0F3380000000000 R
(39.324000) vcan0 00000005#14F4380000000000 R
(39.325000) vcan0 00000006#78F4380000000000 R
(39.326000) vcan0 00000001#DCF4380000000000 R
(39.327000) vcan0 00000002#40F5380000000000 R
(39.328000) vcan0 00000003#A4F5380000000000 R
(39.329000) vcan0 00000004#08F6380000000000 R
(39.330000) vcan0 00000005#6CF6380000000000 R
(39.331000) vcan0 00000006#D0F6380000000000 R
(39.332000) vcan0 00000001#34F7380000000000 R
(39.333000) vcan0 00000002#98F7380000000000 R
(39.334000) vcan0 00000003#FCF7380000000000 R
(39.335000) vcan0 00000004#60F8380000000000 R
(39.336000) vcan0 00000005#C4F8380000000000 R
(39.337000) vcan0 00000006#28F9380000000000 R
(39.338000) vcan0 00000001#8CF9380000000000 R
(39.339000) vcan0 00000002#F0F9380000000000 R
(39.340000) vcan0 00000003#54FA380000000000 R
(39.341000) vcan0 00000004#B8FA380000000000 R
(39.342000) vcan0 00000005#1CFB380000000000 R
(39.343000) vcan0 00000006#80FB380000000000 R
(39.344000) vcan0 00000001#E4FB380000000000 R
(39.345000) vcan0 00000002#48FC380000000000 R
(39.346000) vcan0 00000003#ACFC380000000000 R
(39.347000) vcan0 00000004#10FD380000000000 R
(39.348000) vcan0 00000005#74FD380000000000 R
(39.349000) vcan0 00000006#D8FD380000000000 R
(39.350000) vcan0 00000001#3CFE380000000000 R
(39.351000) vcan0 00000002#A0FE380000000000 R
(39.352000) vcan0 00000003#04FF380000000000 R
(39.353000) vcan0 00000004#68FF380000000000 R
(39.354000) vcan0 00000005#CCFF380000000000 R
(39.355000) vcan0 00000006#3000390000000000 R
(39.356000) vcan0 00000001#9400390000000000 R
(39.357000) vcan0 00000002#F800390000000000 R
(39.358000) vcan0 00000003#5C01390000000000 R
(39.359000) vcan0 00000004#C001390000000000 R
(39.360000) vcan0 00000005#2402390000000000 R
(39.361000) vcan0 00000006#8802390000000000 R
(39.362000) vcan0 00000001#EC02390000000000 R
(39.363000) vcan0 00000002#5003390000000000 R
(39.364000) vcan0 00000003#B403390000000000 R
(39.365000) vcan0 00000004#1804390000000000 R
(39.366000) vcan0 00000005#7C04390000000000 R
(39.367000) vcan0 00000006#E004390000000000 R
(39.368000) vcan0 00000001#4405390000000000 R
(39.369000) vcan0 00000002#A805390000000000 R
(39.370000) vcan0 00000003#0C06390000000000 R
(39.371000) vcan0 00000004#7006390000000000 R
(39.372000) vcan0 00000005#D406390000000000 R
(39.373000) vcan0 00000006#3807390000000000 R
(39.374000) vcan0 00000001#9C07390000000000 R
(39.375000) vcan0 00000002#0008390000000000 R
(39.376000) vcan0 00000003#6408390000000000 R
(39.377000) vcan0 00000004#C808390000000000 R
(39.378000) vcan0 00000005#2C09390000000000 R
(39.379000) vcan0 00000006#9009390000000000 R
(39.380000) vcan0 00000001#F409390000000000 R
(39.381000) vcan0 00000002#580A390000000000 R
(39.382000) vcan0 00000003#BC0A390000000000 R
(39.383000) vcan0 00000004#200B390000000000 R
(39.384000) vcan0 00000005#840B390000000000 R
(39.385000) vcan0 00000006#E80B390000000000 R
(39.386000) vcan0 00000001#4C0C390000000000 R
(39.387000) vcan0 00000002#B00C390000000000 R
(39.388000) vcan0 00000003#140D390000000000 R
(39.389000) vcan0 00000004#780D390000000000 R
(39.390000) vcan0 00000005#DC0D390000000000 R
(39.391000) vcan0 00000006#400E390000000000 R
(39.392000) vcan0 00000001#A40E390000000000 R
(39.393000) vcan0 00000002#080F390000000000 R
(39.394000) vcan0 00000003#6C0F390000000000 R
(39.395000) vcan0 00000004#D00F390000000000 R
(39.396000) vcan0 00000005#3410390000000000 R
(39.397000) vcan0 00000006#9810390000000000 R
(39.398000) vcan0 00000001#FC10390000000000 R
(39.399000) vcan0 00000002#6011390000000000 R
(39.400000) vcan0 00000003#C411390000000000 R
(39.401000) vcan0 00000004#2812390000000000 R
(39.402000) vcan0 00000005#8C12390000000000 R
(39.403000) vcan0 00000006#F012390000000000 R
(39.404000) vcan0 00000001#5413390000000000 R
(39.405000) vcan0 00000002#B813390000000000 R
(39.406000) vcan0 00000003#1C14390000000000 R
(39.407000) vcan0 00000004#8014390000000000 R
(39.408000) vcan0 00000005#E414390000000000 R
(39.409000) vcan0 00000006#4815390000000000 R
(39.410000) vcan0 00000001#AC15390000000000 R
(39.411000) vcan0 00000002#1016390000000000 R
(39.412000) vcan0 00000003#7416390000000000 R
(39.413000) vcan0 00000004#D816390000000000 R
(39.414000) vcan0 00000005#3C17390000000000 R
(39.415000) vcan0 00000006#A017390000000000 R
(39.416000) vcan0 00000001#0418390000000000 R
(39.417000) vcan0 00000002#6818390000000000 R
(39.418000) vcan0 00000003#CC18390000000000 R
(39.419000) vcan0 00000004#3019390000000000 R
(39.420000) vcan0 00000005#9419390000000000 R
(39.421000) vcan0 00000006#F819390000000000 R
(39.422000) vcan0 00000001#5C1A390000000000 R
(39.423000) vcan0 00000002#C01A390000000000 R
(39.424000) vcan0 00000003#241B390000000000 R
(39.425000) vcan0 00000004#881B390000000000 R
(39.426000) vcan0 00000005#EC1B390000000000 R
(39.427000) vcan0 00000006#501C390000000000 R
(39.428000) vcan0 00000001#B41C390000000000 R
(39.429000) vcan0 00000002#181D390000000000 R
(39.430000) vcan0 00000003#7C1D390000000000 R
(39.431000) vcan0 00000004#E01D390000000000 R
(39.432000) vcan0 00000005#441E390000000000 R
(39.433000) vcan0 00000006#A81E390000000000 R
(39.434000) vcan0 00000001#0C1F390000000000 R
(39.435000) vcan0 00000002#701F390000000000 R
(39.436000) vcan0 00000003#D41F390000000000 R
(39.437000) vcan0 00000004#3820390000000000 R
(39.438000) vcan0 00000005#9C20390000000000 R
(39.439000) vcan0 00000006#0021390000000000 R
(39.440000) vcan0 00000001#6421390000000000 R
(39.441000) vcan0 00000002#C821390000000000 R
(39.442000) vcan0 00000003#2C22390000000000 R
(39.443000) vcan0 00000004#9022390000000000 R
(39.444000) vcan0 00000005#F422390000000000 R
(39.445000) vcan0 00000006#5823390000000000 R
(39.446000) vcan0 00000001#BC23390000000000 R
(39.447000) vcan0 00000002#2024390000000000 R
(39.448000) vcan0 00000003#8424390000000000 R
(39.449000) vcan0 00000004#E824390000000000 R
(39.450000) vcan0 00000005#4C25390000000000 R
(39.451000) vcan0 00000006#B025390000000000 R
(39.452000) vcan0 00000001#1426390000000000 R
(39.453000) vcan0 00000002#7826390000000000 R
(39.454000) vcan0 00000003#DC26390000000000 R
(39.455000) vcan0 00000004#4027390000000000 R
(39.456000) vcan0 00000005#A427390000000000 R
(39.457000) vcan0 00000006#0828390000000000 R
(39.458000) vcan0 00000001#6C28390000000000 R
(39.459000) vcan0 00000002#D028390000000000 R
(39.460000) vcan0 00000003#3429390000000000 R
(39.461000) vcan0 00000004#9829390000000000 R
(39.462000) vcan0 00000005#FC29390000000000 R
(39.463000) vcan0 00000006#602A390000000000 R
(39.464000) vcan0 00000001#C42A390000000000 R
(39.465000) vcan0 00000002#282B390000000000 R
(39.466000) vcan0 00000003#8C2B390000000000 R
(39.467000) vcan0 00000004#F02B390000000000 R
(39.468000) vcan0 00000005#542C390000000000 R
(39.469000) vcan0 00000006#B82C390000000000 R
(39.470000) vcan0 00000001#1C2D390000000000 R
(39.471000) vcan0 00000002#802D390000000000 R
(39.472000) vcan0 00000003#E42D390000000000 R
(39.473000) vcan0 00000004#482E390000000000 R
(39.474000) vcan0 00000005#AC2E390000000000 R
(39.475000) vcan0 00000006#102F390000000000 R
(39.476000) vcan0 00000001#742F390000000000 R
(39.477000) vcan0 00000002#D82F390000000000 R
(39.478000) vcan0 00000003#3C30390000000000 R
