(41.883000) vcan0 00000002#B0DB3C0000000000 R
(41.884000) vcan0 00000003#14DC3C0000000000 R
(41.885000) vcan0 00000004#78DC3C0000000000 R
(41.886000) vcan0 00000005#DCDC3C0000000000 R
(41.887000) vcan0 00000006#40DD3C0000000000 R
(41.888000) vcan0 00000001#A4DD3C0000000000 R
(41.889000) vcan0 00000002#08DE3C0000000000 R
(41.890000) vcan0 00000003#6CDE3C0000000000 R
(41.891000) vcan0 00000004#D0DE3C0000000000 R
(41.892000) vcan0 00000005#34DF3C0000000000 R
(41.893000) vcan0 00000006#98DF3C0000000000 R
(41.894000) vcan0 00000001#FCDF3C0000000000 R
(41.895000) vcan0 00000002#60E03C0000000000 R
(41.896000) vcan0 00000003#C4E03C0000000000 R
(41.897000) vcan0 00000004#28E13C0000000000 R
(41.898000) vcan0 00000005#8CE13C0000000000 R
(41.899000) vcan0 00000006#F0E13C0000000000 R
(41.900000) vcan0 00000001#54E23C0000000000 R
(41.901000) vcan0 00000002#B8E23C0000000000 R
(41.902000) vcan0 00000003#1CE33C0000000000 R
(41.903000) vcan0 00000004#80E33C0000000000 R
(41.904000) vcan0 00000005#E4E33C0000000000 R
(41.905000) vcan0 00000006#48E43C0000000000 R
(41.906000) vcan0 00000001#ACE43C0000000000 R
(41.907000) vcan0 00000002#10E53C0000000000 R
(41.908000) vcan0 00000003#74E53C0000000000 R
(41.909000) vcan0 00000004#D8E53C0000000000 R
(41.910000) vcan0 00000005#3CE63C0000000000 R
(41.911000) vcan0 00000006#A0E63C0000000000 R
(41.912000) vcan0 00000001#04E73C0000000000 R
(41.913000) vcan0 00000002#68E73C0000000000 R
(41.914000) vcan0 00000003#CCE73C0000000000 R
(41.915000) vcan0 00000004#30E83C0000000000 R
(41.916000) vcan0 00000005#94E83C0000000000 R
(41.917000) vcan0 00000006#F8E83C0000000000 R
(41.918000) vcan0 00000001#5CE93C0000000000 R
(41.919000) vcan0 00000002#C0E93C0000000000 R
(41.920000) vcan0 00000003#24EA3C0000000000 R
(41.921000) vcan0 00000004#88EA3C0000000000 R
(41.922000) vcan0 00000005#ECEA3C0000000000 R
(41.923000) vcan0 00000006#50EB3C0000000000 R
(41.924000) vcan0 00000001#B4EB3C0000000000 R
(41.925000) vcan0 00000002#18EC3C0000000000 R
(41.926000) vcan0 00000003#7CEC3C0000000000 R
(41.927000) vcan0 00000004#E0EC3C0000000000 R
(41.928000) vcan0 00000005#44ED3C0000000000 R
(41.929000) vcan0 00000006#A8ED3C0000000000 R
(41.930000) vcan0 00000001#0CEE3C0000000000 R
(41.931000) vcan0 00000002#70EE3C0000000000 R
(41.932000) vcan0 00000003#D4EE3C0000000000 R
(41.933000) vcan0 00000004#38EF3C0000000000 R
(41.934000) vcan0 00000005#9CEF3C0000000000 R
(41.935000) vcan0 00000006#00F03C0000000000 R
(41.936000) vcan0 00000001#64F03C0000000000 R
(41.937000) vcan0 00000002#C8F03C0000000000 R
(41.938000) vcan0 00000003#2CF13C0000000000 R
(41.939000) vcan0 00000004#90F13C0000000000 R
(41.940000) vcan0 00000005#F4F13C0000000000 R
(41.941000) vcan0 00000006#58F23C0000000000 R
(41.942000) vcan0 00000001#BCF23C0000000000 R
(41.943000) vcan0 00000002#20F33C0000000000 R
(41.944000) vcan0 00000003#84F33C0000000000 R
(41.945000) vcan0 00000004#E8F33C0000000000 R
(41.946000) vcan0 00000005#4CF43C0000000000 R
(41.947000) vcan0 00000006#B0F43C0000000000 R
(41.948000) vcan0 00000001#14F53C0000000000 R
(41.949000) vcan0 00000002#78F53C0000000000 R
(41.950000) vcan0 00000003#DCF53C0000000000 R
(41.951000) vcan0 00000004#40F63C0000000000 R
(41.952000) vcan0 00000005#A4F63C0000000000 R
(41.953000) vcan0 00000006#08F73C0000000000 R
(41.954000) vcan0 00000001#6CF73C0000000000 R
(41.955000) vcan0 00000002#D0F73C0000000000 R
(41.956000) vcan0 00000003#34F83C0000000000 R
(41.957000) vcan0 00000004#98F83C0000000000 R
(41.958000) vcan0 00000005#FCF83C0000000000 R
(41.959000) vcan0 00000006#60F93C0000000000 R
(41.960000) vcan0 00000001#C4F93C0000000000 R
(41.961000) vcan0 00000002#28FA3C0000000000 R
(41.962000) vcan0 00000003#8CFA3C0000000000 R
(41.963000) vcan0 00000004#F0FA3C0000000000 R
(41.964000) vcan0 00000005#54FB3C0000000000 R
(41.965000) vcan0 00000006#B8FB3C0000000000 R
(41.966000) vcan0 00000001#1CFC3C0000000000 R
(41.967000) vcan0 00000002#80FC3C0000000000 R
(41.968000) vcan0 00000003#E4FC3C0000000000 R
(41.969000) vcan0 00000004#48FD3C0000000000 R
(41.970000) vcan0 00000005#ACFD3C0000000000 R
(41.971000) vcan0 00000006#10FE3C0000000000 R
(41.972000) vcan0 00000001#74FE3C0000000000 R
(41.973000) vcan0 00000002#D8FE3C0000000000 R
(41.974000) vcan0 00000003#3CFF3C0000000000 R
(41.975000) vcan0 00000004#A0FF3C0000000000 R
(41.976000) vcan0 00000005#04003D0000000000 R
(41.977000) vcan0 00000006#68003D0000000000 R
(41.978000) vcan0 00000001#CC003D0000000000 R
(41.979000) vcan0 00000002#30013D0000000000 R
(41.980000) vcan0 00000003#94013D0000000000 R
(41.981000) vcan0 00000004#F8013D0000000000 R
(41.982000) vcan0 00000005#5C023D0000000000 R
(41.983000) vcan0 00000006#C0023D0000000000 R
(41.984000) vcan0 00000001#24033D0000000000 R
(41.985000) vcan0 00000002#88033D0000000000 R
(41.986000) vcan0 00000003#EC033D0000000000 R
(41.987000) vcan0 00000004#50043D0000000000 R
(41.988000) vcan0 00000005#B4043D0000000000 R
(41.989000) vcan0 00000006#18053D0000000000 R
(41.990000) vcan0 00000001#7C053D0000000000 R
(41.991000) vcan0 00000002#E0053D0000000000 R
(41.992000) vcan0 00000003#44063D0000000000 R
(41.993000) vcan0 00000004#A8063D0000000000 R
(41.994000) vcan0 00000005#0C073D0000000000 R
(41.995000) vcan0 00000006#70073D0000000000 R
(41.996000) vcan0 00000001#D4073D0000000000 R
(41.997000) vcan0 00000002#38083D0000000000 R
(41.998000) vcan0 00000003#9C083D0000000000 R
(41.999000) vcan0 00000004#00093D0000000000 R
(42.000000) vcan0 00000005#64093D0000000000 R
(42.001000) vcan0 00000006#C8093D0000000000 R
(42.002000) vcan0 00000001#2C0A3D0000000000 R
(42.003000) vcan0 00000002#900A3D0000000000 R
(42.004000) vcan0 00000003#F40A3D0000000000 R
(42.005000) vcan0 00000004#580B3D0000000000 R
(42.006000) vcan0 00000005#BC0B3D0000000000 R
(42.007000) vcan0 00000006#200C3D0000000000 R
(42.008000) vcan0 00000001#840C3D0000000000 R
(42.009000) vcan0 00000002#E80C3D0000000000 R
(42.010000) vcan0 00000003#4C0D3D0000000000 R
(42.011000) vcan0 00000004#B00D3D0000000000 R
(42.012000) vcan0 00000005#140E3D0000000000 R
(42.013000) vcan0 00000006#780E3D0000000000 R
(42.014000) vcan0 00000001#DC0E3D0000000000 R
(42.015000) vcan0 00000002#400F3D0000000000 R
(42.016000) vcan0 00000003#A40F3D0000000000 R
(42.017000) vcan0 00000004#08103D0000000000 R
(42.018000) vcan0 00000005#6C103D0000000000 R
(42.019000) vcan0 00000006#D0103D0000000000 R
(42.020000) vcan0 00000001#34113D0000000000 R
(42.021000) vcan0 00000002#98113D0000000000 R
(42.022000) vcan0 00000003#FC113D0000000000 R
(42.023000) vcan0 00000004#60123D0000000000 R
(42.024000) vcan0 00000005#C4123D0000000000 R
(42.025000) vcan0 00000006#28133D0000000000 R
(42.026000) vcan0 00000001#8C133D0000000000 R
(42.027000) vcan0 00000002#F0133D0000000000 R
(42.028000) vcan0 00000003#54143D0000000000 R
(42.029000) vcan0 00000004#B8143D0000000000 R
(42.030000) vcan0 00000005#1C153D0000000000 R
(42.031000) vcan0 00000006#80153D0000000000 R
(42.032000) vcan0 00000001#E4153D0000000000 R
(42.033000) vcan0 00000002#48163D0000000000 R
(42.034000) vcan0 00000003#AC163D0000000000 R
(42.035000) vcan0 00000004#10173D0000000000 R
(42.036000) vcan0 00000005#74173D0000000000 R
(42.037000) vcan0 00000006#D8173D0000000000 R
(42.038000) vcan0 00000001#3C183D0000000000 R
(42.039000) vcan0 00000002#A0183D0000000000 R
(42.040000) vcan0 00000003#04193D0000000000 R
(42.041000) vcan0 00000004#68193D0000000000 R
(42.042000) vcan0 00000005#CC193D0000000000 R
(42.043000) vcan0 00000006#301A3D0000000000 R
(42.044000) vcan0 00000001#941A3D0000000000 R
(42.045000) vcan0 00000002#F81A3D0000000000 R
(42.046000) vcan0 00000003#5C1B3D0000000000 R
(42.047000) vcan0 00000004#C01B3D0000000000 R
(42.048000) vcan0 00000005#241C3D0000000000 R
(42.049000) vcan0 00000006#881C3D0000000000 R
(42.050000) vcan0 00000001#EC1C3D0000000000 R
(42.051000) vcan0 00000002#501D3D0000000000 R
(42.052000) vcan0 00000003#B41D3D0000000000 R
(42.053000) vcan0 00000004#181E3D0000000000 R
(42.054000) vcan0 00000005#7C1E3D0000000000 R
(42.055000) vcan0 00000006#E01E3D0000000000 R
(42.056000) vcan0 00000001#441F3D0000000000 R
(42.057000) vcan0 00000002#A81F3D0000000000 R
(42.058000) vcan0 00000003#0C203D0000000000 R
(42.059000) vcan0 00000004#70203D0000000000 R
(42.060000) vcan0 00000005#D4203D0000000000 R
(42.061000) vcan0 00000006#38213D0000000000 R
(42.062000) vcan0 00000001#9C213D0000000000 R
(42.063000) vcan0 00000002#00223D0000000000 R
(42.064000) vcan0 00000003#64223D0000000000 R
(42.065000) vcan0 00000004#C8223D0000000000 R
(42.066000) vcan0 00000005#2C233D0000000000 R
(42.067000) vcan0 00000006#90233D0000000000 R
(42.068000) vcan0 00000001#F4233D0000000000 R
(42.069000) vcan0 00000002#58243D0000000000 R
(42.070000) vcan0 00000003#BC243D0000000000 R
(42.071000) vcan0 00000004#20253D0000000000 R
(42.072000) vcan0 00000005#84253D0000000000 R
(42.073000) vcan0 00000006#E8253D0000000000 R
(42.074000) vcan0 00000001#4C263D0000000000 R
(42.075000) vcan0 00000002#B0263D0000000000 R
(42.076000) vcan0 00000003#14273D0000000000 R
(42.077000) vcan0 00000004#78273D0000000000 R
(42.078000) vcan0 00000005#DC273D0000000000 R
(42.079000) vcan0 00000006#40283D0000000000 R
(42.080000) vcan0 00000001#A4283D0000000000 R
(42.081000) vcan0 00000002#08293D0000000000 R
(42.082000) vcan0 00000003#6C293D0000000000 R
(42.083000) vcan0 00000004#D0293D0000000000 R
(42.084000) vcan0 00000005#342A3D0000000000 R
(42.085000) vcan0 00000006#982A3D0000000000 R
(42.086000) vcan0 00000001#FC2A3D0000000000 R
(42.087000) vcan0 00000002#602B3D0000000000 R
(42.088000) vcan0 00000003#C42B3D0000000000 R
(42.089000) vcan0 00000004#282C3D0000000000 R
(42.090000) vcan0 00000005#8C2C3D0000000000 R
(42.091000) vcan0 00000006#F02C3D0000000000 R
(42.092000) vcan0 00000001#542D3D0000000000 R
(42.093000) vcan0 00000002#B82D3D0000000000 R
(42.094000) vcan0 00000003#1C2E3D0000000000 R
(42.095000) vcan0 00000004#802E3D0000000000 R
(42.096000) vcan0 00000005#E42E3D0000000000 R
(42.097000) vcan0 00000006#482F3D0000000000 R
(42.098000) vcan0 00000001#AC2F3D0000000000 R
(42.099000) vcan0 00000002#10303D0000000000 R
(42.100000) vcan0 00000003#74303D0000000000 R
(42.101000) vcan0 00000004#D8303D0000000000 R
(42.102000) vcan0 00000005#3C313D0000000000 R
(42.103000) vcan0 00000006#A0313D0000000000 R
(42.104000) vcan0 00000001#04323D0000000000 R
(42.105000) vcan0 00000002#68323D0000000000 R
(42.106000) vcan0 00000003#CC323D0000000000 R
(42.107000) vcan0 00000004#30333D0000000000 R
(42.108000) vcan0 00000005#94333D0000000000 R
(42.109000) vcan0 00000006#F8333D0000000000 R
(42.110000) vcan0 00000001#5C343D0000000000 R
(42.111000) vcan0 00000002#C0343D0000000000 R
(42.112000) vcan0 00000003#24353D0000000000 R
(42.113000) vcan0 00000004#88353D0000000000 R
(42.114000) vcan0 00000005#EC353D0000000000 R
(42.115000) vcan0 00000006#50363D0000000000 R
(42.116000) vcan0 00000001#B4363D0000000000 R
(42.117000) vcan0 00000002#18373D0000000000 R
(42.118000) vcan0 00000003#7C373D0000000000 R
(42.119000) vcan0 00000004#E0373D0000000000 R
(42.120000) vcan0 00000005#44383D0000000000 R
(42.121000) vcan0 00000006#A8383D0000000000 R
(42.122000) vcan0 00000001#0C393D0000000000 R
(42.123000) vcan0 00000002#70393D0000000000 R
(42.124000) vcan0 00000003#D4393D0000000000 R
(42.125000) vcan0 00000004#383A3D0000000000 R
(42.126000) vcan0 00000005#9C3A3D0000000000 R
(42.127000) vcan0 00000006#003B3D0000000000 R
(42.128000) vcan0 00000001#643B3D0000000000 R
(42.129000) vcan0 00000002#C83B3D0000000000 R
(42.130000) vcan0 00000003#2C3C3D0000000000 R
(42.131000) vcan0 00000004#903C3D0000000000 R
(42.132000) vcan0 00000005#F43C3D0000000000 R
(42.133000) vcan0 00000006#583D3D0000000000 R
(42.134000) vcan0 00000001#BC3D3D0000000000 R
(42.135000) vcan0 00000002#203E3D0000000000 R
(42.136000) vcan0 00000003#843E3D0000000000 R
(42.137000) vcan0 00000004#E83E3D0000000000 R
(42.138000) vcan0 00000005#4C3F3D0000000000 R
(42.139000) vcan0 00000006#B03F3D0000000000 R
(42.140000) vcan0 00000001#14403D0000000000 R
(42.141000) vcan0 00000002#78403D0000000000 R
(42.142000) vcan0 00000003#DC403D0000000000 R
(42.143000) vcan0 00000004#40413D0000000000 R
(42.144000) vcan0 00000005#A4413D0000000000 R
(42.145000) vcan0 00000006#08423D0000000000 R
(42.146000) vcan0 00000001#6C423D0000000000 R
(42.147000) vcan0 00000002#D0423D0000000000 R
(42.148000) vcan0 00000003#34433D0000000000 R
(42.149000) vcan0 00000004#98433D0000000000 R
(42.150000) vcan0 00000005#FC433D0000000000 R
(42.151000) vcan0 00000006#60443D0000000000 R
(42.152000) vcan0 00000001#C4443D0000000000 R
(42.153000) vcan0 00000002#28453D0000000000 R
(42.154000) vcan0 00000003#8C453D0000000000 R
(42.155000) vcan0 00000004#F0453D0000000000 R
(42.156000) vcan0 00000005#54463D0000000000 R
(42.157000) vcan0 00000006#B8463D0000000000 R
(42.158000) vcan0 00000001#1C473D0000000000 R
(42.159000) vcan0 00000002#80473D0000000000 R
(42.160000) vcan0 00000003#E4473D0000000000 R
(42.161000) vcan0 00000004#48483D0000000000 R
(42.162000) vcan0 00000005#AC483D0000000000 R
(42.163000) vcan0 00000006#10493D0000000000 R
(42.164000) vcan0 00000001#74493D0000000000 R
(42.165000) vcan0 00000002#D8493D0000000000 R
(42.166000) vcan0 00000003#3C4A3D0000000000 R
(42.167000) vcan0 00000004#A04A3D0000000000 R
(42.168000) vcan0 00000005#044B3D0000000000 R
(42.169000) vcan0 00000006#684B3D0000000000 R
(42.170000) vcan0 00000001#CC4B3D0000000000 R
(42.171000) vcan0 00000002#304C3D0000000000 R
(42.172000) vcan0 00000003#944C3D0000000000 R
(42.173000) vcan0 00000004#F84C3D0000000000 R
(42.174000) vcan0 00000005#5C4D3D0000000000 R
(42.175000) vcan0 00000006#C04D3D0000000000 R
(42.176000) vcan0 00000001#244E3D0000000000 R
(42.177000) vcan0 00000002#884E3D0000000000 R
(42.178000) vcan0 00000003#EC4E3D0000000000 R
(42.179000) vcan0 00000004#504F3D0000000000 R
(42.180000) vcan0 00000005#B44F3D0000000000 R
(42.181000) vcan0 00000006#18503D0000000000 R
(42.182000) vcan0 00000001#7C503D0000000000 R
(42.183000) vcan0 00000002#E0503D0000000000 R
(42.184000) vcan0 00000003#44513D0000000000 R
(42.185000) vcan0 00000004#A8513D0000000000 R
(42.186000) vcan0 00000005#0C523D0000000000 R
(42.187000) vcan0 00000006#70523D0000000000 R
(42.188000) vcan0 00000001#D4523D0000000000 R
(42.189000) vcan0 00000002#38533D0000000000 R
(42.190000) vcan0 00000003#9C533D0000000000 R
(42.191000) vcan0 00000004#00543D0000000000 R
(42.192000) vcan0 00000005#64543D0000000000 R
(42.193000) vcan0 00000006#C8543D0000000000 R
(42.194000) vcan0 00000001#2C553D0000000000 R
(42.195000) vcan0 00000002#90553D0000000000 R
(42.196000) vcan0 00000003#F4553D0000000000 R
(42.197000) vcan0 00000004#58563D0000000000 R
(42.198000) vcan0 00000005#BC563D0000000000 R
(42.199000) vcan0 00000006#20573D0000000000 R
(42.200000) vcan0 00000001#84573D0000000000 R
(42.201000) vcan0 00000002#E8573D0000000000 R
(42.202000) vcan0 00000003#4C583D0000000000 R
(42.203000) vcan0 00000004#B0583D0000000000 R
(42.204000) vcan0 00000005#14593D0000000000 R
(42.205000) vcan0 00000006#78593D0000000000 R
(42.206000) vcan0 00000001#DC593D0000000000 R
(42.207000) vcan0 00000002#405A3D0000000000 R
(42.208000) vcan0 00000003#A45A3D0000000000 R
(42.209000) vcan0 00000004#085B3D0000000000 R
(42.210000) vcan0 00000005#6C5B3D0000000000 R
(42.211000) vcan0 00000006#D05B3D0000000000 R
(42.212000) vcan0 00000001#345C3D0000000000 R
(42.213000) vcan0 00000002#985C3D0000000000 R
(42.214000) vcan0 00000003#FC5C3D0000000000 R
(42.215000) vcan0 00000004#605D3D0000000000 R
(42.216000) vcan0 00000005#C45D3D0000000000 R
(42.217000) vcan0 00000006#285E3D0000000000 R
(42.218000) vcan0 00000001#8C5E3D0000000000 R
(42.219000) vcan0 00000002#F05E3D0000000000 R
(42.220000) vcan0 00000003#545F3D0000000000 R
(42.221000) vcan0 00000004#B85F3D0000000000 R
(42.222000) vcan0 00000005#1C603D0000000000 R
(42.223000) vcan0 00000006#80603D0000000000 R
(42.224000) vcan0 00000001#E4603D0000000000 R
(42.225000) vcan0 00000002#48613D0000000000 R
(42.226000) vcan0 00000003#AC613D0000000000 R
(42.227000) vcan0 00000004#10623D0000000000 R
(42.228000) vcan0 00000005#74623D0000000000 R
(42.229000) vcan0 00000006#D8623D0000000000 R
(42.230000) vcan0 00000001#3C633D0000000000 R
(42.231000) vcan0 00000002#A0633D0000000000 R
(42.232000) vcan0 00000003#04643D0000000000 R
(42.233000) vcan0 00000004#68643D0000000000 R
(42.234000) vcan0 00000005#CC643D0000000000 R
(42.235000) vcan0 00000006#30653D0000000000 R
(42.236000) vcan0 00000001#94653D0000000000 R
(42.237000) vcan0 00000002#F8653D0000000000 R
(42.238000) vcan0 00000003#5C663D0000000000 R
(42.239000) vcan0 00000004#C0663D0000000000 R
(42.240000) vcan0 00000005#24673D0000000000 R
(42.241000) vcan0 00000006#88673D0000000000 R
(42.242000) vcan0 00000001#EC673D0000000000 R
(42.243000) vcan0 00000002#50683D0000000000 R
(42.244000) vcan0 00000003#B4683D0000000000 R
(42.245000) vcan0 00000004#18693D0000000000 R
(42.246000) vcan0 00000005#7C693D0000000000 R
(42.247000) vcan0 00000006#E0693D0000000000 R
(42.248000) vcan0 00000001#446A3D0000000000 R
(42.249000) vcan0 00000002#A86A3D0000000000 R
(42.250000) vcan0 00000003#0C6B3D0000000000 R
(42.251000) vcan0 00000004#706B3D0000000000 R
(42.252000) vcan0 00000005#D46B3D0000000000 R
(42.253000) vcan0 00000006#386C3D0000000000 R
(42.254000) vcan0 00000001#9C6C3D0000000000 R
(42.255000) vcan0 00000002#006D3D0000000000 R
(42.256000) vcan0 00000003#646D3D0000000000 R
(42.257000) vcan0 00000004#C86D3D0000000000 R
(42.258000) vcan0 00000005#2C6E3D0000000000 R
(42.259000) vcan0 00000006#906E3D0000000000 R
(42.260000) vcan0 00000001#F46E3D0000000000 R
(42.261000) vcan0 00000002#586F3D0000000000 R
(42.262000) vcan0 00000003#BC6F3D0000000000 R
(42.263000) vcan0 00000004#20703D0000000000 R
(42.264000) vcan0 00000005#84703D0000000000 R
(42.265000) vcan0 00000006#E8703D0000000000 R
(42.266000) vcan0 00000001#4C713D0000000000 R
(42.267000) vcan0 00000002#B0713D0000000000 R
(42.268000) vcan0 00000003#14723D0000000000 R
(42.269000) vcan0 00000004#78723D0000000000 R
(42.270000) vcan0 00000005#DC723D0000000000 R
(42.271000) vcan0 00000006#40733D0000000000 R
(42.272000) vcan0 00000001#A4733D0000000000 R
(42.273000) vcan0 00000002#08743D0000000000 R
(42.274000) vcan0 00000003#6C743D0000000000 R
(42.275000) vcan0 00000004#D0743D0000000000 R
(42.276000) vcan0 00000005#34753D0000000000 R
(42.277000) vcan0 00000006#98753D0000000000 R
(42.278000) vcan0 00000001#FC753D0000000000 R
(42.279000) vcan0 00000002#60763D0000000000 R
(42.280000) vcan0 00000003#C4763D0000000000 R
(42.281000) vcan0 00000004#28773D0000000000 R
(42.282000) vcan0 00000005#8C773D0000000000 R
(42.283000) vcan0 00000006#F0773D0000000000 R
(42.284000) vcan0 00000001#54783D0000000000 R
(42.285000) vcan0 00000002#B8783D0000000000 R
(42.286000) vcan0 00000003#1C793D0000000000 R
(42.287000) vcan0 00000004#80793D0000000000 R
(42.288000) vcan0 00000005#E4793D0000000000 R
(42.289000) vcan0 00000006#487A3D0000000000 R
(42.290000) vcan0 00000001#AC7A3D0000000000 R
(42.291000) vcan0 00000002#107B3D0000000000 R
(42.292000) vcan0 00000003#747B3D0000000000 R
(42.293000) vcan0 00000004#D87B3D0000000000 R
(42.294000) vcan0 00000005#3C7C3D0000000000 R
(42.295000) vcan0 00000006#A07C3D0000000000 R
(42.296000) vcan0 00000001#047D3D0000000000 R
(42.297000) vcan0 00000002#687D3D0000000000 R
(42.298000) vcan0 00000003#CC7D3D0000000000 R
(42.299000) vcan0 00000004#307E3D0000000000 R
(42.300000) vcan0 00000005#947E3D0000000000 R
(42.301000) vcan0 00000006#F87E3D0000000000 R
(42.302000) vcan0 00000001#5C7F3D0000000000 R
(42.303000) vcan0 00000002#C07F3D0000000000 R
(42.304000) vcan0 00000003#24803D0000000000 R
(42.305000) vcan0 00000004#88803D0000000000 R
(42.306000) vcan0 00000005#EC803D0000000000 R
(42.307000) vcan0 00000006#50813D0000000000 R
(42.308000) vcan0 00000001#B4813D0000000000 R
(42.309000) vcan0 00000002#18823D0000000000 R
(42.310000) vcan0 00000003#7C823D0000000000 R
(42.311000) vcan0 00000004#E0823D0000000000 R
(42.312000) vcan0 00000005#44833D0000000000 R
(42.313000) vcan0 00000006#A8833D0000000000 R
(42.314000) vcan0 00000001#0C843D0000000000 R
(42.315000) vcan0 00000002#70843D0000000000 R
(42.316000) vcan0 00000003#D4843D0000000000 R
(42.317000) vcan0 00000004#38853D0000000000 R
(42.318000) vcan0 00000005#9C853D0000000000 R
(42.319000) vcan0 00000006#00863D0000000000 R
(42.320000) vcan0 00000001#64863D0000000000 R
(42.321000) vcan0 00000002#C8863D0000000000 R
(42.322000) vcan0 00000003#2C873D0000000000 R
(42.323000) vcan0 00000004#90873D0000000000 R
(42.324000) vcan0 00000005#F4873D0000000000 R
(42.325000) vcan0 00000006#58883D0000000000 R
(42.326000) vcan0 00000001#BC883D0000000000 R
(42.327000) vcan0 00000002#20893D0000000000 R
(42.328000) vcan0 00000003#84893D0000000000 R
(42.329000) vcan0 00000004#E8893D0000000000 R
(42.330000) vcan0 00000005#4C8A3D0000000000 R
(42.331000) vcan0 00000006#B08A3D0000000000 R
(42.332000) vcan0 00000001#148B3D0000000000 R
(42.333000) vcan0 00000002#788B3D0000000000 R
(42.334000) vcan0 00000003#DC8B3D0000000000 R
(42.335000) vcan0 00000004#408C3D0000000000 R
(42.336000) vcan0 00000005#A48C3D0000000000 R
(42.337000) vcan0 00000006#088D3D0000000000 R
(42.338000) vcan0 00000001#6C8D3D0000000000 R
(42.339000) vcan0 00000002#D08D3D0000000000 R
(42.340000) vcan0 00000003#348E3D0000000000 R
(42.341000) vcan0 00000004#988E3D0000000000 R
(42.342000) vcan0 00000005#FC8E3D0000000000 R
(42.343000) vcan0 00000006#608F3D0000000000 R
(42.344000) vcan0 00000001#C48F3D0000000000 R
(42.345000) vcan0 00000002#28903D0000000000 R
(42.346000) vcan0 00000003#8C903D0000000000 R
(42.347000) vcan0 00000004#F0903D0000000000 R
(42.348000) vcan0 00000005#54913D0000000000 R
(42.349000) vcan0 00000006#B8913D0000000000 R
(42.350000) vcan0 00000001#1C923D0000000000 R
(42.351000) vcan0 00000002#80923D0000000000 R
(42.352000) vcan0 00000003#E4923D0000000000 R
(42.353000) vcan0 00000004#48933D0000000000 R
(42.354000) vcan0 00000005#AC933D0000000000 R
(42.355000) vcan0 00000006#10943D0000000000 R
(42.356000) vcan0 00000001#74943D0000000000 R
(42.357000) vcan0 00000002#D8943D0000000000 R
(42.358000) vcan0 00000003#3C953D0000000000 R
(42.359000) vcan0 00000004#A0953D0000000000 R
(42.360000) vcan0 00000005#04963D0000000000 R
(42.361000) vcan0 00000006#68963D0000000000 R
(42.362000) vcan0 00000001#CC963D0000000000 R
(42.363000) vcan0 00000002#30973D0000000000 R
(42.364000) vcan0 00000003#94973D0000000000 R
(42.365000) vcan0 00000004#F8973D0000000000 R
(42.366000) vcan0 00000005#5C983D0000000000 R
(42.367000) vcan0 00000006#C0983D0000000000 R
(42.368000) vcan0 00000001#24993D0000000000 R
(42.369000) vcan0 00000002#88993D0000000000 R
(42.370000) vcan0 00000003#EC993D0000000000 R
(42.371000) vcan0 00000004#509A3D0000000000 R
(42.372000) vcan0 00000005#B49A3D0000000000 R
(42.373000) vcan0 00000006#189B3D0000000000 R
(42.374000) vcan0 00000001#7C9B3D0000000000 R
(42.375000) vcan0 00000002#E09B3D0000000000 R
(42.376000) vcan0 00000003#449C3D0000000000 R
(42.377000) vcan0 00000004#A89C3D0000000000 R
(42.378000) vcan0 00000005#0C9D3D0000000000 R
(42.379000) vcan0 00000006#709D3D0000000000 R
(42.380000) vcan0 00000001#D49D3D0000000000 R
(42.381000) vcan0 00000002#389E3D0000000000 R
(42.382000) vcan0 00000003#9C9E3D0000000000 R
(42.383000) vcan0 00000004#009F3D0000000000 R
(42.384000) vcan0 00000005#649F3D0000000000 R
(42.385000) vcan0 00000006#C89F3D0000000000 R
(42.386000) vcan0 00000001#2CA03D0000000000 R
(42.387000) vcan0 00000002#90A03D0000000000 R
(42.388000) vcan0 00000003#F4A03D0000000000 R
(42.389000) vcan0 00000004#58A13D0000000000 R
(42.390000) vcan0 00000005#BCA13D0000000000 R
(42.391000) vcan0 00000006#20A23D0000000000 R
(42.392000) vcan0 00000001#84A23D0000000000 R
(42.393000) vcan0 00000002#E8A23D0000000000 R
(42.394000) vcan0 00000003#4CA33D0000000000 R
(42.395000) vcan0 00000004#B0A33D0000000000 R
(42.396000) vcan0 00000005#14A43D0000000000 R
(42.397000) vcan0 00000006#78A43D0000000000 R
(42.398000) vcan0 00000001#DCA43D0000000000 R
(42.399000) vcan0 00000002#40A53D0000000000 R
(42.400000) vcan0 00000003#A4A53D0000000000 R
(42.401000) vcan0 00000004#08A63D0000000000 R
(42.402000) vcan0 00000005#6CA63D0000000000 R
(42.403000) vcan0 00000006#D0A63D0000000000 R
(42.404000) vcan0 00000001#34A73D0000000000 R
(42.405000) vcan0 00000002#98A73D0000000000 R
(42.406000) vcan0 00000003#FCA73D0000000000 R
(42.407000) vcan0 00000004#60A83D0000000000 R
(42.408000) vcan0 00000005#C4A83D0000000000 R
(42.409000) vcan0 00000006#28A93D0000000000 R
(42.410000) vcan0 00000001#8CA93D0000000000 R
(42.411000) vcan0 00000002#F0A93D0000000000 R
(42.412000) vcan0 00000003#54AA3D0000000000 R
(42.413000) vcan0 00000004#B8AA3D0000000000 R
(42.414000) vcan0 00000005#1CAB3D0000000000 R
(42.415000) vcan0 00000006#80AB3D0000000000 R
(42.416000) vcan0 00000001#E4AB3D0000000000 R
(42.417000) vcan0 00000002#48AC3D0000000000 R
(42.418000) vcan0 00000003#ACAC3D0000000000 R
(42.419000) vcan0 00000004#10AD3D0000000000 R
(42.420000) vcan0 00000005#74AD3D0000000000 R
(42.421000) vcan0 00000006#D8AD3D0000000000 R
(42.422000) vcan0 00000001#3CAE3D0000000000 R
(42.423000) vcan0 00000002#A0AE3D0000000000 R
(42.424000) vcan0 00000003#04AF3D0000000000 R
(42.425000) vcan0 00000004#68AF3D0000000000 R
(42.426000) vcan0 00000005#CCAF3D0000000000 R
(42.427000) vcan0 00000006#30B03D0000000000 R
(42.428000) vcan0 00000001#94B03D0000000000 R
(42.429000) vcan0 00000002#F8B03D0000000000 R
(42.430000) vcan0 00000003#5CB13D0000000000 R
(42.431000) vcan0 00000004#C0B13D0000000000 R
(42.432000) vcan0 00000005#24B23D0000000000 R
(42.433000) vcan0 00000006#88B23D0000000000 R
(42.434000) vcan0 00000001#ECB23D0000000000 R
(42.435000) vcan0 00000002#50B33D0000000000 R
(42.436000) vcan0 00000003#B4B33D0000000000 R
(42.437000) vcan0 00000004#18B43D0000000000 R
(42.438000) vcan0 00000005#7CB43D0000000000 R
(42.439000) vcan0 00000006#E0B43D0000000000 R
(42.440000) vcan0 00000001#44B53D0000000000 R
(42.441000) vcan0 00000002#A8B53D0000000000 R
(42.442000) vcan0 00000003#0CB63D0000000000 R
(42.443000) vcan0 00000004#70B63D0000000000 R
(42.444000) vcan0 00000005#D4B63D0000000000 R
(42.445000) vcan0 00000006#38B73D0000000000 R
(42.446000) vcan0 00000001#9CB73D0000000000 R
(42.447000) vcan0 00000002#00B83D0000000000 R
(42.448000) vcan0 00000003#64B83D0000000000 R
(42.449000) vcan0 00000004#C8B83D0000000000 R
(42.450000) vcan0 00000005#2CB93D0000000000 R
(42.451000) vcan0 00000006#90B93D0000000000 R
(42.452000) vcan0 00000001#F4B93D0000000000 R
(42.453000) vcan0 00000002#58BA3D0000000000 R
(42.454000) vcan0 00000003#BCBA3D0000000000 R
(42.455000) vcan0 00000004#20BB3D0000000000 R
(42.456000) vcan0 00000005#84BB3D0000000000 R
(42.457000) vcan0 00000006#E8BB3D0000000000 R
(42.458000) vcan0 00000001#4CBC3D0000000000 R
(42.459000) vcan0 00000002#B0BC3D0000000000 R
(42.460000) vcan0 00000003#14BD3D0000000000 R
(42.461000) vcan0 00000004#78BD3D0000000000 R
(42.462000) vcan0 00000005#DCBD3D0000000000 R
(42.463000) vcan0 00000006#40BE3D0000000000 R
(42.464000) vcan0 00000001#A4BE3D0000000000 R
(42.465000) vcan0 00000002#08BF3D0000000000 R
(42.466000) vcan0 00000003#6CBF3D0000000000 R
(42.467000) vcan0 00000004#D0BF3D0000000000 R
(42.468000) vcan0 00000005#34C03D0000000000 R
(42.469000) vcan0 00000006#98C03D0000000000 R
(42.470000) vcan0 00000001#FCC03D0000000000 R
(42.471000) vcan0 00000002#60C13D0000000000 R
(42.472000) vcan0 00000003#C4C13D0000000000 R
(42.473000) vcan0 00000004#28C23D0000000000 R
(42.474000) vcan0 00000005#8CC23D0000000000 R
(42.475000) vcan0 00000006#F0C23D0000000000 R
(42.476000) vcan0 00000001#54C33D0000000000 R
(42.477000) vcan0 00000002#B8C33D0000000000 R
(42.478000) vcan0 00000003#1CC43D0000000000 R
(42.479000) vcan0 00000004#80C43D0000000000 R
(42.480000) vcan0 00000005#E4C43D0000000000 R
(42.481000) vcan0 00000006#48C53D0000000000 R
(42.482000) vcan0 00000001#ACC53D0000000000 R
(42.483000) vcan0 00000002#10C63D0000000000 R
(42.484000) vcan0 00000003#74C63D0000000000 R
(42.485000) vcan0 00000004#D8C63D0000000000 R
(42.486000) vcan0 00000005#3CC73D0000000000 R
(42.487000) vcan0 00000006#A0C73D0000000000 R
(42.488000) vcan0 00000001#04C83D0000000000 R
(42.489000) vcan0 00000002#68C83D0000000000 R
(42.490000) vcan0 00000003#CCC83D0000000000 R
(42.491000) vcan0 00000004#30C93D0000000000 R
(42.492000) vcan0 00000005#94C93D0000000000 R
(42.493000) vcan0 00000006#F8C93D0000000000 R
(42.494000) vcan0 00000001#5CCA3D0000000000 R
(42.495000) vcan0 00000002#C0CA3D0000000000 R
(42.496000) vcan0 00000003#24CB3D0000000000 R
(42.497000) vcan0 00000004#88CB3D0000000000 R
(42.498000) vcan0 00000005#ECCB3D0000000000 R
(42.499000) vcan0 00000006#50CC3D0000000000 R
(42.500000) vcan0 00000001#B4CC3D0000000000 R
(42.501000) vcan0 00000002#18CD3D0000000000 R
(42.502000) vcan0 00000003#7CCD3D0000000000 R
(42.503000) vcan0 00000004#E0CD3D0000000000 R
(42.504000) vcan0 00000005#44CE3D0000000000 R
(42.505000) vcan0 00000006#A8CE3D0000000000 R
(42.506000) vcan0 00000001#0CCF3D0000000000 R
(42.507000) vcan0 00000002#70CF3D0000000000 R
(42.508000) vcan0 00000003#D4CF3D0000000000 R
(42.509000) vcan0 00000004#38D03D0000000000 R
(42.510000) vcan0 00000005#9CD03D0000000000 R
(42.511000) vcan0 00000006#00D13D0000000000 R
(42.512000) vcan0 00000001#64D13D0000000000 R
(42.513000) vcan0 00000002#C8D13D0000000000 R
(42.514000) vcan0 00000003#2CD23D0000000000 R
(42.515000) vcan0 00000004#90D23D0000000000 R
(42.516000) vcan0 00000005#F4D23D0000000000 R
(42.517000) vcan0 00000006#58D33D0000000000 R
(42.518000) vcan0 00000001#BCD33D0000000000 R
(42.519000) vcan0 00000002#20D43D0000000000 R
(42.520000) vcan0 00000003#84D43D0000000000 R
(42.521000) vcan0 00000004#E8D43D0000000000 R
(42.522000) vcan0 00000005#4CD53D0000000000 R
(42.523000) vcan0 00000006#B0D53D0000000000 R
(42.524000) vcan0 00000001#14D63D0000000000 R
(42.525000) vcan0 00000002#78D63D0000000000 R
(42.526000) vcan0 00000003#DCD63D0000000000 R
(42.527000) vcan0 00000004#40D73D0000000000 R
(42.528000) vcan0 00000005#A4D73D0000000000 R
(42.529000) vcan0 00000006#08D83D0000000000 R
(42.530000) vcan0 00000001#6CD83D0000000000 R
(42.531000) vcan0 00000002#D0D83D0000000000 R
(42.532000) vcan0 00000003#34D93D0000000000 R
(42.533000) vcan0 00000004#98D93D0000000000 R
(42.534000) vcan0 00000005#FCD93D0000000000 R
(42.535000) vcan0 00000006#60DA3D0000000000 R
(42.536000) vcan0 00000001#C4DA3D0000000000 R
(42.537000) vcan0 00000002#28DB3D0000000000 R
(42.538000) vcan0 00000003#8CDB3D0000000000 R
(42.539000) vcan0 00000004#F0DB3D0000000000 R
(42.540000) vcan0 00000005#54DC3D0000000000 R
(42.541000) vcan0 00000006#B8DC3D0000000000 R
(42.542000) vcan0 00000001#1CDD3D0000000000 R
(42.543000) vcan0 00000002#80DD3D0000000000 R
(42.544000) vcan0 00000003#E4DD3D0000000000 R
(42.545000) vcan0 00000004#48DE3D0000000000 R
(42.546000) vcan0 00000005#ACDE3D0000000000 R
(42.547000) vcan0 00000006#10DF3D0000000000 R
(42.548000) vcan0 00000001#74DF3D0000000000 R
(42.549000) vcan0 00000002#D8DF3D0000000000 R
(42.550000) vcan0 00000003#3CE03D0000000000 R
(42.551000) vcan0 00000004#A0E03D0000000000 R
(42.552000) vcan0 00000005#04E13D0000000000 R
(42.553000) vcan0 00000006#68E13D0000000000 R
(42.554000) vcan0 00000001#CCE13D0000000000 R
(42.555000) vcan0 00000002#30E23D0000000000 R
(42.556000) vcan0 00000003#94E23D0000000000 R
(42.557000) vcan0 00000004#F8E23D0000000000 R
(42.558000) vcan0 00000005#5CE33D0000000000 R
(42.559000) vcan0 00000006#C0E33D0000000000 R
(42.560000) vcan0 00000001#24E43D0000000000 R
(42.561000) vcan0 00000002#88E43D0000000000 R
(42.562000) vcan0 00000003#ECE43D0000000000 R
(42.563000) vcan0 00000004#50E53D0000000000 R
(42.564000) vcan0 00000005#B4E53D0000000000 R
(42.565000) vcan0 00000006#18E63D0000000000 R
(42.566000) vcan0 00000001#7CE63D0000000000 R
(42.567000) vcan0 00000002#E0E63D0000000000 R
(42.568000) vcan0 00000003#44E73D0000000000 R
(42.569000) vcan0 00000004#A8E73D0000000000 R
(42.570000) vcan0 00000005#0CE83D0000000000 R
(42.571000) vcan0 00000006#70E83D0000000000 R
(42.572000) vcan0 00000001#D4E83D0000000000 R
(42.573000) vcan0 00000002#38E93D0000000000 R
(42.574000) vcan0 00000003#9CE93D0000000000 R
(42.575000) vcan0 00000004#00EA3D0000000000 R
(42.576000) vcan0 00000005#64EA3D0000000000 R
(42.577000) vcan0 00000006#C8EA3D0000000000 R
(42.578000) vcan0 00000001#2CEB3D0000000000 R
(42.579000) vcan0 00000002#90EB3D0000000000 R
(42.580000) vcan0 00000003#F4EB3D0000000000 R
(42.581000) vcan0 00000004#58EC3D0000000000 R
(42.582000) vcan0 00000005#BCEC3D0000000000 R
(42.583000) vcan0 00000006#20ED3D0000000000 R
(42.584000) vcan0 00000001#84ED3D0000000000 R
(42.585000) vcan0 00000002#E8ED3D0000000000 R
(42.586000) vcan0 00000003#4CEE3D0000000000 R
(42.587000) vcan0 00000004#B0EE3D0000000000 R
(42.588000) vcan0 00000005#14EF3D0000000000 R
(42.589000) vcan0 00000006#78EF3D0000000000 R
(42.590000) vcan0 00000001#DCEF3D0000000000 R
(42.591000) vcan0 00000002#40F03D0000000000 R
(42.592000) vcan0 00000003#A4F03D0000000000 R
(42.593000) vcan0 00000004#08F13D0000000000 R
(42.594000) vcan0 00000005#6CF13D0000000000 R
(42.595000) vcan0 00000006#D0F13D0000000000 R
(42.596000) vcan0 00000001#34F23D0000000000 R
(42.597000) vcan0 00000002#98F23D0000000000 R
(42.598000) vcan0 00000003#FCF23D0000000000 R
(42.599000) vcan0 00000004#60F33D0000000000 R
(42.600000) vcan0 00000005#C4F33D0000000000 R
(42.601000) vcan0 00000006#28F43D0000000000 R
(42.602000) vcan0 00000001#8CF43D0000000000 R
(42.603000) vcan0 00000002#F0F43D0000000000 R
(42.604000) vcan0 00000003#54F53D0000000000 R
(42.605000) vcan0 00000004#B8F53D0000000000 R
(42.606000) vcan0 00000005#1CF63D0000000000 R
(42.607000) vcan0 00000006#80F63D0000000000 R
(42.608000) vcan0 00000001#E4F63D0000000000 R
(42.609000) vcan0 00000002#48F73D0000000000 R
(42.610000) vcan0 00000003#ACF73D0000000000 R
(42.611000) vcan0 00000004#10F83D0000000000 R
(42.612000) vcan0 00000005#74F83D0000000000 R
(42.613000) vcan0 00000006#D8F83D0000000000 R
(42.614000) vcan0 00000001#3CF93D0000000000 R
(42.615000) vcan0 00000002#A0F93D0000000000 R
(42.616000) vcan0 00000003#04FA3D0000000000 R
(42.617000) vcan0 00000004#68FA3D0000000000 R
(42.618000) vcan0 00000005#CCFA3D0000000000 R
(42.619000) vcan0 00000006#30FB3D0000000000 R
(42.620000) vcan0 00000001#94FB3D0000000000 R
(42.621000) vcan0 00000002#F8FB3D0000000000 R
(42.622000) vcan0 00000003#5CFC3D0000000000 R
(42.623000) vcan0 00000004#C0FC3D0000000000 R
(42.624000) vcan0 00000005#24FD3D0000000000 R
(42.625000) vcan0 00000006#88FD3D0000000000 R
(42.626000) vcan0 00000001#ECFD3D0000000000 R
(42.627000) vcan0 00000002#50FE3D0000000000 R
(42.628000) vcan0 00000003#B4FE3D0000000000 R
(42.629000) vcan0 00000004#18FF3D0000000000 R
(42.630000) vcan0 00000005#7CFF3D0000000000 R
(42.631000) vcan0 00000006#E0FF3D0000000000 R
(42.632000) vcan0 00000001#44003E0000000000 R
(42.633000) vcan0 00000002#A8003E0000000000 R
(42.634000) vcan0 00000003#0C013E0000000000 R
(42.635000) vcan0 00000004#70013E0000000000 R
(42.636000) vcan0 00000005#D4013E0000000000 R
(42.637000) vcan0 00000006#38023E0000000000 R
(42.638000) vcan0 00000001#9C023E0000000000 R
(42.639000) vcan0 00000002#00033E0000000000 R
(42.640000) vcan0 00000003#64033E0000000000 R
(42.641000) vcan0 00000004#C8033E0000000000 R
(42.642000) vcan0 00000005#2C043E0000000000 R
(42.643000) vcan0 00000006#90043E0000000000 R
(42.644000) vcan0 00000001#F4043E0000000000 R
(42.645000) vcan0 00000002#58053E0000000000 R
(42.646000) vcan0 00000003#BC053E0000000000 R
(42.647000) vcan0 00000004#20063E0000000000 R
(42.648000) vcan0 00000005#84063E0000000000 R
(42.649000) vcan0 00000006#E8063E0000000000 R
(42.650000) vcan0 00000001#4C073E0000000000 R
(42.651000) vcan0 00000002#B0073E0000000000 R
(42.652000) vcan0 00000003#14083E0000000000 R
(42.653000) vcan0 00000004#78083E0000000000 R
(42.654000) vcan0 00000005#DC083E0000000000 R
(42.655000) vcan0 00000006#40093E0000000000 R
(42.656000) vcan0 00000001#A4093E0000000000 R
(42.657000) vcan0 00000002#080A3E0000000000 R
(42.658000) vcan0 00000003#6C0A3E0000000000 R
(42.659000) vcan0 00000004#D00A3E0000000000 R
(42.660000) vcan0 00000005#340B3E0000000000 R
(42.661000) vcan0 00000006#980B3E0000000000 R
(42.662000) vcan0 00000001#FC0B3E0000000000 R
(42.663000) vcan0 00000002#600C3E0000000000 R
(42.664000) vcan0 00000003#C40C3E0000000000 R
(42.665000) vcan0 00000004#280D3E0000000000 R
(42.666000) vcan0 00000005#8C0D3E0000000000 R
(42.667000) vcan0 00000006#F00D3E0000000000 R
(42.668000) vcan0 00000001#540E3E0000000000 R
(42.669000) vcan0 00000002#B80E3E0000000000 R
(42.670000) vcan0 00000003#1C0F3E0000000000 R
(42.671000) vcan0 00000004#800F3E0000000000 R
(42.672000) vcan0 00000005#E40F3E0000000000 R
(42.673000) vcan0 00000006#48103E0000000000 R
(42.674000) vcan0 00000001#AC103E0000000000 R
(42.675000) vcan0 00000002#10113E0000000000 R
(42.676000) vcan0 00000003#74113E0000000000 R
(42.677000) vcan0 00000004#D8113E0000000000 R
(42.678000) vcan0 00000005#3C123E0000000000 R
(42.679000) vcan0 00000006#A0123E0000000000 R
(42.680000) vcan0 00000001#04133E0000000000 R
(42.681000) vcan0 00000002#68133E0000000000 R
(42.682000) vcan0 00000003#CC133E0000000000 R
(42.683000) vcan0 00000004#30143E0000000000 R
(42.684000) vcan0 00000005#94143E0000000000 R
(42.685000) vcan0 00000006#F8143E0000000000 R
(42.686000) vcan0 00000001#5C153E0000000000 R
(42.687000) vcan0 00000002#C0153E0000000000 R
(42.688000) vcan0 00000003#24163E0000000000 R
(42.689000) vcan0 00000004#88163E0000000000 R
(42.690000) vcan0 00000005#EC163E0000000000 R
(42.691000) vcan0 00000006#50173E0000000000 R
(42.692000) vcan0 00000001#B4173E0000000000 R
(42.693000) vcan0 00000002#18183E0000000000 R
(42.694000) vcan0 00000003#7C183E0000000000 R
(42.695000) vcan0 00000004#E0183E0000000000 R
(42.696000) vcan0 00000005#44193E0000000000 R
(42.697000) vcan0 00000006#A8193E0000000000 R
(42.698000) vcan0 00000001#0C1A3E0000000000 R
(42.699000) vcan0 00000002#701A3E0000000000 R
(42.700000) vcan0 00000003#D41A3E0000000000 R
(42.701000) vcan0 00000004#381B3E0000000000 R
(42.702000) vcan0 00000005#9C1B3E0000000000 R
(42.703000) vcan0 00000006#001C3E0000000000 R
(42.704000) vcan0 00000001#641C3E0000000000 R
(42.705000) vcan0 00000002#C81C3E0000000000 R
(42.706000) vcan0 00000003#2C1D3E0000000000 R
(42.707000) vcan0 00000004#901D3E0000000000 R
(42.708000) vcan0 00000005#F41D3E0000000000 R
(42.709000) vcan0 00000006#581E3E0000000000 R
(42.710000) vcan0 00000001#BC1E3E0000000000 R
(42.711000) vcan0 00000002#201F3E0000000000 R
(42.712000) vcan0 00000003#841F3E0000000000 R
(42.713000) vcan0 00000004#E81F3E0000000000 R
(42.714000) vcan0 00000005#4C203E0000000000 R
(42.715000) vcan0 00000006#B0203E0000000000 R
(42.716000) vcan0 00000001#14213E0000000000 R
(42.717000) vcan0 00000002#78213E0000000000 R
(42.718000) vcan0 00000003#DC213E0000000000 R
(42.719000) vcan0 00000004#40223E0000000000 R
(42.720000) vcan0 00000005#A4223E0000000000 R
(42.721000) vcan0 00000006#08233E0000000000 R
(42.722000) vcan0 00000001#6C233E0000000000 R
(42.723000) vcan0 00000002#D0233E0000000000 R
(42.724000) vcan0 00000003#34243E0000000000 R
(42.725000) vcan0 00000004#98243E0000000000 R
(42.726000) vcan0 00000005#FC243E0000000000 R
(42.727000) vcan0 00000006#60253E0000000000 R
(42.728000) vcan0 00000001#C4253E0000000000 R
(42.729000) vcan0 00000002#28263E0000000000 R
(42.730000) vcan0 00000003#8C263E0000000000 R
(42.731000) vcan0 00000004#F0263E0000000000 R
(42.732000) vcan0 00000005#54273E0000000000 R
(42.733000) vcan0 00000006#B8273E0000000000 R
(42.734000) vcan0 00000001#1C283E0000000000 R
(42.735000) vcan0 00000002#80283E0000000000 R
(42.736000) vcan0 00000003#E4283E0000000000 R
(42.737000) vcan0 00000004#48293E0000000000 R
(42.738000) vcan0 00000005#AC293E0000000000 R
(42.739000) vcan0 00000006#102A3E0000000000 R
(42.740000) vcan0 00000001#742A3E0000000000 R
(42.741000) vcan0 00000002#D82A3E0000000000 R
(42.742000) vcan0 00000003#3C2B3E0000000000 R
(42.743000) vcan0 00000004#A02B3E0000000000 R
(42.744000) vcan0 00000005#042C3E0000000000 R
(42.745000) vcan0 00000006#682C3E0000000000 R
(42.746000) vcan0 00000001#CC2C3E0000000000 R
(42.747000) vcan0 00000002#302D3E0000000000 R
(42.748000) vcan0 00000003#942D3E0000000000 R
(42.749000) vcan0 00000004#F82D3E0000000000 R
(42.750000) vcan0 00000005#5C2E3E0000000000 R
(42.751000) vcan0 00000006#C02E3E0000000000 R
(42.752000) vcan0 00000001#242F3E0000000000 R
(42.753000) vcan0 00000002#882F3E0000000000 R
(42.754000) vcan0 00000003#EC2F3E0000000000 R
(42.755000) vcan0 00000004#50303E0000000000 R
(42.756000) vcan0 00000005#B4303E0000000000 R
(42.757000) vcan0 00000006#18313E0000000000 R
(42.758000) vcan0 00000001#7C313E0000000000 R
(42.759000) vcan0 00000002#E0313E0000000000 R
(42.760000) vcan0 00000003#44323E0000000000 R
(42.761000) vcan0 00000004#A8323E0000000000 R
(42.762000) vcan0 00000005#0C333E0000000000 R
(42.763000) vcan0 00000006#70333E0000000000 R
(42.764000) vcan0 00000001#D4333E0000000000 R
(42.765000) vcan0 00000002#38343E0000000000 R
(42.766000) vcan0 00000003#9C343E0000000000 R
(42.767000) vcan0 00000004#00353E0000000000 R
(42.768000) vcan0 00000005#64353E0000000000 R
(42.769000) vcan0 00000006#C8353E0000000000 R
(42.770000) vcan0 00000001#2C363E0000000000 R
(42.771000) vcan0 00000002#90363E0000000000 R
(42.772000) vcan0 00000003#F4363E0000000000 R
(42.773000) vcan0 00000004#58373E0000000000 R
(42.774000) vcan0 00000005#BC373E0000000000 R
(42.775000) vcan0 00000006#20383E0000000000 R
(42.776000) vcan0 00000001#84383E0000000000 R
(42.777000) vcan0 00000002#E8383E0000000000 R
(42.778000) vcan0 00000003#4C393E0000000000 R
(42.779000) vcan0 00000004#B0393E0000000000 R
(42.780000) vcan0 00000005#143A3E0000000000 R
(42.781000) vcan0 00000006#783A3E0000000000 R
(42.782000) vcan0 00000001#DC3A3E0000000000 R
(42.783000) vcan0 00000002#403B3E0000000000 R
(42.784000) vcan0 00000003#A43B3E0000000000 R
(42.785000) vcan0 00000004#083C3E0000000000 R
(42.786000) vcan0 00000005#6C3C3E0000000000 R
(42.787000) vcan0 00000006#D03C3E0000000000 R
(42.788000) vcan0 00000001#343D3E0000000000 R
(42.789000) vcan0 00000002#983D3E0000000000 R
(42.790000) vcan0 00000003#FC3D3E0000000000 R
(42.791000) vcan0 00000004#603E3E0000000000 R
(42.792000) vcan0 00000005#C43E3E0000000000 R
(42.793000) vcan0 00000006#283F3E0000000000 R
(42.794000) vcan0 00000001#8C3F3E0000000000 R
(42.795000) vcan0 00000002#F03F3E0000000000 R
(42.796000) vcan0 00000003#54403E0000000000 R
(42.797000) vcan0 00000004#B8403E0000000000 R
(42.798000) vcan0 00000005#1C413E0000000000 R
(42.799000) vcan0 00000006#80413E0000000000 R
(42.800000) vcan0 00000001#E4413E0000000000 R
(42.801000) vcan0 00000002#48423E0000000000 R
(42.802000) vcan0 00000003#AC423E0000000000 R
(42.803000) vcan0 00000004#10433E0000000000 R
(42.804000) vcan0 00000005#74433E0000000000 R
(42.805000) vcan0 00000006#D8433E0000000000 R
(42.806000) vcan0 00000001#3C443E0000000000 R
(42.807000) vcan0 00000002#A0443E0000000000 R
(42.808000) vcan0 00000003#04453E0000000000 R
(42.809000) vcan0 00000004#68453E0000000000 R
(42.810000) vcan0 00000005#CC453E0000000000 R
(42.811000) vcan0 00000006#30463E0000000000 R
(42.812000) vcan0 00000001#94463E0000000000 R
(42.813000) vcan0 00000002#F8463E0000000000 R
(42.814000) vcan0 00000003#5C473E0000000000 R
(42.815000) vcan0 00000004#C0473E0000000000 R
(42.816000) vcan0 00000005#24483E0000000000 R
(42.817000) vcan0 00000006#88483E0000000000 R
(42.818000) vcan0 00000001#EC483E0000000000 R
(42.819000) vcan0 00000002#50493E0000000000 R
(42.820000) vcan0 00000003#B4493E0000000000 R
(42.821000) vcan0 00000004#184A3E0000000000 R
(42.822000) vcan0 00000005#7C4A3E0000000000 R
(42.823000) vcan0 00000006#E04A3E0000000000 R
(42.824000) vcan0 00000001#444B3E0000000000 R
(42.825000) vcan0 00000002#A84B3E0000000000 R
(42.826000) vcan0 00000003#0C4C3E0000000000 R
(42.827000) vcan0 00000004#704C3E0000000000 R
(42.828000) vcan0 00000005#D44C3E0000000000 R
(42.829000) vcan0 00000006#384D3E0000000000 R
(42.830000) vcan0 00000001#9C4D3E0000000000 R
(42.831000) vcan0 00000002#004E3E0000000000 R
(42.832000) vcan0 00000003#644E3E0000000000 R
(42.833000) vcan0 00000004#C84E3E0000000000 R
(42.834000) vcan0 00000005#2C4F3E0000000000 R
(42.835000) vcan0 00000006#904F3E0000000000 R
(42.836000) vcan0 00000001#F44F3E0000000000 R
