(26.464000) vcan0 00000003#A454250000000000 R
(26.465000) vcan0 00000004#0855250000000000 R
(26.466000) vcan0 00000005#6C55250000000000 R
(26.467000) vcan0 00000006#D055250000000000 R
(26.468000) vcan0 00000001#3456250000000000 R
(26.469000) vcan0 00000002#9856250000000000 R
(26.470000) vcan0 00000003#FC56250000000000 R
(26.471000) vcan0 00000004#6057250000000000 R
(26.472000) vcan0 00000005#C457250000000000 R
(26.473000) vcan0 00000006#2858250000000000 R
(26.474000) vcan0 00000001#8C58250000000000 R
(26.475000) vcan0 00000002#F058250000000000 R
(26.476000) vcan0 00000003#5459250000000000 R
(26.477000) vcan0 00000004#B859250000000000 R
(26.478000) vcan0 00000005#1C5A250000000000 R
(26.479000) vcan0 00000006#805A250000000000 R
(26.480000) vcan0 00000001#E45A250000000000 R
(26.481000) vcan0 00000002#485B250000000000 R
(26.482000) vcan0 00000003#AC5B250000000000 R
(26.483000) vcan0 00000004#105C250000000000 R
(26.484000) vcan0 00000005#745C250000000000 R
(26.485000) vcan0 00000006#D85C250000000000 R
(26.486000) vcan0 00000001#3C5D250000000000 R
(26.487000) vcan0 00000002#A05D250000000000 R
(26.488000) vcan0 00000003#045E250000000000 R
(26.489000) vcan0 00000004#685E250000000000 R
(26.490000) vcan0 00000005#CC5E250000000000 R
(26.491000) vcan0 00000006#305F250000000000 R
(26.492000) vcan0 00000001#945F250000000000 R
(26.493000) vcan0 00000002#F85F250000000000 R
(26.494000) vcan0 00000003#5C60250000000000 R
(26.495000) vcan0 00000004#C060250000000000 R
(26.496000) vcan0 00000005#2461250000000000 R
(26.497000) vcan0 00000006#8861250000000000 R
(26.498000) vcan0 00000001#EC61250000000000 R
(26.499000) vcan0 00000002#5062250000000000 R
(26.500000) vcan0 00000003#B462250000000000 R
(26.501000) vcan0 00000004#1863250000000000 R
(26.502000) vcan0 00000005#7C63250000000000 R
(26.503000) vcan0 00000006#E063250000000000 R
(26.504000) vcan0 00000001#4464250000000000 R
(26.505000) vcan0 00000002#A864250000000000 R
(26.506000) vcan0 00000003#0C65250000000000 R
(26.507000) vcan0 00000004#7065250000000000 R
(26.508000) vcan0 00000005#D465250000000000 R
(26.509000) vcan0 00000006#3866250000000000 R
(26.510000) vcan0 00000001#9C66250000000000 R
(26.511000) vcan0 00000002#0067250000000000 R
(26.512000) vcan0 00000003#6467250000000000 R
(26.513000) vcan0 00000004#C867250000000000 R
(26.514000) vcan0 00000005#2C68250000000000 R
(26.515000) vcan0 00000006#9068250000000000 R
(26.516000) vcan0 00000001#F468250000000000 R
(26.517000) vcan0 00000002#5869250000000000 R
(26.518000) vcan0 00000003#BC69250000000000 R
(26.519000) vcan0 00000004#206A250000000000 R
(26.520000) vcan0 00000005#846A250000000000 R
(26.521000) vcan0 00000006#E86A250000000000 R
(26.522000) vcan0 00000001#4C6B250000000000 R
(26.523000) vcan0 00000002#B06B250000000000 R
(26.524000) vcan0 00000003#146C250000000000 R
(26.525000) vcan0 00000004#786C250000000000 R
(26.526000) vcan0 00000005#DC6C250000000000 R
(26.527000) vcan0 00000006#406D250000000000 R
(26.528000) vcan0 00000001#A46D250000000000 R
(26.529000) vcan0 00000002#086E250000000000 R
(26.530000) vcan0 00000003#6C6E250000000000 R
(26.531000) vcan0 00000004#D06E250000000000 R
(26.532000) vcan0 00000005#346F250000000000 R
(26.533000) vcan0 00000006#986F250000000000 R
(26.534000) vcan0 00000001#FC6F250000000000 R
(26.535000) vcan0 00000002#6070250000000000 R
(26.536000) vcan0 00000003#C470250000000000 R
(26.537000) vcan0 00000004#2871250000000000 R
(26.538000) vcan0 00000005#8C71250000000000 R
(26.539000) vcan0 00000006#F071250000000000 R
(26.540000) vcan0 00000001#5472250000000000 R
(26.541000) vcan0 00000002#B872250000000000 R
(26.542000) vcan0 00000003#1C73250000000000 R
(26.543000) vcan0 00000004#8073250000000000 R
(26.544000) vcan0 00000005#E473250000000000 R
(26.545000) vcan0 00000006#4874250000000000 R
(26.546000) vcan0 00000001#AC74250000000000 R
(26.547000) vcan0 00000002#1075250000000000 R
(26.548000) vcan0 00000003#7475250000000000 R
(26.549000) vcan0 00000004#D875250000000000 R
(26.550000) vcan0 00000005#3C76250000000000 R
(26.551000) vcan0 00000006#A076250000000000 R
(26.552000) vcan0 00000001#0477250000000000 R
(26.553000) vcan0 00000002#6877250000000000 R
(26.554000) vcan0 00000003#CC77250000000000 R
(26.555000) vcan0 00000004#3078250000000000 R
(26.556000) vcan0 00000005#9478250000000000 R
(26.557000) vcan0 00000006#F878250000000000 R
(26.558000) vcan0 00000001#5C79250000000000 R
(26.559000) vcan0 00000002#C079250000000000 R
(26.560000) vcan0 00000003#247A250000000000 R
(26.561000) vcan0 00000004#887A250000000000 R
(26.562000) vcan0 00000005#EC7A250000000000 R
(26.563000) vcan0 00000006#507B250000000000 R
(26.564000) vcan0 00000001#B47B250000000000 R
(26.565000) vcan0 00000002#187C250000000000 R
(26.566000) vcan0 00000003#7C7C250000000000 R
(26.567000) vcan0 00000004#E07C250000000000 R
(26.568000) vcan0 00000005#447D250000000000 R
(26.569000) vcan0 00000006#A87D250000000000 R
(26.570000) vcan0 00000001#0C7E250000000000 R
(26.571000) vcan0 00000002#707E250000000000 R
(26.572000) vcan0 00000003#D47E250000000000 R
(26.573000) vcan0 00000004#387F250000000000 R
(26.574000) vcan0 00000005#9C7F250000000000 R
(26.575000) vcan0 00000006#0080250000000000 R
(26.576000) vcan0 00000001#6480250000000000 R
(26.577000) vcan0 00000002#C880250000000000 R
(26.578000) vcan0 00000003#2C81250000000000 R
(26.579000) vcan0 00000004#9081250000000000 R
(26.580000) vcan0 00000005#F481250000000000 R
(26.581000) vcan0 00000006#5882250000000000 R
(26.582000) vcan0 00000001#BC82250000000000 R
(26.583000) vcan0 00000002#2083250000000000 R
(26.584000) vcan0 00000003#8483250000000000 R
(26.585000) vcan0 00000004#E883250000000000 R
(26.586000) vcan0 00000005#4C84250000000000 R
(26.587000) vcan0 00000006#B084250000000000 R
(26.588000) vcan0 00000001#1485250000000000 R
(26.589000) vcan0 00000002#7885250000000000 R
(26.590000) vcan0 00000003#DC85250000000000 R
(26.591000) vcan0 00000004#4086250000000000 R
(26.592000) vcan0 00000005#A486250000000000 R
(26.593000) vcan0 00000006#0887250000000000 R
(26.594000) vcan0 00000001#6C87250000000000 R
(26.595000) vcan0 00000002#D087250000000000 R
(26.596000) vcan0 00000003#3488250000000000 R
(26.597000) vcan0 00000004#9888250000000000 R
(26.598000) vcan0 00000005#FC88250000000000 R
(26.599000) vcan0 00000006#6089250000000000 R
(26.600000) vcan0 00000001#C489250000000000 R
(26.601000) vcan0 00000002#288A250000000000 R
(26.602000) vcan0 00000003#8C8A250000000000 R
(26.603000) vcan0 00000004#F08A250000000000 R
(26.604000) vcan0 00000005#548B250000000000 R
(26.605000) vcan0 00000006#B88B250000000000 R
(26.606000) vcan0 00000001#1C8C250000000000 R
(26.607000) vcan0 00000002#808C250000000000 R
(26.608000) vcan0 00000003#E48C250000000000 R
(26.609000) vcan0 00000004#488D250000000000 R
(26.610000) vcan0 00000005#AC8D250000000000 R
(26.611000) vcan0 00000006#108E250000000000 R
(26.612000) vcan0 00000001#748E250000000000 R
(26.613000) vcan0 00000002#D88E250000000000 R
(26.614000) vcan0 00000003#3C8F250000000000 R
(26.615000) vcan0 00000004#A08F250000000000 R
(26.616000) vcan0 00000005#0490250000000000 R
(26.617000) vcan0 00000006#6890250000000000 R
(26.618000) vcan0 00000001#CC90250000000000 R
(26.619000) vcan0 00000002#3091250000000000 R
(26.620000) vcan0 00000003#9491250000000000 R
(26.621000) vcan0 00000004#F891250000000000 R
(26.622000) vcan0 00000005#5C92250000000000 R
(26.623000) vcan0 00000006#C092250000000000 R
(26.624000) vcan0 00000001#2493250000000000 R
(26.625000) vcan0 00000002#8893250000000000 R
(26.626000) vcan0 00000003#EC93250000000000 R
(26.627000) vcan0 00000004#5094250000000000 R
(26.628000) vcan0 00000005#B494250000000000 R
(26.629000) vcan0 00000006#1895250000000000 R
(26.630000) vcan0 00000001#7C95250000000000 R
(26.631000) vcan0 00000002#E095250000000000 R
(26.632000) vcan0 00000003#4496250000000000 R
(26.633000) vcan0 00000004#A896250000000000 R
(26.634000) vcan0 00000005#0C97250000000000 R
(26.635000) vcan0 00000006#7097250000000000 R
(26.636000) vcan0 00000001#D497250000000000 R
(26.637000) vcan0 00000002#3898250000000000 R
(26.638000) vcan0 00000003#9C98250000000000 R
(26.639000) vcan0 00000004#0099250000000000 R
(26.640000) vcan0 00000005#6499250000000000 R
(26.641000) vcan0 00000006#C899250000000000 R
(26.642000) vcan0 00000001#2C9A250000000000 R
(26.643000) vcan0 00000002#909A250000000000 R
(26.644000) vcan0 00000003#F49A250000000000 R
(26.645000) vcan0 00000004#589B250000000000 R
(26.646000) vcan0 00000005#BC9B250000000000 R
(26.647000) vcan0 00000006#209C250000000000 R
(26.648000) vcan0 00000001#849C250000000000 R
(26.649000) vcan0 00000002#E89C250000000000 R
(26.650000) vcan0 00000003#4C9D250000000000 R
(26.651000) vcan0 00000004#B09D250000000000 R
(26.652000) vcan0 00000005#149E250000000000 R
(26.653000) vcan0 00000006#789E250000000000 R
(26.654000) vcan0 00000001#DC9E250000000000 R
(26.655000) vcan0 00000002#409F250000000000 R
(26.656000) vcan0 00000003#A49F250000000000 R
(26.657000) vcan0 00000004#08A0250000000000 R
(26.658000) vcan0 00000005#6CA0250000000000 R
(26.659000) vcan0 00000006#D0A0250000000000 R
(26.660000) vcan0 00000001#34A1250000000000 R
