(7.305000) vcan0 00000002#A818080000000000 R
(7.306000) vcan0 00000003#0C19080000000000 R
(7.307000) vcan0 00000004#7019080000000000 R
(7.308000) vcan0 00000005#D419080000000000 R
(7.309000) vcan0 00000006#381A080000000000 R
(7.310000) vcan0 00000001#9C1A080000000000 R
(7.311000) vcan0 00000002#001B080000000000 R
(7.312000) vcan0 00000003#641B080000000000 R
(7.313000) vcan0 00000004#C81B080000000000 R
(7.314000) vcan0 00000005#2C1C080000000000 R
(7.315000) vcan0 00000006#901C080000000000 R
(7.316000) vcan0 00000001#F41C080000000000 R
(7.317000) vcan0 00000002#581D080000000000 R
(7.318000) vcan0 00000003#BC1D080000000000 R
(7.319000) vcan0 00000004#201E080000000000 R
(7.320000) vcan0 00000005#841E080000000000 R
(7.321000) vcan0 00000006#E81E080000000000 R
(7.322000) vcan0 00000001#4C1F080000000000 R
(7.323000) vcan0 00000002#B01F080000000000 R
(7.324000) vcan0 00000003#1420080000000000 R
(7.325000) vcan0 00000004#7820080000000000 R
(7.326000) vcan0 00000005#DC20080000000000 R
(7.327000) vcan0 00000006#4021080000000000 R
(7.328000) vcan0 00000001#A421080000000000 R
(7.329000) vcan0 00000002#0822080000000000 R
(7.330000) vcan0 00000003#6C22080000000000 R
(7.331000) vcan0 00000004#D022080000000000 R
(7.332000) vcan0 00000005#3423080000000000 R
(7.333000) vcan0 00000006#9823080000000000 R
(7.334000) vcan0 00000001#FC23080000000000 R
(7.335000) vcan0 00000002#6024080000000000 R
(7.336000) vcan0 00000003#C424080000000000 R
(7.337000) vcan0 00000004#2825080000000000 R
(7.338000) vcan0 00000005#8C25080000000000 R
(7.339000) vcan0 00000006#F025080000000000 R
(7.340000) vcan0 00000001#5426080000000000 R
(7.341000) vcan0 00000002#B826080000000000 R
(7.342000) vcan0 00000003#1C27080000000000 R
(7.343000) vcan0 00000004#8027080000000000 R
(7.344000) vcan0 00000005#E427080000000000 R
(7.345000) vcan0 00000006#4828080000000000 R
(7.346000) vcan0 00000001#AC28080000000000 R
(7.347000) vcan0 00000002#1029080000000000 R
(7.348000) vcan0 00000003#7429080000000000 R
(7.349000) vcan0 00000004#D829080000000000 R
(7.350000) vcan0 00000005#3C2A080000000000 R
(7.351000) vcan0 00000006#A02A080000000000 R
(7.352000) vcan0 00000001#042B080000000000 R
(7.353000) vcan0 00000002#682B080000000000 R
(7.354000) vcan0 00000003#CC2B080000000000 R
(7.355000) vcan0 00000004#302C080000000000 R
(7.356000) vcan0 00000005#942C080000000000 R
(7.357000) vcan0 00000006#F82C080000000000 R
(7.358000) vcan0 00000001#5C2D080000000000 R
(7.359000) vcan0 00000002#C02D080000000000 R
(7.360000) vcan0 00000003#242E080000000000 R
(7.361000) vcan0 00000004#882E080000000000 R
(7.362000) vcan0 00000005#EC2E080000000000 R
(7.363000) vcan0 00000006#502F080000000000 R
(7.364000) vcan0 00000001#B42F080000000000 R
(7.365000) vcan0 00000002#1830080000000000 R
(7.366000) vcan0 00000003#7C30080000000000 R
(7.367000) vcan0 00000004#E030080000000000 R
(7.368000) vcan0 00000005#4431080000000000 R
(7.369000) vcan0 00000006#A831080000000000 R
(7.370000) vcan0 00000001#0C32080000000000 R
(7.371000) vcan0 00000002#7032080000000000 R
(7.372000) vcan0 00000003#D432080000000000 R
(7.373000) vcan0 00000004#3833080000000000 R
(7.374000) vcan0 00000005#9C33080000000000 R
(7.375000) vcan0 00000006#0034080000000000 R
(7.376000) vcan0 00000001#6434080000000000 R
(7.377000) vcan0 00000002#C834080000000000 R
(7.378000) vcan0 00000003#2C35080000000000 R
(7.379000) vcan0 00000004#9035080000000000 R
(7.380000) vcan0 00000005#F435080000000000 R
(7.381000) vcan0 00000006#5836080000000000 R
(7.382000) vcan0 00000001#BC36080000000000 R
(7.383000) vcan0 00000002#2037080000000000 R
(7.384000) vcan0 00000003#8437080000000000 R
(7.385000) vcan0 00000004#E837080000000000 R
(7.386000) vcan0 00000005#4C38080000000000 R
(7.387000) vcan0 00000006#B038080000000000 R
(7.388000) vcan0 00000001#1439080000000000 R
(7.389000) vcan0 00000002#7839080000000000 R
(7.390000) vcan0 00000003#DC39080000000000 R
(7.391000) vcan0 00000004#403A080000000000 R
(7.392000) vcan0 00000005#A43A080000000000 R
(7.393000) vcan0 00000006#083B080000000000 R
(7.394000) vcan0 00000001#6C3B080000000000 R
(7.395000) vcan0 00000002#D03B080000000000 R
(7.396000) vcan0 00000003#343C080000000000 R
(7.397000) vcan0 00000004#983C080000000000 R
(7.398000) vcan0 00000005#FC3C080000000000 R
(7.399000) vcan0 00000006#603D080000000000 R
(7.400000) vcan0 00000001#C43D080000000000 R
(7.401000) vcan0 00000002#283E080000000000 R
(7.402000) vcan0 00000003#8C3E080000000000 R
(7.403000) vcan0 00000004#F03E080000000000 R
(7.404000) vcan0 00000005#543F080000000000 R
(7.405000) vcan0 00000006#B83F080000000000 R
(7.406000) vcan0 00000001#1C40080000000000 R
(7.407000) vcan0 00000002#8040080000000000 R
(7.408000) vcan0 00000003#E440080000000000 R
(7.409000) vcan0 00000004#4841080000000000 R
(7.410000) vcan0 00000005#AC41080000000000 R
(7.411000) vcan0 00000006#1042080000000000 R
(7.412000) vcan0 00000001#7442080000000000 R
(7.413000) vcan0 00000002#D842080000000000 R
(7.414000) vcan0 00000003#3C43080000000000 R
(7.415000) vcan0 00000004#A043080000000000 R
(7.416000) vcan0 00000005#0444080000000000 R
(7.417000) vcan0 00000006#6844080000000000 R
(7.418000) vcan0 00000001#CC44080000000000 R
(7.419000) vcan0 00000002#3045080000000000 R
(7.420000) vcan0 00000003#9445080000000000 R
(7.421000) vcan0 00000004#F845080000000000 R
(7.422000) vcan0 00000005#5C46080000000000 R
(7.423000) vcan0 00000006#C046080000000000 R
(7.424000) vcan0 00000001#2447080000000000 R
(7.425000) vcan0 00000002#8847080000000000 R
(7.426000) vcan0 00000003#EC47080000000000 R
(7.427000) vcan0 00000004#5048080000000000 R
(7.428000) vcan0 00000005#B448080000000000 R
(7.429000) vcan0 00000006#1849080000000000 R
(7.430000) vcan0 00000001#7C49080000000000 R
(7.431000) vcan0 00000002#E049080000000000 R
(7.432000) vcan0 00000003#444A080000000000 R
(7.433000) vcan0 00000004#A84A080000000000 R
(7.434000) vcan0 00000005#0C4B080000000000 R
(7.435000) vcan0 00000006#704B080000000000 R
(7.436000) vcan0 00000001#D44B080000000000 R
