(40.322000) vcan0 00000001#EC793A0000000000 R
(40.323000) vcan0 00000002#507A3A0000000000 R
(40.324000) vcan0 00000003#B47A3A0000000000 R
(40.325000) vcan0 00000004#187B3A0000000000 R
(40.326000) vcan0 00000005#7C7B3A0000000000 R
(40.327000) vcan0 00000006#E07B3A0000000000 R
(40.328000) vcan0 00000001#447C3A0000000000 R
(40.329000) vcan0 00000002#A87C3A0000000000 R
(40.330000) vcan0 00000003#0C7D3A0000000000 R
(40.331000) vcan0 00000004#707D3A0000000000 R
(40.332000) vcan0 00000005#D47D3A0000000000 R
(40.333000) vcan0 00000006#387E3A0000000000 R
(40.334000) vcan0 00000001#9C7E3A0000000000 R
(40.335000) vcan0 00000002#007F3A0000000000 R
(40.336000) vcan0 00000003#647F3A0000000000 R
(40.337000) vcan0 00000004#C87F3A0000000000 R
(40.338000) vcan0 00000005#2C803A0000000000 R
(40.339000) vcan0 00000006#90803A0000000000 R
(40.340000) vcan0 00000001#F4803A0000000000 R
(40.341000) vcan0 00000002#58813A0000000000 R
(40.342000) vcan0 00000003#BC813A0000000000 R
(40.343000) vcan0 00000004#20823A0000000000 R
(40.344000) vcan0 00000005#84823A0000000000 R
(40.345000) vcan0 00000006#E8823A0000000000 R
(40.346000) vcan0 00000001#4C833A0000000000 R
(40.347000) vcan0 00000002#B0833A0000000000 R
(40.348000) vcan0 00000003#14843A0000000000 R
(40.349000) vcan0 00000004#78843A0000000000 R
(40.350000) vcan0 00000005#DC843A0000000000 R
(40.351000) vcan0 00000006#40853A0000000000 R
(40.352000) vcan0 00000001#A4853A0000000000 R
(40.353000) vcan0 00000002#08863A0000000000 R
(40.354000) vcan0 00000003#6C863A0000000000 R
(40.355000) vcan0 00000004#D0863A0000000000 R
(40.356000) vcan0 00000005#34873A0000000000 R
(40.357000) vcan0 00000006#98873A0000000000 R
(40.358000) vcan0 00000001#FC873A0000000000 R
(40.359000) vcan0 00000002#60883A0000000000 R
(40.360000) vcan0 00000003#C4883A0000000000 R
(40.361000) vcan0 00000004#28893A0000000000 R
(40.362000) vcan0 00000005#8C893A0000000000 R
(40.363000) vcan0 00000006#F0893A0000000000 R
(40.364000) vcan0 00000001#548A3A0000000000 R
(40.365000) vcan0 00000002#B88A3A0000000000 R
(40.366000) vcan0 00000003#1C8B3A0000000000 R
(40.367000) vcan0 00000004#808B3A0000000000 R
(40.368000) vcan0 00000005#E48B3A0000000000 R
(40.369000) vcan0 00000006#488C3A0000000000 R
(40.370000) vcan0 00000001#AC8C3A0000000000 R
(40.371000) vcan0 00000002#108D3A0000000000 R
(40.372000) vcan0 00000003#748D3A0000000000 R
(40.373000) vcan0 00000004#D88D3A0000000000 R
(40.374000) vcan0 00000005#3C8E3A0000000000 R
(40.375000) vcan0 00000006#A08E3A0000000000 R
(40.376000) vcan0 00000001#048F3A0000000000 R
(40.377000) vcan0 00000002#688F3A0000000000 R
(40.378000) vcan0 00000003#CC8F3A0000000000 R
(40.379000) vcan0 00000004#30903A0000000000 R
(40.380000) vcan0 00000005#94903A0000000000 R
(40.381000) vcan0 00000006#F8903A0000000000 R
(40.382000) vcan0 00000001#5C913A0000000000 R
(40.383000) vcan0 00000002#C0913A0000000000 R
(40.384000) vcan0 00000003#24923A0000000000 R
(40.385000) vcan0 00000004#88923A0000000000 R
(40.386000) vcan0 00000005#EC923A0000000000 R
(40.387000) vcan0 00000006#50933A0000000000 R
(40.388000) vcan0 00000001#B4933A0000000000 R
(40.389000) vcan0 00000002#18943A0000000000 R
(40.390000) vcan0 00000003#7C943A0000000000 R
(40.391000) vcan0 00000004#E0943A0000000000 R
(40.392000) vcan0 00000005#44953A0000000000 R
(40.393000) vcan0 00000006#A8953A0000000000 R
(40.394000) vcan0 00000001#0C963A0000000000 R
(40.395000) vcan0 00000002#70963A0000000000 R
(40.396000) vcan0 00000003#D4963A0000000000 R
(40.397000) vcan0 00000004#38973A0000000000 R
(40.398000) vcan0 00000005#9C973A0000000000 R
(40.399000) vcan0 00000006#00983A0000000000 R
(40.400000) vcan0 00000001#64983A0000000000 R
(40.401000) vcan0 00000002#C8983A0000000000 R
(40.402000) vcan0 00000003#2C993A0000000000 R
(40.403000) vcan0 00000004#90993A0000000000 R
(40.404000) vcan0 00000005#F4993A0000000000 R
(40.405000) vcan0 00000006#589A3A0000000000 R
(40.406000) vcan0 00000001#BC9A3A0000000000 R
(40.407000) vcan0 00000002#209B3A0000000000 R
(40.408000) vcan0 00000003#849B3A0000000000 R
(40.409000) vcan0 00000004#E89B3A0000000000 R
(40.410000) vcan0 00000005#4C9C3A0000000000 R
(40.411000) vcan0 00000006#B09C3A0000000000 R
(40.412000) vcan0 00000001#149D3A0000000000 R
(40.413000) vcan0 00000002#789D3A0000000000 R
(40.414000) vcan0 00000003#DC9D3A0000000000 R
(40.415000) vcan0 00000004#409E3A0000000000 R
(40.416000) vcan0 00000005#A49E3A0000000000 R
(40.417000) vcan0 00000006#089F3A0000000000 R
(40.418000) vcan0 00000001#6C9F3A0000000000 R
(40.419000) vcan0 00000002#D09F3A0000000000 R
(40.420000) vcan0 00000003#34A03A0000000000 R
(40.421000) vcan0 00000004#98A03A0000000000 R
(40.422000) vcan0 00000005#FCA03A0000000000 R
(40.423000) vcan0 00000006#60A13A0000000000 R
(40.424000) vcan0 00000001#C4A13A0000000000 R
(40.425000) vcan0 00000002#28A23A0000000000 R
(40.426000) vcan0 00000003#8CA23A0000000000 R
(40.427000) vcan0 00000004#F0A23A0000000000 R
(40.428000) vcan0 00000005#54A33A0000000000 R
(40.429000) vcan0 00000006#B8A33A0000000000 R
(40.430000) vcan0 00000001#1CA43A0000000000 R
(40.431000) vcan0 00000002#80A43A0000000000 R
(40.432000) vcan0 00000003#E4A43A0000000000 R
(40.433000) vcan0 00000004#48A53A0000000000 R
(40.434000) vcan0 00000005#ACA53A0000000000 R
(40.435000) vcan0 00000006#10A63A0000000000 R
(40.436000) vcan0 00000001#74A63A0000000000 R
(40.437000) vcan0 00000002#D8A63A0000000000 R
(40.438000) vcan0 00000003#3CA73A0000000000 R
(40.439000) vcan0 00000004#A0A73A0000000000 R
(40.440000) vcan0 00000005#04A83A0000000000 R
(40.441000) vcan0 00000006#68A83A0000000000 R
(40.442000) vcan0 00000001#CCA83A0000000000 R
(40.443000) vcan0 00000002#30A93A0000000000 R
(40.444000) vcan0 00000003#94A93A0000000000 R
(40.445000) vcan0 00000004#F8A93A0000000000 R
(40.446000) vcan0 00000005#5CAA3A0000000000 R
(40.447000) vcan0 00000006#C0AA3A0000000000 R
(40.448000) vcan0 00000001#24AB3A0000000000 R
(40.449000) vcan0 00000002#88AB3A0000000000 R
(40.450000) vcan0 00000003#ECAB3A0000000000 R
(40.451000) vcan0 00000004#50AC3A0000000000 R
(40.452000) vcan0 00000005#B4AC3A0000000000 R
(40.453000) vcan0 00000006#18AD3A0000000000 R
(40.454000) vcan0 00000001#7CAD3A0000000000 R
(40.455000) vcan0 00000002#E0AD3A0000000000 R
(40.456000) vcan0 00000003#44AE3A0000000000 R
(40.457000) vcan0 00000004#A8AE3A0000000000 R
(40.458000) vcan0 00000005#0CAF3A0000000000 R
(40.459000) vcan0 00000006#70AF3A0000000000 R
(40.460000) vcan0 00000001#D4AF3A0000000000 R
(40.461000) vcan0 00000002#38B03A0000000000 R
(40.462000) vcan0 00000003#9CB03A0000000000 R
(40.463000) vcan0 00000004#00B13A0000000000 R
(40.464000) vcan0 00000005#64B13A0000000000 R
(40.465000) vcan0 00000006#C8B13A0000000000 R
(40.466000) vcan0 00000001#2CB23A0000000000 R
(40.467000) vcan0 00000002#90B23A0000000000 R
(40.468000) vcan0 00000003#F4B23A0000000000 R
(40.469000) vcan0 00000004#58B33A0000000000 R
(40.470000) vcan0 00000005#BCB33A0000000000 R
(40.471000) vcan0 00000006#20B43A0000000000 R
(40.472000) vcan0 00000001#84B43A0000000000 R
(40.473000) vcan0 00000002#E8B43A0000000000 R
(40.474000) vcan0 00000003#4CB53A0000000000 R
(40.475000) vcan0 00000004#B0B53A0000000000 R
(40.476000) vcan0 00000005#14B63A0000000000 R
(40.477000) vcan0 00000006#78B63A0000000000 R
(40.478000) vcan0 00000001#DCB63A0000000000 R
(40.479000) vcan0 00000002#40B73A0000000000 R
(40.480000) vcan0 00000003#A4B73A0000000000 R
(40.481000) vcan0 00000004#08B83A0000000000 R
(40.482000) vcan0 00000005#6CB83A0000000000 R
(40.483000) vcan0 00000006#D0B83A0000000000 R
(40.484000) vcan0 00000001#34B93A0000000000 R
(40.485000) vcan0 00000002#98B93A0000000000 R
(40.486000) vcan0 00000003#FCB93A0000000000 R
(40.487000) vcan0 00000004#60BA3A0000000000 R
(40.488000) vcan0 00000005#C4BA3A0000000000 R
(40.489000) vcan0 00000006#28BB3A0000000000 R
(40.490000) vcan0 00000001#8CBB3A0000000000 R
(40.491000) vcan0 00000002#F0BB3A0000000000 R
(40.492000) vcan0 00000003#54BC3A0000000000 R
