(35.601000) vcan0 00000002#C845330000000000 R
(35.602000) vcan0 00000003#2C46330000000000 R
(35.603000) vcan0 00000004#9046330000000000 R
(35.604000) vcan0 00000005#F446330000000000 R
(35.605000) vcan0 00000006#5847330000000000 R
(35.606000) vcan0 00000001#BC47330000000000 R
(35.607000) vcan0 00000002#2048330000000000 R
(35.608000) vcan0 00000003#8448330000000000 R
(35.609000) vcan0 00000004#E848330000000000 R
(35.610000) vcan0 00000005#4C49330000000000 R
(35.611000) vcan0 00000006#B049330000000000 R
(35.612000) vcan0 00000001#144A330000000000 R
(35.613000) vcan0 00000002#784A330000000000 R
(35.614000) vcan0 00000003#DC4A330000000000 R
(35.615000) vcan0 00000004#404B330000000000 R
(35.616000) vcan0 00000005#A44B330000000000 R
(35.617000) vcan0 00000006#084C330000000000 R
(35.618000) vcan0 00000001#6C4C330000000000 R
(35.619000) vcan0 00000002#D04C330000000000 R
(35.620000) vcan0 00000003#344D330000000000 R
(35.621000) vcan0 00000004#984D330000000000 R
(35.622000) vcan0 00000005#FC4D330000000000 R
(35.623000) vcan0 00000006#604E330000000000 R
(35.624000) vcan0 00000001#C44E330000000000 R
(35.625000) vcan0 00000002#284F330000000000 R
(35.626000) vcan0 00000003#8C4F330000000000 R
(35.627000) vcan0 00000004#F04F330000000000 R
(35.628000) vcan0 00000005#5450330000000000 R
(35.629000) vcan0 00000006#B850330000000000 R
(35.630000) vcan0 00000001#1C51330000000000 R
(35.631000) vcan0 00000002#8051330000000000 R
(35.632000) vcan0 00000003#E451330000000000 R
(35.633000) vcan0 00000004#4852330000000000 R
(35.634000) vcan0 00000005#AC52330000000000 R
(35.635000) vcan0 00000006#1053330000000000 R
(35.636000) vcan0 00000001#7453330000000000 R
(35.637000) vcan0 00000002#D853330000000000 R
(35.638000) vcan0 00000003#3C54330000000000 R
(35.639000) vcan0 00000004#A054330000000000 R
(35.640000) vcan0 00000005#0455330000000000 R
(35.641000) vcan0 00000006#6855330000000000 R
(35.642000) vcan0 00000001#CC55330000000000 R
(35.643000) vcan0 00000002#3056330000000000 R
(35.644000) vcan0 00000003#9456330000000000 R
(35.645000) vcan0 00000004#F856330000000000 R
(35.646000) vcan0 00000005#5C57330000000000 R
(35.647000) vcan0 00000006#C057330000000000 R
(35.648000) vcan0 00000001#2458330000000000 R
(35.649000) vcan0 00000002#8858330000000000 R
(35.650000) vcan0 00000003#EC58330000000000 R
(35.651000) vcan0 00000004#5059330000000000 R
(35.652000) vcan0 00000005#B459330000000000 R
(35.653000) vcan0 00000006#185A330000000000 R
(35.654000) vcan0 00000001#7C5A330000000000 R
(35.655000) vcan0 00000002#E05A330000000000 R
(35.656000) vcan0 00000003#445B330000000000 R
(35.657000) vcan0 00000004#A85B330000000000 R
(35.658000) vcan0 00000005#0C5C330000000000 R
(35.659000) vcan0 00000006#705C330000000000 R
(35.660000) vcan0 00000001#D45C330000000000 R
(35.661000) vcan0 00000002#385D330000000000 R
(35.662000) vcan0 00000003#9C5D330000000000 R
(35.663000) vcan0 00000004#005E330000000000 R
(35.664000) vcan0 00000005#645E330000000000 R
(35.665000) vcan0 00000006#C85E330000000000 R
(35.666000) vcan0 00000001#2C5F330000000000 R
(35.667000) vcan0 00000002#905F330000000000 R
(35.668000) vcan0 00000003#F45F330000000000 R
(35.669000) vcan0 00000004#5860330000000000 R
(35.670000) vcan0 00000005#BC60330000000000 R
(35.671000) vcan0 00000006#2061330000000000 R
(35.672000) vcan0 00000001#8461330000000000 R
(35.673000) vcan0 00000002#E861330000000000 R
(35.674000) vcan0 00000003#4C62330000000000 R
(35.675000) vcan0 00000004#B062330000000000 R
(35.676000) vcan0 00000005#1463330000000000 R
(35.677000) vcan0 00000006#7863330000000000 R
(35.678000) vcan0 00000001#DC63330000000000 R
(35.679000) vcan0 00000002#4064330000000000 R
(35.680000) vcan0 00000003#A464330000000000 R
(35.681000) vcan0 00000004#0865330000000000 R
(35.682000) vcan0 00000005#6C65330000000000 R
(35.683000) vcan0 00000006#D065330000000000 R
(35.684000) vcan0 00000001#3466330000000000 R
(35.685000) vcan0 00000002#9866330000000000 R
(35.686000) vcan0 00000003#FC66330000000000 R
(35.687000) vcan0 00000004#6067330000000000 R
(35.688000) vcan0 00000005#C467330000000000 R
(35.689000) vcan0 00000006#2868330000000000 R
(35.690000) vcan0 00000001#8C68330000000000 R
(35.691000) vcan0 00000002#F068330000000000 R
(35.692000) vcan0 00000003#5469330000000000 R
(35.693000) vcan0 00000004#B869330000000000 R
(35.694000) vcan0 00000005#1C6A330000000000 R
(35.695000) vcan0 00000006#806A330000000000 R
(35.696000) vcan0 00000001#E46A330000000000 R
(35.697000) vcan0 00000002#486B330000000000 R
(35.698000) vcan0 00000003#AC6B330000000000 R
(35.699000) vcan0 00000004#106C330000000000 R
(35.700000) vcan0 00000005#746C330000000000 R
(35.701000) vcan0 00000006#D86C330000000000 R
(35.702000) vcan0 00000001#3C6D330000000000 R
(35.703000) vcan0 00000002#A06D330000000000 R
(35.704000) vcan0 00000003#046E330000000000 R
(35.705000) vcan0 00000004#686E330000000000 R
(35.706000) vcan0 00000005#CC6E330000000000 R
(35.707000) vcan0 00000006#306F330000000000 R
(35.708000) vcan0 00000001#946F330000000000 R
(35.709000) vcan0 00000002#F86F330000000000 R
(35.710000) vcan0 00000003#5C70330000000000 R
(35.711000) vcan0 00000004#C070330000000000 R
(35.712000) vcan0 00000005#2471330000000000 R
(35.713000) vcan0 00000006#8871330000000000 R
(35.714000) vcan0 00000001#EC71330000000000 R
(35.715000) vcan0 00000002#5072330000000000 R
(35.716000) vcan0 00000003#B472330000000000 R
(35.717000) vcan0 00000004#1873330000000000 R
(35.718000) vcan0 00000005#7C73330000000000 R
(35.719000) vcan0 00000006#E073330000000000 R
(35.720000) vcan0 00000001#4474330000000000 R
(35.721000) vcan0 00000002#A874330000000000 R
(35.722000) vcan0 00000003#0C75330000000000 R
(35.723000) vcan0 00000004#7075330000000000 R
(35.724000) vcan0 00000005#D475330000000000 R
(35.725000) vcan0 00000006#3876330000000000 R
(35.726000) vcan0 00000001#9C76330000000000 R
(35.727000) vcan0 00000002#0077330000000000 R
(35.728000) vcan0 00000003#6477330000000000 R
(35.729000) vcan0 00000004#C877330000000000 R
(35.730000) vcan0 00000005#2C78330000000000 R
(35.731000) vcan0 00000006#9078330000000000 R
(35.732000) vcan0 00000001#F478330000000000 R
(35.733000) vcan0 00000002#5879330000000000 R
(35.734000) vcan0 00000003#BC79330000000000 R
(35.735000) vcan0 00000004#207A330000000000 R
(35.736000) vcan0 00000005#847A330000000000 R
(35.737000) vcan0 00000006#E87A330000000000 R
(35.738000) vcan0 00000001#4C7B330000000000 R
(35.739000) vcan0 00000002#B07B330000000000 R
(35.740000) vcan0 00000003#147C330000000000 R
(35.741000) vcan0 00000004#787C330000000000 R
(35.742000) vcan0 00000005#DC7C330000000000 R
(35.743000) vcan0 00000006#407D330000000000 R
(35.744000) vcan0 00000001#A47D330000000000 R
(35.745000) vcan0 00000002#087E330000000000 R
(35.746000) vcan0 00000003#6C7E330000000000 R
(35.747000) vcan0 00000004#D07E330000000000 R
(35.748000) vcan0 00000005#347F330000000000 R
(35.749000) vcan0 00000006#987F330000000000 R
(35.750000) vcan0 00000001#FC7F330000000000 R
(35.751000) vcan0 00000002#6080330000000000 R
(35.752000) vcan0 00000003#C480330000000000 R
(35.753000) vcan0 00000004#2881330000000000 R
(35.754000) vcan0 00000005#8C81330000000000 R
(35.755000) vcan0 00000006#F081330000000000 R
(35.756000) vcan0 00000001#5482330000000000 R
(35.757000) vcan0 00000002#B882330000000000 R
(35.758000) vcan0 00000003#1C83330000000000 R
(35.759000) vcan0 00000004#8083330000000000 R
(35.760000) vcan0 00000005#E483330000000000 R
(35.761000) vcan0 00000006#4884330000000000 R
(35.762000) vcan0 00000001#AC84330000000000 R
(35.763000) vcan0 00000002#1085330000000000 R
(35.764000) vcan0 00000003#7485330000000000 R
(35.765000) vcan0 00000004#D885330000000000 R
(35.766000) vcan0 00000005#3C86330000000000 R
(35.767000) vcan0 00000006#A086330000000000 R
(35.768000) vcan0 00000001#0487330000000000 R
(35.769000) vcan0 00000002#6887330000000000 R
(35.770000) vcan0 00000003#CC87330000000000 R
(35.771000) vcan0 00000004#3088330000000000 R
(35.772000) vcan0 00000005#9488330000000000 R
(35.773000) vcan0 00000006#F888330000000000 R
(35.774000) vcan0 00000001#5C89330000000000 R
(35.775000) vcan0 00000002#C089330000000000 R
(35.776000) vcan0 00000003#248A330000000000 R
(35.777000) vcan0 00000004#888A330000000000 R
(35.778000) vcan0 00000005#EC8A330000000000 R
(35.779000) vcan0 00000006#508B330000000000 R
(35.780000) vcan0 00000001#B48B330000000000 R
(35.781000) vcan0 00000002#188C330000000000 R
(35.782000) vcan0 00000003#7C8C330000000000 R
(35.783000) vcan0 00000004#E08C330000000000 R
(35.784000) vcan0 00000005#448D330000000000 R
(35.785000) vcan0 00000006#A88D330000000000 R
(35.786000) vcan0 00000001#0C8E330000000000 R
(35.787000) vcan0 00000002#708E330000000000 R
(35.788000) vcan0 00000003#D48E330000000000 R
(35.789000) vcan0 00000004#388F330000000000 R
(35.790000) vcan0 00000005#9C8F330000000000 R
(35.791000) vcan0 00000006#0090330000000000 R
(35.792000) vcan0 00000001#6490330000000000 R
(35.793000) vcan0 00000002#C890330000000000 R
(35.794000) vcan0 00000003#2C91330000000000 R
(35.795000) vcan0 00000004#9091330000000000 R
(35.796000) vcan0 00000005#F491330000000000 R
(35.797000) vcan0 00000006#5892330000000000 R
(35.798000) vcan0 00000001#BC92330000000000 R
(35.799000) vcan0 00000002#2093330000000000 R
(35.800000) vcan0 00000003#8493330000000000 R
(35.801000) vcan0 00000004#E893330000000000 R
(35.802000) vcan0 00000005#4C94330000000000 R
(35.803000) vcan0 00000006#B094330000000000 R
(35.804000) vcan0 00000001#1495330000000000 R
(35.805000) vcan0 00000002#7895330000000000 R
(35.806000) vcan0 00000003#DC95330000000000 R
(35.807000) vcan0 00000004#4096330000000000 R
(35.808000) vcan0 00000005#A496330000000000 R
(35.809000) vcan0 00000006#0897330000000000 R
(35.810000) vcan0 00000001#6C97330000000000 R
(35.811000) vcan0 00000002#D097330000000000 R
(35.812000) vcan0 00000003#3498330000000000 R
(35.813000) vcan0 00000004#9898330000000000 R
(35.814000) vcan0 00000005#FC98330000000000 R
(35.815000) vcan0 00000006#6099330000000000 R
(35.816000) vcan0 00000001#C499330000000000 R
(35.817000) vcan0 00000002#289A330000000000 R
(35.818000) vcan0 00000003#8C9A330000000000 R
(35.819000) vcan0 00000004#F09A330000000000 R
(35.820000) vcan0 00000005#549B330000000000 R
(35.821000) vcan0 00000006#B89B330000000000 R
(35.822000) vcan0 00000001#1C9C330000000000 R
(35.823000) vcan0 00000002#809C330000000000 R
(35.824000) vcan0 00000003#E49C330000000000 R
(35.825000) vcan0 00000004#489D330000000000 R
(35.826000) vcan0 00000005#AC9D330000000000 R
(35.827000) vcan0 00000006#109E330000000000 R
(35.828000) vcan0 00000001#749E330000000000 R
(35.829000) vcan0 00000002#D89E330000000000 R
(35.830000) vcan0 00000003#3C9F330000000000 R
(35.831000) vcan0 00000004#A09F330000000000 R
(35.832000) vcan0 00000005#04A0330000000000 R
(35.833000) vcan0 00000006#68A0330000000000 R
(35.834000) vcan0 00000001#CCA0330000000000 R
(35.835000) vcan0 00000002#30A1330000000000 R
(35.836000) vcan0 00000003#94A1330000000000 R
(35.837000) vcan0 00000004#F8A1330000000000 R
(35.838000) vcan0 00000005#5CA2330000000000 R
(35.839000) vcan0 00000006#C0A2330000000000 R
(35.840000) vcan0 00000001#24A3330000000000 R
(35.841000) vcan0 00000002#88A3330000000000 R
(35.842000) vcan0 00000003#ECA3330000000000 R
(35.843000) vcan0 00000004#50A4330000000000 R
(35.844000) vcan0 00000005#B4A4330000000000 R
(35.845000) vcan0 00000006#18A5330000000000 R
(35.846000) vcan0 00000001#7CA5330000000000 R
(35.847000) vcan0 00000002#E0A5330000000000 R
(35.848000) vcan0 00000003#44A6330000000000 R
(35.849000) vcan0 00000004#A8A6330000000000 R
(35.850000) vcan0 00000005#0CA7330000000000 R
(35.851000) vcan0 00000006#70A7330000000000 R
(35.852000) vcan0 00000001#D4A7330000000000 R
(35.853000) vcan0 00000002#38A8330000000000 R
(35.854000) vcan0 00000003#9CA8330000000000 R
(35.855000) vcan0 00000004#00A9330000000000 R
(35.856000) vcan0 00000005#64A9330000000000 R
(35.857000) vcan0 00000006#C8A9330000000000 R
(35.858000) vcan0 00000001#2CAA330000000000 R
(35.859000) vcan0 00000002#90AA330000000000 R
(35.860000) vcan0 00000003#F4AA330000000000 R
(35.861000) vcan0 00000004#58AB330000000000 R
(35.862000) vcan0 00000005#BCAB330000000000 R
(35.863000) vcan0 00000006#20AC330000000000 R
(35.864000) vcan0 00000001#84AC330000000000 R
(35.865000) vcan0 00000002#E8AC330000000000 R
(35.866000) vcan0 00000003#4CAD330000000000 R
(35.867000) vcan0 00000004#B0AD330000000000 R
(35.868000) vcan0 00000005#14AE330000000000 R
(35.869000) vcan0 00000006#78AE330000000000 R
(35.870000) vcan0 00000001#DCAE330000000000 R
(35.871000) vcan0 00000002#40AF330000000000 R
(35.872000) vcan0 00000003#A4AF330000000000 R
(35.873000) vcan0 00000004#08B0330000000000 R
(35.874000) vcan0 00000005#6CB0330000000000 R
(35.875000) vcan0 00000006#D0B0330000000000 R
(35.876000) vcan0 00000001#34B1330000000000 R
(35.877000) vcan0 00000002#98B1330000000000 R
(35.878000) vcan0 00000003#FCB1330000000000 R
(35.879000) vcan0 00000004#60B2330000000000 R
(35.880000) vcan0 00000005#C4B2330000000000 R
(35.881000) vcan0 00000006#28B3330000000000 R
(35.882000) vcan0 00000001#8CB3330000000000 R
(35.883000) vcan0 00000002#F0B3330000000000 R
(35.884000) vcan0 00000003#54B4330000000000 R
(35.885000) vcan0 00000004#B8B4330000000000 R
(35.886000) vcan0 00000005#1CB5330000000000 R
(35.887000) vcan0 00000006#80B5330000000000 R
(35.888000) vcan0 00000001#E4B5330000000000 R
(35.889000) vcan0 00000002#48B6330000000000 R
(35.890000) vcan0 00000003#ACB6330000000000 R
(35.891000) vcan0 00000004#10B7330000000000 R
(35.892000) vcan0 00000005#74B7330000000000 R
(35.893000) vcan0 00000006#D8B7330000000000 R
(35.894000) vcan0 00000001#3CB8330000000000 R
(35.895000) vcan0 00000002#A0B8330000000000 R
(35.896000) vcan0 00000003#04B9330000000000 R
(35.897000) vcan0 00000004#68B9330000000000 R
(35.898000) vcan0 00000005#CCB9330000000000 R
(35.899000) vcan0 00000006#30BA330000000000 R
(35.900000) vcan0 00000001#94BA330000000000 R
(35.901000) vcan0 00000002#F8BA330000000000 R
(35.902000) vcan0 00000003#5CBB330000000000 R
(35.903000) vcan0 00000004#C0BB330000000000 R
(35.904000) vcan0 00000005#24BC330000000000 R
(35.905000) vcan0 00000006#88BC330000000000 R
(35.906000) vcan0 00000001#ECBC330000000000 R
(35.907000) vcan0 00000002#50BD330000000000 R
(35.908000) vcan0 00000003#B4BD330000000000 R
(35.909000) vcan0 00000004#18BE330000000000 R
(35.910000) vcan0 00000005#7CBE330000000000 R
(35.911000) vcan0 00000006#E0BE330000000000 R
(35.912000) vcan0 00000001#44BF330000000000 R
(35.913000) vcan0 00000002#A8BF330000000000 R
(35.914000) vcan0 00000003#0CC0330000000000 R
(35.915000) vcan0 00000004#70C0330000000000 R
(35.916000) vcan0 00000005#D4C0330000000000 R
(35.917000) vcan0 00000006#38C1330000000000 R
(35.918000) vcan0 00000001#9CC1330000000000 R
(35.919000) vcan0 00000002#00C2330000000000 R
(35.920000) vcan0 00000003#64C2330000000000 R
(35.921000) vcan0 00000004#C8C2330000000000 R
(35.922000) vcan0 00000005#2CC3330000000000 R
(35.923000) vcan0 00000006#90C3330000000000 R
(35.924000) vcan0 00000001#F4C3330000000000 R
(35.925000) vcan0 00000002#58C4330000000000 R
(35.926000) vcan0 00000003#BCC4330000000000 R
(35.927000) vcan0 00000004#20C5330000000000 R
(35.928000) vcan0 00000005#84C5330000000000 R
(35.929000) vcan0 00000006#E8C5330000000000 R
(35.930000) vcan0 00000001#4CC6330000000000 R
(35.931000) vcan0 00000002#B0C6330000000000 R
(35.932000) vcan0 00000003#14C7330000000000 R
(35.933000) vcan0 00000004#78C7330000000000 R
(35.934000) vcan0 00000005#DCC7330000000000 R
(35.935000) vcan0 00000006#40C8330000000000 R
(35.936000) vcan0 00000001#A4C8330000000000 R
(35.937000) vcan0 00000002#08C9330000000000 R
(35.938000) vcan0 00000003#6CC9330000000000 R
(35.939000) vcan0 00000004#D0C9330000000000 R
(35.940000) vcan0 00000005#34CA330000000000 R
(35.941000) vcan0 00000006#98CA330000000000 R
(35.942000) vcan0 00000001#FCCA330000000000 R
(35.943000) vcan0 00000002#60CB330000000000 R
(35.944000) vcan0 00000003#C4CB330000000000 R
(35.945000) vcan0 00000004#28CC330000000000 R
(35.946000) vcan0 00000005#8CCC330000000000 R
(35.947000) vcan0 00000006#F0CC330000000000 R
(35.948000) vcan0 00000001#54CD330000000000 R
(35.949000) vcan0 00000002#B8CD330000000000 R
(35.950000) vcan0 00000003#1CCE330000000000 R
(35.951000) vcan0 00000004#80CE330000000000 R
(35.952000) vcan0 00000005#E4CE330000000000 R
(35.953000) vcan0 00000006#48CF330000000000 R
(35.954000) vcan0 00000001#ACCF330000000000 R
(35.955000) vcan0 00000002#10D0330000000000 R
(35.956000) vcan0 00000003#74D0330000000000 R
(35.957000) vcan0 00000004#D8D0330000000000 R
(35.958000) vcan0 00000005#3CD1330000000000 R
(35.959000) vcan0 00000006#A0D1330000000000 R
(35.960000) vcan0 00000001#04D2330000000000 R
(35.961000) vcan0 00000002#68D2330000000000 R
(35.962000) vcan0 00000003#CCD2330000000000 R
(35.963000) vcan0 00000004#30D3330000000000 R
(35.964000) vcan0 00000005#94D3330000000000 R
(35.965000) vcan0 00000006#F8D3330000000000 R
(35.966000) vcan0 00000001#5CD4330000000000 R
(35.967000) vcan0 00000002#C0D4330000000000 R
(35.968000) vcan0 00000003#24D5330000000000 R
(35.969000) vcan0 00000004#88D5330000000000 R
(35.970000) vcan0 00000005#ECD5330000000000 R
(35.971000) vcan0 00000006#50D6330000000000 R
(35.972000) vcan0 00000001#B4D6330000000000 R
(35.973000) vcan0 00000002#18D7330000000000 R
(35.974000) vcan0 00000003#7CD7330000000000 R
(35.975000) vcan0 00000004#E0D7330000000000 R
(35.976000) vcan0 00000005#44D8330000000000 R
(35.977000) vcan0 00000006#A8D8330000000000 R
(35.978000) vcan0 00000001#0CD9330000000000 R
(35.979000) vcan0 00000002#70D9330000000000 R
(35.980000) vcan0 00000003#D4D9330000000000 R
(35.981000) vcan0 00000004#38DA330000000000 R
(35.982000) vcan0 00000005#9CDA330000000000 R
(35.983000) vcan0 00000006#00DB330000000000 R
(35.984000) vcan0 00000001#64DB330000000000 R
(35.985000) vcan0 00000002#C8DB330000000000 R
(35.986000) vcan0 00000003#2CDC330000000000 R
(35.987000) vcan0 00000004#90DC330000000000 R
