(9.672000) vcan0 00000005#44B50B0000000000 R
(9.673000) vcan0 00000006#A8B50B0000000000 R
(9.674000) vcan0 00000001#0CB60B0000000000 R
(9.675000) vcan0 00000002#70B60B0000000000 R
(9.676000) vcan0 00000003#D4B60B0000000000 R
(9.677000) vcan0 00000004#38B70B0000000000 R
(9.678000) vcan0 00000005#9CB70B0000000000 R
(9.679000) vcan0 00000006#00B80B0000000000 R
(9.680000) vcan0 00000001#64B80B0000000000 R
(9.681000) vcan0 00000002#C8B80B0000000000 R
(9.682000) vcan0 00000003#2CB90B0000000000 R
(9.683000) vcan0 00000004#90B90B0000000000 R
(9.684000) vcan0 00000005#F4B90B0000000000 R
(9.685000) vcan0 00000006#58BA0B0000000000 R
(9.686000) vcan0 00000001#BCBA0B0000000000 R
(9.687000) vcan0 00000002#20BB0B0000000000 R
(9.688000) vcan0 00000003#84BB0B0000000000 R
(9.689000) vcan0 00000004#E8BB0B0000000000 R
(9.690000) vcan0 00000005#4CBC0B0000000000 R
(9.691000) vcan0 00000006#B0BC0B0000000000 R
(9.692000) vcan0 00000001#14BD0B0000000000 R
(9.693000) vcan0 00000002#78BD0B0000000000 R
(9.694000) vcan0 00000003#DCBD0B0000000000 R
(9.695000) vcan0 00000004#40BE0B0000000000 R
(9.696000) vcan0 00000005#A4BE0B0000000000 R
(9.697000) vcan0 00000006#08BF0B0000000000 R
(9.698000) vcan0 00000001#6CBF0B0000000000 R
(9.699000) vcan0 00000002#D0BF0B0000000000 R
(9.700000) vcan0 00000003#34C00B0000000000 R
(9.701000) vcan0 00000004#98C00B0000000000 R
(9.702000) vcan0 00000005#FCC00B0000000000 R
(9.703000) vcan0 00000006#60C10B0000000000 R
(9.704000) vcan0 00000001#C4C10B0000000000 R
(9.705000) vcan0 00000002#28C20B0000000000 R
(9.706000) vcan0 00000003#8CC20B0000000000 R
(9.707000) vcan0 00000004#F0C20B0000000000 R
(9.708000) vcan0 00000005#54C30B0000000000 R
(9.709000) vcan0 00000006#B8C30B0000000000 R
(9.710000) vcan0 00000001#1CC40B0000000000 R
(9.711000) vcan0 00000002#80C40B0000000000 R
(9.712000) vcan0 00000003#E4C40B0000000000 R
(9.713000) vcan0 00000004#48C50B0000000000 R
(9.714000) vcan0 00000005#ACC50B0000000000 R
(9.715000) vcan0 00000006#10C60B0000000000 R
(9.716000) vcan0 00000001#74C60B0000000000 R
(9.717000) vcan0 00000002#D8C60B0000000000 R
(9.718000) vcan0 00000003#3CC70B0000000000 R
(9.719000) vcan0 00000004#A0C70B0000000000 R
(9.720000) vcan0 00000005#04C80B0000000000 R
(9.721000) vcan0 00000006#68C80B0000000000 R
(9.722000) vcan0 00000001#CCC80B0000000000 R
(9.723000) vcan0 00000002#30C90B0000000000 R
(9.724000) vcan0 00000003#94C90B0000000000 R
(9.725000) vcan0 00000004#F8C90B0000000000 R
(9.726000) vcan0 00000005#5CCA0B0000000000 R
(9.727000) vcan0 00000006#C0CA0B0000000000 R
(9.728000) vcan0 00000001#24CB0B0000000000 R
(9.729000) vcan0 00000002#88CB0B0000000000 R
(9.730000) vcan0 00000003#ECCB0B0000000000 R
(9.731000) vcan0 00000004#50CC0B0000000000 R
(9.732000) vcan0 00000005#B4CC0B0000000000 R
(9.733000) vcan0 00000006#18CD0B0000000000 R
(9.734000) vcan0 00000001#7CCD0B0000000000 R
(9.735000) vcan0 00000002#E0CD0B0000000000 R
(9.736000) vcan0 00000003#44CE0B0000000000 R
(9.737000) vcan0 00000004#A8CE0B0000000000 R
(9.738000) vcan0 00000005#0CCF0B0000000000 R
(9.739000) vcan0 00000006#70CF0B0000000000 R
(9.740000) vcan0 00000001#D4CF0B0000000000 R
(9.741000) vcan0 00000002#38D00B0000000000 R
(9.742000) vcan0 00000003#9CD00B0000000000 R
(9.743000) vcan0 00000004#00D10B0000000000 R
(9.744000) vcan0 00000005#64D10B0000000000 R
(9.745000) vcan0 00000006#C8D10B0000000000 R
(9.746000) vcan0 00000001#2CD20B0000000000 R
(9.747000) vcan0 00000002#90D20B0000000000 R
(9.748000) vcan0 00000003#F4D20B0000000000 R
(9.749000) vcan0 00000004#58D30B0000000000 R
(9.750000) vcan0 00000005#BCD30B0000000000 R
(9.751000) vcan0 00000006#20D40B0000000000 R
(9.752000) vcan0 00000001#84D40B0000000000 R
(9.753000) vcan0 00000002#E8D40B0000000000 R
(9.754000) vcan0 00000003#4CD50B0000000000 R
(9.755000) vcan0 00000004#B0D50B0000000000 R
(9.756000) vcan0 00000005#14D60B0000000000 R
(9.757000) vcan0 00000006#78D60B0000000000 R
(9.758000) vcan0 00000001#DCD60B0000000000 R
(9.759000) vcan0 00000002#40D70B0000000000 R
(9.760000) vcan0 00000003#A4D70B0000000000 R
(9.761000) vcan0 00000004#08D80B0000000000 R
(9.762000) vcan0 00000005#6CD80B0000000000 R
(9.763000) vcan0 00000006#D0D80B0000000000 R
(9.764000) vcan0 00000001#34D90B0000000000 R
(9.765000) vcan0 00000002#98D90B0000000000 R
(9.766000) vcan0 00000003#FCD90B0000000000 R
(9.767000) vcan0 00000004#60DA0B0000000000 R
(9.768000) vcan0 00000005#C4DA0B0000000000 R
(9.769000) vcan0 00000006#28DB0B0000000000 R
(9.770000) vcan0 00000001#8CDB0B0000000000 R
(9.771000) vcan0 00000002#F0DB0B0000000000 R
(9.772000) vcan0 00000003#54DC0B0000000000 R
(9.773000) vcan0 00000004#B8DC0B0000000000 R
(9.774000) vcan0 00000005#1CDD0B0000000000 R
(9.775000) vcan0 00000006#80DD0B0000000000 R
(9.776000) vcan0 00000001#E4DD0B0000000000 R
(9.777000) vcan0 00000002#48DE0B0000000000 R
(9.778000) vcan0 00000003#ACDE0B0000000000 R
(9.779000) vcan0 00000004#10DF0B0000000000 R
(9.780000) vcan0 00000005#74DF0B0000000000 R
(9.781000) vcan0 00000006#D8DF0B0000000000 R
(9.782000) vcan0 00000001#3CE00B0000000000 R
(9.783000) vcan0 00000002#A0E00B0000000000 R
(9.784000) vcan0 00000003#04E10B0000000000 R
(9.785000) vcan0 00000004#68E10B0000000000 R
(9.786000) vcan0 00000005#CCE10B0000000000 R
(9.787000) vcan0 00000006#30E20B0000000000 R
(9.788000) vcan0 00000001#94E20B0000000000 R
(9.789000) vcan0 00000002#F8E20B0000000000 R
(9.790000) vcan0 00000003#5CE30B0000000000 R
(9.791000) vcan0 00000004#C0E30B0000000000 R
(9.792000) vcan0 00000005#24E40B0000000000 R
(9.793000) vcan0 00000006#88E40B0000000000 R
(9.794000) vcan0 00000001#ECE40B0000000000 R
(9.795000) vcan0 00000002#50E50B0000000000 R
(9.796000) vcan0 00000003#B4E50B0000000000 R
(9.797000) vcan0 00000004#18E60B0000000000 R
(9.798000) vcan0 00000005#7CE60B0000000000 R
(9.799000) vcan0 00000006#E0E60B0000000000 R
(9.800000) vcan0 00000001#44E70B0000000000 R
(9.801000) vcan0 00000002#A8E70B0000000000 R
(9.802000) vcan0 00000003#0CE80B0000000000 R
(9.803000) vcan0 00000004#70E80B0000000000 R
(9.804000) vcan0 00000005#D4E80B0000000000 R
(9.805000) vcan0 00000006#38E90B0000000000 R
(9.806000) vcan0 00000001#9CE90B0000000000 R
(9.807000) vcan0 00000002#00EA0B0000000000 R
(9.808000) vcan0 00000003#64EA0B0000000000 R
(9.809000) vcan0 00000004#C8EA0B0000000000 R
(9.810000) vcan0 00000005#2CEB0B0000000000 R
(9.811000) vcan0 00000006#90EB0B0000000000 R
(9.812000) vcan0 00000001#F4EB0B0000000000 R
(9.813000) vcan0 00000002#58EC0B0000000000 R
(9.814000) vcan0 00000003#BCEC0B0000000000 R
(9.815000) vcan0 00000004#20ED0B0000000000 R
(9.816000) vcan0 00000005#84ED0B0000000000 R
(9.817000) vcan0 00000006#E8ED0B0000000000 R
(9.818000) vcan0 00000001#4CEE0B0000000000 R
(9.819000) vcan0 00000002#B0EE0B0000000000 R
(9.820000) vcan0 00000003#14EF0B0000000000 R
(9.821000) vcan0 00000004#78EF0B0000000000 R
(9.822000) vcan0 00000005#DCEF0B0000000000 R
(9.823000) vcan0 00000006#40F00B0000000000 R
(9.824000) vcan0 00000001#A4F00B0000000000 R
(9.825000) vcan0 00000002#08F10B0000000000 R
(9.826000) vcan0 00000003#6CF10B0000000000 R
(9.827000) vcan0 00000004#D0F10B0000000000 R
(9.828000) vcan0 00000005#34F20B0000000000 R
(9.829000) vcan0 00000006#98F20B0000000000 R
(9.830000) vcan0 00000001#FCF20B0000000000 R
(9.831000) vcan0 00000002#60F30B0000000000 R
(9.832000) vcan0 00000003#C4F30B0000000000 R
(9.833000) vcan0 00000004#28F40B0000000000 R
(9.834000) vcan0 00000005#8CF40B0000000000 R
(9.835000) vcan0 00000006#F0F40B0000000000 R
(9.836000) vcan0 00000001#54F50B0000000000 R
(9.837000) vcan0 00000002#B8F50B0000000000 R
(9.838000) vcan0 00000003#1CF60B0000000000 R
(9.839000) vcan0 00000004#80F60B0000000000 R
(9.840000) vcan0 00000005#E4F60B0000000000 R
(9.841000) vcan0 00000006#48F70B0000000000 R
(9.842000) vcan0 00000001#ACF70B0000000000 R
(9.843000) vcan0 00000002#10F80B0000000000 R
(9.844000) vcan0 00000003#74F80B0000000000 R
(9.845000) vcan0 00000004#D8F80B0000000000 R
(9.846000) vcan0 00000005#3CF90B0000000000 R
(9.847000) vcan0 00000006#A0F90B0000000000 R
(9.848000) vcan0 00000001#04FA0B0000000000 R
(9.849000) vcan0 00000002#68FA0B0000000000 R
(9.850000) vcan0 00000003#CCFA0B0000000000 R
(9.851000) vcan0 00000004#30FB0B0000000000 R
(9.852000) vcan0 00000005#94FB0B0000000000 R
(9.853000) vcan0 00000006#F8FB0B0000000000 R
