(2.086000) vcan0 00000003#FC21000000000000 R
(2.087000) vcan0 00000004#6022000000000000 R
(2.088000) vcan0 00000005#C422000000000000 R
(2.089000) vcan0 00000006#2823000000000000 R
(2.090000) vcan0 00000001#8C23000000000000 R
(2.091000) vcan0 00000002#F023000000000000 R
(2.092000) vcan0 00000003#5424000000000000 R
(2.093000) vcan0 00000004#B824000000000000 R
(2.094000) vcan0 00000005#1C25000000000000 R
(2.095000) vcan0 00000006#8025000000000000 R
(2.096000) vcan0 00000001#E425000000000000 R
(2.097000) vcan0 00000002#4826000000000000 R
(2.098000) vcan0 00000003#AC26000000000000 R
(2.099000) vcan0 00000004#1027000000000000 R
(2.100000) vcan0 00000005#7427000000000000 R
(2.101000) vcan0 00000006#D827000000000000 R
(2.102000) vcan0 00000001#3C28000000000000 R
(2.103000) vcan0 00000002#A028000000000000 R
(2.104000) vcan0 00000003#0429000000000000 R
(2.105000) vcan0 00000004#6829000000000000 R
(2.106000) vcan0 00000005#CC29000000000000 R
(2.107000) vcan0 00000006#302A000000000000 R
(2.108000) vcan0 00000001#942A000000000000 R
(2.109000) vcan0 00000002#F82A000000000000 R
(2.110000) vcan0 00000003#5C2B000000000000 R
(2.111000) vcan0 00000004#C02B000000000000 R
(2.112000) vcan0 00000005#242C000000000000 R
(2.113000) vcan0 00000006#882C000000000000 R
(2.114000) vcan0 00000001#EC2C000000000000 R
(2.115000) vcan0 00000002#502D000000000000 R
(2.116000) vcan0 00000003#B42D000000000000 R
(2.117000) vcan0 00000004#182E000000000000 R
(2.118000) vcan0 00000005#7C2E000000000000 R
(2.119000) vcan0 00000006#E02E000000000000 R
(2.120000) vcan0 00000001#442F000000000000 R
(2.121000) vcan0 00000002#A82F000000000000 R
(2.122000) vcan0 00000003#0C30000000000000 R
(2.123000) vcan0 00000004#7030000000000000 R
(2.124000) vcan0 00000005#D430000000000000 R
(2.125000) vcan0 00000006#3831000000000000 R
(2.126000) vcan0 00000001#9C31000000000000 R
(2.127000) vcan0 00000002#0032000000000000 R
(2.128000) vcan0 00000003#6432000000000000 R
(2.129000) vcan0 00000004#C832000000000000 R
(2.130000) vcan0 00000005#2C33000000000000 R
(2.131000) vcan0 00000006#9033000000000000 R
(2.132000) vcan0 00000001#F433000000000000 R
(2.133000) vcan0 00000002#5834000000000000 R
(2.134000) vcan0 00000003#BC34000000000000 R
(2.135000) vcan0 00000004#2035000000000000 R
(2.136000) vcan0 00000005#8435000000000000 R
(2.137000) vcan0 00000006#E835000000000000 R
(2.138000) vcan0 00000001#4C36000000000000 R
(2.139000) vcan0 00000002#B036000000000000 R
(2.140000) vcan0 00000003#1437000000000000 R
(2.141000) vcan0 00000004#7837000000000000 R
(2.142000) vcan0 00000005#DC37000000000000 R
(2.143000) vcan0 00000006#4038000000000000 R
(2.144000) vcan0 00000001#A438000000000000 R
(2.145000) vcan0 00000002#0839000000000000 R
(2.146000) vcan0 00000003#6C39000000000000 R
(2.147000) vcan0 00000004#D039000000000000 R
(2.148000) vcan0 00000005#343A000000000000 R
(2.149000) vcan0 00000006#983A000000000000 R
(2.150000) vcan0 00000001#FC3A000000000000 R
(2.151000) vcan0 00000002#603B000000000000 R
(2.152000) vcan0 00000003#C43B000000000000 R
(2.153000) vcan0 00000004#283C000000000000 R
(2.154000) vcan0 00000005#8C3C000000000000 R
(2.155000) vcan0 00000006#F03C000000000000 R
(2.156000) vcan0 00000001#543D000000000000 R
(2.157000) vcan0 00000002#B83D000000000000 R
(2.158000) vcan0 00000003#1C3E000000000000 R
(2.159000) vcan0 00000004#803E000000000000 R
(2.160000) vcan0 00000005#E43E000000000000 R
(2.161000) vcan0 00000006#483F000000000000 R
(2.162000) vcan0 00000001#AC3F000000000000 R
(2.163000) vcan0 00000002#1040000000000000 R
(2.164000) vcan0 00000003#7440000000000000 R
(2.165000) vcan0 00000004#D840000000000000 R
(2.166000) vcan0 00000005#3C41000000000000 R
(2.167000) vcan0 00000006#A041000000000000 R
(2.168000) vcan0 00000001#0442000000000000 R
(2.169000) vcan0 00000002#6842000000000000 R
(2.170000) vcan0 00000003#CC42000000000000 R
(2.171000) vcan0 00000004#3043000000000000 R
(2.172000) vcan0 00000005#9443000000000000 R
(2.173000) vcan0 00000006#F843000000000000 R
(2.174000) vcan0 00000001#5C44000000000000 R
(2.175000) vcan0 00000002#C044000000000000 R
(2.176000) vcan0 00000003#2445000000000000 R
(2.177000) vcan0 00000004#8845000000000000 R
(2.178000) vcan0 00000005#EC45000000000000 R
(2.179000) vcan0 00000006#5046000000000000 R
(2.180000) vcan0 00000001#B446000000000000 R
(2.181000) vcan0 00000002#1847000000000000 R
(2.182000) vcan0 00000003#7C47000000000000 R
(2.183000) vcan0 00000004#E047000000000000 R
(2.184000) vcan0 00000005#4448000000000000 R
(2.185000) vcan0 00000006#A848000000000000 R
(2.186000) vcan0 00000001#0C49000000000000 R
(2.187000) vcan0 00000002#7049000000000000 R
(2.188000) vcan0 00000003#D449000000000000 R
(2.189000) vcan0 00000004#384A000000000000 R
(2.190000) vcan0 00000005#9C4A000000000000 R
(2.191000) vcan0 00000006#004B000000000000 R
(2.192000) vcan0 00000001#644B000000000000 R
(2.193000) vcan0 00000002#C84B000000000000 R
(2.194000) vcan0 00000003#2C4C000000000000 R
(2.195000) vcan0 00000004#904C000000000000 R
(2.196000) vcan0 00000005#F44C000000000000 R
(2.197000) vcan0 00000006#584D000000000000 R
(2.198000) vcan0 00000001#BC4D000000000000 R
(2.199000) vcan0 00000002#204E000000000000 R
(2.200000) vcan0 00000003#844E000000000000 R
(2.201000) vcan0 00000004#E84E000000000000 R
(2.202000) vcan0 00000005#4C4F000000000000 R
(2.203000) vcan0 00000006#B04F000000000000 R
(2.204000) vcan0 00000001#1450000000000000 R
(2.205000) vcan0 00000002#7850000000000000 R
(2.206000) vcan0 00000003#DC50000000000000 R
(2.207000) vcan0 00000004#4051000000000000 R
(2.208000) vcan0 00000005#A451000000000000 R
(2.209000) vcan0 00000006#0852000000000000 R
(2.210000) vcan0 00000001#6C52000000000000 R
(2.211000) vcan0 00000002#D052000000000000 R
(2.212000) vcan0 00000003#3453000000000000 R
(2.213000) vcan0 00000004#9853000000000000 R
(2.214000) vcan0 00000005#FC53000000000000 R
(2.215000) vcan0 00000006#6054000000000000 R
(2.216000) vcan0 00000001#C454000000000000 R
(2.217000) vcan0 00000002#2855000000000000 R
(2.218000) vcan0 00000003#8C55000000000000 R
(2.219000) vcan0 00000004#F055000000000000 R
(2.220000) vcan0 00000005#5456000000000000 R
(2.221000) vcan0 00000006#B856000000000000 R
(2.222000) vcan0 00000001#1C57000000000000 R
(2.223000) vcan0 00000002#8057000000000000 R
(2.224000) vcan0 00000003#E457000000000000 R
(2.225000) vcan0 00000004#4858000000000000 R
(2.226000) vcan0 00000005#AC58000000000000 R
(2.227000) vcan0 00000006#1059000000000000 R
(2.228000) vcan0 00000001#7459000000000000 R
(2.229000) vcan0 00000002#D859000000000000 R
(2.230000) vcan0 00000003#3C5A000000000000 R
(2.231000) vcan0 00000004#A05A000000000000 R
(2.232000) vcan0 00000005#045B000000000000 R
(2.233000) vcan0 00000006#685B000000000000 R
(2.234000) vcan0 00000001#CC5B000000000000 R
(2.235000) vcan0 00000002#305C000000000000 R
(2.236000) vcan0 00000003#945C000000000000 R
(2.237000) vcan0 00000004#F85C000000000000 R
(2.238000) vcan0 00000005#5C5D000000000000 R
(2.239000) vcan0 00000006#C05D000000000000 R
(2.240000) vcan0 00000001#245E000000000000 R
(2.241000) vcan0 00000002#885E000000000000 R
(2.242000) vcan0 00000003#EC5E000000000000 R
(2.243000) vcan0 00000004#505F000000000000 R
(2.244000) vcan0 00000005#B45F000000000000 R
(2.245000) vcan0 00000006#1860000000000000 R
(2.246000) vcan0 00000001#7C60000000000000 R
(2.247000) vcan0 00000002#E060000000000000 R
(2.248000) vcan0 00000003#4461000000000000 R
(2.249000) vcan0 00000004#A861000000000000 R
(2.250000) vcan0 00000005#0C62000000000000 R
(2.251000) vcan0 00000006#7062000000000000 R
(2.252000) vcan0 00000001#D462000000000000 R
(2.253000) vcan0 00000002#3863000000000000 R
(2.254000) vcan0 00000003#9C63000000000000 R
(2.255000) vcan0 00000004#0064000000000000 R
(2.256000) vcan0 00000005#6464000000000000 R
(2.257000) vcan0 00000006#C864000000000000 R
(2.258000) vcan0 00000001#2C65000000000000 R
(2.259000) vcan0 00000002#9065000000000000 R
(2.260000) vcan0 00000003#F465000000000000 R
(2.261000) vcan0 00000004#5866000000000000 R
(2.262000) vcan0 00000005#BC66000000000000 R
(2.263000) vcan0 00000006#2067000000000000 R
(2.264000) vcan0 00000001#8467000000000000 R
(2.265000) vcan0 00000002#E867000000000000 R
(2.266000) vcan0 00000003#4C68000000000000 R
(2.267000) vcan0 00000004#B068000000000000 R
(2.268000) vcan0 00000005#1469000000000000 R
(2.269000) vcan0 00000006#7869000000000000 R
(2.270000) vcan0 00000001#DC69000000000000 R
(2.271000) vcan0 00000002#406A000000000000 R
(2.272000) vcan0 00000003#A46A000000000000 R
(2.273000) vcan0 00000004#086B000000000000 R
(2.274000) vcan0 00000005#6C6B000000000000 R
(2.275000) vcan0 00000006#D06B000000000000 R
(2.276000) vcan0 00000001#346C000000000000 R
(2.277000) vcan0 00000002#986C000000000000 R
(2.278000) vcan0 00000003#FC6C000000000000 R
(2.279000) vcan0 00000004#606D000000000000 R
(2.280000) vcan0 00000005#C46D000000000000 R
(2.281000) vcan0 00000006#286E000000000000 R
(2.282000) vcan0 00000001#8C6E000000000000 R
(2.283000) vcan0 00000002#F06E000000000000 R
(2.284000) vcan0 00000003#546F000000000000 R
(2.285000) vcan0 00000004#B86F000000000000 R
(2.286000) vcan0 00000005#1C70000000000000 R
(2.287000) vcan0 00000006#8070000000000000 R
(2.288000) vcan0 00000001#E470000000000000 R
(2.289000) vcan0 00000002#4871000000000000 R
(2.290000) vcan0 00000003#AC71000000000000 R
(2.291000) vcan0 00000004#1072000000000000 R
(2.292000) vcan0 00000005#7472000000000000 R
(2.293000) vcan0 00000006#D872000000000000 R
(2.294000) vcan0 00000001#3C73000000000000 R
(2.295000) vcan0 00000002#A073000000000000 R
(2.296000) vcan0 00000003#0474000000000000 R
(2.297000) vcan0 00000004#6874000000000000 R
(2.298000) vcan0 00000005#CC74000000000000 R
(2.299000) vcan0 00000006#3075000000000000 R
(2.300000) vcan0 00000001#9475000000000000 R
(2.301000) vcan0 00000002#F875000000000000 R
(2.302000) vcan0 00000003#5C76000000000000 R
(2.303000) vcan0 00000004#C076000000000000 R
(2.304000) vcan0 00000005#2477000000000000 R
(2.305000) vcan0 00000006#8877000000000000 R
(2.306000) vcan0 00000001#EC77000000000000 R
(2.307000) vcan0 00000002#5078000000000000 R
(2.308000) vcan0 00000003#B478000000000000 R
(2.309000) vcan0 00000004#1879000000000000 R
(2.310000) vcan0 00000005#7C79000000000000 R
(2.311000) vcan0 00000006#E079000000000000 R
(2.312000) vcan0 00000001#447A000000000000 R
(2.313000) vcan0 00000002#A87A000000000000 R
(2.314000) vcan0 00000003#0C7B000000000000 R
(2.315000) vcan0 00000004#707B000000000000 R
(2.316000) vcan0 00000005#D47B000000000000 R
(2.317000) vcan0 00000006#387C000000000000 R
(2.318000) vcan0 00000001#9C7C000000000000 R
(2.319000) vcan0 00000002#007D000000000000 R
(2.320000) vcan0 00000003#647D000000000000 R
(2.321000) vcan0 00000004#C87D000000000000 R
(2.322000) vcan0 00000005#2C7E000000000000 R
(2.323000) vcan0 00000006#907E000000000000 R
(2.324000) vcan0 00000001#F47E000000000000 R
(2.325000) vcan0 00000002#587F000000000000 R
(2.326000) vcan0 00000003#BC7F000000000000 R
(2.327000) vcan0 00000004#2080000000000000 R
(2.328000) vcan0 00000005#8480000000000000 R
(2.329000) vcan0 00000006#E880000000000000 R
(2.330000) vcan0 00000001#4C81000000000000 R
(2.331000) vcan0 00000002#B081000000000000 R
(2.332000) vcan0 00000003#1482000000000000 R
(2.333000) vcan0 00000004#7882000000000000 R
(2.334000) vcan0 00000005#DC82000000000000 R
(2.335000) vcan0 00000006#4083000000000000 R
(2.336000) vcan0 00000001#A483000000000000 R
(2.337000) vcan0 00000002#0884000000000000 R
(2.338000) vcan0 00000003#6C84000000000000 R
(2.339000) vcan0 00000004#D084000000000000 R
(2.340000) vcan0 00000005#3485000000000000 R
(2.341000) vcan0 00000006#9885000000000000 R
(2.342000) vcan0 00000001#FC85000000000000 R
(2.343000) vcan0 00000002#6086000000000000 R
(2.344000) vcan0 00000003#C486000000000000 R
(2.345000) vcan0 00000004#2887000000000000 R
(2.346000) vcan0 00000005#8C87000000000000 R
(2.347000) vcan0 00000006#F087000000000000 R
(2.348000) vcan0 00000001#5488000000000000 R
(2.349000) vcan0 00000002#B888000000000000 R
(2.350000) vcan0 00000003#1C89000000000000 R
(2.351000) vcan0 00000004#8089000000000000 R
(2.352000) vcan0 00000005#E489000000000000 R
(2.353000) vcan0 00000006#488A000000000000 R
(2.354000) vcan0 00000001#AC8A000000000000 R
(2.355000) vcan0 00000002#108B000000000000 R
(2.356000) vcan0 00000003#748B000000000000 R
(2.357000) vcan0 00000004#D88B000000000000 R
(2.358000) vcan0 00000005#3C8C000000000000 R
(2.359000) vcan0 00000006#A08C000000000000 R
(2.360000) vcan0 00000001#048D000000000000 R
(2.361000) vcan0 00000002#688D000000000000 R
(2.362000) vcan0 00000003#CC8D000000000000 R
(2.363000) vcan0 00000004#308E000000000000 R
(2.364000) vcan0 00000005#948E000000000000 R
(2.365000) vcan0 00000006#F88E000000000000 R
(2.366000) vcan0 00000001#5C8F000000000000 R
(2.367000) vcan0 00000002#C08F000000000000 R
(2.368000) vcan0 00000003#2490000000000000 R
(2.369000) vcan0 00000004#8890000000000000 R
(2.370000) vcan0 00000005#EC90000000000000 R
(2.371000) vcan0 00000006#5091000000000000 R
(2.372000) vcan0 00000001#B491000000000000 R
(2.373000) vcan0 00000002#1892000000000000 R
(2.374000) vcan0 00000003#7C92000000000000 R
(2.375000) vcan0 00000004#E092000000000000 R
(2.376000) vcan0 00000005#4493000000000000 R
(2.377000) vcan0 00000006#A893000000000000 R
(2.378000) vcan0 00000001#0C94000000000000 R
(2.379000) vcan0 00000002#7094000000000000 R
(2.380000) vcan0 00000003#D494000000000000 R
(2.381000) vcan0 00000004#3895000000000000 R
(2.382000) vcan0 00000005#9C95000000000000 R
(2.383000) vcan0 00000006#0096000000000000 R
(2.384000) vcan0 00000001#6496000000000000 R
(2.385000) vcan0 00000002#C896000000000000 R
(2.386000) vcan0 00000003#2C97000000000000 R
(2.387000) vcan0 00000004#9097000000000000 R
(2.388000) vcan0 00000005#F497000000000000 R
(2.389000) vcan0 00000006#5898000000000000 R
(2.390000) vcan0 00000001#BC98000000000000 R
(2.391000) vcan0 00000002#2099000000000000 R
(2.392000) vcan0 00000003#8499000000000000 R
(2.393000) vcan0 00000004#E899000000000000 R
(2.394000) vcan0 00000005#4C9A000000000000 R
(2.395000) vcan0 00000006#B09A000000000000 R
(2.396000) vcan0 00000001#149B000000000000 R
(2.397000) vcan0 00000002#789B000000000000 R
(2.398000) vcan0 00000003#DC9B000000000000 R
(2.399000) vcan0 00000004#409C000000000000 R
(2.400000) vcan0 00000005#A49C000000000000 R
(2.401000) vcan0 00000006#089D000000000000 R
(2.402000) vcan0 00000001#6C9D000000000000 R
(2.403000) vcan0 00000002#D09D000000000000 R
(2.404000) vcan0 00000003#349E000000000000 R
(2.405000) vcan0 00000004#989E000000000000 R
(2.406000) vcan0 00000005#FC9E000000000000 R
(2.407000) vcan0 00000006#609F000000000000 R
(2.408000) vcan0 00000001#C49F000000000000 R
(2.409000) vcan0 00000002#28A0000000000000 R
(2.410000) vcan0 00000003#8CA0000000000000 R
(2.411000) vcan0 00000004#F0A0000000000000 R
(2.412000) vcan0 00000005#54A1000000000000 R
(2.413000) vcan0 00000006#B8A1000000000000 R
(2.414000) vcan0 00000001#1CA2000000000000 R
(2.415000) vcan0 00000002#80A2000000000000 R
(2.416000) vcan0 00000003#E4A2000000000000 R
(2.417000) vcan0 00000004#48A3000000000000 R
(2.418000) vcan0 00000005#ACA3000000000000 R
(2.419000) vcan0 00000006#10A4000000000000 R
(2.420000) vcan0 00000001#74A4000000000000 R
(2.421000) vcan0 00000002#D8A4000000000000 R
(2.422000) vcan0 00000003#3CA5000000000000 R
(2.423000) vcan0 00000004#A0A5000000000000 R
(2.424000) vcan0 00000005#04A6000000000000 R
(2.425000) vcan0 00000006#68A6000000000000 R
(2.426000) vcan0 00000001#CCA6000000000000 R
(2.427000) vcan0 00000002#30A7000000000000 R
(2.428000) vcan0 00000003#94A7000000000000 R
(2.429000) vcan0 00000004#F8A7000000000000 R
(2.430000) vcan0 00000005#5CA8000000000000 R
(2.431000) vcan0 00000006#C0A8000000000000 R
(2.432000) vcan0 00000001#24A9000000000000 R
(2.433000) vcan0 00000002#88A9000000000000 R
(2.434000) vcan0 00000003#ECA9000000000000 R
(2.435000) vcan0 00000004#50AA000000000000 R
(2.436000) vcan0 00000005#B4AA000000000000 R
(2.437000) vcan0 00000006#18AB000000000000 R
(2.438000) vcan0 00000001#7CAB000000000000 R
(2.439000) vcan0 00000002#E0AB000000000000 R
(2.440000) vcan0 00000003#44AC000000000000 R
(2.441000) vcan0 00000004#A8AC000000000000 R
(2.442000) vcan0 00000005#0CAD000000000000 R
(2.443000) vcan0 00000006#70AD000000000000 R
(2.444000) vcan0 00000001#D4AD000000000000 R
(2.445000) vcan0 00000002#38AE000000000000 R
(2.446000) vcan0 00000003#9CAE000000000000 R
(2.447000) vcan0 00000004#00AF000000000000 R
(2.448000) vcan0 00000005#64AF000000000000 R
(2.449000) vcan0 00000006#C8AF000000000000 R
(2.450000) vcan0 00000001#2CB0000000000000 R
(2.451000) vcan0 00000002#90B0000000000000 R
(2.452000) vcan0 00000003#F4B0000000000000 R
(2.453000) vcan0 00000004#58B1000000000000 R
(2.454000) vcan0 00000005#BCB1000000000000 R
(2.455000) vcan0 00000006#20B2000000000000 R
(2.456000) vcan0 00000001#84B2000000000000 R
(2.457000) vcan0 00000002#E8B2000000000000 R
(2.458000) vcan0 00000003#4CB3000000000000 R
(2.459000) vcan0 00000004#B0B3000000000000 R
(2.460000) vcan0 00000005#14B4000000000000 R
(2.461000) vcan0 00000006#78B4000000000000 R
(2.462000) vcan0 00000001#DCB4000000000000 R
(2.463000) vcan0 00000002#40B5000000000000 R
(2.464000) vcan0 00000003#A4B5000000000000 R
(2.465000) vcan0 00000004#08B6000000000000 R
(2.466000) vcan0 00000005#6CB6000000000000 R
(2.467000) vcan0 00000006#D0B6000000000000 R
(2.468000) vcan0 00000001#34B7000000000000 R
(2.469000) vcan0 00000002#98B7000000000000 R
(2.470000) vcan0 00000003#FCB7000000000000 R
(2.471000) vcan0 00000004#60B8000000000000 R
(2.472000) vcan0 00000005#C4B8000000000000 R
(2.473000) vcan0 00000006#28B9000000000000 R
(2.474000) vcan0 00000001#8CB9000000000000 R
(2.475000) vcan0 00000002#F0B9000000000000 R
(2.476000) vcan0 00000003#54BA000000000000 R
(2.477000) vcan0 00000004#B8BA000000000000 R
(2.478000) vcan0 00000005#1CBB000000000000 R
(2.479000) vcan0 00000006#80BB000000000000 R
(2.480000) vcan0 00000001#E4BB000000000000 R
(2.481000) vcan0 00000002#48BC000000000000 R
(2.482000) vcan0 00000003#ACBC000000000000 R
(2.483000) vcan0 00000004#10BD000000000000 R
(2.484000) vcan0 00000005#74BD000000000000 R
(2.485000) vcan0 00000006#D8BD000000000000 R
(2.486000) vcan0 00000001#3CBE000000000000 R
(2.487000) vcan0 00000002#A0BE000000000000 R
(2.488000) vcan0 00000003#04BF000000000000 R
(2.489000) vcan0 00000004#68BF000000000000 R
(2.490000) vcan0 00000005#CCBF000000000000 R
(2.491000) vcan0 00000006#30C0000000000000 R
(2.492000) vcan0 00000001#94C0000000000000 R
(2.493000) vcan0 00000002#F8C0000000000000 R
(2.494000) vcan0 00000003#5CC1000000000000 R
(2.495000) vcan0 00000004#C0C1000000000000 R
(2.496000) vcan0 00000005#24C2000000000000 R
(2.497000) vcan0 00000006#88C2000000000000 R
(2.498000) vcan0 00000001#ECC2000000000000 R
(2.499000) vcan0 00000002#50C3000000000000 R
(2.500000) vcan0 00000003#B4C3000000000000 R
(2.501000) vcan0 00000004#18C4000000000000 R
(2.502000) vcan0 00000005#7CC4000000000000 R
(2.503000) vcan0 00000006#E0C4000000000000 R
(2.504000) vcan0 00000001#44C5000000000000 R
(2.505000) vcan0 00000002#A8C5000000000000 R
(2.506000) vcan0 00000003#0CC6000000000000 R
(2.507000) vcan0 00000004#70C6000000000000 R
(2.508000) vcan0 00000005#D4C6000000000000 R
(2.509000) vcan0 00000006#38C7000000000000 R
(2.510000) vcan0 00000001#9CC7000000000000 R
(2.511000) vcan0 00000002#00C8000000000000 R
(2.512000) vcan0 00000003#64C8000000000000 R
(2.513000) vcan0 00000004#C8C8000000000000 R
(2.514000) vcan0 00000005#2CC9000000000000 R
(2.515000) vcan0 00000006#90C9000000000000 R
(2.516000) vcan0 00000001#F4C9000000000000 R
(2.517000) vcan0 00000002#58CA000000000000 R
(2.518000) vcan0 00000003#BCCA000000000000 R
(2.519000) vcan0 00000004#20CB000000000000 R
(2.520000) vcan0 00000005#84CB000000000000 R
(2.521000) vcan0 00000006#E8CB000000000000 R
(2.522000) vcan0 00000001#4CCC000000000000 R
(2.523000) vcan0 00000002#B0CC000000000000 R
(2.524000) vcan0 00000003#14CD000000000000 R
(2.525000) vcan0 00000004#78CD000000000000 R
(2.526000) vcan0 00000005#DCCD000000000000 R
(2.527000) vcan0 00000006#40CE000000000000 R
(2.528000) vcan0 00000001#A4CE000000000000 R
(2.529000) vcan0 00000002#08CF000000000000 R
(2.530000) vcan0 00000003#6CCF000000000000 R
(2.531000) vcan0 00000004#D0CF000000000000 R
(2.532000) vcan0 00000005#34D0000000000000 R
(2.533000) vcan0 00000006#98D0000000000000 R
(2.534000) vcan0 00000001#FCD0000000000000 R
(2.535000) vcan0 00000002#60D1000000000000 R
(2.536000) vcan0 00000003#C4D1000000000000 R
(2.537000) vcan0 00000004#28D2000000000000 R
(2.538000) vcan0 00000005#8CD2000000000000 R
(2.539000) vcan0 00000006#F0D2000000000000 R
(2.540000) vcan0 00000001#54D3000000000000 R
(2.541000) vcan0 00000002#B8D3000000000000 R
(2.542000) vcan0 00000003#1CD4000000000000 R
(2.543000) vcan0 00000004#80D4000000000000 R
(2.544000) vcan0 00000005#E4D4000000000000 R
(2.545000) vcan0 00000006#48D5000000000000 R
(2.546000) vcan0 00000001#ACD5000000000000 R
(2.547000) vcan0 00000002#10D6000000000000 R
(2.548000) vcan0 00000003#74D6000000000000 R
(2.549000) vcan0 00000004#D8D6000000000000 R
(2.550000) vcan0 00000005#3CD7000000000000 R
(2.551000) vcan0 00000006#A0D7000000000000 R
(2.552000) vcan0 00000001#04D8000000000000 R
(2.553000) vcan0 00000002#68D8000000000000 R
(2.554000) vcan0 00000003#CCD8000000000000 R
(2.555000) vcan0 00000004#30D9000000000000 R
(2.556000) vcan0 00000005#94D9000000000000 R
(2.557000) vcan0 00000006#F8D9000000000000 R
(2.558000) vcan0 00000001#5CDA000000000000 R
(2.559000) vcan0 00000002#C0DA000000000000 R
(2.560000) vcan0 00000003#24DB000000000000 R
(2.561000) vcan0 00000004#88DB000000000000 R
(2.562000) vcan0 00000005#ECDB000000000000 R
(2.563000) vcan0 00000006#50DC000000000000 R
(2.564000) vcan0 00000001#B4DC000000000000 R
(2.565000) vcan0 00000002#18DD000000000000 R
(2.566000) vcan0 00000003#7CDD000000000000 R
(2.567000) vcan0 00000004#E0DD000000000000 R
(2.568000) vcan0 00000005#44DE000000000000 R
(2.569000) vcan0 00000006#A8DE000000000000 R
(2.570000) vcan0 00000001#0CDF000000000000 R
(2.571000) vcan0 00000002#70DF000000000000 R
(2.572000) vcan0 00000003#D4DF000000000000 R
(2.573000) vcan0 00000004#38E0000000000000 R
(2.574000) vcan0 00000005#9CE0000000000000 R
(2.575000) vcan0 00000006#00E1000000000000 R
(2.576000) vcan0 00000001#64E1000000000000 R
(2.577000) vcan0 00000002#C8E1000000000000 R
(2.578000) vcan0 00000003#2CE2000000000000 R
(2.579000) vcan0 00000004#90E2000000000000 R
(2.580000) vcan0 00000005#F4E2000000000000 R
(2.581000) vcan0 00000006#58E3000000000000 R
(2.582000) vcan0 00000001#BCE3000000000000 R
(2.583000) vcan0 00000002#20E4000000000000 R
(2.584000) vcan0 00000003#84E4000000000000 R
(2.585000) vcan0 00000004#E8E4000000000000 R
(2.586000) vcan0 00000005#4CE5000000000000 R
(2.587000) vcan0 00000006#B0E5000000000000 R
(2.588000) vcan0 00000001#14E6000000000000 R
(2.589000) vcan0 00000002#78E6000000000000 R
(2.590000) vcan0 00000003#DCE6000000000000 R
(2.591000) vcan0 00000004#40E7000000000000 R
(2.592000) vcan0 00000005#A4E7000000000000 R
(2.593000) vcan0 00000006#08E8000000000000 R
(2.594000) vcan0 00000001#6CE8000000000000 R
(2.595000) vcan0 00000002#D0E8000000000000 R
(2.596000) vcan0 00000003#34E9000000000000 R
(2.597000) vcan0 00000004#98E9000000000000 R
(2.598000) vcan0 00000005#FCE9000000000000 R
(2.599000) vcan0 00000006#60EA000000000000 R
(2.600000) vcan0 00000001#C4EA000000000000 R
(2.601000) vcan0 00000002#28EB000000000000 R
(2.602000) vcan0 00000003#8CEB000000000000 R
(2.603000) vcan0 00000004#F0EB000000000000 R
(2.604000) vcan0 00000005#54EC000000000000 R
(2.605000) vcan0 00000006#B8EC000000000000 R
(2.606000) vcan0 00000001#1CED000000000000 R
(2.607000) vcan0 00000002#80ED000000000000 R
(2.608000) vcan0 00000003#E4ED000000000000 R
(2.609000) vcan0 00000004#48EE000000000000 R
(2.610000) vcan0 00000005#ACEE000000000000 R
(2.611000) vcan0 00000006#10EF000000000000 R
(2.612000) vcan0 00000001#74EF000000000000 R
(2.613000) vcan0 00000002#D8EF000000000000 R
(2.614000) vcan0 00000003#3CF0000000000000 R
(2.615000) vcan0 00000004#A0F0000000000000 R
(2.616000) vcan0 00000005#04F1000000000000 R
(2.617000) vcan0 00000006#68F1000000000000 R
(2.618000) vcan0 00000001#CCF1000000000000 R
(2.619000) vcan0 00000002#30F2000000000000 R
(2.620000) vcan0 00000003#94F2000000000000 R
(2.621000) vcan0 00000004#F8F2000000000000 R
(2.622000) vcan0 00000005#5CF3000000000000 R
(2.623000) vcan0 00000006#C0F3000000000000 R
(2.624000) vcan0 00000001#24F4000000000000 R
(2.625000) vcan0 00000002#88F4000000000000 R
(2.626000) vcan0 00000003#ECF4000000000000 R
(2.627000) vcan0 00000004#50F5000000000000 R
(2.628000) vcan0 00000005#B4F5000000000000 R
(2.629000) vcan0 00000006#18F6000000000000 R
(2.630000) vcan0 00000001#7CF6000000000000 R
(2.631000) vcan0 00000002#E0F6000000000000 R
(2.632000) vcan0 00000003#44F7000000000000 R
(2.633000) vcan0 00000004#A8F7000000000000 R
(2.634000) vcan0 00000005#0CF8000000000000 R
(2.635000) vcan0 00000006#70F8000000000000 R
(2.636000) vcan0 00000001#D4F8000000000000 R
(2.637000) vcan0 00000002#38F9000000000000 R
(2.638000) vcan0 00000003#9CF9000000000000 R
(2.639000) vcan0 00000004#00FA000000000000 R
(2.640000) vcan0 00000005#64FA000000000000 R
(2.641000) vcan0 00000006#C8FA000000000000 R
(2.642000) vcan0 00000001#2CFB000000000000 R
(2.643000) vcan0 00000002#90FB000000000000 R
(2.644000) vcan0 00000003#F4FB000000000000 R
(2.645000) vcan0 00000004#58FC000000000000 R
(2.646000) vcan0 00000005#BCFC000000000000 R
(2.647000) vcan0 00000006#20FD000000000000 R
(2.648000) vcan0 00000001#84FD000000000000 R
(2.649000) vcan0 00000002#E8FD000000000000 R
(2.650000) vcan0 00000003#4CFE000000000000 R
(2.651000) vcan0 00000004#B0FE000000000000 R
(2.652000) vcan0 00000005#14FF000000000000 R
(2.653000) vcan0 00000006#78FF000000000000 R
(2.654000) vcan0 00000001#DCFF000000000000 R
(2.655000) vcan0 00000002#4000010000000000 R
(2.656000) vcan0 00000003#A400010000000000 R
(2.657000) vcan0 00000004#0801010000000000 R
(2.658000) vcan0 00000005#6C01010000000000 R
(2.659000) vcan0 00000006#D001010000000000 R
(2.660000) vcan0 00000001#3402010000000000 R
(2.661000) vcan0 00000002#9802010000000000 R
(2.662000) vcan0 00000003#FC02010000000000 R
(2.663000) vcan0 00000004#6003010000000000 R
(2.664000) vcan0 00000005#C403010000000000 R
(2.665000) vcan0 00000006#2804010000000000 R
(2.666000) vcan0 00000001#8C04010000000000 R
(2.667000) vcan0 00000002#F004010000000000 R
(2.668000) vcan0 00000003#5405010000000000 R
(2.669000) vcan0 00000004#B805010000000000 R
(2.670000) vcan0 00000005#1C06010000000000 R
(2.671000) vcan0 00000006#8006010000000000 R
(2.672000) vcan0 00000001#E406010000000000 R
(2.673000) vcan0 00000002#4807010000000000 R
(2.674000) vcan0 00000003#AC07010000000000 R
(2.675000) vcan0 00000004#1008010000000000 R
(2.676000) vcan0 00000005#7408010000000000 R
(2.677000) vcan0 00000006#D808010000000000 R
(2.678000) vcan0 00000001#3C09010000000000 R
(2.679000) vcan0 00000002#A009010000000000 R
(2.680000) vcan0 00000003#040A010000000000 R
(2.681000) vcan0 00000004#680A010000000000 R
(2.682000) vcan0 00000005#CC0A010000000000 R
(2.683000) vcan0 00000006#300B010000000000 R
(2.684000) vcan0 00000001#940B010000000000 R
(2.685000) vcan0 00000002#F80B010000000000 R
(2.686000) vcan0 00000003#5C0C010000000000 R
(2.687000) vcan0 00000004#C00C010000000000 R
(2.688000) vcan0 00000005#240D010000000000 R
(2.689000) vcan0 00000006#880D010000000000 R
(2.690000) vcan0 00000001#EC0D010000000000 R
(2.691000) vcan0 00000002#500E010000000000 R
(2.692000) vcan0 00000003#B40E010000000000 R
(2.693000) vcan0 00000004#180F010000000000 R
(2.694000) vcan0 00000005#7C0F010000000000 R
(2.695000) vcan0 00000006#E00F010000000000 R
(2.696000) vcan0 00000001#4410010000000000 R
(2.697000) vcan0 00000002#A810010000000000 R
(2.698000) vcan0 00000003#0C11010000000000 R
(2.699000) vcan0 00000004#7011010000000000 R
(2.700000) vcan0 00000005#D411010000000000 R
(2.701000) vcan0 00000006#3812010000000000 R
(2.702000) vcan0 00000001#9C12010000000000 R
(2.703000) vcan0 00000002#0013010000000000 R
(2.704000) vcan0 00000003#6413010000000000 R
(2.705000) vcan0 00000004#C813010000000000 R
(2.706000) vcan0 00000005#2C14010000000000 R
(2.707000) vcan0 00000006#9014010000000000 R
(2.708000) vcan0 00000001#F414010000000000 R
(2.709000) vcan0 00000002#5815010000000000 R
(2.710000) vcan0 00000003#BC15010000000000 R
(2.711000) vcan0 00000004#2016010000000000 R
(2.712000) vcan0 00000005#8416010000000000 R
(2.713000) vcan0 00000006#E816010000000000 R
(2.714000) vcan0 00000001#4C17010000000000 R
(2.715000) vcan0 00000002#B017010000000000 R
(2.716000) vcan0 00000003#1418010000000000 R
(2.717000) vcan0 00000004#7818010000000000 R
(2.718000) vcan0 00000005#DC18010000000000 R
(2.719000) vcan0 00000006#4019010000000000 R
(2.720000) vcan0 00000001#A419010000000000 R
(2.721000) vcan0 00000002#081A010000000000 R
(2.722000) vcan0 00000003#6C1A010000000000 R
(2.723000) vcan0 00000004#D01A010000000000 R
(2.724000) vcan0 00000005#341B010000000000 R
(2.725000) vcan0 00000006#981B010000000000 R
(2.726000) vcan0 00000001#FC1B010000000000 R
(2.727000) vcan0 00000002#601C010000000000 R
(2.728000) vcan0 00000003#C41C010000000000 R
(2.729000) vcan0 00000004#281D010000000000 R
(2.730000) vcan0 00000005#8C1D010000000000 R
(2.731000) vcan0 00000006#F01D010000000000 R
(2.732000) vcan0 00000001#541E010000000000 R
(2.733000) vcan0 00000002#B81E010000000000 R
(2.734000) vcan0 00000003#1C1F010000000000 R
(2.735000) vcan0 00000004#801F010000000000 R
(2.736000) vcan0 00000005#E41F010000000000 R
(2.737000) vcan0 00000006#4820010000000000 R
(2.738000) vcan0 00000001#AC20010000000000 R
(2.739000) vcan0 00000002#1021010000000000 R
(2.740000) vcan0 00000003#7421010000000000 R
(2.741000) vcan0 00000004#D821010000000000 R
(2.742000) vcan0 00000005#3C22010000000000 R
(2.743000) vcan0 00000006#A022010000000000 R
(2.744000) vcan0 00000001#0423010000000000 R
(2.745000) vcan0 00000002#6823010000000000 R
(2.746000) vcan0 00000003#CC23010000000000 R
(2.747000) vcan0 00000004#3024010000000000 R
(2.748000) vcan0 00000005#9424010000000000 R
(2.749000) vcan0 00000006#F824010000000000 R
(2.750000) vcan0 00000001#5C25010000000000 R
(2.751000) vcan0 00000002#C025010000000000 R
(2.752000) vcan0 00000003#2426010000000000 R
(2.753000) vcan0 00000004#8826010000000000 R
(2.754000) vcan0 00000005#EC26010000000000 R
(2.755000) vcan0 00000006#5027010000000000 R
(2.756000) vcan0 00000001#B427010000000000 R
(2.757000) vcan0 00000002#1828010000000000 R
(2.758000) vcan0 00000003#7C28010000000000 R
(2.759000) vcan0 00000004#E028010000000000 R
(2.760000) vcan0 00000005#4429010000000000 R
(2.761000) vcan0 00000006#A829010000000000 R
(2.762000) vcan0 00000001#0C2A010000000000 R
(2.763000) vcan0 00000002#702A010000000000 R
(2.764000) vcan0 00000003#D42A010000000000 R
(2.765000) vcan0 00000004#382B010000000000 R
(2.766000) vcan0 00000005#9C2B010000000000 R
(2.767000) vcan0 00000006#002C010000000000 R
(2.768000) vcan0 00000001#642C010000000000 R
(2.769000) vcan0 00000002#C82C010000000000 R
(2.770000) vcan0 00000003#2C2D010000000000 R
(2.771000) vcan0 00000004#902D010000000000 R
(2.772000) vcan0 00000005#F42D010000000000 R
(2.773000) vcan0 00000006#582E010000000000 R
(2.774000) vcan0 00000001#BC2E010000000000 R
(2.775000) vcan0 00000002#202F010000000000 R
(2.776000) vcan0 00000003#842F010000000000 R
(2.777000) vcan0 00000004#E82F010000000000 R
(2.778000) vcan0 00000005#4C30010000000000 R
(2.779000) vcan0 00000006#B030010000000000 R
(2.780000) vcan0 00000001#1431010000000000 R
(2.781000) vcan0 00000002#7831010000000000 R
(2.782000) vcan0 00000003#DC31010000000000 R
(2.783000) vcan0 00000004#4032010000000000 R
(2.784000) vcan0 00000005#A432010000000000 R
(2.785000) vcan0 00000006#0833010000000000 R
(2.786000) vcan0 00000001#6C33010000000000 R
(2.787000) vcan0 00000002#D033010000000000 R
(2.788000) vcan0 00000003#3434010000000000 R
(2.789000) vcan0 00000004#9834010000000000 R
(2.790000) vcan0 00000005#FC34010000000000 R
(2.791000) vcan0 00000006#6035010000000000 R
(2.792000) vcan0 00000001#C435010000000000 R
(2.793000) vcan0 00000002#2836010000000000 R
(2.794000) vcan0 00000003#8C36010000000000 R
(2.795000) vcan0 00000004#F036010000000000 R
(2.796000) vcan0 00000005#5437010000000000 R
(2.797000) vcan0 00000006#B837010000000000 R
(2.798000) vcan0 00000001#1C38010000000000 R
(2.799000) vcan0 00000002#8038010000000000 R
(2.800000) vcan0 00000003#E438010000000000 R
(2.801000) vcan0 00000004#4839010000000000 R
(2.802000) vcan0 00000005#AC39010000000000 R
(2.803000) vcan0 00000006#103A010000000000 R
(2.804000) vcan0 00000001#743A010000000000 R
(2.805000) vcan0 00000002#D83A010000000000 R
(2.806000) vcan0 00000003#3C3B010000000000 R
(2.807000) vcan0 00000004#A03B010000000000 R
(2.808000) vcan0 00000005#043C010000000000 R
(2.809000) vcan0 00000006#683C010000000000 R
(2.810000) vcan0 00000001#CC3C010000000000 R
(2.811000) vcan0 00000002#303D010000000000 R
(2.812000) vcan0 00000003#943D010000000000 R
(2.813000) vcan0 00000004#F83D010000000000 R
(2.814000) vcan0 00000005#5C3E010000000000 R
(2.815000) vcan0 00000006#C03E010000000000 R
(2.816000) vcan0 00000001#243F010000000000 R
(2.817000) vcan0 00000002#883F010000000000 R
(2.818000) vcan0 00000003#EC3F010000000000 R
(2.819000) vcan0 00000004#5040010000000000 R
(2.820000) vcan0 00000005#B440010000000000 R
(2.821000) vcan0 00000006#1841010000000000 R
(2.822000) vcan0 00000001#7C41010000000000 R
(2.823000) vcan0 00000002#E041010000000000 R
(2.824000) vcan0 00000003#4442010000000000 R
(2.825000) vcan0 00000004#A842010000000000 R
(2.826000) vcan0 00000005#0C43010000000000 R
(2.827000) vcan0 00000006#7043010000000000 R
(2.828000) vcan0 00000001#D443010000000000 R
(2.829000) vcan0 00000002#3844010000000000 R
(2.830000) vcan0 00000003#9C44010000000000 R
(2.831000) vcan0 00000004#0045010000000000 R
(2.832000) vcan0 00000005#6445010000000000 R
(2.833000) vcan0 00000006#C845010000000000 R
(2.834000) vcan0 00000001#2C46010000000000 R
(2.835000) vcan0 00000002#9046010000000000 R
(2.836000) vcan0 00000003#F446010000000000 R
(2.837000) vcan0 00000004#5847010000000000 R
(2.838000) vcan0 00000005#BC47010000000000 R
(2.839000) vcan0 00000006#2048010000000000 R
(2.840000) vcan0 00000001#8448010000000000 R
(2.841000) vcan0 00000002#E848010000000000 R
(2.842000) vcan0 00000003#4C49010000000000 R
(2.843000) vcan0 00000004#B049010000000000 R
(2.844000) vcan0 00000005#144A010000000000 R
(2.845000) vcan0 00000006#784A010000000000 R
(2.846000) vcan0 00000001#DC4A010000000000 R
(2.847000) vcan0 00000002#404B010000000000 R
(2.848000) vcan0 00000003#A44B010000000000 R
(2.849000) vcan0 00000004#084C010000000000 R
(2.850000) vcan0 00000005#6C4C010000000000 R
(2.851000) vcan0 00000006#D04C010000000000 R
(2.852000) vcan0 00000001#344D010000000000 R
(2.853000) vcan0 00000002#984D010000000000 R
(2.854000) vcan0 00000003#FC4D010000000000 R
(2.855000) vcan0 00000004#604E010000000000 R
(2.856000) vcan0 00000005#C44E010000000000 R
(2.857000) vcan0 00000006#284F010000000000 R
(2.858000) vcan0 00000001#8C4F010000000000 R
(2.859000) vcan0 00000002#F04F010000000000 R
(2.860000) vcan0 00000003#5450010000000000 R
(2.861000) vcan0 00000004#B850010000000000 R
(2.862000) vcan0 00000005#1C51010000000000 R
(2.863000) vcan0 00000006#8051010000000000 R
(2.864000) vcan0 00000001#E451010000000000 R
(2.865000) vcan0 00000002#4852010000000000 R
(2.866000) vcan0 00000003#AC52010000000000 R
(2.867000) vcan0 00000004#1053010000000000 R
(2.868000) vcan0 00000005#7453010000000000 R
(2.869000) vcan0 00000006#D853010000000000 R
(2.870000) vcan0 00000001#3C54010000000000 R
(2.871000) vcan0 00000002#A054010000000000 R
(2.872000) vcan0 00000003#0455010000000000 R
(2.873000) vcan0 00000004#6855010000000000 R
(2.874000) vcan0 00000005#CC55010000000000 R
(2.875000) vcan0 00000006#3056010000000000 R
(2.876000) vcan0 00000001#9456010000000000 R
(2.877000) vcan0 00000002#F856010000000000 R
(2.878000) vcan0 00000003#5C57010000000000 R
(2.879000) vcan0 00000004#C057010000000000 R
(2.880000) vcan0 00000005#2458010000000000 R
(2.881000) vcan0 00000006#8858010000000000 R
(2.882000) vcan0 00000001#EC58010000000000 R
(2.883000) vcan0 00000002#5059010000000000 R
(2.884000) vcan0 00000003#B459010000000000 R
(2.885000) vcan0 00000004#185A010000000000 R
(2.886000) vcan0 00000005#7C5A010000000000 R
(2.887000) vcan0 00000006#E05A010000000000 R
(2.888000) vcan0 00000001#445B010000000000 R
(2.889000) vcan0 00000002#A85B010000000000 R
(2.890000) vcan0 00000003#0C5C010000000000 R
(2.891000) vcan0 00000004#705C010000000000 R
(2.892000) vcan0 00000005#D45C010000000000 R
(2.893000) vcan0 00000006#385D010000000000 R
(2.894000) vcan0 00000001#9C5D010000000000 R
(2.895000) vcan0 00000002#005E010000000000 R
(2.896000) vcan0 00000003#645E010000000000 R
(2.897000) vcan0 00000004#C85E010000000000 R
(2.898000) vcan0 00000005#2C5F010000000000 R
(2.899000) vcan0 00000006#905F010000000000 R
(2.900000) vcan0 00000001#F45F010000000000 R
(2.901000) vcan0 00000002#5860010000000000 R
(2.902000) vcan0 00000003#BC60010000000000 R
(2.903000) vcan0 00000004#2061010000000000 R
(2.904000) vcan0 00000005#8461010000000000 R
(2.905000) vcan0 00000006#E861010000000000 R
(2.906000) vcan0 00000001#4C62010000000000 R
(2.907000) vcan0 00000002#B062010000000000 R
(2.908000) vcan0 00000003#1463010000000000 R
(2.909000) vcan0 00000004#7863010000000000 R
(2.910000) vcan0 00000005#DC63010000000000 R
(2.911000) vcan0 00000006#4064010000000000 R
(2.912000) vcan0 00000001#A464010000000000 R
(2.913000) vcan0 00000002#0865010000000000 R
(2.914000) vcan0 00000003#6C65010000000000 R
(2.915000) vcan0 00000004#D065010000000000 R
(2.916000) vcan0 00000005#3466010000000000 R
(2.917000) vcan0 00000006#9866010000000000 R
(2.918000) vcan0 00000001#FC66010000000000 R
(2.919000) vcan0 00000002#6067010000000000 R
(2.920000) vcan0 00000003#C467010000000000 R
(2.921000) vcan0 00000004#2868010000000000 R
(2.922000) vcan0 00000005#8C68010000000000 R
(2.923000) vcan0 00000006#F068010000000000 R
(2.924000) vcan0 00000001#5469010000000000 R
(2.925000) vcan0 00000002#B869010000000000 R
(2.926000) vcan0 00000003#1C6A010000000000 R
(2.927000) vcan0 00000004#806A010000000000 R
(2.928000) vcan0 00000005#E46A010000000000 R
(2.929000) vcan0 00000006#486B010000000000 R
(2.930000) vcan0 00000001#AC6B010000000000 R
(2.931000) vcan0 00000002#106C010000000000 R
(2.932000) vcan0 00000003#746C010000000000 R
(2.933000) vcan0 00000004#D86C010000000000 R
(2.934000) vcan0 00000005#3C6D010000000000 R
(2.935000) vcan0 00000006#A06D010000000000 R
(2.936000) vcan0 00000001#046E010000000000 R
(2.937000) vcan0 00000002#686E010000000000 R
(2.938000) vcan0 00000003#CC6E010000000000 R
(2.939000) vcan0 00000004#306F010000000000 R
(2.940000) vcan0 00000005#946F010000000000 R
(2.941000) vcan0 00000006#F86F010000000000 R
(2.942000) vcan0 00000001#5C70010000000000 R
(2.943000) vcan0 00000002#C070010000000000 R
(2.944000) vcan0 00000003#2471010000000000 R
(2.945000) vcan0 00000004#8871010000000000 R
(2.946000) vcan0 00000005#EC71010000000000 R
(2.947000) vcan0 00000006#5072010000000000 R
(2.948000) vcan0 00000001#B472010000000000 R
(2.949000) vcan0 00000002#1873010000000000 R
(2.950000) vcan0 00000003#7C73010000000000 R
(2.951000) vcan0 00000004#E073010000000000 R
(2.952000) vcan0 00000005#4474010000000000 R
(2.953000) vcan0 00000006#A874010000000000 R
(2.954000) vcan0 00000001#0C75010000000000 R
(2.955000) vcan0 00000002#7075010000000000 R
(2.956000) vcan0 00000003#D475010000000000 R
(2.957000) vcan0 00000004#3876010000000000 R
(2.958000) vcan0 00000005#9C76010000000000 R
(2.959000) vcan0 00000006#0077010000000000 R
(2.960000) vcan0 00000001#6477010000000000 R
(2.961000) vcan0 00000002#C877010000000000 R
(2.962000) vcan0 00000003#2C78010000000000 R
(2.963000) vcan0 00000004#9078010000000000 R
(2.964000) vcan0 00000005#F478010000000000 R
(2.965000) vcan0 00000006#5879010000000000 R
(2.966000) vcan0 00000001#BC79010000000000 R
(2.967000) vcan0 00000002#207A010000000000 R
(2.968000) vcan0 00000003#847A010000000000 R
(2.969000) vcan0 00000004#E87A010000000000 R
(2.970000) vcan0 00000005#4C7B010000000000 R
(2.971000) vcan0 00000006#B07B010000000000 R
(2.972000) vcan0 00000001#147C010000000000 R
(2.973000) vcan0 00000002#787C010000000000 R
(2.974000) vcan0 00000003#DC7C010000000000 R
(2.975000) vcan0 00000004#407D010000000000 R
(2.976000) vcan0 00000005#A47D010000000000 R
(2.977000) vcan0 00000006#087E010000000000 R
(2.978000) vcan0 00000001#6C7E010000000000 R
(2.979000) vcan0 00000002#D07E010000000000 R
(2.980000) vcan0 00000003#347F010000000000 R
(2.981000) vcan0 00000004#987F010000000000 R
(2.982000) vcan0 00000005#FC7F010000000000 R
(2.983000) vcan0 00000006#6080010000000000 R
(2.984000) vcan0 00000001#C480010000000000 R
(2.985000) vcan0 00000002#2881010000000000 R
(2.986000) vcan0 00000003#8C81010000000000 R
(2.987000) vcan0 00000004#F081010000000000 R
(2.988000) vcan0 00000005#5482010000000000 R
(2.989000) vcan0 00000006#B882010000000000 R
(2.990000) vcan0 00000001#1C83010000000000 R
(2.991000) vcan0 00000002#8083010000000000 R
(2.992000) vcan0 00000003#E483010000000000 R
(2.993000) vcan0 00000004#4884010000000000 R
(2.994000) vcan0 00000005#AC84010000000000 R
(2.995000) vcan0 00000006#1085010000000000 R
(2.996000) vcan0 00000001#7485010000000000 R
(2.997000) vcan0 00000002#D885010000000000 R
(2.998000) vcan0 00000003#3C86010000000000 R
(2.999000) vcan0 00000004#A086010000000000 R
(3.000000) vcan0 00000005#0487010000000000 R
(3.001000) vcan0 00000006#6887010000000000 R
(3.002000) vcan0 00000001#CC87010000000000 R
(3.003000) vcan0 00000002#3088010000000000 R
(3.004000) vcan0 00000003#9488010000000000 R
(3.005000) vcan0 00000004#F888010000000000 R
(3.006000) vcan0 00000005#5C89010000000000 R
(3.007000) vcan0 00000006#C089010000000000 R
(3.008000) vcan0 00000001#248A010000000000 R
(3.009000) vcan0 00000002#888A010000000000 R
(3.010000) vcan0 00000003#EC8A010000000000 R
(3.011000) vcan0 00000004#508B010000000000 R
(3.012000) vcan0 00000005#B48B010000000000 R
(3.013000) vcan0 00000006#188C010000000000 R
(3.014000) vcan0 00000001#7C8C010000000000 R
(3.015000) vcan0 00000002#E08C010000000000 R
(3.016000) vcan0 00000003#448D010000000000 R
(3.017000) vcan0 00000004#A88D010000000000 R
(3.018000) vcan0 00000005#0C8E010000000000 R
(3.019000) vcan0 00000006#708E010000000000 R
(3.020000) vcan0 00000001#D48E010000000000 R
(3.021000) vcan0 00000002#388F010000000000 R
(3.022000) vcan0 00000003#9C8F010000000000 R
(3.023000) vcan0 00000004#0090010000000000 R
(3.024000) vcan0 00000005#6490010000000000 R
(3.025000) vcan0 00000006#C890010000000000 R
(3.026000) vcan0 00000001#2C91010000000000 R
(3.027000) vcan0 00000002#9091010000000000 R
(3.028000) vcan0 00000003#F491010000000000 R
(3.029000) vcan0 00000004#5892010000000000 R
(3.030000) vcan0 00000005#BC92010000000000 R
(3.031000) vcan0 00000006#2093010000000000 R
(3.032000) vcan0 00000001#8493010000000000 R
(3.033000) vcan0 00000002#E893010000000000 R
(3.034000) vcan0 00000003#4C94010000000000 R
(3.035000) vcan0 00000004#B094010000000000 R
(3.036000) vcan0 00000005#1495010000000000 R
(3.037000) vcan0 00000006#7895010000000000 R
(3.038000) vcan0 00000001#DC95010000000000 R
(3.039000) vcan0 00000002#4096010000000000 R
(3.040000) vcan0 00000003#A496010000000000 R
(3.041000) vcan0 00000004#0897010000000000 R
(3.042000) vcan0 00000005#6C97010000000000 R
(3.043000) vcan0 00000006#D097010000000000 R
(3.044000) vcan0 00000001#3498010000000000 R
(3.045000) vcan0 00000002#9898010000000000 R
(3.046000) vcan0 00000003#FC98010000000000 R
(3.047000) vcan0 00000004#6099010000000000 R
(3.048000) vcan0 00000005#C499010000000000 R
(3.049000) vcan0 00000006#289A010000000000 R
(3.050000) vcan0 00000001#8C9A010000000000 R
(3.051000) vcan0 00000002#F09A010000000000 R
(3.052000) vcan0 00000003#549B010000000000 R
(3.053000) vcan0 00000004#B89B010000000000 R
(3.054000) vcan0 00000005#1C9C010000000000 R
(3.055000) vcan0 00000006#809C010000000000 R
(3.056000) vcan0 00000001#E49C010000000000 R
(3.057000) vcan0 00000002#489D010000000000 R
(3.058000) vcan0 00000003#AC9D010000000000 R
(3.059000) vcan0 00000004#109E010000000000 R
(3.060000) vcan0 00000005#749E010000000000 R
(3.061000) vcan0 00000006#D89E010000000000 R
(3.062000) vcan0 00000001#3C9F010000000000 R
(3.063000) vcan0 00000002#A09F010000000000 R
(3.064000) vcan0 00000003#04A0010000000000 R
(3.065000) vcan0 00000004#68A0010000000000 R
(3.066000) vcan0 00000005#CCA0010000000000 R
(3.067000) vcan0 00000006#30A1010000000000 R
(3.068000) vcan0 00000001#94A1010000000000 R
(3.069000) vcan0 00000002#F8A1010000000000 R
(3.070000) vcan0 00000003#5CA2010000000000 R
(3.071000) vcan0 00000004#C0A2010000000000 R
(3.072000) vcan0 00000005#24A3010000000000 R
(3.073000) vcan0 00000006#88A3010000000000 R
(3.074000) vcan0 00000001#ECA3010000000000 R
(3.075000) vcan0 00000002#50A4010000000000 R
(3.076000) vcan0 00000003#B4A4010000000000 R
(3.077000) vcan0 00000004#18A5010000000000 R
(3.078000) vcan0 00000005#7CA5010000000000 R
(3.079000) vcan0 00000006#E0A5010000000000 R
(3.080000) vcan0 00000001#44A6010000000000 R
(3.081000) vcan0 00000002#A8A6010000000000 R
(3.082000) vcan0 00000003#0CA7010000000000 R
(3.083000) vcan0 00000004#70A7010000000000 R
(3.084000) vcan0 00000005#D4A7010000000000 R
(3.085000) vcan0 00000006#38A8010000000000 R
(3.086000) vcan0 00000001#9CA8010000000000 R
(3.087000) vcan0 00000002#00A9010000000000 R
(3.088000) vcan0 00000003#64A9010000000000 R
(3.089000) vcan0 00000004#C8A9010000000000 R
(3.090000) vcan0 00000005#2CAA010000000000 R
(3.091000) vcan0 00000006#90AA010000000000 R
(3.092000) vcan0 00000001#F4AA010000000000 R
(3.093000) vcan0 00000002#58AB010000000000 R
(3.094000) vcan0 00000003#BCAB010000000000 R
(3.095000) vcan0 00000004#20AC010000000000 R
(3.096000) vcan0 00000005#84AC010000000000 R
(3.097000) vcan0 00000006#E8AC010000000000 R
(3.098000) vcan0 00000001#4CAD010000000000 R
(3.099000) vcan0 00000002#B0AD010000000000 R
(3.100000) vcan0 00000003#14AE010000000000 R
(3.101000) vcan0 00000004#78AE010000000000 R
(3.102000) vcan0 00000005#DCAE010000000000 R
(3.103000) vcan0 00000006#40AF010000000000 R
(3.104000) vcan0 00000001#A4AF010000000000 R
(3.105000) vcan0 00000002#08B0010000000000 R
(3.106000) vcan0 00000003#6CB0010000000000 R
(3.107000) vcan0 00000004#D0B0010000000000 R
(3.108000) vcan0 00000005#34B1010000000000 R
(3.109000) vcan0 00000006#98B1010000000000 R
(3.110000) vcan0 00000001#FCB1010000000000 R
(3.111000) vcan0 00000002#60B2010000000000 R
(3.112000) vcan0 00000003#C4B2010000000000 R
(3.113000) vcan0 00000004#28B3010000000000 R
(3.114000) vcan0 00000005#8CB3010000000000 R
(3.115000) vcan0 00000006#F0B3010000000000 R
(3.116000) vcan0 00000001#54B4010000000000 R
(3.117000) vcan0 00000002#B8B4010000000000 R
(3.118000) vcan0 00000003#1CB5010000000000 R
(3.119000) vcan0 00000004#80B5010000000000 R
(3.120000) vcan0 00000005#E4B5010000000000 R
(3.121000) vcan0 00000006#48B6010000000000 R
(3.122000) vcan0 00000001#ACB6010000000000 R
(3.123000) vcan0 00000002#10B7010000000000 R
(3.124000) vcan0 00000003#74B7010000000000 R
(3.125000) vcan0 00000004#D8B7010000000000 R
(3.126000) vcan0 00000005#3CB8010000000000 R
(3.127000) vcan0 00000006#A0B8010000000000 R
(3.128000) vcan0 00000001#04B9010000000000 R
(3.129000) vcan0 00000002#68B9010000000000 R
(3.130000) vcan0 00000003#CCB9010000000000 R
(3.131000) vcan0 00000004#30BA010000000000 R
(3.132000) vcan0 00000005#94BA010000000000 R
(3.133000) vcan0 00000006#F8BA010000000000 R
(3.134000) vcan0 00000001#5CBB010000000000 R
(3.135000) vcan0 00000002#C0BB010000000000 R
(3.136000) vcan0 00000003#24BC010000000000 R
(3.137000) vcan0 00000004#88BC010000000000 R
(3.138000) vcan0 00000005#ECBC010000000000 R
(3.139000) vcan0 00000006#50BD010000000000 R
(3.140000) vcan0 00000001#B4BD010000000000 R
(3.141000) vcan0 00000002#18BE010000000000 R
(3.142000) vcan0 00000003#7CBE010000000000 R
(3.143000) vcan0 00000004#E0BE010000000000 R
(3.144000) vcan0 00000005#44BF010000000000 R
(3.145000) vcan0 00000006#A8BF010000000000 R
(3.146000) vcan0 00000001#0CC0010000000000 R
(3.147000) vcan0 00000002#70C0010000000000 R
(3.148000) vcan0 00000003#D4C0010000000000 R
(3.149000) vcan0 00000004#38C1010000000000 R
(3.150000) vcan0 00000005#9CC1010000000000 R
(3.151000) vcan0 00000006#00C2010000000000 R
(3.152000) vcan0 00000001#64C2010000000000 R
(3.153000) vcan0 00000002#C8C2010000000000 R
(3.154000) vcan0 00000003#2CC3010000000000 R
(3.155000) vcan0 00000004#90C3010000000000 R
(3.156000) vcan0 00000005#F4C3010000000000 R
(3.157000) vcan0 00000006#58C4010000000000 R
(3.158000) vcan0 00000001#BCC4010000000000 R
(3.159000) vcan0 00000002#20C5010000000000 R
(3.160000) vcan0 00000003#84C5010000000000 R
(3.161000) vcan0 00000004#E8C5010000000000 R
(3.162000) vcan0 00000005#4CC6010000000000 R
(3.163000) vcan0 00000006#B0C6010000000000 R
(3.164000) vcan0 00000001#14C7010000000000 R
(3.165000) vcan0 00000002#78C7010000000000 R
(3.166000) vcan0 00000003#DCC7010000000000 R
(3.167000) vcan0 00000004#40C8010000000000 R
(3.168000) vcan0 00000005#A4C8010000000000 R
(3.169000) vcan0 00000006#08C9010000000000 R
(3.170000) vcan0 00000001#6CC9010000000000 R
(3.171000) vcan0 00000002#D0C9010000000000 R
(3.172000) vcan0 00000003#34CA010000000000 R
(3.173000) vcan0 00000004#98CA010000000000 R
(3.174000) vcan0 00000005#FCCA010000000000 R
(3.175000) vcan0 00000006#60CB010000000000 R
(3.176000) vcan0 00000001#C4CB010000000000 R
(3.177000) vcan0 00000002#28CC010000000000 R
(3.178000) vcan0 00000003#8CCC010000000000 R
(3.179000) vcan0 00000004#F0CC010000000000 R
(3.180000) vcan0 00000005#54CD010000000000 R
(3.181000) vcan0 00000006#B8CD010000000000 R
(3.182000) vcan0 00000001#1CCE010000000000 R
(3.183000) vcan0 00000002#80CE010000000000 R
(3.184000) vcan0 00000003#E4CE010000000000 R
(3.185000) vcan0 00000004#48CF010000000000 R
(3.186000) vcan0 00000005#ACCF010000000000 R
(3.187000) vcan0 00000006#10D0010000000000 R
(3.188000) vcan0 00000001#74D0010000000000 R
(3.189000) vcan0 00000002#D8D0010000000000 R
(3.190000) vcan0 00000003#3CD1010000000000 R
(3.191000) vcan0 00000004#A0D1010000000000 R
(3.192000) vcan0 00000005#04D2010000000000 R
(3.193000) vcan0 00000006#68D2010000000000 R
(3.194000) vcan0 00000001#CCD2010000000000 R
(3.195000) vcan0 00000002#30D3010000000000 R
(3.196000) vcan0 00000003#94D3010000000000 R
(3.197000) vcan0 00000004#F8D3010000000000 R
(3.198000) vcan0 00000005#5CD4010000000000 R
(3.199000) vcan0 00000006#C0D4010000000000 R
(3.200000) vcan0 00000001#24D5010000000000 R
(3.201000) vcan0 00000002#88D5010000000000 R
(3.202000) vcan0 00000003#ECD5010000000000 R
(3.203000) vcan0 00000004#50D6010000000000 R
(3.204000) vcan0 00000005#B4D6010000000000 R
(3.205000) vcan0 00000006#18D7010000000000 R
(3.206000) vcan0 00000001#7CD7010000000000 R
(3.207000) vcan0 00000002#E0D7010000000000 R
(3.208000) vcan0 00000003#44D8010000000000 R
(3.209000) vcan0 00000004#A8D8010000000000 R
(3.210000) vcan0 00000005#0CD9010000000000 R
(3.211000) vcan0 00000006#70D9010000000000 R
(3.212000) vcan0 00000001#D4D9010000000000 R
(3.213000) vcan0 00000002#38DA010000000000 R
(3.214000) vcan0 00000003#9CDA010000000000 R
(3.215000) vcan0 00000004#00DB010000000000 R
(3.216000) vcan0 00000005#64DB010000000000 R
(3.217000) vcan0 00000006#C8DB010000000000 R
(3.218000) vcan0 00000001#2CDC010000000000 R
(3.219000) vcan0 00000002#90DC010000000000 R
(3.220000) vcan0 00000003#F4DC010000000000 R
(3.221000) vcan0 00000004#58DD010000000000 R
(3.222000) vcan0 00000005#BCDD010000000000 R
(3.223000) vcan0 00000006#20DE010000000000 R
(3.224000) vcan0 00000001#84DE010000000000 R
(3.225000) vcan0 00000002#E8DE010000000000 R
(3.226000) vcan0 00000003#4CDF010000000000 R
(3.227000) vcan0 00000004#B0DF010000000000 R
(3.228000) vcan0 00000005#14E0010000000000 R
(3.229000) vcan0 00000006#78E0010000000000 R
(3.230000) vcan0 00000001#DCE0010000000000 R
(3.231000) vcan0 00000002#40E1010000000000 R
(3.232000) vcan0 00000003#A4E1010000000000 R
(3.233000) vcan0 00000004#08E2010000000000 R
(3.234000) vcan0 00000005#6CE2010000000000 R
(3.235000) vcan0 00000006#D0E2010000000000 R
(3.236000) vcan0 00000001#34E3010000000000 R
(3.237000) vcan0 00000002#98E3010000000000 R
(3.238000) vcan0 00000003#FCE3010000000000 R
(3.239000) vcan0 00000004#60E4010000000000 R
(3.240000) vcan0 00000005#C4E4010000000000 R
(3.241000) vcan0 00000006#28E5010000000000 R
(3.242000) vcan0 00000001#8CE5010000000000 R
(3.243000) vcan0 00000002#F0E5010000000000 R
(3.244000) vcan0 00000003#54E6010000000000 R
(3.245000) vcan0 00000004#B8E6010000000000 R
(3.246000) vcan0 00000005#1CE7010000000000 R
(3.247000) vcan0 00000006#80E7010000000000 R
(3.248000) vcan0 00000001#E4E7010000000000 R
(3.249000) vcan0 00000002#48E8010000000000 R
(3.250000) vcan0 00000003#ACE8010000000000 R
(3.251000) vcan0 00000004#10E9010000000000 R
(3.252000) vcan0 00000005#74E9010000000000 R
(3.253000) vcan0 00000006#D8E9010000000000 R
(3.254000) vcan0 00000001#3CEA010000000000 R
(3.255000) vcan0 00000002#A0EA010000000000 R
(3.256000) vcan0 00000003#04EB010000000000 R
(3.257000) vcan0 00000004#68EB010000000000 R
(3.258000) vcan0 00000005#CCEB010000000000 R
(3.259000) vcan0 00000006#30EC010000000000 R
(3.260000) vcan0 00000001#94EC010000000000 R
(3.261000) vcan0 00000002#F8EC010000000000 R
(3.262000) vcan0 00000003#5CED010000000000 R
(3.263000) vcan0 00000004#C0ED010000000000 R
(3.264000) vcan0 00000005#24EE010000000000 R
(3.265000) vcan0 00000006#88EE010000000000 R
(3.266000) vcan0 00000001#ECEE010000000000 R
(3.267000) vcan0 00000002#50EF010000000000 R
(3.268000) vcan0 00000003#B4EF010000000000 R
(3.269000) vcan0 00000004#18F0010000000000 R
(3.270000) vcan0 00000005#7CF0010000000000 R
(3.271000) vcan0 00000006#E0F0010000000000 R
(3.272000) vcan0 00000001#44F1010000000000 R
(3.273000) vcan0 00000002#A8F1010000000000 R
(3.274000) vcan0 00000003#0CF2010000000000 R
(3.275000) vcan0 00000004#70F2010000000000 R
(3.276000) vcan0 00000005#D4F2010000000000 R
(3.277000) vcan0 00000006#38F3010000000000 R
(3.278000) vcan0 00000001#9CF3010000000000 R
(3.279000) vcan0 00000002#00F4010000000000 R
(3.280000) vcan0 00000003#64F4010000000000 R
(3.281000) vcan0 00000004#C8F4010000000000 R
(3.282000) vcan0 00000005#2CF5010000000000 R
(3.283000) vcan0 00000006#90F5010000000000 R
(3.284000) vcan0 00000001#F4F5010000000000 R
(3.285000) vcan0 00000002#58F6010000000000 R
(3.286000) vcan0 00000003#BCF6010000000000 R
(3.287000) vcan0 00000004#20F7010000000000 R
(3.288000) vcan0 00000005#84F7010000000000 R
(3.289000) vcan0 00000006#E8F7010000000000 R
(3.290000) vcan0 00000001#4CF8010000000000 R
(3.291000) vcan0 00000002#B0F8010000000000 R
(3.292000) vcan0 00000003#14F9010000000000 R
(3.293000) vcan0 00000004#78F9010000000000 R
(3.294000) vcan0 00000005#DCF9010000000000 R
(3.295000) vcan0 00000006#40FA010000000000 R
(3.296000) vcan0 00000001#A4FA010000000000 R
(3.297000) vcan0 00000002#08FB010000000000 R
(3.298000) vcan0 00000003#6CFB010000000000 R
(3.299000) vcan0 00000004#D0FB010000000000 R
(3.300000) vcan0 00000005#34FC010000000000 R
(3.301000) vcan0 00000006#98FC010000000000 R
(3.302000) vcan0 00000001#FCFC010000000000 R
(3.303000) vcan0 00000002#60FD010000000000 R
(3.304000) vcan0 00000003#C4FD010000000000 R
(3.305000) vcan0 00000004#28FE010000000000 R
(3.306000) vcan0 00000005#8CFE010000000000 R
(3.307000) vcan0 00000006#F0FE010000000000 R
(3.308000) vcan0 00000001#54FF010000000000 R
(3.309000) vcan0 00000002#B8FF010000000000 R
(3.310000) vcan0 00000003#1C00020000000000 R
(3.311000) vcan0 00000004#8000020000000000 R
(3.312000) vcan0 00000005#E400020000000000 R
(3.313000) vcan0 00000006#4801020000000000 R
(3.314000) vcan0 00000001#AC01020000000000 R
(3.315000) vcan0 00000002#1002020000000000 R
(3.316000) vcan0 00000003#7402020000000000 R
(3.317000) vcan0 00000004#D802020000000000 R
(3.318000) vcan0 00000005#3C03020000000000 R
(3.319000) vcan0 00000006#A003020000000000 R
(3.320000) vcan0 00000001#0404020000000000 R
(3.321000) vcan0 00000002#6804020000000000 R
(3.322000) vcan0 00000003#CC04020000000000 R
(3.323000) vcan0 00000004#3005020000000000 R
(3.324000) vcan0 00000005#9405020000000000 R
(3.325000) vcan0 00000006#F805020000000000 R
(3.326000) vcan0 00000001#5C06020000000000 R
(3.327000) vcan0 00000002#C006020000000000 R
(3.328000) vcan0 00000003#2407020000000000 R
(3.329000) vcan0 00000004#8807020000000000 R
(3.330000) vcan0 00000005#EC07020000000000 R
(3.331000) vcan0 00000006#5008020000000000 R
(3.332000) vcan0 00000001#B408020000000000 R
(3.333000) vcan0 00000002#1809020000000000 R
(3.334000) vcan0 00000003#7C09020000000000 R
(3.335000) vcan0 00000004#E009020000000000 R
(3.336000) vcan0 00000005#440A020000000000 R
(3.337000) vcan0 00000006#A80A020000000000 R
(3.338000) vcan0 00000001#0C0B020000000000 R
(3.339000) vcan0 00000002#700B020000000000 R
(3.340000) vcan0 00000003#D40B020000000000 R
(3.341000) vcan0 00000004#380C020000000000 R
(3.342000) vcan0 00000005#9C0C020000000000 R
(3.343000) vcan0 00000006#000D020000000000 R
(3.344000) vcan0 00000001#640D020000000000 R
(3.345000) vcan0 00000002#C80D020000000000 R
(3.346000) vcan0 00000003#2C0E020000000000 R
(3.347000) vcan0 00000004#900E020000000000 R
(3.348000) vcan0 00000005#F40E020000000000 R
(3.349000) vcan0 00000006#580F020000000000 R
(3.350000) vcan0 00000001#BC0F020000000000 R
(3.351000) vcan0 00000002#2010020000000000 R
(3.352000) vcan0 00000003#8410020000000000 R
(3.353000) vcan0 00000004#E810020000000000 R
(3.354000) vcan0 00000005#4C11020000000000 R
(3.355000) vcan0 00000006#B011020000000000 R
(3.356000) vcan0 00000001#1412020000000000 R
(3.357000) vcan0 00000002#7812020000000000 R
(3.358000) vcan0 00000003#DC12020000000000 R
(3.359000) vcan0 00000004#4013020000000000 R
(3.360000) vcan0 00000005#A413020000000000 R
(3.361000) vcan0 00000006#0814020000000000 R
(3.362000) vcan0 00000001#6C14020000000000 R
(3.363000) vcan0 00000002#D014020000000000 R
(3.364000) vcan0 00000003#3415020000000000 R
(3.365000) vcan0 00000004#9815020000000000 R
(3.366000) vcan0 00000005#FC15020000000000 R
(3.367000) vcan0 00000006#6016020000000000 R
(3.368000) vcan0 00000001#C416020000000000 R
(3.369000) vcan0 00000002#2817020000000000 R
(3.370000) vcan0 00000003#8C17020000000000 R
(3.371000) vcan0 00000004#F017020000000000 R
(3.372000) vcan0 00000005#5418020000000000 R
(3.373000) vcan0 00000006#B818020000000000 R
(3.374000) vcan0 00000001#1C19020000000000 R
(3.375000) vcan0 00000002#8019020000000000 R
(3.376000) vcan0 00000003#E419020000000000 R
(3.377000) vcan0 00000004#481A020000000000 R
(3.378000) vcan0 00000005#AC1A020000000000 R
(3.379000) vcan0 00000006#101B020000000000 R
(3.380000) vcan0 00000001#741B020000000000 R
(3.381000) vcan0 00000002#D81B020000000000 R
(3.382000) vcan0 00000003#3C1C020000000000 R
(3.383000) vcan0 00000004#A01C020000000000 R
(3.384000) vcan0 00000005#041D020000000000 R
(3.385000) vcan0 00000006#681D020000000000 R
(3.386000) vcan0 00000001#CC1D020000000000 R
(3.387000) vcan0 00000002#301E020000000000 R
(3.388000) vcan0 00000003#941E020000000000 R
(3.389000) vcan0 00000004#F81E020000000000 R
(3.390000) vcan0 00000005#5C1F020000000000 R
(3.391000) vcan0 00000006#C01F020000000000 R
(3.392000) vcan0 00000001#2420020000000000 R
(3.393000) vcan0 00000002#8820020000000000 R
(3.394000) vcan0 00000003#EC20020000000000 R
(3.395000) vcan0 00000004#5021020000000000 R
(3.396000) vcan0 00000005#B421020000000000 R
(3.397000) vcan0 00000006#1822020000000000 R
(3.398000) vcan0 00000001#7C22020000000000 R
(3.399000) vcan0 00000002#E022020000000000 R
(3.400000) vcan0 00000003#4423020000000000 R
(3.401000) vcan0 00000004#A823020000000000 R
(3.402000) vcan0 00000005#0C24020000000000 R
(3.403000) vcan0 00000006#7024020000000000 R
(3.404000) vcan0 00000001#D424020000000000 R
(3.405000) vcan0 00000002#3825020000000000 R
(3.406000) vcan0 00000003#9C25020000000000 R
(3.407000) vcan0 00000004#0026020000000000 R
(3.408000) vcan0 00000005#6426020000000000 R
(3.409000) vcan0 00000006#C826020000000000 R
(3.410000) vcan0 00000001#2C27020000000000 R
(3.411000) vcan0 00000002#9027020000000000 R
(3.412000) vcan0 00000003#F427020000000000 R
(3.413000) vcan0 00000004#5828020000000000 R
(3.414000) vcan0 00000005#BC28020000000000 R
(3.415000) vcan0 00000006#2029020000000000 R
(3.416000) vcan0 00000001#8429020000000000 R
(3.417000) vcan0 00000002#E829020000000000 R
(3.418000) vcan0 00000003#4C2A020000000000 R
(3.419000) vcan0 00000004#B02A020000000000 R
(3.420000) vcan0 00000005#142B020000000000 R
(3.421000) vcan0 00000006#782B020000000000 R
(3.422000) vcan0 00000001#DC2B020000000000 R
(3.423000) vcan0 00000002#402C020000000000 R
(3.424000) vcan0 00000003#A42C020000000000 R
(3.425000) vcan0 00000004#082D020000000000 R
(3.426000) vcan0 00000005#6C2D020000000000 R
(3.427000) vcan0 00000006#D02D020000000000 R
(3.428000) vcan0 00000001#342E020000000000 R
(3.429000) vcan0 00000002#982E020000000000 R
(3.430000) vcan0 00000003#FC2E020000000000 R
(3.431000) vcan0 00000004#602F020000000000 R
(3.432000) vcan0 00000005#C42F020000000000 R
(3.433000) vcan0 00000006#2830020000000000 R
(3.434000) vcan0 00000001#8C30020000000000 R
(3.435000) vcan0 00000002#F030020000000000 R
(3.436000) vcan0 00000003#5431020000000000 R
(3.437000) vcan0 00000004#B831020000000000 R
(3.438000) vcan0 00000005#1C32020000000000 R
(3.439000) vcan0 00000006#8032020000000000 R
(3.440000) vcan0 00000001#E432020000000000 R
(3.441000) vcan0 00000002#4833020000000000 R
(3.442000) vcan0 00000003#AC33020000000000 R
(3.443000) vcan0 00000004#1034020000000000 R
(3.444000) vcan0 00000005#7434020000000000 R
(3.445000) vcan0 00000006#D834020000000000 R
(3.446000) vcan0 00000001#3C35020000000000 R
(3.447000) vcan0 00000002#A035020000000000 R
(3.448000) vcan0 00000003#0436020000000000 R
(3.449000) vcan0 00000004#6836020000000000 R
(3.450000) vcan0 00000005#CC36020000000000 R
(3.451000) vcan0 00000006#3037020000000000 R
(3.452000) vcan0 00000001#9437020000000000 R
(3.453000) vcan0 00000002#F837020000000000 R
(3.454000) vcan0 00000003#5C38020000000000 R
(3.455000) vcan0 00000004#C038020000000000 R
(3.456000) vcan0 00000005#2439020000000000 R
(3.457000) vcan0 00000006#8839020000000000 R
(3.458000) vcan0 00000001#EC39020000000000 R
(3.459000) vcan0 00000002#503A020000000000 R
(3.460000) vcan0 00000003#B43A020000000000 R
(3.461000) vcan0 00000004#183B020000000000 R
(3.462000) vcan0 00000005#7C3B020000000000 R
(3.463000) vcan0 00000006#E03B020000000000 R
(3.464000) vcan0 00000001#443C020000000000 R
(3.465000) vcan0 00000002#A83C020000000000 R
(3.466000) vcan0 00000003#0C3D020000000000 R
(3.467000) vcan0 00000004#703D020000000000 R
(3.468000) vcan0 00000005#D43D020000000000 R
(3.469000) vcan0 00000006#383E020000000000 R
(3.470000) vcan0 00000001#9C3E020000000000 R
(3.471000) vcan0 00000002#003F020000000000 R
(3.472000) vcan0 00000003#643F020000000000 R
(3.473000) vcan0 00000004#C83F020000000000 R
(3.474000) vcan0 00000005#2C40020000000000 R
(3.475000) vcan0 00000006#9040020000000000 R
(3.476000) vcan0 00000001#F440020000000000 R
(3.477000) vcan0 00000002#5841020000000000 R
(3.478000) vcan0 00000003#BC41020000000000 R
(3.479000) vcan0 00000004#2042020000000000 R
(3.480000) vcan0 00000005#8442020000000000 R
(3.481000) vcan0 00000006#E842020000000000 R
(3.482000) vcan0 00000001#4C43020000000000 R
(3.483000) vcan0 00000002#B043020000000000 R
(3.484000) vcan0 00000003#1444020000000000 R
(3.485000) vcan0 00000004#7844020000000000 R
(3.486000) vcan0 00000005#DC44020000000000 R
(3.487000) vcan0 00000006#4045020000000000 R
(3.488000) vcan0 00000001#A445020000000000 R
(3.489000) vcan0 00000002#0846020000000000 R
(3.490000) vcan0 00000003#6C46020000000000 R
(3.491000) vcan0 00000004#D046020000000000 R
(3.492000) vcan0 00000005#3447020000000000 R
(3.493000) vcan0 00000006#9847020000000000 R
(3.494000) vcan0 00000001#FC47020000000000 R
(3.495000) vcan0 00000002#6048020000000000 R
(3.496000) vcan0 00000003#C448020000000000 R
(3.497000) vcan0 00000004#2849020000000000 R
(3.498000) vcan0 00000005#8C49020000000000 R
(3.499000) vcan0 00000006#F049020000000000 R
(3.500000) vcan0 00000001#544A020000000000 R
(3.501000) vcan0 00000002#B84A020000000000 R
(3.502000) vcan0 00000003#1C4B020000000000 R
(3.503000) vcan0 00000004#804B020000000000 R
(3.504000) vcan0 00000005#E44B020000000000 R
(3.505000) vcan0 00000006#484C020000000000 R
(3.506000) vcan0 00000001#AC4C020000000000 R
(3.507000) vcan0 00000002#104D020000000000 R
(3.508000) vcan0 00000003#744D020000000000 R
(3.509000) vcan0 00000004#D84D020000000000 R
(3.510000) vcan0 00000005#3C4E020000000000 R
(3.511000) vcan0 00000006#A04E020000000000 R
(3.512000) vcan0 00000001#044F020000000000 R
(3.513000) vcan0 00000002#684F020000000000 R
(3.514000) vcan0 00000003#CC4F020000000000 R
(3.515000) vcan0 00000004#3050020000000000 R
(3.516000) vcan0 00000005#9450020000000000 R
(3.517000) vcan0 00000006#F850020000000000 R
(3.518000) vcan0 00000001#5C51020000000000 R
(3.519000) vcan0 00000002#C051020000000000 R
(3.520000) vcan0 00000003#2452020000000000 R
(3.521000) vcan0 00000004#8852020000000000 R
(3.522000) vcan0 00000005#EC52020000000000 R
(3.523000) vcan0 00000006#5053020000000000 R
(3.524000) vcan0 00000001#B453020000000000 R
(3.525000) vcan0 00000002#1854020000000000 R
(3.526000) vcan0 00000003#7C54020000000000 R
(3.527000) vcan0 00000004#E054020000000000 R
(3.528000) vcan0 00000005#4455020000000000 R
(3.529000) vcan0 00000006#A855020000000000 R
(3.530000) vcan0 00000001#0C56020000000000 R
(3.531000) vcan0 00000002#7056020000000000 R
(3.532000) vcan0 00000003#D456020000000000 R
(3.533000) vcan0 00000004#3857020000000000 R
(3.534000) vcan0 00000005#9C57020000000000 R
(3.535000) vcan0 00000006#0058020000000000 R
(3.536000) vcan0 00000001#6458020000000000 R
(3.537000) vcan0 00000002#C858020000000000 R
(3.538000) vcan0 00000003#2C59020000000000 R
(3.539000) vcan0 00000004#9059020000000000 R
(3.540000) vcan0 00000005#F459020000000000 R
(3.541000) vcan0 00000006#585A020000000000 R
(3.542000) vcan0 00000001#BC5A020000000000 R
(3.543000) vcan0 00000002#205B020000000000 R
(3.544000) vcan0 00000003#845B020000000000 R
(3.545000) vcan0 00000004#E85B020000000000 R
(3.546000) vcan0 00000005#4C5C020000000000 R
(3.547000) vcan0 00000006#B05C020000000000 R
(3.548000) vcan0 00000001#145D020000000000 R
(3.549000) vcan0 00000002#785D020000000000 R
(3.550000) vcan0 00000003#DC5D020000000000 R
(3.551000) vcan0 00000004#405E020000000000 R
(3.552000) vcan0 00000005#A45E020000000000 R
(3.553000) vcan0 00000006#085F020000000000 R
(3.554000) vcan0 00000001#6C5F020000000000 R
(3.555000) vcan0 00000002#D05F020000000000 R
(3.556000) vcan0 00000003#3460020000000000 R
(3.557000) vcan0 00000004#9860020000000000 R
(3.558000) vcan0 00000005#FC60020000000000 R
(3.559000) vcan0 00000006#6061020000000000 R
(3.560000) vcan0 00000001#C461020000000000 R
(3.561000) vcan0 00000002#2862020000000000 R
(3.562000) vcan0 00000003#8C62020000000000 R
(3.563000) vcan0 00000004#F062020000000000 R
(3.564000) vcan0 00000005#5463020000000000 R
(3.565000) vcan0 00000006#B863020000000000 R
(3.566000) vcan0 00000001#1C64020000000000 R
(3.567000) vcan0 00000002#8064020000000000 R
(3.568000) vcan0 00000003#E464020000000000 R
(3.569000) vcan0 00000004#4865020000000000 R
(3.570000) vcan0 00000005#AC65020000000000 R
(3.571000) vcan0 00000006#1066020000000000 R
(3.572000) vcan0 00000001#7466020000000000 R
(3.573000) vcan0 00000002#D866020000000000 R
(3.574000) vcan0 00000003#3C67020000000000 R
(3.575000) vcan0 00000004#A067020000000000 R
(3.576000) vcan0 00000005#0468020000000000 R
(3.577000) vcan0 00000006#6868020000000000 R
(3.578000) vcan0 00000001#CC68020000000000 R
(3.579000) vcan0 00000002#3069020000000000 R
(3.580000) vcan0 00000003#9469020000000000 R
(3.581000) vcan0 00000004#F869020000000000 R
(3.582000) vcan0 00000005#5C6A020000000000 R
(3.583000) vcan0 00000006#C06A020000000000 R
(3.584000) vcan0 00000001#246B020000000000 R
(3.585000) vcan0 00000002#886B020000000000 R
(3.586000) vcan0 00000003#EC6B020000000000 R
(3.587000) vcan0 00000004#506C020000000000 R
(3.588000) vcan0 00000005#B46C020000000000 R
(3.589000) vcan0 00000006#186D020000000000 R
(3.590000) vcan0 00000001#7C6D020000000000 R
(3.591000) vcan0 00000002#E06D020000000000 R
(3.592000) vcan0 00000003#446E020000000000 R
(3.593000) vcan0 00000004#A86E020000000000 R
(3.594000) vcan0 00000005#0C6F020000000000 R
(3.595000) vcan0 00000006#706F020000000000 R
(3.596000) vcan0 00000001#D46F020000000000 R
(3.597000) vcan0 00000002#3870020000000000 R
(3.598000) vcan0 00000003#9C70020000000000 R
(3.599000) vcan0 00000004#0071020000000000 R
(3.600000) vcan0 00000005#6471020000000000 R
(3.601000) vcan0 00000006#C871020000000000 R
(3.602000) vcan0 00000001#2C72020000000000 R
(3.603000) vcan0 00000002#9072020000000000 R
(3.604000) vcan0 00000003#F472020000000000 R
(3.605000) vcan0 00000004#5873020000000000 R
(3.606000) vcan0 00000005#BC73020000000000 R
(3.607000) vcan0 00000006#2074020000000000 R
(3.608000) vcan0 00000001#8474020000000000 R
(3.609000) vcan0 00000002#E874020000000000 R
(3.610000) vcan0 00000003#4C75020000000000 R
(3.611000) vcan0 00000004#B075020000000000 R
(3.612000) vcan0 00000005#1476020000000000 R
(3.613000) vcan0 00000006#7876020000000000 R
(3.614000) vcan0 00000001#DC76020000000000 R
(3.615000) vcan0 00000002#4077020000000000 R
(3.616000) vcan0 00000003#A477020000000000 R
(3.617000) vcan0 00000004#0878020000000000 R
(3.618000) vcan0 00000005#6C78020000000000 R
(3.619000) vcan0 00000006#D078020000000000 R
(3.620000) vcan0 00000001#3479020000000000 R
(3.621000) vcan0 00000002#9879020000000000 R
(3.622000) vcan0 00000003#FC79020000000000 R
(3.623000) vcan0 00000004#607A020000000000 R
(3.624000) vcan0 00000005#C47A020000000000 R
(3.625000) vcan0 00000006#287B020000000000 R
(3.626000) vcan0 00000001#8C7B020000000000 R
(3.627000) vcan0 00000002#F07B020000000000 R
(3.628000) vcan0 00000003#547C020000000000 R
(3.629000) vcan0 00000004#B87C020000000000 R
(3.630000) vcan0 00000005#1C7D020000000000 R
(3.631000) vcan0 00000006#807D020000000000 R
(3.632000) vcan0 00000001#E47D020000000000 R
(3.633000) vcan0 00000002#487E020000000000 R
(3.634000) vcan0 00000003#AC7E020000000000 R
(3.635000) vcan0 00000004#107F020000000000 R
(3.636000) vcan0 00000005#747F020000000000 R
(3.637000) vcan0 00000006#D87F020000000000 R
(3.638000) vcan0 00000001#3C80020000000000 R
(3.639000) vcan0 00000002#A080020000000000 R
(3.640000) vcan0 00000003#0481020000000000 R
(3.641000) vcan0 00000004#6881020000000000 R
(3.642000) vcan0 00000005#CC81020000000000 R
(3.643000) vcan0 00000006#3082020000000000 R
(3.644000) vcan0 00000001#9482020000000000 R
(3.645000) vcan0 00000002#F882020000000000 R
(3.646000) vcan0 00000003#5C83020000000000 R
(3.647000) vcan0 00000004#C083020000000000 R
(3.648000) vcan0 00000005#2484020000000000 R
(3.649000) vcan0 00000006#8884020000000000 R
(3.650000) vcan0 00000001#EC84020000000000 R
(3.651000) vcan0 00000002#5085020000000000 R
(3.652000) vcan0 00000003#B485020000000000 R
(3.653000) vcan0 00000004#1886020000000000 R
(3.654000) vcan0 00000005#7C86020000000000 R
(3.655000) vcan0 00000006#E086020000000000 R
(3.656000) vcan0 00000001#4487020000000000 R
(3.657000) vcan0 00000002#A887020000000000 R
(3.658000) vcan0 00000003#0C88020000000000 R
(3.659000) vcan0 00000004#7088020000000000 R
(3.660000) vcan0 00000005#D488020000000000 R
(3.661000) vcan0 00000006#3889020000000000 R
(3.662000) vcan0 00000001#9C89020000000000 R
(3.663000) vcan0 00000002#008A020000000000 R
(3.664000) vcan0 00000003#648A020000000000 R
(3.665000) vcan0 00000004#C88A020000000000 R
(3.666000) vcan0 00000005#2C8B020000000000 R
(3.667000) vcan0 00000006#908B020000000000 R
(3.668000) vcan0 00000001#F48B020000000000 R
(3.669000) vcan0 00000002#588C020000000000 R
(3.670000) vcan0 00000003#BC8C020000000000 R
(3.671000) vcan0 00000004#208D020000000000 R
(3.672000) vcan0 00000005#848D020000000000 R
(3.673000) vcan0 00000006#E88D020000000000 R
(3.674000) vcan0 00000001#4C8E020000000000 R
(3.675000) vcan0 00000002#B08E020000000000 R
(3.676000) vcan0 00000003#148F020000000000 R
(3.677000) vcan0 00000004#788F020000000000 R
(3.678000) vcan0 00000005#DC8F020000000000 R
(3.679000) vcan0 00000006#4090020000000000 R
(3.680000) vcan0 00000001#A490020000000000 R
(3.681000) vcan0 00000002#0891020000000000 R
(3.682000) vcan0 00000003#6C91020000000000 R
(3.683000) vcan0 00000004#D091020000000000 R
(3.684000) vcan0 00000005#3492020000000000 R
(3.685000) vcan0 00000006#9892020000000000 R
(3.686000) vcan0 00000001#FC92020000000000 R
(3.687000) vcan0 00000002#6093020000000000 R
(3.688000) vcan0 00000003#C493020000000000 R
(3.689000) vcan0 00000004#2894020000000000 R
(3.690000) vcan0 00000005#8C94020000000000 R
(3.691000) vcan0 00000006#F094020000000000 R
(3.692000) vcan0 00000001#5495020000000000 R
(3.693000) vcan0 00000002#B895020000000000 R
(3.694000) vcan0 00000003#1C96020000000000 R
(3.695000) vcan0 00000004#8096020000000000 R
(3.696000) vcan0 00000005#E496020000000000 R
(3.697000) vcan0 00000006#4897020000000000 R
(3.698000) vcan0 00000001#AC97020000000000 R
(3.699000) vcan0 00000002#1098020000000000 R
(3.700000) vcan0 00000003#7498020000000000 R
(3.701000) vcan0 00000004#D898020000000000 R
(3.702000) vcan0 00000005#3C99020000000000 R
(3.703000) vcan0 00000006#A099020000000000 R
(3.704000) vcan0 00000001#049A020000000000 R
(3.705000) vcan0 00000002#689A020000000000 R
(3.706000) vcan0 00000003#CC9A020000000000 R
(3.707000) vcan0 00000004#309B020000000000 R
(3.708000) vcan0 00000005#949B020000000000 R
(3.709000) vcan0 00000006#F89B020000000000 R
(3.710000) vcan0 00000001#5C9C020000000000 R
(3.711000) vcan0 00000002#C09C020000000000 R
(3.712000) vcan0 00000003#249D020000000000 R
(3.713000) vcan0 00000004#889D020000000000 R
(3.714000) vcan0 00000005#EC9D020000000000 R
(3.715000) vcan0 00000006#509E020000000000 R
(3.716000) vcan0 00000001#B49E020000000000 R
(3.717000) vcan0 00000002#189F020000000000 R
(3.718000) vcan0 00000003#7C9F020000000000 R
(3.719000) vcan0 00000004#E09F020000000000 R
(3.720000) vcan0 00000005#44A0020000000000 R
(3.721000) vcan0 00000006#A8A0020000000000 R
(3.722000) vcan0 00000001#0CA1020000000000 R
(3.723000) vcan0 00000002#70A1020000000000 R
(3.724000) vcan0 00000003#D4A1020000000000 R
(3.725000) vcan0 00000004#38A2020000000000 R
(3.726000) vcan0 00000005#9CA2020000000000 R
(3.727000) vcan0 00000006#00A3020000000000 R
(3.728000) vcan0 00000001#64A3020000000000 R
(3.729000) vcan0 00000002#C8A3020000000000 R
(3.730000) vcan0 00000003#2CA4020000000000 R
(3.731000) vcan0 00000004#90A4020000000000 R
(3.732000) vcan0 00000005#F4A4020000000000 R
(3.733000) vcan0 00000006#58A5020000000000 R
(3.734000) vcan0 00000001#BCA5020000000000 R
(3.735000) vcan0 00000002#20A6020000000000 R
(3.736000) vcan0 00000003#84A6020000000000 R
(3.737000) vcan0 00000004#E8A6020000000000 R
(3.738000) vcan0 00000005#4CA7020000000000 R
(3.739000) vcan0 00000006#B0A7020000000000 R
(3.740000) vcan0 00000001#14A8020000000000 R
(3.741000) vcan0 00000002#78A8020000000000 R
(3.742000) vcan0 00000003#DCA8020000000000 R
(3.743000) vcan0 00000004#40A9020000000000 R
(3.744000) vcan0 00000005#A4A9020000000000 R
(3.745000) vcan0 00000006#08AA020000000000 R
(3.746000) vcan0 00000001#6CAA020000000000 R
(3.747000) vcan0 00000002#D0AA020000000000 R
(3.748000) vcan0 00000003#34AB020000000000 R
(3.749000) vcan0 00000004#98AB020000000000 R
(3.750000) vcan0 00000005#FCAB020000000000 R
(3.751000) vcan0 00000006#60AC020000000000 R
(3.752000) vcan0 00000001#C4AC020000000000 R
(3.753000) vcan0 00000002#28AD020000000000 R
(3.754000) vcan0 00000003#8CAD020000000000 R
(3.755000) vcan0 00000004#F0AD020000000000 R
(3.756000) vcan0 00000005#54AE020000000000 R
(3.757000) vcan0 00000006#B8AE020000000000 R
(3.758000) vcan0 00000001#1CAF020000000000 R
(3.759000) vcan0 00000002#80AF020000000000 R
(3.760000) vcan0 00000003#E4AF020000000000 R
(3.761000) vcan0 00000004#48B0020000000000 R
(3.762000) vcan0 00000005#ACB0020000000000 R
(3.763000) vcan0 00000006#10B1020000000000 R
(3.764000) vcan0 00000001#74B1020000000000 R
(3.765000) vcan0 00000002#D8B1020000000000 R
(3.766000) vcan0 00000003#3CB2020000000000 R
(3.767000) vcan0 00000004#A0B2020000000000 R
(3.768000) vcan0 00000005#04B3020000000000 R
(3.769000) vcan0 00000006#68B3020000000000 R
(3.770000) vcan0 00000001#CCB3020000000000 R
(3.771000) vcan0 00000002#30B4020000000000 R
(3.772000) vcan0 00000003#94B4020000000000 R
(3.773000) vcan0 00000004#F8B4020000000000 R
(3.774000) vcan0 00000005#5CB5020000000000 R
(3.775000) vcan0 00000006#C0B5020000000000 R
(3.776000) vcan0 00000001#24B6020000000000 R
(3.777000) vcan0 00000002#88B6020000000000 R
(3.778000) vcan0 00000003#ECB6020000000000 R
(3.779000) vcan0 00000004#50B7020000000000 R
(3.780000) vcan0 00000005#B4B7020000000000 R
(3.781000) vcan0 00000006#18B8020000000000 R
(3.782000) vcan0 00000001#7CB8020000000000 R
(3.783000) vcan0 00000002#E0B8020000000000 R
(3.784000) vcan0 00000003#44B9020000000000 R
(3.785000) vcan0 00000004#A8B9020000000000 R
(3.786000) vcan0 00000005#0CBA020000000000 R
(3.787000) vcan0 00000006#70BA020000000000 R
(3.788000) vcan0 00000001#D4BA020000000000 R
(3.789000) vcan0 00000002#38BB020000000000 R
(3.790000) vcan0 00000003#9CBB020000000000 R
(3.791000) vcan0 00000004#00BC020000000000 R
(3.792000) vcan0 00000005#64BC020000000000 R
(3.793000) vcan0 00000006#C8BC020000000000 R
(3.794000) vcan0 00000001#2CBD020000000000 R
(3.795000) vcan0 00000002#90BD020000000000 R
(3.796000) vcan0 00000003#F4BD020000000000 R
(3.797000) vcan0 00000004#58BE020000000000 R
(3.798000) vcan0 00000005#BCBE020000000000 R
(3.799000) vcan0 00000006#20BF020000000000 R
(3.800000) vcan0 00000001#84BF020000000000 R
(3.801000) vcan0 00000002#E8BF020000000000 R
(3.802000) vcan0 00000003#4CC0020000000000 R
(3.803000) vcan0 00000004#B0C0020000000000 R
(3.804000) vcan0 00000005#14C1020000000000 R
(3.805000) vcan0 00000006#78C1020000000000 R
(3.806000) vcan0 00000001#DCC1020000000000 R
(3.807000) vcan0 00000002#40C2020000000000 R
(3.808000) vcan0 00000003#A4C2020000000000 R
(3.809000) vcan0 00000004#08C3020000000000 R
(3.810000) vcan0 00000005#6CC3020000000000 R
(3.811000) vcan0 00000006#D0C3020000000000 R
(3.812000) vcan0 00000001#34C4020000000000 R
(3.813000) vcan0 00000002#98C4020000000000 R
(3.814000) vcan0 00000003#FCC4020000000000 R
(3.815000) vcan0 00000004#60C5020000000000 R
(3.816000) vcan0 00000005#C4C5020000000000 R
(3.817000) vcan0 00000006#28C6020000000000 R
(3.818000) vcan0 00000001#8CC6020000000000 R
(3.819000) vcan0 00000002#F0C6020000000000 R
(3.820000) vcan0 00000003#54C7020000000000 R
(3.821000) vcan0 00000004#B8C7020000000000 R
(3.822000) vcan0 00000005#1CC8020000000000 R
(3.823000) vcan0 00000006#80C8020000000000 R
(3.824000) vcan0 00000001#E4C8020000000000 R
(3.825000) vcan0 00000002#48C9020000000000 R
(3.826000) vcan0 00000003#ACC9020000000000 R
(3.827000) vcan0 00000004#10CA020000000000 R
(3.828000) vcan0 00000005#74CA020000000000 R
(3.829000) vcan0 00000006#D8CA020000000000 R
(3.830000) vcan0 00000001#3CCB020000000000 R
(3.831000) vcan0 00000002#A0CB020000000000 R
(3.832000) vcan0 00000003#04CC020000000000 R
(3.833000) vcan0 00000004#68CC020000000000 R
(3.834000) vcan0 00000005#CCCC020000000000 R
(3.835000) vcan0 00000006#30CD020000000000 R
(3.836000) vcan0 00000001#94CD020000000000 R
(3.837000) vcan0 00000002#F8CD020000000000 R
(3.838000) vcan0 00000003#5CCE020000000000 R
(3.839000) vcan0 00000004#C0CE020000000000 R
(3.840000) vcan0 00000005#24CF020000000000 R
(3.841000) vcan0 00000006#88CF020000000000 R
(3.842000) vcan0 00000001#ECCF020000000000 R
(3.843000) vcan0 00000002#50D0020000000000 R
(3.844000) vcan0 00000003#B4D0020000000000 R
(3.845000) vcan0 00000004#18D1020000000000 R
(3.846000) vcan0 00000005#7CD1020000000000 R
(3.847000) vcan0 00000006#E0D1020000000000 R
(3.848000) vcan0 00000001#44D2020000000000 R
(3.849000) vcan0 00000002#A8D2020000000000 R
(3.850000) vcan0 00000003#0CD3020000000000 R
(3.851000) vcan0 00000004#70D3020000000000 R
(3.852000) vcan0 00000005#D4D3020000000000 R
(3.853000) vcan0 00000006#38D4020000000000 R
(3.854000) vcan0 00000001#9CD4020000000000 R
(3.855000) vcan0 00000002#00D5020000000000 R
(3.856000) vcan0 00000003#64D5020000000000 R
(3.857000) vcan0 00000004#C8D5020000000000 R
(3.858000) vcan0 00000005#2CD6020000000000 R
(3.859000) vcan0 00000006#90D6020000000000 R
(3.860000) vcan0 00000001#F4D6020000000000 R
(3.861000) vcan0 00000002#58D7020000000000 R
(3.862000) vcan0 00000003#BCD7020000000000 R
(3.863000) vcan0 00000004#20D8020000000000 R
(3.864000) vcan0 00000005#84D8020000000000 R
(3.865000) vcan0 00000006#E8D8020000000000 R
(3.866000) vcan0 00000001#4CD9020000000000 R
(3.867000) vcan0 00000002#B0D9020000000000 R
(3.868000) vcan0 00000003#14DA020000000000 R
(3.869000) vcan0 00000004#78DA020000000000 R
(3.870000) vcan0 00000005#DCDA020000000000 R
(3.871000) vcan0 00000006#40DB020000000000 R
(3.872000) vcan0 00000001#A4DB020000000000 R
(3.873000) vcan0 00000002#08DC020000000000 R
(3.874000) vcan0 00000003#6CDC020000000000 R
(3.875000) vcan0 00000004#D0DC020000000000 R
(3.876000) vcan0 00000005#34DD020000000000 R
(3.877000) vcan0 00000006#98DD020000000000 R
(3.878000) vcan0 00000001#FCDD020000000000 R
(3.879000) vcan0 00000002#60DE020000000000 R
(3.880000) vcan0 00000003#C4DE020000000000 R
(3.881000) vcan0 00000004#28DF020000000000 R
(3.882000) vcan0 00000005#8CDF020000000000 R
(3.883000) vcan0 00000006#F0DF020000000000 R
(3.884000) vcan0 00000001#54E0020000000000 R
(3.885000) vcan0 00000002#B8E0020000000000 R
(3.886000) vcan0 00000003#1CE1020000000000 R
(3.887000) vcan0 00000004#80E1020000000000 R
(3.888000) vcan0 00000005#E4E1020000000000 R
(3.889000) vcan0 00000006#48E2020000000000 R
(3.890000) vcan0 00000001#ACE2020000000000 R
(3.891000) vcan0 00000002#10E3020000000000 R
(3.892000) vcan0 00000003#74E3020000000000 R
(3.893000) vcan0 00000004#D8E3020000000000 R
(3.894000) vcan0 00000005#3CE4020000000000 R
(3.895000) vcan0 00000006#A0E4020000000000 R
(3.896000) vcan0 00000001#04E5020000000000 R
(3.897000) vcan0 00000002#68E5020000000000 R
(3.898000) vcan0 00000003#CCE5020000000000 R
(3.899000) vcan0 00000004#30E6020000000000 R
(3.900000) vcan0 00000005#94E6020000000000 R
(3.901000) vcan0 00000006#F8E6020000000000 R
(3.902000) vcan0 00000001#5CE7020000000000 R
(3.903000) vcan0 00000002#C0E7020000000000 R
(3.904000) vcan0 00000003#24E8020000000000 R
(3.905000) vcan0 00000004#88E8020000000000 R
(3.906000) vcan0 00000005#ECE8020000000000 R
(3.907000) vcan0 00000006#50E9020000000000 R
(3.908000) vcan0 00000001#B4E9020000000000 R
(3.909000) vcan0 00000002#18EA020000000000 R
(3.910000) vcan0 00000003#7CEA020000000000 R
(3.911000) vcan0 00000004#E0EA020000000000 R
(3.912000) vcan0 00000005#44EB020000000000 R
(3.913000) vcan0 00000006#A8EB020000000000 R
(3.914000) vcan0 00000001#0CEC020000000000 R
(3.915000) vcan0 00000002#70EC020000000000 R
(3.916000) vcan0 00000003#D4EC020000000000 R
(3.917000) vcan0 00000004#38ED020000000000 R
(3.918000) vcan0 00000005#9CED020000000000 R
(3.919000) vcan0 00000006#00EE020000000000 R
(3.920000) vcan0 00000001#64EE020000000000 R
(3.921000) vcan0 00000002#C8EE020000000000 R
(3.922000) vcan0 00000003#2CEF020000000000 R
(3.923000) vcan0 00000004#90EF020000000000 R
(3.924000) vcan0 00000005#F4EF020000000000 R
(3.925000) vcan0 00000006#58F0020000000000 R
(3.926000) vcan0 00000001#BCF0020000000000 R
(3.927000) vcan0 00000002#20F1020000000000 R
(3.928000) vcan0 00000003#84F1020000000000 R
(3.929000) vcan0 00000004#E8F1020000000000 R
(3.930000) vcan0 00000005#4CF2020000000000 R
(3.931000) vcan0 00000006#B0F2020000000000 R
(3.932000) vcan0 00000001#14F3020000000000 R
(3.933000) vcan0 00000002#78F3020000000000 R
(3.934000) vcan0 00000003#DCF3020000000000 R
(3.935000) vcan0 00000004#40F4020000000000 R
(3.936000) vcan0 00000005#A4F4020000000000 R
(3.937000) vcan0 00000006#08F5020000000000 R
(3.938000) vcan0 00000001#6CF5020000000000 R
(3.939000) vcan0 00000002#D0F5020000000000 R
(3.940000) vcan0 00000003#34F6020000000000 R
(3.941000) vcan0 00000004#98F6020000000000 R
(3.942000) vcan0 00000005#FCF6020000000000 R
(3.943000) vcan0 00000006#60F7020000000000 R
(3.944000) vcan0 00000001#C4F7020000000000 R
(3.945000) vcan0 00000002#28F8020000000000 R
(3.946000) vcan0 00000003#8CF8020000000000 R
(3.947000) vcan0 00000004#F0F8020000000000 R
(3.948000) vcan0 00000005#54F9020000000000 R
(3.949000) vcan0 00000006#B8F9020000000000 R
(3.950000) vcan0 00000001#1CFA020000000000 R
(3.951000) vcan0 00000002#80FA020000000000 R
(3.952000) vcan0 00000003#E4FA020000000000 R
(3.953000) vcan0 00000004#48FB020000000000 R
(3.954000) vcan0 00000005#ACFB020000000000 R
(3.955000) vcan0 00000006#10FC020000000000 R
(3.956000) vcan0 00000001#74FC020000000000 R
(3.957000) vcan0 00000002#D8FC020000000000 R
(3.958000) vcan0 00000003#3CFD020000000000 R
