(4.103000) vcan0 00000004#E035030000000000 R
(4.104000) vcan0 00000005#4436030000000000 R
(4.105000) vcan0 00000006#A836030000000000 R
(4.106000) vcan0 00000001#0C37030000000000 R
(4.107000) vcan0 00000002#7037030000000000 R
(4.108000) vcan0 00000003#D437030000000000 R
(4.109000) vcan0 00000004#3838030000000000 R
(4.110000) vcan0 00000005#9C38030000000000 R
(4.111000) vcan0 00000006#0039030000000000 R
(4.112000) vcan0 00000001#6439030000000000 R
(4.113000) vcan0 00000002#C839030000000000 R
(4.114000) vcan0 00000003#2C3A030000000000 R
(4.115000) vcan0 00000004#903A030000000000 R
(4.116000) vcan0 00000005#F43A030000000000 R
(4.117000) vcan0 00000006#583B030000000000 R
(4.118000) vcan0 00000001#BC3B030000000000 R
(4.119000) vcan0 00000002#203C030000000000 R
(4.120000) vcan0 00000003#843C030000000000 R
(4.121000) vcan0 00000004#E83C030000000000 R
(4.122000) vcan0 00000005#4C3D030000000000 R
(4.123000) vcan0 00000006#B03D030000000000 R
(4.124000) vcan0 00000001#143E030000000000 R
(4.125000) vcan0 00000002#783E030000000000 R
(4.126000) vcan0 00000003#DC3E030000000000 R
(4.127000) vcan0 00000004#403F030000000000 R
(4.128000) vcan0 00000005#A43F030000000000 R
(4.129000) vcan0 00000006#0840030000000000 R
(4.130000) vcan0 00000001#6C40030000000000 R
(4.131000) vcan0 00000002#D040030000000000 R
(4.132000) vcan0 00000003#3441030000000000 R
(4.133000) vcan0 00000004#9841030000000000 R
(4.134000) vcan0 00000005#FC41030000000000 R
(4.135000) vcan0 00000006#6042030000000000 R
(4.136000) vcan0 00000001#C442030000000000 R
(4.137000) vcan0 00000002#2843030000000000 R
(4.138000) vcan0 00000003#8C43030000000000 R
(4.139000) vcan0 00000004#F043030000000000 R
(4.140000) vcan0 00000005#5444030000000000 R
(4.141000) vcan0 00000006#B844030000000000 R
(4.142000) vcan0 00000001#1C45030000000000 R
(4.143000) vcan0 00000002#8045030000000000 R
(4.144000) vcan0 00000003#E445030000000000 R
(4.145000) vcan0 00000004#4846030000000000 R
(4.146000) vcan0 00000005#AC46030000000000 R
(4.147000) vcan0 00000006#1047030000000000 R
(4.148000) vcan0 00000001#7447030000000000 R
(4.149000) vcan0 00000002#D847030000000000 R
(4.150000) vcan0 00000003#3C48030000000000 R
(4.151000) vcan0 00000004#A048030000000000 R
(4.152000) vcan0 00000005#0449030000000000 R
(4.153000) vcan0 00000006#6849030000000000 R
(4.154000) vcan0 00000001#CC49030000000000 R
(4.155000) vcan0 00000002#304A030000000000 R
(4.156000) vcan0 00000003#944A030000000000 R
(4.157000) vcan0 00000004#F84A030000000000 R
(4.158000) vcan0 00000005#5C4B030000000000 R
(4.159000) vcan0 00000006#C04B030000000000 R
(4.160000) vcan0 00000001#244C030000000000 R
(4.161000) vcan0 00000002#884C030000000000 R
(4.162000) vcan0 00000003#EC4C030000000000 R
(4.163000) vcan0 00000004#504D030000000000 R
(4.164000) vcan0 00000005#B44D030000000000 R
(4.165000) vcan0 00000006#184E030000000000 R
(4.166000) vcan0 00000001#7C4E030000000000 R
(4.167000) vcan0 00000002#E04E030000000000 R
(4.168000) vcan0 00000003#444F030000000000 R
(4.169000) vcan0 00000004#A84F030000000000 R
(4.170000) vcan0 00000005#0C50030000000000 R
(4.171000) vcan0 00000006#7050030000000000 R
(4.172000) vcan0 00000001#D450030000000000 R
(4.173000) vcan0 00000002#3851030000000000 R
(4.174000) vcan0 00000003#9C51030000000000 R
(4.175000) vcan0 00000004#0052030000000000 R
(4.176000) vcan0 00000005#6452030000000000 R
(4.177000) vcan0 00000006#C852030000000000 R
(4.178000) vcan0 00000001#2C53030000000000 R
(4.179000) vcan0 00000002#9053030000000000 R
(4.180000) vcan0 00000003#F453030000000000 R
(4.181000) vcan0 00000004#5854030000000000 R
(4.182000) vcan0 00000005#BC54030000000000 R
(4.183000) vcan0 00000006#2055030000000000 R
(4.184000) vcan0 00000001#8455030000000000 R
(4.185000) vcan0 00000002#E855030000000000 R
(4.186000) vcan0 00000003#4C56030000000000 R
(4.187000) vcan0 00000004#B056030000000000 R
(4.188000) vcan0 00000005#1457030000000000 R
(4.189000) vcan0 00000006#7857030000000000 R
(4.190000) vcan0 00000001#DC57030000000000 R
(4.191000) vcan0 00000002#4058030000000000 R
(4.192000) vcan0 00000003#A458030000000000 R
(4.193000) vcan0 00000004#0859030000000000 R
(4.194000) vcan0 00000005#6C59030000000000 R
(4.195000) vcan0 00000006#D059030000000000 R
(4.196000) vcan0 00000001#345A030000000000 R
(4.197000) vcan0 00000002#985A030000000000 R
(4.198000) vcan0 00000003#FC5A030000000000 R
(4.199000) vcan0 00000004#605B030000000000 R
(4.200000) vcan0 00000005#C45B030000000000 R
(4.201000) vcan0 00000006#285C030000000000 R
(4.202000) vcan0 00000001#8C5C030000000000 R
(4.203000) vcan0 00000002#F05C030000000000 R
(4.204000) vcan0 00000003#545D030000000000 R
(4.205000) vcan0 00000004#B85D030000000000 R
(4.206000) vcan0 00000005#1C5E030000000000 R
(4.207000) vcan0 00000006#805E030000000000 R
(4.208000) vcan0 00000001#E45E030000000000 R
(4.209000) vcan0 00000002#485F030000000000 R
(4.210000) vcan0 00000003#AC5F030000000000 R
(4.211000) vcan0 00000004#1060030000000000 R
(4.212000) vcan0 00000005#7460030000000000 R
(4.213000) vcan0 00000006#D860030000000000 R
(4.214000) vcan0 00000001#3C61030000000000 R
(4.215000) vcan0 00000002#A061030000000000 R
(4.216000) vcan0 00000003#0462030000000000 R
(4.217000) vcan0 00000004#6862030000000000 R
(4.218000) vcan0 00000005#CC62030000000000 R
(4.219000) vcan0 00000006#3063030000000000 R
(4.220000) vcan0 00000001#9463030000000000 R
(4.221000) vcan0 00000002#F863030000000000 R
(4.222000) vcan0 00000003#5C64030000000000 R
(4.223000) vcan0 00000004#C064030000000000 R
(4.224000) vcan0 00000005#2465030000000000 R
(4.225000) vcan0 00000006#8865030000000000 R
(4.226000) vcan0 00000001#EC65030000000000 R
(4.227000) vcan0 00000002#5066030000000000 R
(4.103000) vcan0 00000001#6400000000000000 R
(4.103000) vcan0 00000002#C800000000000000 R
(4.103000) vcan0 00000003#2C01000000000000 R
(4.103000) vcan0 00000004#9001000000000000 R
(4.103000) vcan0 00000005#F401000000000000 R
(4.103000) vcan0 00000006#5802000000000000 R
(4.103000) vcan0 00000001#BC02000000000000 R
(4.103000) vcan0 00000002#2003000000000000 R
(4.103000) vcan0 00000003#8403000000000000 R
(4.103000) vcan0 00000004#E803000000000000 R
(4.103000) vcan0 00000005#4C04000000000000 R
(4.103000) vcan0 00000006#B004000000000000 R
(4.103000) vcan0 00000001#1405000000000000 R
(4.103000) vcan0 00000002#7805000000000000 R
(4.103000) vcan0 00000003#DC05000000000000 R
(4.103000) vcan0 00000004#4006000000000000 R
(4.103000) vcan0 00000005#A406000000000000 R
(4.103000) vcan0 00000006#0807000000000000 R
(4.103000) vcan0 00000001#6C07000000000000 R
(4.103000) vcan0 00000002#D007000000000000 R
(4.103000) vcan0 00000003#3408000000000000 R
(4.103000) vcan0 00000004#9808000000000000 R
(4.103000) vcan0 00000005#FC08000000000000 R
(4.103000) vcan0 00000006#6009000000000000 R
(4.103000) vcan0 00000001#C409000000000000 R
(4.103000) vcan0 00000002#280A000000000000 R
(4.103000) vcan0 00000003#8C0A000000000000 R
(4.103000) vcan0 00000004#F00A000000000000 R
(4.103000) vcan0 00000005#540B000000000000 R
(4.103000) vcan0 00000006#B80B000000000000 R
(4.103000) vcan0 00000001#1C0C000000000000 R
(4.103000) vcan0 00000002#800C000000000000 R
(4.103000) vcan0 00000003#E40C000000000000 R
(4.103000) vcan0 00000004#480D000000000000 R
(4.103000) vcan0 00000005#AC0D000000000000 R
(4.103000) vcan0 00000006#100E000000000000 R
(4.103000) vcan0 00000001#740E000000000000 R
(4.103000) vcan0 00000002#D80E000000000000 R
(4.103000) vcan0 00000003#3C0F000000000000 R
(4.103000) vcan0 00000004#A00F000000000000 R
(4.103000) vcan0 00000005#0410000000000000 R
(4.103000) vcan0 00000006#6810000000000000 R
(4.103000) vcan0 00000001#CC10000000000000 R
(4.103000) vcan0 00000002#3011000000000000 R
(4.103000) vcan0 00000003#9411000000000000 R
(4.103000) vcan0 00000004#F811000000000000 R
(4.103000) vcan0 00000005#5C12000000000000 R
(4.103000) vcan0 00000006#C012000000000000 R
(4.103000) vcan0 00000001#2413000000000000 R
(4.103000) vcan0 00000002#8813000000000000 R
(4.103000) vcan0 00000003#EC13000000000000 R
(4.103000) vcan0 00000004#5014000000000000 R
(4.103000) vcan0 00000005#B414000000000000 R
(4.103000) vcan0 00000006#1815000000000000 R
(4.103000) vcan0 00000001#7C15000000000000 R
(4.103000) vcan0 00000002#E015000000000000 R
(4.103000) vcan0 00000003#4416000000000000 R
(4.103000) vcan0 00000004#A816000000000000 R
(4.103000) vcan0 00000005#0C17000000000000 R
(4.103000) vcan0 00000006#7017000000000000 R
(4.103000) vcan0 00000001#D417000000000000 R
(4.103000) vcan0 00000002#3818000000000000 R
(4.103000) vcan0 00000003#9C18000000000000 R
(4.103000) vcan0 00000004#0019000000000000 R
(4.103000) vcan0 00000005#6419000000000000 R
(4.103000) vcan0 00000006#C819000000000000 R
(4.103000) vcan0 00000001#2C1A000000000000 R
(4.103000) vcan0 00000002#901A000000000000 R
(4.103000) vcan0 00000003#F41A000000000000 R
(4.103000) vcan0 00000004#581B000000000000 R
